[2016-03-29 17:35:02][runtime:1.8320][format:json][[{"http param":{"a":"Index","m":"index"}}]]
[2016-03-29 17:35:02][runtime:1.8148][format:json][[{"http param":{"a":"Login","m":"login"}}]]
[2016-03-29 17:35:02][runtime:5.9240][format:json][[{"http param":{"a":"Login","m":"verify"}}]]
[2016-03-29 17:35:10][runtime:1.2989][format:json][[{"http param":{"a":"Login","m":"doLogin","admin_name":"hezq","admin_pwd":"testhezq","seccode":"8mi"}}]]
[2016-03-29 17:35:10][runtime:2.3100][format:json][[{"http param":{"a":"Index","m":"index"}}]]
[2016-03-29 17:35:10][runtime:2.4059][format:json][[{"http param":{"a":"Menu","m":"left"}}]]
[2016-03-29 17:35:10][runtime:3.3331][format:json][[{"http param":{"a":"Index","m":"welcome"}}]]
[2016-03-29 17:35:14][runtime:1146.2989][format:json][[{"http param":{"a":"MaterialNews","m":"index"}}]]
[2016-03-29 17:35:32][runtime:1064.4798][format:json][[{"http param":{"a":"CustomMenu","m":"index"}}]]
[2016-03-29 17:35:36][runtime:1009.5870][format:json][[{"http param":{"a":"CustomMenu","m":"add","is_thread":"0"}}]]
[2016-03-29 17:41:56][runtime:1021.2510][format:json][[{"http param":{"a":"CustomMenu","m":"index"}}]]
[2016-03-29 17:42:00][runtime:2.1942][format:json][[{"http param":{"a":"Index","m":"index"}}]]
[2016-03-29 17:42:00][runtime:2.0702][format:json][[{"http param":{"a":"Menu","m":"left"}}]]
[2016-03-29 17:42:00][runtime:3.2990][format:json][[{"http param":{"a":"Index","m":"welcome"}}]]
[2016-03-29 17:42:04][runtime:1015.5480][format:json][[{"http param":{"a":"CustomMenu","m":"index"}}]]
[2016-03-29 17:42:15][runtime:1014.4820][format:json][[{"http param":{"a":"CustomMenu","m":"index"}}]]
[2016-03-29 17:42:18][runtime:1013.6480][format:json][[{"http param":{"a":"CustomMenu","m":"add","is_thread":"0"}}]]
[2016-03-29 17:46:25][runtime:1046.8380][format:json][[{"http param":{"a":"CustomMenu","m":"insert","is_thread":"0","menuId":"0","menuName":"menu01","menuOrder":"1","parentId":"0","menuType":"1","msgType":"text","content":"这是菜单1","materialId":"-1","url":"","is_oauth":"0","ajax":"1"}}]]
[2016-03-29 17:48:30][runtime:1014.9789][format:json][[{"http param":{"a":"CustomMenu","m":"index"}}]]
[2016-03-29 17:48:34][runtime:1010.5419][format:json][[{"http param":{"a":"CustomMenu","m":"add","is_thread":"0"}}]]
[2016-03-29 17:48:50][runtime:1013.4220][format:json][[{"http param":{"a":"CustomMenu","m":"insert","is_thread":"0","menuId":"0","menuName":"菜单二","menuOrder":"2","parentId":"0","menuType":"1","msgType":"text","content":"澧","materialId":"-1","url":"","is_oauth":"0","ajax":"1"}}]]
[2016-03-29 17:48:52][runtime:1012.9430][format:json][[{"http param":{"a":"CustomMenu","m":"index","is_thread":"0"}}]]
[2016-03-29 17:48:55][runtime:1011.7819][format:json][[{"http param":{"a":"CustomMenu","m":"add","is_thread":"0"}}]]
[2016-03-29 17:49:13][runtime:1051.7871][format:json][[{"http param":{"a":"CustomMenu","m":"insert","is_thread":"0","menuId":"0","menuName":"外链","menuOrder":"1","parentId":"17","menuType":"3","msgType":"","content":"","materialId":"","url":"http://www.baidu.com","ajax":"1"}}]]
[2016-03-29 17:49:16][runtime:1015.5439][format:json][[{"http param":{"a":"CustomMenu","m":"index","is_thread":"0"}}]]
[2016-03-29 17:49:19][runtime:1010.8302][format:json][[{"http param":{"a":"CustomMenu","m":"add","is_thread":"0"}}]]
[2016-03-29 17:49:23][runtime:1010.6099][format:json][[{"http param":{"a":"MaterialNews","m":"index"}}]]
[2016-03-29 17:49:24][runtime:4.6971][format:json][[{"http param":{"news_type":"1","a":"MaterialNews","m":"add"}}]]
[2016-03-29 17:56:51][runtime:2.5842][format:json][[{"http param":{"a":"Index","m":"index"}}]]
[2016-03-29 17:56:51][runtime:2.3620][format:json][[{"http param":{"a":"Menu","m":"left"}}]]
[2016-03-29 17:56:51][runtime:3.4180][format:json][[{"http param":{"a":"Index","m":"welcome"}}]]
[2016-03-29 17:56:54][runtime:1020.6311][format:json][[{"http param":{"a":"MaterialNews","m":"index"}}]]
[2016-03-29 17:57:06][runtime:5.3291][format:json][[{"http param":{"news_type":"1","a":"MaterialNews","m":"add"}}]]
[2016-03-29 17:57:26][runtime:3.0479][format:json][[{"http param":{"a":"Index","m":"index"}}]]
[2016-03-29 17:57:26][runtime:2.0590][format:json][[{"http param":{"a":"Menu","m":"left"}}]]
[2016-03-29 17:57:26][runtime:3.5639][format:json][[{"http param":{"a":"Index","m":"welcome"}}]]
[2016-03-29 17:57:30][runtime:1010.2670][format:json][[{"http param":{"a":"MaterialNews","m":"index"}}]]
[2016-03-29 17:57:31][runtime:4.5879][format:json][[{"http param":{"news_type":"1","a":"MaterialNews","m":"add"}}]]
