[2016-04-01 10:30:01][runtime:225.3110][format:json][[{"http param":{"id":"19","a":"MaterialNews","m":"edit"}}]]
[2016-04-01 10:30:11][runtime:535.7921][format:json][[{"http param":{"a":"MaterialNews","m":"update","id":"19","news":[{"news_img_url":"http://wx.hysci.com.cn/yhsci/Common/weixin/upload/201603311854228301.jpg","news_show_cover_pic":"0","news_title":"测试","news_author":"asdf蝇","news_description":"测试在有一一","news_url":"http://www.baidu.com","news_content":"<p>尘暴是暴炒豪华晋代rg</p>"}]}}]]
[2016-04-01 10:30:17][runtime:260.5419][format:json][[{"http param":{"id":"19","a":"MaterialNews","m":"edit"}}]]
[2016-04-01 10:32:43][runtime:3.1309][format:json][[{"http param":{"a":"WxPay","m":"qr","shopId":"1","extId":"1"}}]]
[2016-04-01 10:34:16][runtime:2.1241][format:json][[{"http param":{"a":"WxPay","m":"qr","shopId":"1","extId":"2"}}]]
[2016-04-01 10:34:16][runtime:237.5891][format:json][[{"http param":{"url":"http://test.yh.yueyanggo.com/yhsci//Test/index.php?a=WxPay&shopId=1&extId=2&ywType=0"}}]]
[2016-04-01 10:35:14][runtime:22.7332][format:json][[{"http param":[]}]]
[2016-04-01 10:35:46][runtime:85.8440][format:json][[{"http param":{"url":"http://test.yh.yueyanggo.com/yhsci//Test/index.php?a=WxPay&shopId=1&extId=2&ywType=0"}}]]
[2016-04-01 10:35:47][runtime:75.4712][format:json][[{"http param":{"url":"http://test.yh.yueyanggo.com/yhsci//Test/index.php?a=WxPay&shopId=1&extId=2&ywType=0"}}]]
[2016-04-01 10:35:47][runtime:64.1301][format:json][[{"http param":{"url":"http://test.yh.yueyanggo.com/yhsci//Test/index.php?a=WxPay&shopId=1&extId=2&ywType=0"}}]]
[2016-04-01 10:36:06][runtime:5.5048][format:json][[{"http param":{"url":"http://test.yh.yueyanggo.com/yhsci//Test/index.php?a=WxPay&shopId=1&extId=2&ywType=0"}}]]
[2016-04-01 10:36:42][runtime:7.6840][format:json][[{"http param":{"url":"http://test.yh.yueyanggo.com/yhsci//Test/index.php?a=WxPay&shopId=1&extId=2&ywType=0"}}]]
[2016-04-01 10:36:50][runtime:81.1520][format:json][[{"http param":{"url":"http://test.yh.yueyanggo.com/yhsci//Test/index.php?a=WxPay&shopId=1&extId=2&ywType=0"}}]]
[2016-04-01 10:37:27][runtime:22.4879][format:json][[{"http param":[]}]]
[2016-04-01 10:37:28][runtime:21.2071][format:json][[{"http param":[]}]]
[2016-04-01 10:37:29][runtime:20.4670][format:json][[{"http param":[]}]]
[2016-04-01 10:38:23][runtime:23.6440][format:json][[{"http param":[]}]]
[2016-04-01 10:38:45][runtime:21.0989][format:json][[{"http param":[]}]]
[2016-04-01 10:38:48][runtime:90.5349][format:json][[{"http param":{"url":"http://test.yh.yueyanggo.com/yhsci//Test/index.php?a=WxPay&shopId=1&extId=2&ywType=0"}}]]
[2016-04-01 10:38:50][runtime:26.6299][format:json][[{"http param":[]}]]
[2016-04-01 10:38:54][runtime:1.5750][format:json][[{"http param":{"logfile":"E:\\www\\yhsci\\htdocs\\yhsci\\WebLog/../../../myfolder/log\\web\\APP_PLATE\\Common\\log\\2016\\04-01_error.log"}}]]
[2016-04-01 10:40:10][runtime:87.4131][format:json][[{"http param":{"url":"http://test.yh.yueyanggo.com/yhsci//Test/index.php?a=WxPay&shopId=1&extId=2&ywType=0"}}]]
[2016-04-01 10:40:13][runtime:3.8960][format:json][[{"http param":{"logfile":"E:\\www\\yhsci\\htdocs\\yhsci\\WebLog/../../../myfolder/log\\web\\APP_PLATE\\Common\\log\\2016\\04-01_error.log"}}]]
[2016-04-01 10:40:39][runtime:3.9959][format:json][[{"http param":{"logfile":"E:\\www\\yhsci\\htdocs\\yhsci\\WebLog/../../../myfolder/log\\web\\APP_PLATE\\Common\\log\\2016\\04-01_error.log"}}]]
[2016-04-01 10:40:46][runtime:63.9679][format:json][[{"http param":{"url":"http://test.yh.yueyanggo.com/yhsci//Test/index.php?a=WxPay&shopId=1&extId=2&ywType=0"}}]]
[2016-04-01 10:42:25][runtime:5.5380][format:json][[{"http param":{"logfile":"E:\\www\\yhsci\\htdocs\\yhsci\\WebLog/../../../myfolder/log\\web\\APP_PLATE\\Common\\log\\2016\\04-01_error.log"}}]]
[2016-04-01 10:42:31][runtime:20.7641][format:json][[{"http param":{"s":"31"}}]]
