[2016-04-01 14:22:13][runtime:25.6519][format:json][[{"http param":{"s":"31"}}]]
[2016-04-01 14:22:15][runtime:109.3340][format:json][[{"http param":{"logfile":"E:\\www\\yhsci\\htdocs\\yhsci\\WebLog/../../../myfolder/log\\web\\APP_PLATE\\Admin\\sql\\2016\\03-31_sql.log"}}]]
[2016-04-01 14:22:18][runtime:6.0380][format:json][[{"http param":{"logfile":"E:\\www\\yhsci\\htdocs\\yhsci\\WebLog/../../../myfolder/log\\web\\APP_PLATE\\Common\\log\\2016\\04-01_error.log"}}]]
[2016-04-01 14:31:35][runtime:182.4620][format:json][[{"http param":[]}]]
[2016-04-01 14:31:36][runtime:6.0940][format:json][[{"http param":{"a":"Index","m":"welcome"}}]]
[2016-04-01 14:31:36][runtime:18.2710][format:json][[{"http param":{"a":"Menu","m":"left"}}]]
[2016-04-01 14:32:27][runtime:2.4352][format:json][[{"http param":[]}]]
[2016-04-01 14:32:27][runtime:3.3441][format:json][[{"http param":{"a":"Menu","m":"left"}}]]
[2016-04-01 14:32:27][runtime:3.9229][format:json][[{"http param":{"a":"Index","m":"welcome"}}]]
[2016-04-01 14:32:29][runtime:250.0179][format:json][[{"http param":{"a":"SysAlarm"}}]]
[2016-04-01 14:32:50][runtime:457.6190][format:json][[{"http param":{"a":"SysAlarm"}}]]
[2016-04-01 14:33:16][runtime:191.7210][format:json][[{"http param":{"a":"SysAlarm"}}]]
[2016-04-01 14:33:21][runtime:387.3382][format:json][[{"http param":{"a":"CustomMenu","m":"index"}}]]
[2016-04-01 14:33:24][runtime:212.0249][format:json][[{"http param":{"a":"SysAlarm"}}]]
[2016-04-01 14:34:00][runtime:193.0420][format:json][[{"http param":{"a":"SysAlarm"}}]]
[2016-04-01 14:34:18][runtime:225.7681][format:json][[{"http param":{"a":"SysAlarm"}}]]
[2016-04-01 14:35:08][runtime:192.8051][format:json][[{"http param":{"a":"SysAlarm"}}]]
[2016-04-01 14:35:18][runtime:31.3940][format:json][[{"http param":[]}]]
[2016-04-01 14:35:23][runtime:32.8128][format:json][[{"http param":{"s":"01"}}]]
[2016-04-01 14:35:30][runtime:25.9461][format:json][[{"http param":{"s":"04-01"}}]]
[2016-04-01 14:35:49][runtime:48.4049][format:json][[{"http param":{"logfile":"E:\\www\\yhsci\\htdocs\\yhsci\\WebLog/../../../myfolder/log\\web\\APP_PLATE\\Admin\\log\\2016\\04-01_error.log"}}]]
[2016-04-01 14:36:22][runtime:232.9440][format:json][[{"http param":{"a":"SysAlarm"}}]]
[2016-04-01 14:36:30][runtime:195.1690][format:json][[{"http param":{"id":"27","a":"SysAlarm","m":"showLog"}}]]
[2016-04-01 14:36:33][runtime:202.1339][format:json][[{"http param":{"a":"SysAlarm"}}]]
[2016-04-01 14:36:42][runtime:291.0919][format:json][[{"http param":{"id":"27","a":"SysAlarm","m":"showLog"}}]]
[2016-04-01 14:38:13][runtime:21031.3001][format:json][[{"http param":{"a":"SysAlarm"}}]]
[2016-04-01 14:38:15][runtime:233.8068][format:json][[{"http param":{"a":"SysAlarm"}}]]
[2016-04-01 14:38:18][runtime:583.6611][format:json][[{"http param":{"id":"27","a":"SysAlarm","m":"showLog"}}]]
[2016-04-01 14:38:22][runtime:189.4481][format:json][[{"http param":{"a":"SysAlarm","m":"index"}}]]
[2016-04-01 14:38:25][runtime:241.3220][format:json][[{"http param":{"id":"27","a":"SysAlarm","m":"showLog"}}]]
[2016-04-01 14:38:27][runtime:234.5371][format:json][[{"http param":{"a":"SysAlarm","m":"index"}}]]
[2016-04-01 14:38:53][runtime:307.6532][format:json][[{"http param":{"a":"CustomMenu","m":"index"}}]]
[2016-04-01 14:38:55][runtime:515.5439][format:json][[{"http param":{"a":"MaterialNews","m":"index"}}]]
[2016-04-01 14:38:58][runtime:304.3759][format:json][[{"http param":{"id":"19","a":"MaterialNews","m":"edit"}}]]
[2016-04-01 14:39:01][runtime:387.6948][format:json][[{"http param":{"a":"CustomMenu","m":"index"}}]]
[2016-04-01 14:40:44][runtime:312.4039][format:json][[{"http param":{"a":"CustomMenu","m":"index"}}]]
[2016-04-01 14:41:18][runtime:225.7831][format:json][[{"http param":{"a":"SysAlarm"}}]]
[2016-04-01 14:41:42][runtime:362.4849][format:json][[{"http param":{"a":"CustomMenu","m":"index"}}]]
[2016-04-01 14:42:10][runtime:877.5520][format:json][[{"http param":{"a":"SysAlarm"}}]]
[2016-04-01 14:42:13][runtime:176.4369][format:json][[{"http param":{"id":"27","a":"SysAlarm","m":"showLog"}}]]
[2016-04-01 14:42:15][runtime:268.5590][format:json][[{"http param":{"a":"SysAlarm","m":"index"}}]]
[2016-04-01 14:43:11][runtime:2163.4521][format:json][[{"http param":{"a":"CustomMenu","m":"index"}}]]
[2016-04-01 14:43:14][runtime:862.2591][format:json][[{"http param":{"a":"MaterialNews","m":"index"}}]]
