[2016-04-08 11:13:30][runtime:196.6290][format:json][[{"http param":{"eval_id":"34","a":"ZgykdxEvaluating","m":"indexTopicList"}}]]
[2016-04-08 11:14:16][runtime:276.0332][format:json][[{"http param":{"eval_id":"34","a":"ZgykdxEvaluating","m":"indexTopicList"}}]]
[2016-04-08 11:16:41][runtime:215.5859][format:json][[{"http param":{"topic_id":"7","eval_id":"34","a":"ZgykdxEvaluating","m":"updateTopic"}}]]
[2016-04-08 11:16:47][runtime:10.8938][format:json][[{"http param":{"topic_id":"7","eval_id":"34","a":"ZgykdxEvaluating","m":"updateTopic"}}]]
[2016-04-08 11:16:52][runtime:427.6838][format:json][[{"http param":{"a":"ZgykdxEvaluating","m":"ajax_updateEvaluatingTopic","topic_id":"7","eval_id":"34","topic_type":"4","topic_point":"40","topic_title":"测试一下alter","topic_tip":"哈哈alter","topic_content":"<p><span class=\" newTimeFactor_before_abs m\" style=\"color: rgb(102, 102, 102); font-family: arial; font-size: 13px; line-height: 20.02px; white-space: normal;\">2012年3月16日&nbsp;-&nbsp;</span><span style=\"font-family: arial; font-size: 13px; line-height: 20.02px; white-space: normal;\">用</span><span style=\"color: rgb(204, 0, 0); font-family: arial; font-size: 13px; line-height: 20.02px; white-space: normal;\">jQuery循环</span><span style=\"font-family: arial; font-size: 13px; line-height: 20.02px; white-space: normal;\">遍历所有</span><span style=\"color: rgb(204, 0, 0); font-family: arial; font-size: 13px; line-height: 20.02px; white-space: normal;\">子元素</span><span style=\"font-family: arial; font-size: 13px; line-height: 20.02px; white-space: normal;\">&nbsp;标签: jqueryfunctiondiv jQuery(1) 作者同类文章X alert(obj.html());//弹出</span><span style=\"color: rgb(204, 0, 0); font-family: arial; font-size: 13px; line-height: 20.02px; white-space: normal;\">子元素</span><span style=\"font-family: arial; font-size: 13px; line-height: 20.02px; white-space: normal;\">标签上一篇jQuery双色表格 下一篇Sp...</span></p>","items":[{"item_order":"3","item_key":"C","item_name":"中国alter","item_point":"30"},{"item_order":"2","item_key":"B","item_name":"deralter","item_point":"20"},{"item_order":"1","item_key":"A","item_name":"adfalter","item_point":"10"},{"item_order":"4","item_key":"D","item_name":"de就alter","item_point":"50"}]}}]]
[2016-04-08 11:16:54][runtime:221.5731][format:json][[{"http param":{"eval_id":"34","a":"ZgykdxEvaluating","m":"indexTopicList"}}]]
[2016-04-08 11:17:24][runtime:259.8789][format:json][[{"http param":{"a":"ZgykdxEvaluating","m":"index"}}]]
[2016-04-08 11:17:34][runtime:12.8820][format:json][[{"http param":{"eval_id":"34","a":"ZgykdxEvaluating","m":"update"}}]]
[2016-04-08 11:17:45][runtime:280.9839][format:json][[{"http param":{"eval_id":"34","a":"ZgykdxEvaluating","m":"indexTopicList"}}]]
[2016-04-08 11:17:54][runtime:460.4771][format:json][[{"http param":{"a":"ZgykdxEvaluating","m":"ajax_deleteEvaluatingTopic","topic_id":"1"}}]]
[2016-04-08 11:17:56][runtime:262.5561][format:json][[{"http param":{"eval_id":"34","a":"ZgykdxEvaluating","m":"indexTopicList"}}]]
[2016-04-08 11:18:00][runtime:206.2221][format:json][[{"http param":{"a":"ZgykdxEvaluating","m":"index"}}]]
[2016-04-08 11:18:03][runtime:9.2769][format:json][[{"http param":{"eval_id":"34","a":"ZgykdxEvaluating","m":"update"}}]]
[2016-04-08 11:18:09][runtime:186.0549][format:json][[{"http param":{"eval_id":"34","a":"ZgykdxEvaluating","m":"indexTopicList"}}]]
[2016-04-08 11:18:14][runtime:209.4281][format:json][[{"http param":{"topic_id":"2","eval_id":"34","a":"ZgykdxEvaluating","m":"updateTopic"}}]]
[2016-04-08 11:18:36][runtime:448.1912][format:json][[{"http param":{"a":"ZgykdxEvaluating","m":"ajax_updateEvaluatingTopic","topic_id":"2","eval_id":"34","topic_type":"2","topic_point":"100","topic_title":"测试001adf","topic_tip":"测试001asdf","topic_content":"<p>&lt;p&gt;asf&lt;/p&gt;</p>","items":[{"item_order":"1","item_key":"A","item_name":"苦","item_point":""},{"item_order":"2","item_key":"B","item_name":"adfw","item_point":""},{"item_order":"3","item_key":"C","item_name":"we","item_point":""},{"item_order":"4","item_key":"D","item_name":"234","item_point":""}]}}]]
[2016-04-08 11:18:38][runtime:189.2021][format:json][[{"http param":{"eval_id":"34","a":"ZgykdxEvaluating","m":"indexTopicList"}}]]
[2016-04-08 11:20:51][runtime:237.4270][format:json][[{"http param":{"topic_id":"2","eval_id":"34","a":"ZgykdxEvaluating","m":"updateTopic"}}]]
[2016-04-08 11:20:55][runtime:471.9839][format:json][[{"http param":{"a":"ZgykdxEvaluating","m":"ajax_updateEvaluatingTopic","topic_id":"2","eval_id":"34","topic_type":"2","topic_point":"100","topic_title":"测试001adf","topic_tip":"测试001asdf","topic_content":"<p>&lt;p&gt;asf&lt;/p&gt;</p>","items":[{"item_order":"1","item_key":"A","item_name":"苦","item_point":""},{"item_order":"2","item_key":"B","item_name":"adfw","item_point":""},{"item_order":"3","item_key":"C","item_name":"we","item_point":""},{"item_order":"4","item_key":"D","item_name":"234","item_point":""}]}}]]
[2016-04-08 11:20:56][runtime:228.1370][format:json][[{"http param":{"eval_id":"34","a":"ZgykdxEvaluating","m":"indexTopicList"}}]]
[2016-04-08 11:21:01][runtime:185.4169][format:json][[{"http param":{"topic_id":"3","eval_id":"34","a":"ZgykdxEvaluating","m":"updateTopic"}}]]
[2016-04-08 11:21:16][runtime:401.0410][format:json][[{"http param":{"a":"ZgykdxEvaluating","m":"ajax_updateEvaluatingTopic","topic_id":"3","eval_id":"34","topic_type":"2","topic_point":"100","topic_title":"测试001adf","topic_tip":"测试001asdf","topic_content":"<p>asf</p>","items":[{"item_order":"1","item_key":"A","item_name":"adf","item_point":""},{"item_order":"2","item_key":"B","item_name":"adfe","item_point":""},{"item_order":"3","item_key":"C","item_name":"2324","item_point":""},{"item_order":"4","item_key":"D","item_name":"dde","item_point":""}]}}]]
[2016-04-08 11:21:17][runtime:259.8999][format:json][[{"http param":{"eval_id":"34","a":"ZgykdxEvaluating","m":"indexTopicList"}}]]
[2016-04-08 11:21:20][runtime:251.5080][format:json][[{"http param":{"topic_id":"5","eval_id":"34","a":"ZgykdxEvaluating","m":"updateTopic"}}]]
[2016-04-08 11:21:31][runtime:371.9871][format:json][[{"http param":{"a":"ZgykdxEvaluating","m":"ajax_updateEvaluatingTopic","topic_id":"5","eval_id":"34","topic_type":"2","topic_point":"100","topic_title":"测试001adf","topic_tip":"测试001asdf","topic_content":"<p>asf</p>","items":[{"item_order":"1","item_key":"A","item_name":"asd","item_point":""},{"item_order":"2","item_key":"B","item_name":"er","item_point":""}]}}]]
[2016-04-08 11:21:33][runtime:197.0751][format:json][[{"http param":{"eval_id":"34","a":"ZgykdxEvaluating","m":"indexTopicList"}}]]
[2016-04-08 11:21:36][runtime:240.5879][format:json][[{"http param":{"topic_id":"7","eval_id":"34","a":"ZgykdxEvaluating","m":"updateTopic"}}]]
[2016-04-08 11:21:43][runtime:448.1230][format:json][[{"http param":{"a":"ZgykdxEvaluating","m":"ajax_updateEvaluatingTopic","topic_id":"7","eval_id":"34","topic_type":"4","topic_point":"40","topic_title":"测试一下alter","topic_tip":"哈哈alter","topic_content":"<p><span class=\" newTimeFactor_before_abs m\" style=\"color: rgb(102, 102, 102); font-family: arial; font-size: 13px; line-height: 20.02px; white-space: normal;\">2012年3月16日&nbsp;-&nbsp;</span><span style=\"font-family: arial; font-size: 13px; line-height: 20.02px; white-space: normal;\">用</span><span style=\"color: rgb(204, 0, 0); font-family: arial; font-size: 13px; line-height: 20.02px; white-space: normal;\">jQuery循环</span><span style=\"font-family: arial; font-size: 13px; line-height: 20.02px; white-space: normal;\">遍历所有</span><span style=\"color: rgb(204, 0, 0); font-family: arial; font-size: 13px; line-height: 20.02px; white-space: normal;\">子元素</span><span style=\"font-family: arial; font-size: 13px; line-height: 20.02px; white-space: normal;\">&nbsp;标签: jqueryfunctiondiv jQuery(1) 作者同类文章X alert(obj.html());//弹出</span><span style=\"color: rgb(204, 0, 0); font-family: arial; font-size: 13px; line-height: 20.02px; white-space: normal;\">子元素</span><span style=\"font-family: arial; font-size: 13px; line-height: 20.02px; white-space: normal;\">标签上一篇jQuery双色表格 下一篇Sp...</span></p>","items":[{"item_order":"4","item_key":"D","item_name":"de就alter","item_point":"50"},{"item_order":"1","item_key":"A","item_name":"adfalter","item_point":"10"},{"item_order":"2","item_key":"B","item_name":"deralter","item_point":"20"},{"item_order":"3","item_key":"C","item_name":"中国alter","item_point":"30"}]}}]]
[2016-04-08 11:21:44][runtime:199.6930][format:json][[{"http param":{"eval_id":"34","a":"ZgykdxEvaluating","m":"indexTopicList"}}]]
[2016-04-08 11:21:49][runtime:216.5248][format:json][[{"http param":{"a":"ZgykdxEvaluating","m":"index"}}]]
[2016-04-08 11:21:54][runtime:223.1970][format:json][[{"http param":{"eval_id":"33","a":"ZgykdxEvaluating","m":"indexTopicList"}}]]
[2016-04-08 11:22:31][runtime:219.6970][format:json][[{"http param":{"eval_id":"34","a":"ZgykdxEvaluating","m":"indexTopicList"}}]]
[2016-04-08 11:35:39][runtime:485.0950][format:json][[{"http param":{"eval_id":"34","a":"ZgykdxEvaluating","m":"indexTopicList"}}]]
[2016-04-08 11:41:51][runtime:339.5281][format:json][[{"http param":{"eval_id":"34","a":"ZgykdxEvaluating","m":"indexTopicList"}}]]
[2016-04-08 11:43:22][runtime:227.1369][format:json][[{"http param":{"a":"ZgykdxEvaluating","m":"index"}}]]
[2016-04-08 11:46:29][runtime:220.1099][format:json][[{"http param":{"a":"ZgykdxEvaluating","m":"index"}}]]
[2016-04-08 11:46:33][runtime:154.0320][format:json][[{"http param":{"eval_id":"33","a":"ZgykdxEvaluating","m":"indexTopicList"}}]]
[2016-04-08 11:46:35][runtime:9.6109][format:json][[{"http param":{"eval_id":"33","a":"ZgykdxEvaluating","m":"addTopic"}}]]
[2016-04-08 11:48:22][runtime:193.7051][format:json][[{"http param":{"a":"ZgykdxEvaluating","m":"index"}}]]
[2016-04-08 11:48:25][runtime:331.1861][format:json][[{"http param":{"eval_id":"33","a":"ZgykdxEvaluating","m":"indexTopicList"}}]]
[2016-04-08 11:48:31][runtime:8.6019][format:json][[{"http param":{"eval_id":"33","a":"ZgykdxEvaluating","m":"addTopic"}}]]
