[2016-04-08 13:33:02][runtime:225.0669][format:json][[{"http param":{"a":"ZgykdxEvaluating","m":"index"}}]]
[2016-04-08 13:33:05][runtime:325.4929][format:json][[{"http param":{"eval_id":"33","a":"ZgykdxEvaluating","m":"indexTopicList"}}]]
[2016-04-08 13:33:08][runtime:9.5282][format:json][[{"http param":{"eval_id":"33","a":"ZgykdxEvaluating","m":"addTopic"}}]]
[2016-04-08 13:34:08][runtime:16.6771][format:json][[{"http param":{"eval_id":"33","a":"ZgykdxEvaluating","m":"addTopic"}}]]
[2016-04-08 13:35:10][runtime:9.7618][format:json][[{"http param":{"eval_id":"33","a":"ZgykdxEvaluating","m":"addTopic"}}]]
[2016-04-08 13:35:52][runtime:14.5581][format:json][[{"http param":{"eval_id":"33","a":"ZgykdxEvaluating","m":"addTopic"}}]]
[2016-04-08 13:36:00][runtime:428.3330][format:json][[{"http param":{"a":"ZgykdxEvaluating","m":"ajax_addEvaluatingTopic","eval_id":"33","topic_type":"1","topic_point":"","topic_title":"测试001","topic_tip":"测试001","topic_content":"","items":[{"item_order":"1","item_key":"A","item_name":"1","item_point":""},{"item_order":"2","item_key":"B","item_name":"2","item_point":""},{"item_order":"3","item_key":"C","item_name":"3","item_point":""},{"item_order":"4","item_key":"D","item_name":"4","item_point":""}]}}]]
[2016-04-08 13:36:02][runtime:231.2510][format:json][[{"http param":{"eval_id":"33","a":"ZgykdxEvaluating","m":"indexTopicList"}}]]
[2016-04-08 13:36:05][runtime:237.0849][format:json][[{"http param":{"topic_id":"8","eval_id":"33","a":"ZgykdxEvaluating","m":"updateTopic"}}]]
[2016-04-08 13:36:11][runtime:383.2712][format:json][[{"http param":{"a":"ZgykdxEvaluating","m":"ajax_updateEvaluatingTopic","topic_id":"8","eval_id":"33","topic_type":"1","topic_point":"","topic_title":"测试001","topic_tip":"测试001","topic_content":"","items":[{"item_order":"1","item_key":"A","item_name":"1","item_point":""},{"item_order":"2","item_key":"B","item_name":"2","item_point":""},{"item_order":"3","item_key":"C","item_name":"333","item_point":""},{"item_order":"4","item_key":"D","item_name":"4","item_point":""}]}}]]
[2016-04-08 13:36:13][runtime:398.0742][format:json][[{"http param":{"eval_id":"33","a":"ZgykdxEvaluating","m":"indexTopicList"}}]]
[2016-04-08 13:36:15][runtime:220.5651][format:json][[{"http param":{"topic_id":"8","eval_id":"33","a":"ZgykdxEvaluating","m":"updateTopic"}}]]
[2016-04-08 13:36:45][runtime:406.1511][format:json][[{"http param":{"a":"ZgykdxEvaluating","m":"ajax_updateEvaluatingTopic","topic_id":"8","eval_id":"33","topic_type":"1","topic_point":"","topic_title":"测试001","topic_tip":"测试001","topic_content":"","items":[{"item_order":"4","item_key":"D","item_name":"4","item_point":""},{"item_order":"3","item_key":"C","item_name":"333","item_point":""},{"item_order":"2","item_key":"B","item_name":"2","item_point":""},{"item_order":"1","item_key":"A","item_name":"u8","item_point":""}]}}]]
[2016-04-08 13:36:47][runtime:209.9509][format:json][[{"http param":{"eval_id":"33","a":"ZgykdxEvaluating","m":"indexTopicList"}}]]
[2016-04-08 13:36:52][runtime:9.5351][format:json][[{"http param":{"eval_id":"33","a":"ZgykdxEvaluating","m":"addTopic"}}]]
[2016-04-08 13:36:57][runtime:188.4181][format:json][[{"http param":{"a":"ZgykdxEvaluating","m":"index"}}]]
[2016-04-08 13:37:06][runtime:8.8251][format:json][[{"http param":{"a":"ZgykdxEvaluating","m":"add"}}]]
[2016-04-08 13:37:21][runtime:183.2471][format:json][[{"http param":{"a":"ZgykdxEvaluating","m":"ajax_addEvaluating","eval_name":"打分测试","eval_descript":"test001","eval_starttime":"2015-04-06","eval_endtime":"2015-04-10","eval_type":"1","eval_status":"1","eval_max_topic":"0"}}]]
[2016-04-08 13:37:23][runtime:229.5890][format:json][[{"http param":{"a":"ZgykdxEvaluating","m":"index"}}]]
[2016-04-08 13:37:26][runtime:192.7681][format:json][[{"http param":{"eval_id":"35","a":"ZgykdxEvaluating","m":"indexTopicList"}}]]
[2016-04-08 13:37:28][runtime:9.2781][format:json][[{"http param":{"eval_id":"35","a":"ZgykdxEvaluating","m":"addTopic"}}]]
[2016-04-08 13:37:33][runtime:9.2492][format:json][[{"http param":{"eval_id":"35","a":"ZgykdxEvaluating","m":"addTopic"}}]]
[2016-04-08 13:38:30][runtime:12.8322][format:json][[{"http param":{"eval_id":"35","a":"ZgykdxEvaluating","m":"addTopic"}}]]
[2016-04-08 13:38:38][runtime:9.0480][format:json][[{"http param":{"eval_id":"35","a":"ZgykdxEvaluating","m":"addTopic"}}]]
[2016-04-08 13:38:58][runtime:201.7879][format:json][[{"http param":{"a":"ZgykdxEvaluating","m":"index"}}]]
[2016-04-08 13:39:00][runtime:9.4721][format:json][[{"http param":{"eval_id":"35","a":"ZgykdxEvaluating","m":"update"}}]]
[2016-04-08 13:39:07][runtime:200.1581][format:json][[{"http param":{"a":"ZgykdxEvaluating","m":"ajax_updateEvaluating","eval_id":"35","eval_name":"打分测试","eval_descript":"test001","eval_starttime":"2015-04-06 00:00:00","eval_endtime":"2015-04-10 00:00:00","eval_type":"2","eval_status":"1","eval_max_topic":"1"}}]]
[2016-04-08 13:39:09][runtime:207.6118][format:json][[{"http param":{"a":"ZgykdxEvaluating","m":"index"}}]]
[2016-04-08 13:39:12][runtime:194.6540][format:json][[{"http param":{"eval_id":"35","a":"ZgykdxEvaluating","m":"indexTopicList"}}]]
[2016-04-08 13:39:14][runtime:9.8479][format:json][[{"http param":{"eval_id":"35","a":"ZgykdxEvaluating","m":"addTopic"}}]]
[2016-04-08 13:39:24][runtime:409.7371][format:json][[{"http param":{"a":"ZgykdxEvaluating","m":"ajax_addEvaluatingTopic","eval_id":"35","topic_type":"3","topic_point":"10","topic_title":"测试001","topic_tip":"测试001","topic_content":""}}]]
[2016-04-08 13:39:26][runtime:304.7941][format:json][[{"http param":{"eval_id":"35","a":"ZgykdxEvaluating","m":"indexTopicList"}}]]
[2016-04-08 13:39:29][runtime:8.6050][format:json][[{"http param":{"eval_id":"35","a":"ZgykdxEvaluating","m":"addTopic"}}]]
[2016-04-08 13:40:36][runtime:235.0430][format:json][[{"http param":{"a":"ZgykdxEvaluating","m":"ajax_addEvaluatingTopic","eval_id":"35","topic_type":"4","topic_point":"23","topic_title":"测试001","topic_tip":"测试001","topic_content":"","items":[{"item_order":"1","item_key":"A","item_name":"21","item_point":"0"},{"item_order":"2","item_key":"B","item_name":"春","item_point":"10"},{"item_order":"3","item_key":"C","item_name":"胡","item_point":"23"},{"item_order":"4","item_key":"D","item_name":"有","item_point":"21"}]}}]]
[2016-04-08 13:40:55][runtime:196.8701][format:json][[{"http param":{"a":"ZgykdxEvaluating","m":"ajax_addEvaluatingTopic","eval_id":"35","topic_type":"4","topic_point":"23","topic_title":"测试001","topic_tip":"测试001","topic_content":"","items":[{"item_order":"1","item_key":"A","item_name":"21","item_point":"0"},{"item_order":"2","item_key":"B","item_name":"春","item_point":"10"},{"item_order":"3","item_key":"C","item_name":"胡","item_point":"23"},{"item_order":"4","item_key":"D","item_name":"有","item_point":"21"}]}}]]
[2016-04-08 13:41:19][runtime:57.5640][format:json][[{"http param":{"s":"04-08"}}]]
[2016-04-08 13:41:25][runtime:72.2830][format:json][[{"http param":{"logfile":"E:\\www\\yhsci\\htdocs\\yhsci\\WebLog/../../../myfolder/log\\web\\APP_PLATE\\sys\\2016\\04-08\\13-sys.log"}}]]
[2016-04-08 13:41:28][runtime:79.9799][format:json][[{"http param":{"logfile":"E:\\www\\yhsci\\htdocs\\yhsci\\WebLog/../../../myfolder/log\\web\\APP_PLATE\\sys\\2016\\04-08\\13-sys.log"}}]]
[2016-04-08 13:41:37][runtime:266.4220][format:json][[{"http param":{"a":"ZgykdxEvaluating","m":"ajax_addEvaluatingTopic","eval_id":"35","topic_type":"4","topic_point":"23","topic_title":"测试001","topic_tip":"测试001","topic_content":"","items":[{"item_order":"1","item_key":"A","item_name":"21","item_point":"0"},{"item_order":"2","item_key":"B","item_name":"春","item_point":"10"},{"item_order":"3","item_key":"C","item_name":"胡","item_point":"23"},{"item_order":"4","item_key":"D","item_name":"有","item_point":"21"}]}}]]
[2016-04-08 13:41:40][runtime:88.9149][format:json][[{"http param":{"logfile":"E:\\www\\yhsci\\htdocs\\yhsci\\WebLog/../../../myfolder/log\\web\\APP_PLATE\\sys\\2016\\04-08\\13-sys.log"}}]]
[2016-04-08 13:42:21][runtime:34.2681][format:json][[{"http param":{"s":"04-08"}}]]
[2016-04-08 13:42:25][runtime:15.5060][format:json][[{"http param":{"logfile":"E:\\www\\yhsci\\htdocs\\yhsci\\WebLog/../../../myfolder/log\\web\\APP_PLATE\\Manage\\log\\2016\\04-08_error.log"}}]]
[2016-04-08 13:44:08][runtime:522.9139][format:json][[{"http param":{"a":"ZgykdxEvaluating","m":"ajax_addEvaluatingTopic","eval_id":"35","topic_type":"4","topic_point":"23","topic_title":"测试001","topic_tip":"测试001","topic_content":"","items":[{"item_order":"1","item_key":"A","item_name":"21","item_point":"0"},{"item_order":"2","item_key":"B","item_name":"春","item_point":"10"},{"item_order":"3","item_key":"C","item_name":"胡","item_point":"23"},{"item_order":"4","item_key":"D","item_name":"有","item_point":"21"}]}}]]
[2016-04-08 13:44:09][runtime:239.9399][format:json][[{"http param":{"eval_id":"35","a":"ZgykdxEvaluating","m":"indexTopicList"}}]]
[2016-04-08 13:44:25][runtime:235.3489][format:json][[{"http param":{"topic_id":"9","eval_id":"35","a":"ZgykdxEvaluating","m":"updateTopic"}}]]
[2016-04-08 13:53:06][runtime:211.1769][format:json][[{"http param":{"topic_id":"13","eval_id":"35","a":"ZgykdxEvaluating","m":"updateTopic"}}]]
