[2016-04-05 18:41:45][runtime:2.3451][format:json][[{"http param":[]}]]
[2016-04-05 18:41:45][runtime:3.3610][format:json][[{"http param":{"a":"Index","m":"welcome"}}]]
[2016-04-05 18:41:45][runtime:2.6839][format:json][[{"http param":{"a":"Menu","m":"left"}}]]
[2016-04-05 18:42:05][runtime:3.2551][format:json][[{"http param":[]}]]
[2016-04-05 18:42:05][runtime:2.2900][format:json][[{"http param":{"a":"Menu","m":"left"}}]]
[2016-04-05 18:42:05][runtime:28.6899][format:json][[{"http param":{"a":"Index","m":"welcome"}}]]
[2016-04-05 18:43:38][runtime:203.2371][format:json][[{"http param":{"a":"ZgykdxEvaluating","m":"index"}}]]
[2016-04-05 18:48:11][runtime:188.6990][format:json][[{"http param":{"a":"ZgykdxEvaluating","m":"index"}}]]
[2016-04-05 18:48:19][runtime:42.4740][format:json][[{"http param":[]}]]
[2016-04-05 18:48:31][runtime:26.8271][format:json][[{"http param":{"s":"04-05"}}]]
[2016-04-05 18:48:36][runtime:15.4381][format:json][[{"http param":{"logfile":"E:\\www\\yhsci\\htdocs\\yhsci\\WebLog/../../../myfolder/log\\web\\APP_PLATE\\Admin\\log\\2016\\04-05_error.log"}}]]
[2016-04-05 18:48:49][runtime:31.4910][format:json][[{"http param":{"logfile":"E:\\www\\yhsci\\htdocs\\yhsci\\WebLog/../../../myfolder/log\\web\\APP_PLATE\\Admin\\sql\\2016\\04-05_sql.log"}}]]
[2016-04-05 18:50:04][runtime:5.7940][format:json][[{"http param":{"a":"ZgykdxEvaluating","m":"add"}}]]
[2016-04-05 18:52:45][runtime:206.1741][format:json][[{"http param":{"a":"ZgykdxEvaluating","m":"index"}}]]
[2016-04-05 18:52:46][runtime:6.0611][format:json][[{"http param":{"a":"ZgykdxEvaluating","m":"add"}}]]
[2016-04-05 18:53:00][runtime:368.1090][format:json][[{"http param":{"a":"ZgykdxEvaluating","m":"index"}}]]
[2016-04-05 18:53:01][runtime:5.3282][format:json][[{"http param":{"a":"ZgykdxEvaluating","m":"add"}}]]
[2016-04-05 18:53:36][runtime:10.6339][format:json][[{"http param":{"a":"ZgykdxEvaluating","m":"ajax_addEvaluating","eval_name":"测试项1","eval_descript":"这是一个测试的","eval_starttime":"2015-04-05","eval_endtime":"2015-05-04","eval_type":"1","eval_status":"1","eval_max_topic":"0","ajax":"1"}}]]
[2016-04-05 18:54:25][runtime:4.9789][format:json][[{"http param":{"a":"ZgykdxEvaluating","m":"ajax_addEvaluating","eval_name":"测试项1","eval_descript":"这是一个测试的","eval_starttime":"2015-04-05","eval_endtime":"2015-05-04","eval_type":"1","eval_status":"1","eval_max_topic":"0","ajax":"1"}}]]
[2016-04-05 18:54:36][runtime:5.1742][format:json][[{"http param":{"a":"ZgykdxEvaluating","m":"ajax_addEvaluating","eval_name":"测试项1","eval_descript":"这是一个测试的","eval_starttime":"2015-04-05","eval_endtime":"2015-05-04","eval_type":"1","eval_status":"1","eval_max_topic":"0","ajax":"1"}}]]
[2016-04-05 18:54:46][runtime:6.5010][format:json][[{"http param":{"a":"ZgykdxEvaluating","m":"add"}}]]
[2016-04-05 18:55:18][runtime:212.0938][format:json][[{"http param":{"a":"ZgykdxEvaluating","m":"ajax_addEvaluating","eval_name":"adfasfdasdf","eval_descript":"asdf","eval_starttime":"2015-04-06","eval_endtime":"2015-04-06","eval_type":"1","eval_status":"1","eval_max_topic":"NaN","ajax":"1"}}]]
[2016-04-05 18:55:22][runtime:183.0220][format:json][[{"http param":{"a":"ZgykdxEvaluating","m":"index"}}]]
[2016-04-05 18:55:58][runtime:57.2751][format:json][[{"http param":{"logfile":"E:\\www\\yhsci\\htdocs\\yhsci\\WebLog/../../../myfolder/log\\web\\APP_PLATE\\Admin\\sql\\2016\\04-05_sql.log"}}]]
[2016-04-05 18:58:40][runtime:50.9400][format:json][[{"http param":{"logfile":"E:\\www\\yhsci\\htdocs\\yhsci\\WebLog/../../../myfolder/log\\web\\APP_PLATE\\Admin\\sql\\2016\\04-05_sql.log"}}]]
[2016-04-05 18:58:44][runtime:212.9180][format:json][[{"http param":{"a":"ZgykdxEvaluating","m":"index"}}]]
[2016-04-05 18:58:46][runtime:6.2981][format:json][[{"http param":{"a":"ZgykdxEvaluating","m":"add"}}]]
[2016-04-05 18:59:04][runtime:162.8211][format:json][[{"http param":{"a":"ZgykdxEvaluating","m":"ajax_addEvaluating","eval_name":"adf","eval_descript":"adfqwet","eval_starttime":"2015-04-07","eval_endtime":"2015-04-07","eval_type":"1","eval_status":"1","eval_max_topic":"NaN","ajax":"1"}}]]
[2016-04-05 18:59:05][runtime:178.7071][format:json][[{"http param":{"a":"ZgykdxEvaluating","m":"index"}}]]
[2016-04-05 18:59:09][runtime:69.3150][format:json][[{"http param":{"logfile":"E:\\www\\yhsci\\htdocs\\yhsci\\WebLog/../../../myfolder/log\\web\\APP_PLATE\\Admin\\sql\\2016\\04-05_sql.log"}}]]
[2016-04-05 18:59:22][runtime:24.3480][format:json][[{"http param":{"s":"04-05"}}]]
[2016-04-05 18:59:30][runtime:57.6310][format:json][[{"http param":{"logfile":"E:\\www\\yhsci\\htdocs\\yhsci\\WebLog/../../../myfolder/log\\web\\APP_PLATE\\Admin\\log\\2016\\04-05_error.log"}}]]
