[2016-04-21 17:18:34][runtime:527.8599][format:json][[{"http param":{"a":"WxMaterialNews","m":"index"}}]]
[2016-04-21 17:18:38][runtime:541.5769][format:json][[{"http param":{"a":"WxCustomMenu","m":"index"}}]]
[2016-04-21 17:23:58][runtime:2.4481][format:json][[{"http param":{"a":"UserEval","m":"index"}}]]
[2016-04-21 17:23:58][runtime:2.1400][format:json][[{"http param":{"a":"Login","m":"oauth","callback":"http%3A%2F%2Ftest.yh.yueyanggo.com%2Fyhsci%2FWebYkdx%2Findex.php%3Fa%3DUserEval%26m%3Dindex"}}]]
[2016-04-21 17:23:58][runtime:3.4599][format:json][[{"http param":{"app_id":"wx2d373f6d7988cbfa","url":"http://test.yh.yueyanggo.com/yhsci/WebYkdx/index.php?a=Login&m=wxCallback&callback=http%253A%252F%252Ftest.yh.yueyanggo.com%252Fyhsci%252FWebYkdx%252Findex.php%253Fa%253DUserEval%2526m%253Dindex","timestamp":"1459160779","scope":"snsapi_base","response_type":"userinfoall","sig":"973a2eb1e33206d2a6aa36a7a3fc78da"},"cached":0}]]
[2016-04-21 17:28:18][runtime:2.7781][format:json][[{"http param":{"a":"UserEval","m":"index"}}]]
[2016-04-21 17:28:18][runtime:2.2120][format:json][[{"http param":{"a":"Login","m":"oauth","callback":"http%3A%2F%2Ftest.yh.yueyanggo.com%2Fyhsci%2FWebYkdx%2Findex.php%3Fa%3DUserEval%26m%3Dindex"}}]]
[2016-04-21 17:28:18][runtime:3.1919][format:json][[{"http param":{"app_id":"wx2d373f6d7988cbfa","url":"http://test.yh.yueyanggo.com/yhsci/WebYkdx/index.php?a=Login&m=wxCallback&callback=http%253A%252F%252Ftest.yh.yueyanggo.com%252Fyhsci%252FWebYkdx%252Findex.php%253Fa%253DUserEval%2526m%253Dindex","timestamp":"1459160779","scope":"snsapi_base","response_type":"userinfoall","sig":"973a2eb1e33206d2a6aa36a7a3fc78da"},"cached":0}]]
[2016-04-21 17:38:20][runtime:3.7189][format:json][[{"http param":{"a":"User","m":"regist"}}]]
[2016-04-21 17:38:56][runtime:4.1020][format:json][[{"http param":{"a":"User","m":"regist"}}]]
[2016-04-21 17:39:26][runtime:4.2050][format:json][[{"http param":{"a":"User","m":"regist"}}]]
[2016-04-21 17:41:31][runtime:3.8509][format:json][[{"http param":{"a":"User","m":"regist"}}]]
[2016-04-21 17:42:27][runtime:5.7101][format:json][[{"http param":{"a":"User","m":"regist"}}]]
[2016-04-21 17:43:20][runtime:4.6020][format:json][[{"http param":{"a":"User","m":"regist"}}]]
[2016-04-21 17:45:19][runtime:4.9510][format:json][[{"http param":{"a":"User","m":"regist"}}]]
[2016-04-21 17:46:23][runtime:55.4280][format:json][[{"http param":{"s":"04-19"}}]]
[2016-04-21 17:46:27][runtime:39.9609][format:json][[{"http param":{"s":"04-21"}}]]
[2016-04-21 17:46:35][runtime:28.0199][format:json][[{"http param":{"logfile":"E:\\www\\yhsci\\htdocs\\yhsci\\WebLog/../../../myfolder/log\\web\\php_log\\2016-04-21.log"}}]]
[2016-04-21 17:46:50][runtime:2.7740][format:json][[{"http param":{"logfile":"E:\\www\\yhsci\\htdocs\\yhsci\\WebLog/../../../myfolder/log\\web\\APP_PLATE\\WebYkdx\\log\\2016\\04-21_error.log"}}]]
[2016-04-21 17:46:55][runtime:2.9740][format:json][[{"http param":{"logfile":"E:\\www\\yhsci\\htdocs\\yhsci\\WebLog/../../../myfolder/log\\web\\APP_PLATE\\WebYkdx\\sql\\2016\\04-21_sql.log"}}]]
[2016-04-21 17:47:07][runtime:32.5971][format:json][[{"http param":{"logfile":"E:\\www\\yhsci\\htdocs\\yhsci\\WebLog/../../../myfolder/log\\web\\APP_PLATE\\sys\\2016\\04-21\\17-sys.log"}}]]
[2016-04-21 17:47:24][runtime:3.8340][format:json][[{"http param":{"a":"User","m":"regist"}}]]
[2016-04-21 17:48:47][runtime:2.5640][format:json][[{"http param":{"a":"User","m":"ajax_sendVolideCode"}}]]
[2016-04-21 17:48:58][runtime:1.9910][format:json][[{"http param":{"a":"User","m":"13800138000"}}]]
[2016-04-21 17:48:58][runtime:4.1790][format:json][[{"http param":{"a":"User","m":"regist"}}]]
[2016-04-21 17:49:25][runtime:2.0599][format:json][[{"http param":{"a":"User","m":"13800138000"}}]]
[2016-04-21 17:49:25][runtime:4.3011][format:json][[{"http param":{"a":"User","m":"regist"}}]]
[2016-04-21 17:50:09][runtime:1.9422][format:json][[{"http param":{"a":"User","m":"13800138000"}}]]
[2016-04-21 17:50:09][runtime:4.2231][format:json][[{"http param":{"a":"User","m":"regist"}}]]
[2016-04-21 17:50:32][runtime:1.7910][format:json][[{"http param":{"a":"User","m":"13800138000"}}]]
[2016-04-21 17:50:52][runtime:2.2509][format:json][[{"http param":{"a":"User","m":"13800138000"}}]]
[2016-04-21 17:59:40][runtime:75.0589][format:json][[{"http param":{"s":"04-21"}}]]
[2016-04-21 17:59:51][runtime:81.2881][format:json][[{"http param":{"s":"04-21"}}]]
[2016-04-21 17:59:52][runtime:26.2270][format:json][[{"http param":{"logfile":"E:\\www\\yhsci\\htdocs\\yhsci\\WebLog/../../../myfolder/log\\web\\php_log\\2016-04-21.log"}}]]
