[21-Apr-2016 10:09:23 PRC] PHP Notice:  Use of undefined constant TITLE - assumed 'TITLE' in E:\www\yhsci\myfolder\Lib\Tpl\Manage\Common\header.php on line 10
[21-Apr-2016 10:11:16 PRC] PHP Notice:  Use of undefined constant TITLE - assumed 'TITLE' in E:\www\yhsci\myfolder\Lib\Tpl\Manage\Common\header.php on line 10
[21-Apr-2016 10:12:05 PRC] PHP Notice:  Use of undefined constant TITLE - assumed 'TITLE' in E:\www\yhsci\myfolder\Lib\Tpl\Manage\Common\header.php on line 10
[21-Apr-2016 10:12:08 PRC] PHP Notice:  Use of undefined constant TITLE - assumed 'TITLE' in E:\www\yhsci\myfolder\Lib\Tpl\Manage\Common\header.php on line 10
[21-Apr-2016 10:12:15 PRC] PHP Notice:  Use of undefined constant TITLE - assumed 'TITLE' in E:\www\yhsci\myfolder\Lib\Tpl\Manage\Common\header.php on line 10
[21-Apr-2016 10:28:48 PRC] PHP Notice:  Use of undefined constant TITLE - assumed 'TITLE' in E:\www\yhsci\myfolder\Lib\Tpl\Manage\Common\header.php on line 10
[21-Apr-2016 10:28:50 PRC] PHP Notice:  Use of undefined constant TITLE - assumed 'TITLE' in E:\www\yhsci\myfolder\Lib\Tpl\Manage\Common\header.php on line 10
[21-Apr-2016 10:28:52 PRC] PHP Notice:  Use of undefined constant TITLE - assumed 'TITLE' in E:\www\yhsci\myfolder\Lib\Tpl\Manage\Common\header.php on line 10
[21-Apr-2016 11:04:48 PRC] PHP Notice:  Use of undefined constant TITLE - assumed 'TITLE' in E:\www\yhsci\myfolder\Lib\Tpl\Manage\Common\header.php on line 10
[21-Apr-2016 17:18:34 PRC] PHP Notice:  Use of undefined constant TITLE - assumed 'TITLE' in E:\www\yhsci\myfolder\Lib\Tpl\Manage\Common\header.php on line 10
[21-Apr-2016 17:18:38 PRC] PHP Notice:  Use of undefined constant TITLE - assumed 'TITLE' in E:\www\yhsci\myfolder\Lib\Tpl\Manage\Common\header.php on line 10
[21-Apr-2016 17:19:01 PRC] PHP Fatal error:  Uncaught exception 'Exception' with message 'action not exist, action: Index, method: index' in E:\www\yhsci\myfolder\AbcPHP\AbcPHP.class.php:69
Stack trace:
#0 E:\www\yhsci\myfolder\AbcPHP\AbcPHP.class.php(39): AbcPHP::_run()
#1 E:\www\yhsci\htdocs\yhsci\WebYkdx\index.php(8): AbcPHP::run()
#2 {main}
  thrown in E:\www\yhsci\myfolder\AbcPHP\AbcPHP.class.php on line 69
[21-Apr-2016 17:19:48 PRC] PHP Fatal error:  Class 'YkdxCommonAction' not found in E:\www\yhsci\myfolder\Lib\Action\WebYkdx\UserEvalAction.class.php on line 6
[21-Apr-2016 17:20:26 PRC] PHP Fatal error:  Class 'YkdxCommonAction' not found in E:\www\yhsci\myfolder\Lib\Action\WebYkdx\UserEvalAction.class.php on line 6
[21-Apr-2016 17:21:43 PRC] PHP Fatal error:  Cannot redeclare class UHome in E:\www\yhsci\myfolder\Lib\Action\WebYkdx\UHome.php on line 8
[21-Apr-2016 18:00:42 PRC] PHP Catchable fatal error:  Object of class stdClass could not be converted to string in E:\www\yhsci\myfolder\AbcPHP\Common\FunctionsBase.php on line 1237
[21-Apr-2016 18:03:04 PRC] PHP Fatal error:  Cannot use object of type stdClass as array in E:\www\yhsci\myfolder\AbcPHP\Common\FunctionsBase.php on line 1239
[21-Apr-2016 18:14:04 PRC] PHP Fatal error:  Cannot use object of type stdClass as array in E:\www\yhsci\myfolder\AbcPHP\Common\FunctionsBase.php on line 1239
[21-Apr-2016 18:24:39 PRC] PHP Notice:  Undefined property: ResultSet::$result in E:\www\yhsci\myfolder\AbcPHP\Org\taobao_sms\top\ClusterTopClient.php on line 40
