[2016-04-07 15:04:30][runtime:2145.4761][format:json][[{"http param":{"a":"ZgykdxEvaluating","m":"index"}}]]
[2016-04-07 15:04:33][runtime:7.0169][format:json][[{"http param":{"a":"ZgykdxEvaluating","m":"add"}}]]
[2016-04-07 15:04:46][runtime:166.6698][format:json][[{"http param":{"a":"ZgykdxEvaluating","m":"ajax_addEvaluating","eval_name":"测试002","eval_descript":"test001lllll","eval_starttime":"2015-04-06","eval_endtime":"2015-04-10","eval_type":"1","eval_status":"1","eval_max_topic":"0"}}]]
[2016-04-07 15:04:47][runtime:245.3249][format:json][[{"http param":{"a":"ZgykdxEvaluating","m":"index"}}]]
[2016-04-07 15:05:16][runtime:9209.1250][format:json][[{"http param":{"eval_name":"","status":"1","a":"ZgykdxEvaluating","m":"index"}}]]
[2016-04-07 15:05:18][runtime:21014.5578][format:json][[{"http param":{"eval_name":"","status":"1","a":"ZgykdxEvaluating","m":"index"}}]]
[2016-04-07 15:05:24][runtime:208.1609][format:json][[{"http param":{"eval_name":"002","status":"","a":"ZgykdxEvaluating","m":"index"}}]]
[2016-04-07 15:05:29][runtime:222.1880][format:json][[{"http param":{"eval_name":"001","status":"","a":"ZgykdxEvaluating","m":"index"}}]]
[2016-04-07 15:06:31][runtime:5602.5460][format:json][[{"http param":{"eval_name":"002","status":"","a":"ZgykdxEvaluating","m":"index"}}]]
[2016-04-07 15:07:24][runtime:240.0250][format:json][[{"http param":{"eval_name":"002","status":"","a":"ZgykdxEvaluating","m":"index"}}]]
[2016-04-07 15:07:28][runtime:196.9941][format:json][[{"http param":{"eval_id":"34","a":"ZgykdxEvaluating","m":"update"}}]]
[2016-04-07 15:07:48][runtime:167.4409][format:json][[{"http param":{"a":"ZgykdxEvaluating","m":"ajax_updateEvaluating","eval_id":"34","eval_name":"测试003","eval_descript":"test001lllll","eval_starttime":"2015-04-06 00:00:00","eval_endtime":"2015-04-13 00:00:00","eval_type":"1","eval_status":"1","eval_max_topic":"1"}}]]
[2016-04-07 15:07:50][runtime:196.0499][format:json][[{"http param":{"a":"ZgykdxEvaluating","m":"index"}}]]
[2016-04-07 15:08:13][runtime:9.0899][format:json][[{"http param":{"eval_id":"34","a":"ZgykdxEvaluating","m":"update"}}]]
[2016-04-07 15:18:49][runtime:243.2389][format:json][[{"http param":{"a":"ZgykdxEvaluating","m":"index"}}]]
[2016-04-07 15:18:52][runtime:161.3011][format:json][[{"http param":{"eval_id":"34","a":"ZgykdxEvaluating","m":"indexTopicList"}}]]
[2016-04-07 15:19:12][runtime:184.0470][format:json][[{"http param":{"eval_id":"34","a":"ZgykdxEvaluating","m":"indexTopicList"}}]]
[2016-04-07 15:20:59][runtime:165.2482][format:json][[{"http param":{"eval_id":"34","a":"ZgykdxEvaluating","m":"indexTopicList"}}]]
[2016-04-07 15:21:01][runtime:203.7349][format:json][[{"http param":{"eval_id":"34","a":"ZgykdxEvaluating","m":"indexTopicList"}}]]
[2016-04-07 15:21:09][runtime:159.6019][format:json][[{"http param":{"eval_id":"34","a":"ZgykdxEvaluating","m":"indexTopicList"}}]]
[2016-04-07 15:22:46][runtime:204.4492][format:json][[{"http param":{"eval_id":"34","a":"ZgykdxEvaluating","m":"indexTopicList"}}]]
[2016-04-07 15:23:02][runtime:179.2490][format:json][[{"http param":{"eval_id":"34","a":"ZgykdxEvaluating","m":"indexTopicList"}}]]
[2016-04-07 15:23:27][runtime:154.1800][format:json][[{"http param":{"eval_id":"34","a":"ZgykdxEvaluating","m":"indexTopicList"}}]]
[2016-04-07 15:24:44][runtime:7.5340][format:json][[{"http param":{"a":"ZgykdxEvaluating","m":"add"}}]]
[2016-04-07 15:24:50][runtime:169.6401][format:json][[{"http param":{"eval_id":"34","a":"ZgykdxEvaluating","m":"indexTopicList"}}]]
[2016-04-07 15:24:52][runtime:9.1519][format:json][[{"http param":{"a":"ZgykdxEvaluating","m":"addTopic"}}]]
[2016-04-07 15:41:51][runtime:8.7330][format:json][[{"http param":{"a":"ZgykdxEvaluating","m":"addTopic"}}]]
[2016-04-07 15:42:10][runtime:14.6320][format:json][[{"http param":{"a":"ZgykdxEvaluating","m":"addTopic"}}]]
[2016-04-07 15:42:21][runtime:15.2791][format:json][[{"http param":{"a":"ZgykdxEvaluating","m":"addTopic"}}]]
[2016-04-07 15:44:44][runtime:15.4910][format:json][[{"http param":{"a":"ZgykdxEvaluating","m":"addTopic"}}]]
[2016-04-07 15:45:25][runtime:7.7350][format:json][[{"http param":{"a":"ZgykdxEvaluating","m":"addTopic"}}]]
[2016-04-07 15:45:46][runtime:6.3629][format:json][[{"http param":{"a":"ZgykdxEvaluating","m":"ajax_addEvaluatingTopic","eval_id":"","topic_type":"3","topic_point":"NaN","topic_title":"测试001","topic_tip":"测试001","topic_content":""}}]]
[2016-04-07 15:46:29][runtime:7.7641][format:json][[{"http param":{"a":"ZgykdxEvaluating","m":"addTopic"}}]]
[2016-04-07 15:46:41][runtime:5.4281][format:json][[{"http param":{"a":"ZgykdxEvaluating","m":"ajax_addEvaluatingTopic","eval_id":"","topic_type":"3","topic_point":"NaN","topic_title":"测试001","topic_tip":"测试001","topic_content":""}}]]
[2016-04-07 15:47:03][runtime:5.9669][format:json][[{"http param":{"a":"ZgykdxEvaluating","m":"ajax_addEvaluatingTopic","eval_id":"","topic_type":"3","topic_point":"10","topic_title":"测试001","topic_tip":"测试001","topic_content":""}}]]
[2016-04-07 15:47:38][runtime:15.7180][format:json][[{"http param":{"a":"ZgykdxEvaluating","m":"addTopic"}}]]
[2016-04-07 15:47:43][runtime:4.4889][format:json][[{"http param":{"a":"ZgykdxEvaluating","m":"ajax_addEvaluatingTopic","eval_id":"","topic_type":"1","topic_point":"NaN","topic_title":"测试001","topic_tip":"测试001","topic_content":""}}]]
[2016-04-07 15:47:55][runtime:4.4539][format:json][[{"http param":{"a":"ZgykdxEvaluating","m":"ajax_addEvaluatingTopic","eval_id":"","topic_type":"1","topic_point":"100","topic_title":"测试001","topic_tip":"测试001","topic_content":""}}]]
[2016-04-07 15:48:52][runtime:59.4599][format:json][[{"http param":{"s":"04-07"}}]]
[2016-04-07 15:48:55][runtime:78.1388][format:json][[{"http param":{"logfile":"E:\\www\\yhsci\\htdocs\\yhsci\\WebLog/../../../myfolder/log\\web\\APP_PLATE\\Manage\\sql\\2016\\04-07_sql.log"}}]]
[2016-04-07 15:48:59][runtime:5.0869][format:json][[{"http param":{"a":"ZgykdxEvaluating","m":"ajax_addEvaluatingTopic","eval_id":"","topic_type":"1","topic_point":"100","topic_title":"测试001","topic_tip":"测试001","topic_content":""}}]]
[2016-04-07 15:49:03][runtime:89.6671][format:json][[{"http param":{"logfile":"E:\\www\\yhsci\\htdocs\\yhsci\\WebLog/../../../myfolder/log\\web\\APP_PLATE\\Manage\\sql\\2016\\04-07_sql.log"}}]]
[2016-04-07 15:49:25][runtime:8.8491][format:json][[{"http param":{"a":"ZgykdxEvaluating","m":"addTopic"}}]]
[2016-04-07 15:49:30][runtime:4.9431][format:json][[{"http param":{"a":"ZgykdxEvaluating","m":"ajax_addEvaluatingTopic","eval_id":"","topic_type":"1","topic_point":"NaN","topic_title":"测试001","topic_tip":"测试001","topic_content":""}}]]
[2016-04-07 15:49:42][runtime:73.5710][format:json][[{"http param":{"logfile":"E:\\www\\yhsci\\htdocs\\yhsci\\WebLog/../../../myfolder/log\\web\\APP_PLATE\\Manage\\sql\\2016\\04-07_sql.log"}}]]
[2016-04-07 15:49:43][runtime:76.5781][format:json][[{"http param":{"logfile":"E:\\www\\yhsci\\htdocs\\yhsci\\WebLog/../../../myfolder/log\\web\\APP_PLATE\\Manage\\sql\\2016\\04-07_sql.log"}}]]
[2016-04-07 15:49:50][runtime:81.6801][format:json][[{"http param":{"logfile":"E:\\www\\yhsci\\htdocs\\yhsci\\WebLog/../../../myfolder/log\\web\\APP_PLATE\\sys\\2016\\04-07\\15-sys.log"}}]]
[2016-04-07 15:51:08][runtime:13.2029][format:json][[{"http param":{"a":"ZgykdxEvaluating","m":"addTopic"}}]]
[2016-04-07 15:51:10][runtime:7.1130][format:json][[{"http param":{"a":"ZgykdxEvaluating","m":"ajax_addEvaluatingTopic","eval_id":"","topic_type":"1","topic_point":"","topic_title":"测试001","topic_tip":"测试001","topic_content":""}}]]
[2016-04-07 15:51:14][runtime:100.6260][format:json][[{"http param":{"logfile":"E:\\www\\yhsci\\htdocs\\yhsci\\WebLog/../../../myfolder/log\\web\\APP_PLATE\\sys\\2016\\04-07\\15-sys.log"}}]]
[2016-04-07 15:51:35][runtime:16.2690][format:json][[{"http param":{"a":"ZgykdxEvaluating","m":"addTopic"}}]]
[2016-04-07 15:53:03][runtime:11.9922][format:json][[{"http param":{"a":"ZgykdxEvaluating","m":"addTopic"}}]]
[2016-04-07 15:54:19][runtime:7.6432][format:json][[{"http param":{"a":"ZgykdxEvaluating","m":"addTopic"}}]]
[2016-04-07 15:54:32][runtime:5.5430][format:json][[{"http param":{"a":"ZgykdxEvaluating","m":"addTopic"}}]]
[2016-04-07 15:55:46][runtime:4.8869][format:json][[{"http param":{"a":"ZgykdxEvaluating","m":"addTopic"}}]]
[2016-04-07 15:56:55][runtime:206.5089][format:json][[{"http param":{"eval_id":"34","a":"ZgykdxEvaluating","m":"indexTopicList"}}]]
[2016-04-07 15:56:59][runtime:8.3890][format:json][[{"http param":{"eval_id":"34","a":"ZgykdxEvaluating","m":"addTopic"}}]]
[2016-04-07 15:57:11][runtime:8.7092][format:json][[{"http param":{"eval_id":"34","a":"ZgykdxEvaluating","m":"addTopic"}}]]
[2016-04-07 15:57:35][runtime:224.1571][format:json][[{"http param":{"a":"ZgykdxEvaluating","m":"ajax_addEvaluatingTopic","eval_id":"34","topic_type":"3","topic_point":"10","topic_title":"测试001","topic_tip":"测试001","topic_content":""}}]]
[2016-04-07 15:57:37][runtime:255.2621][format:json][[{"http param":{"eval_id":"34","a":"ZgykdxEvaluating","m":"indexTopicList"}}]]
[2016-04-07 15:59:33][runtime:258.5130][format:json][[{"http param":{"eval_id":"34","a":"ZgykdxEvaluating","m":"indexTopicList"}}]]
[2016-04-07 15:59:37][runtime:9.3150][format:json][[{"http param":{"eval_id":"34","a":"ZgykdxEvaluating","m":"addTopic"}}]]
