[2016-04-07 16:00:00][runtime:9.1541][format:json][[{"http param":{"a":"ZgykdxEvaluating","m":"ajax_addEvaluatingTopic","eval_id":"34","topic_type":"2","topic_point":"","topic_title":"测试001de","topic_tip":"测试001adf","topic_content":"<p>就是这们的</p>"}}]]
[2016-04-07 16:00:07][runtime:34.7321][format:json][[{"http param":{"s":"04-07"}}]]
[2016-04-07 16:00:11][runtime:4.0288][format:json][[{"http param":{"logfile":"E:\\www\\yhsci\\htdocs\\yhsci\\WebLog/../../../myfolder/log\\web\\APP_PLATE\\sys\\2016\\04-07\\16-sys.log"}}]]
[2016-04-07 16:00:20][runtime:82.4831][format:json][[{"http param":{"logfile":"E:\\www\\yhsci\\htdocs\\yhsci\\WebLog/../../../myfolder/log\\web\\APP_PLATE\\Manage\\sql\\2016\\04-07_sql.log"}}]]
[2016-04-07 16:00:29][runtime:13.3440][format:json][[{"http param":{"logfile":"E:\\www\\yhsci\\htdocs\\yhsci\\WebLog/../../../myfolder/log\\web\\APP_PLATE\\Manage\\log\\2016\\04-07_error.log"}}]]
[2016-04-07 16:16:55][runtime:198.3800][format:json][[{"http param":{"eval_id":"34","a":"ZgykdxEvaluating","m":"addTopic"}}]]
[2016-04-07 16:17:37][runtime:9.9089][format:json][[{"http param":{"eval_id":"34","a":"ZgykdxEvaluating","m":"addTopic"}}]]
[2016-04-07 16:19:05][runtime:15.2440][format:json][[{"http param":{"eval_id":"34","a":"ZgykdxEvaluating","m":"addTopic"}}]]
[2016-04-07 16:19:29][runtime:16.6190][format:json][[{"http param":{"eval_id":"34","a":"ZgykdxEvaluating","m":"addTopic"}}]]
[2016-04-07 16:21:20][runtime:16.0019][format:json][[{"http param":{"eval_id":"34","a":"ZgykdxEvaluating","m":"addTopic"}}]]
[2016-04-07 16:21:37][runtime:24.6820][format:json][[{"http param":{"eval_id":"34","a":"ZgykdxEvaluating","m":"addTopic"}}]]
[2016-04-07 16:22:25][runtime:15.7931][format:json][[{"http param":{"eval_id":"34","a":"ZgykdxEvaluating","m":"addTopic"}}]]
[2016-04-07 16:23:06][runtime:9.3482][format:json][[{"http param":{"eval_id":"34","a":"ZgykdxEvaluating","m":"addTopic"}}]]
[2016-04-07 16:23:19][runtime:9.6951][format:json][[{"http param":{"eval_id":"34","a":"ZgykdxEvaluating","m":"addTopic"}}]]
[2016-04-07 16:24:24][runtime:14.9870][format:json][[{"http param":{"eval_id":"34","a":"ZgykdxEvaluating","m":"addTopic"}}]]
[2016-04-07 16:24:39][runtime:12.3630][format:json][[{"http param":{"eval_id":"34","a":"ZgykdxEvaluating","m":"addTopic"}}]]
[2016-04-07 16:29:36][runtime:12.4280][format:json][[{"http param":{"eval_id":"34","a":"ZgykdxEvaluating","m":"addTopic"}}]]
[2016-04-07 16:29:54][runtime:16.9950][format:json][[{"http param":{"eval_id":"34","a":"ZgykdxEvaluating","m":"addTopic"}}]]
[2016-04-07 16:30:05][runtime:73.7069][format:json][[{"http param":{"eval_id":"34","a":"ZgykdxEvaluating","m":"addTopic"}}]]
[2016-04-07 16:30:41][runtime:15.0030][format:json][[{"http param":{"eval_id":"34","a":"ZgykdxEvaluating","m":"addTopic"}}]]
[2016-04-07 16:30:56][runtime:24.3878][format:json][[{"http param":{"eval_id":"34","a":"ZgykdxEvaluating","m":"addTopic"}}]]
[2016-04-07 16:32:32][runtime:10.0081][format:json][[{"http param":{"eval_id":"34","a":"ZgykdxEvaluating","m":"addTopic"}}]]
[2016-04-07 16:33:57][runtime:9.0568][format:json][[{"http param":{"eval_id":"34","a":"ZgykdxEvaluating","m":"addTopic"}}]]
[2016-04-07 16:35:30][runtime:15.7731][format:json][[{"http param":{"eval_id":"34","a":"ZgykdxEvaluating","m":"addTopic"}}]]
[2016-04-07 16:35:36][runtime:11.6072][format:json][[{"http param":{"eval_id":"34","a":"ZgykdxEvaluating","m":"addTopic"}}]]
[2016-04-07 16:36:01][runtime:16.2969][format:json][[{"http param":{"eval_id":"34","a":"ZgykdxEvaluating","m":"addTopic"}}]]
[2016-04-07 16:36:28][runtime:10.1728][format:json][[{"http param":{"eval_id":"34","a":"ZgykdxEvaluating","m":"addTopic"}}]]
[2016-04-07 16:38:03][runtime:17.7901][format:json][[{"http param":{"eval_id":"34","a":"ZgykdxEvaluating","m":"addTopic"}}]]
[2016-04-07 16:38:25][runtime:11.3909][format:json][[{"http param":{"eval_id":"34","a":"ZgykdxEvaluating","m":"addTopic"}}]]
[2016-04-07 16:38:40][runtime:12.5270][format:json][[{"http param":{"eval_id":"34","a":"ZgykdxEvaluating","m":"addTopic"}}]]
[2016-04-07 16:38:55][runtime:25.0859][format:json][[{"http param":{"eval_id":"34","a":"ZgykdxEvaluating","m":"addTopic"}}]]
[2016-04-07 16:40:19][runtime:10.7400][format:json][[{"http param":{"eval_id":"34","a":"ZgykdxEvaluating","m":"addTopic"}}]]
[2016-04-07 16:40:31][runtime:12.0049][format:json][[{"http param":{"eval_id":"34","a":"ZgykdxEvaluating","m":"addTopic"}}]]
[2016-04-07 16:41:24][runtime:15.9860][format:json][[{"http param":{"eval_id":"34","a":"ZgykdxEvaluating","m":"addTopic"}}]]
[2016-04-07 16:42:53][runtime:8.8758][format:json][[{"http param":{"eval_id":"34","a":"ZgykdxEvaluating","m":"addTopic"}}]]
[2016-04-07 16:44:55][runtime:12.8901][format:json][[{"http param":{"eval_id":"34","a":"ZgykdxEvaluating","m":"addTopic"}}]]
[2016-04-07 16:45:19][runtime:10.7269][format:json][[{"http param":{"eval_id":"34","a":"ZgykdxEvaluating","m":"addTopic"}}]]
[2016-04-07 16:45:37][runtime:18.2889][format:json][[{"http param":{"eval_id":"34","a":"ZgykdxEvaluating","m":"addTopic"}}]]
[2016-04-07 16:45:52][runtime:15.2690][format:json][[{"http param":{"eval_id":"34","a":"ZgykdxEvaluating","m":"addTopic"}}]]
[2016-04-07 16:45:55][runtime:9.5401][format:json][[{"http param":{"eval_id":"34","a":"ZgykdxEvaluating","m":"addTopic"}}]]
[2016-04-07 16:49:04][runtime:9.1200][format:json][[{"http param":{"eval_id":"34","a":"ZgykdxEvaluating","m":"addTopic"}}]]
[2016-04-07 16:49:30][runtime:18.3401][format:json][[{"http param":{"eval_id":"34","a":"ZgykdxEvaluating","m":"addTopic"}}]]
[2016-04-07 16:50:50][runtime:12.3339][format:json][[{"http param":{"eval_id":"34","a":"ZgykdxEvaluating","m":"addTopic"}}]]
[2016-04-07 16:51:02][runtime:76.4101][format:json][[{"http param":{"eval_id":"34","a":"ZgykdxEvaluating","m":"addTopic"}}]]
[2016-04-07 16:52:01][runtime:16.7019][format:json][[{"http param":{"eval_id":"34","a":"ZgykdxEvaluating","m":"addTopic"}}]]
[2016-04-07 16:53:05][runtime:9.1729][format:json][[{"http param":{"eval_id":"34","a":"ZgykdxEvaluating","m":"addTopic"}}]]
