[2016-04-07 17:05:38][runtime:17.2911][format:json][[{"http param":{"eval_id":"34","a":"ZgykdxEvaluating","m":"addTopic"}}]]
[2016-04-07 17:05:54][runtime:31.0550][format:json][[{"http param":{"eval_id":"34","a":"ZgykdxEvaluating","m":"addTopic"}}]]
[2016-04-07 17:06:28][runtime:13.1791][format:json][[{"http param":{"eval_id":"34","a":"ZgykdxEvaluating","m":"addTopic"}}]]
[2016-04-07 17:08:34][runtime:16.2611][format:json][[{"http param":{"eval_id":"34","a":"ZgykdxEvaluating","m":"addTopic"}}]]
[2016-04-07 17:09:16][runtime:16.1030][format:json][[{"http param":{"eval_id":"34","a":"ZgykdxEvaluating","m":"addTopic"}}]]
[2016-04-07 17:09:43][runtime:18.8150][format:json][[{"http param":{"eval_id":"34","a":"ZgykdxEvaluating","m":"addTopic"}}]]
[2016-04-07 17:11:03][runtime:9.1600][format:json][[{"http param":{"eval_id":"34","a":"ZgykdxEvaluating","m":"addTopic"}}]]
[2016-04-07 17:11:14][runtime:10.0040][format:json][[{"http param":{"eval_id":"34","a":"ZgykdxEvaluating","m":"addTopic"}}]]
[2016-04-07 17:12:18][runtime:16.3920][format:json][[{"http param":{"eval_id":"34","a":"ZgykdxEvaluating","m":"addTopic"}}]]
[2016-04-07 17:15:59][runtime:10.0420][format:json][[{"http param":{"eval_id":"34","a":"ZgykdxEvaluating","m":"addTopic"}}]]
[2016-04-07 17:16:15][runtime:8.4910][format:json][[{"http param":{"eval_id":"34","a":"ZgykdxEvaluating","m":"addTopic"}}]]
[2016-04-07 17:19:07][runtime:204.2809][format:json][[{"http param":{"eval_id":"34","a":"ZgykdxEvaluating","m":"addTopic"}}]]
[2016-04-07 17:19:43][runtime:13.0420][format:json][[{"http param":{"eval_id":"34","a":"ZgykdxEvaluating","m":"addTopic"}}]]
[2016-04-07 17:20:09][runtime:9.1209][format:json][[{"http param":{"eval_id":"34","a":"ZgykdxEvaluating","m":"addTopic"}}]]
[2016-04-07 17:20:22][runtime:12.5849][format:json][[{"http param":{"eval_id":"34","a":"ZgykdxEvaluating","m":"addTopic"}}]]
[2016-04-07 17:20:31][runtime:9.5980][format:json][[{"http param":{"eval_id":"34","a":"ZgykdxEvaluating","m":"addTopic"}}]]
[2016-04-07 17:21:28][runtime:10.8860][format:json][[{"http param":{"eval_id":"34","a":"ZgykdxEvaluating","m":"addTopic"}}]]
[2016-04-07 17:23:13][runtime:9.8190][format:json][[{"http param":{"eval_id":"34","a":"ZgykdxEvaluating","m":"addTopic"}}]]
[2016-04-07 17:24:01][runtime:13.6290][format:json][[{"http param":{"eval_id":"34","a":"ZgykdxEvaluating","m":"addTopic"}}]]
[2016-04-07 17:25:18][runtime:9.5780][format:json][[{"http param":{"eval_id":"34","a":"ZgykdxEvaluating","m":"addTopic"}}]]
[2016-04-07 17:26:25][runtime:10.4570][format:json][[{"http param":{"eval_id":"34","a":"ZgykdxEvaluating","m":"addTopic"}}]]
[2016-04-07 17:27:45][runtime:15.8439][format:json][[{"http param":{"eval_id":"34","a":"ZgykdxEvaluating","m":"addTopic"}}]]
[2016-04-07 17:28:20][runtime:14.9839][format:json][[{"http param":{"eval_id":"34","a":"ZgykdxEvaluating","m":"addTopic"}}]]
[2016-04-07 17:28:32][runtime:10.7479][format:json][[{"http param":{"eval_id":"34","a":"ZgykdxEvaluating","m":"addTopic"}}]]
[2016-04-07 17:29:27][runtime:10.9141][format:json][[{"http param":{"eval_id":"34","a":"ZgykdxEvaluating","m":"addTopic"}}]]
[2016-04-07 17:33:20][runtime:12.9011][format:json][[{"http param":{"eval_id":"34","a":"ZgykdxEvaluating","m":"addTopic"}}]]
[2016-04-07 17:34:12][runtime:12.8031][format:json][[{"http param":{"eval_id":"34","a":"ZgykdxEvaluating","m":"addTopic"}}]]
[2016-04-07 17:35:06][runtime:14.0760][format:json][[{"http param":{"eval_id":"34","a":"ZgykdxEvaluating","m":"addTopic"}}]]
[2016-04-07 17:35:57][runtime:312.5260][format:json][[{"http param":{"a":"ZgykdxEvaluating","m":"ajax_addEvaluatingTopic","eval_id":"34","topic_type":"2","topic_point":"100","topic_title":"测试001adf","topic_tip":"测试001asdf","topic_content":"<p>asf</p>","items":[{"item_order":"1","item_key":"A","item_name":"add","item_point":"1"},{"item_order":"2","item_key":"B","item_name":"wrw","item_point":"2"},{"item_order":"3","item_key":"C","item_name":"aadf","item_point":"10"}]}}]]
[2016-04-07 17:36:02][runtime:19.8469][format:json][[{"http param":{"logfile":"E:\\www\\yhsci\\htdocs\\yhsci\\WebLog/../../../myfolder/log\\web\\APP_PLATE\\Manage\\log\\2016\\04-07_error.log"}}]]
[2016-04-07 17:37:15][runtime:62.7470][format:json][[{"http param":[]}]]
[2016-04-07 17:37:20][runtime:38.0700][format:json][[{"http param":{"s":"04-07"}}]]
[2016-04-07 17:37:23][runtime:73.9489][format:json][[{"http param":{"logfile":"E:\\www\\yhsci\\htdocs\\yhsci\\WebLog/../../../myfolder/log\\web\\APP_PLATE\\Manage\\sql\\2016\\04-07_sql.log"}}]]
[2016-04-07 17:40:33][runtime:273.5491][format:json][[{"http param":{"a":"ZgykdxEvaluating","m":"ajax_addEvaluatingTopic","eval_id":"34","topic_type":"2","topic_point":"100","topic_title":"测试001adf","topic_tip":"测试001asdf","topic_content":"<p>asf</p>","items":[{"item_order":"1","item_key":"A","item_name":"add","item_point":"1"},{"item_order":"2","item_key":"B","item_name":"wrw","item_point":"2"},{"item_order":"3","item_key":"C","item_name":"aadf","item_point":"10"}]}}]]
[2016-04-07 17:40:37][runtime:28.2760][format:json][[{"http param":{"logfile":"E:\\www\\yhsci\\htdocs\\yhsci\\WebLog/../../../myfolder/log\\web\\APP_PLATE\\Manage\\log\\2016\\04-07_error.log"}}]]
[2016-04-07 17:41:28][runtime:223.2420][format:json][[{"http param":{"a":"ZgykdxEvaluating","m":"ajax_addEvaluatingTopic","eval_id":"34","topic_type":"2","topic_point":"100","topic_title":"测试001adf","topic_tip":"测试001asdf","topic_content":"<p>asf</p>","items":[{"item_order":"1","item_key":"A","item_name":"add","item_point":"1"},{"item_order":"2","item_key":"B","item_name":"wrw","item_point":"2"},{"item_order":"3","item_key":"C","item_name":"aadf","item_point":"10"}]}}]]
[2016-04-07 17:41:32][runtime:19.6128][format:json][[{"http param":{"logfile":"E:\\www\\yhsci\\htdocs\\yhsci\\WebLog/../../../myfolder/log\\web\\APP_PLATE\\Manage\\log\\2016\\04-07_error.log"}}]]
[2016-04-07 17:41:55][runtime:247.9479][format:json][[{"http param":{"a":"ZgykdxEvaluating","m":"ajax_addEvaluatingTopic","eval_id":"34","topic_type":"2","topic_point":"100","topic_title":"测试001adf","topic_tip":"测试001asdf","topic_content":"<p>asf</p>","items":[{"item_order":"1","item_key":"A","item_name":"add","item_point":"1"},{"item_order":"2","item_key":"B","item_name":"wrw","item_point":"2"},{"item_order":"3","item_key":"C","item_name":"aadf","item_point":"10"}]}}]]
[2016-04-07 17:41:59][runtime:26.4890][format:json][[{"http param":{"logfile":"E:\\www\\yhsci\\htdocs\\yhsci\\WebLog/../../../myfolder/log\\web\\APP_PLATE\\Manage\\log\\2016\\04-07_error.log"}}]]
[2016-04-07 17:42:47][runtime:352.6442][format:json][[{"http param":{"a":"ZgykdxEvaluating","m":"ajax_addEvaluatingTopic","eval_id":"34","topic_type":"2","topic_point":"100","topic_title":"测试001adf","topic_tip":"测试001asdf","topic_content":"<p>asf</p>","items":[{"item_order":"1","item_key":"A","item_name":"add","item_point":"1"},{"item_order":"2","item_key":"B","item_name":"wrw","item_point":"2"},{"item_order":"3","item_key":"C","item_name":"aadf","item_point":"10"}]}}]]
[2016-04-07 17:42:48][runtime:226.1710][format:json][[{"http param":{"eval_id":"34","a":"ZgykdxEvaluating","m":"indexTopicList"}}]]
[2016-04-07 17:53:48][runtime:229.1689][format:json][[{"http param":{"eval_id":"34","a":"ZgykdxEvaluating","m":"indexTopicList"}}]]
[2016-04-07 17:53:55][runtime:301.3499][format:json][[{"http param":{"eval_id":"34","a":"ZgykdxEvaluating","m":"indexTopicList"}}]]
[2016-04-07 17:56:29][runtime:219.8141][format:json][[{"http param":{"eval_id":"34","a":"ZgykdxEvaluating","m":"indexTopicList"}}]]
[2016-04-07 17:56:48][runtime:189.4810][format:json][[{"http param":{"eval_id":"34","a":"ZgykdxEvaluating","m":"indexTopicList"}}]]
[2016-04-07 17:57:36][runtime:210.0110][format:json][[{"http param":{"eval_id":"34","a":"ZgykdxEvaluating","m":"indexTopicList"}}]]
[2016-04-07 17:57:41][runtime:293.1209][format:json][[{"http param":{"a":"ZgykdxEvaluating","m":"ajax_deleteEvaluatingTopic","topic_id":"4"}}]]
[2016-04-07 17:57:42][runtime:286.4621][format:json][[{"http param":{"eval_id":"34","a":"ZgykdxEvaluating","m":"indexTopicList"}}]]
[2016-04-07 17:57:49][runtime:302.1288][format:json][[{"http param":{"a":"ZgykdxEvaluating","m":"ajax_deleteEvaluatingTopic","topic_id":"6"}}]]
[2016-04-07 17:57:51][runtime:195.3790][format:json][[{"http param":{"eval_id":"34","a":"ZgykdxEvaluating","m":"indexTopicList"}}]]
[2016-04-07 17:57:57][runtime:11.3370][format:json][[{"http param":{"eval_id":"34","a":"ZgykdxEvaluating","m":"addTopic"}}]]
[2016-04-07 17:59:23][runtime:10.6449][format:json][[{"http param":{"eval_id":"34","a":"ZgykdxEvaluating","m":"addTopic"}}]]
