[2016-04-07 18:00:03][runtime:10.9229][format:json][[{"http param":{"eval_id":"34","a":"ZgykdxEvaluating","m":"addTopic"}}]]
[2016-04-07 18:03:09][runtime:13.2232][format:json][[{"http param":{"eval_id":"34","a":"ZgykdxEvaluating","m":"addTopic"}}]]
[2016-04-07 18:04:19][runtime:11.3320][format:json][[{"http param":{"eval_id":"34","a":"ZgykdxEvaluating","m":"addTopic"}}]]
[2016-04-07 18:04:58][runtime:9.0289][format:json][[{"http param":{"eval_id":"34","a":"ZgykdxEvaluating","m":"addTopic"}}]]
[2016-04-07 18:05:09][runtime:12.5799][format:json][[{"http param":{"eval_id":"34","a":"ZgykdxEvaluating","m":"addTopic"}}]]
[2016-04-07 18:06:22][runtime:9.9659][format:json][[{"http param":{"eval_id":"34","a":"ZgykdxEvaluating","m":"addTopic"}}]]
[2016-04-07 18:06:34][runtime:19.3980][format:json][[{"http param":{"eval_id":"34","a":"ZgykdxEvaluating","m":"addTopic"}}]]
[2016-04-07 18:07:15][runtime:12.0552][format:json][[{"http param":{"eval_id":"34","a":"ZgykdxEvaluating","m":"addTopic"}}]]
[2016-04-07 18:08:16][runtime:16.9969][format:json][[{"http param":{"eval_id":"34","a":"ZgykdxEvaluating","m":"addTopic"}}]]
[2016-04-07 18:08:40][runtime:13.1431][format:json][[{"http param":{"eval_id":"34","a":"ZgykdxEvaluating","m":"addTopic"}}]]
[2016-04-07 18:09:16][runtime:74.2722][format:json][[{"http param":{"eval_id":"34","a":"ZgykdxEvaluating","m":"addTopic"}}]]
[2016-04-07 18:09:44][runtime:9.3219][format:json][[{"http param":{"eval_id":"34","a":"ZgykdxEvaluating","m":"addTopic"}}]]
[2016-04-07 18:10:09][runtime:17.4098][format:json][[{"http param":{"eval_id":"34","a":"ZgykdxEvaluating","m":"addTopic"}}]]
[2016-04-07 18:11:24][runtime:11.1699][format:json][[{"http param":{"eval_id":"34","a":"ZgykdxEvaluating","m":"addTopic"}}]]
[2016-04-07 18:12:02][runtime:13.8431][format:json][[{"http param":{"eval_id":"34","a":"ZgykdxEvaluating","m":"addTopic"}}]]
[2016-04-07 18:21:39][runtime:184.3750][format:json][[{"http param":{"eval_id":"34","a":"ZgykdxEvaluating","m":"addTopic"}}]]
[2016-04-07 18:25:42][runtime:18.0960][format:json][[{"http param":{"eval_id":"34","a":"ZgykdxEvaluating","m":"addTopic"}}]]
[2016-04-07 18:28:30][runtime:11.2519][format:json][[{"http param":{"eval_id":"34","a":"ZgykdxEvaluating","m":"addTopic"}}]]
[2016-04-07 18:30:16][runtime:82.5729][format:json][[{"http param":{"eval_id":"34","a":"ZgykdxEvaluating","m":"addTopic"}}]]
[2016-04-07 18:31:26][runtime:429.0872][format:json][[{"http param":{"a":"ZgykdxEvaluating","m":"ajax_addEvaluatingTopic","eval_id":"34","topic_type":"4","topic_point":"10","topic_title":"测试一下","topic_tip":"哈哈","topic_content":"<p><span class=\" newTimeFactor_before_abs m\" style=\"color: rgb(102, 102, 102); font-family: arial; font-size: 13px; line-height: 20.02px; white-space: normal;\">2012年3月16日&nbsp;-&nbsp;</span><span style=\"font-family: arial; font-size: 13px; line-height: 20.02px; white-space: normal;\">用</span><span style=\"color: rgb(204, 0, 0); font-family: arial; font-size: 13px; line-height: 20.02px; white-space: normal;\">jQuery循环</span><span style=\"font-family: arial; font-size: 13px; line-height: 20.02px; white-space: normal;\">遍历所有</span><span style=\"color: rgb(204, 0, 0); font-family: arial; font-size: 13px; line-height: 20.02px; white-space: normal;\">子元素</span><span style=\"font-family: arial; font-size: 13px; line-height: 20.02px; white-space: normal;\">&nbsp;标签: jqueryfunctiondiv jQuery(1) 作者同类文章X alert(obj.html());//弹出</span><span style=\"color: rgb(204, 0, 0); font-family: arial; font-size: 13px; line-height: 20.02px; white-space: normal;\">子元素</span><span style=\"font-family: arial; font-size: 13px; line-height: 20.02px; white-space: normal;\">标签上一篇jQuery双色表格 下一篇Sp...</span></p>","items":[{"item_order":"1","item_key":"A","item_name":"adf","item_point":"10"},{"item_order":"2","item_key":"B","item_name":"der","item_point":"20"},{"item_order":"3","item_key":"C","item_name":"中国","item_point":"30"},{"item_order":"4","item_key":"D","item_name":"de就","item_point":"40"}]}}]]
[2016-04-07 18:31:27][runtime:241.6329][format:json][[{"http param":{"eval_id":"34","a":"ZgykdxEvaluating","m":"indexTopicList"}}]]
[2016-04-07 18:41:11][runtime:194.3710][format:json][[{"http param":{"eval_id":"34","a":"ZgykdxEvaluating","m":"indexTopicList"}}]]
[2016-04-07 18:41:14][runtime:5.4450][format:json][[{"http param":{"eval_id":"34","a":"ZgykdxEvaluating","m":"updateTopic"}}]]
[2016-04-07 18:41:41][runtime:227.7339][format:json][[{"http param":{"eval_id":"34","a":"ZgykdxEvaluating","m":"indexTopicList"}}]]
[2016-04-07 18:41:46][runtime:4.5168][format:json][[{"http param":{"topic_id":"7","a":"ZgykdxEvaluating","m":"updateTopic"}}]]
[2016-04-07 18:42:25][runtime:260.0369][format:json][[{"http param":{"eval_id":"34","a":"ZgykdxEvaluating","m":"indexTopicList"}}]]
[2016-04-07 18:42:28][runtime:260.6671][format:json][[{"http param":{"topic_id":"7","eval_id":"7","a":"ZgykdxEvaluating","m":"updateTopic"}}]]
[2016-04-07 18:43:22][runtime:458.6620][format:json][[{"http param":{"a":"ZgykdxEvaluating","m":"ajax_updateEvaluatingTopic","topic_id":"7","eval_id":"7","topic_type":"4","topic_point":"40","topic_title":"测试一下alter","topic_tip":"哈哈alter","topic_content":"<p><span class=\" newTimeFactor_before_abs m\" style=\"color: rgb(102, 102, 102); font-family: arial; font-size: 13px; line-height: 20.02px; white-space: normal;\">2012年3月16日&nbsp;-&nbsp;</span><span style=\"font-family: arial; font-size: 13px; line-height: 20.02px; white-space: normal;\">用</span><span style=\"color: rgb(204, 0, 0); font-family: arial; font-size: 13px; line-height: 20.02px; white-space: normal;\">jQuery循环</span><span style=\"font-family: arial; font-size: 13px; line-height: 20.02px; white-space: normal;\">遍历所有</span><span style=\"color: rgb(204, 0, 0); font-family: arial; font-size: 13px; line-height: 20.02px; white-space: normal;\">子元素</span><span style=\"font-family: arial; font-size: 13px; line-height: 20.02px; white-space: normal;\">&nbsp;标签: jqueryfunctiondiv jQuery(1) 作者同类文章X alert(obj.html());//弹出</span><span style=\"color: rgb(204, 0, 0); font-family: arial; font-size: 13px; line-height: 20.02px; white-space: normal;\">子元素</span><span style=\"font-family: arial; font-size: 13px; line-height: 20.02px; white-space: normal;\">标签上一篇jQuery双色表格 下一篇Sp...alter</span></p>","items":[{"item_order":"3","item_key":"C","item_name":"中国alter","item_point":"30"},{"item_order":"2","item_key":"B","item_name":"deralter","item_point":"20"},{"item_order":"1","item_key":"A","item_name":"adfalter","item_point":"10"},{"item_order":"4","item_key":"D","item_name":"de就alter","item_point":"40"}]}}]]
[2016-04-07 18:43:28][runtime:11.4121][format:json][[{"http param":{"logfile":"E:\\www\\yhsci\\htdocs\\yhsci\\WebLog/../../../myfolder/log\\web\\APP_PLATE\\Manage\\log\\2016\\04-07_error.log"}}]]
[2016-04-07 18:43:42][runtime:125.7231][format:json][[{"http param":{"logfile":"E:\\www\\yhsci\\htdocs\\yhsci\\WebLog/../../../myfolder/log\\web\\APP_PLATE\\Manage\\sql\\2016\\04-07_sql.log"}}]]
[2016-04-07 18:46:28][runtime:417.3830][format:json][[{"http param":{"a":"ZgykdxEvaluating","m":"ajax_updateEvaluatingTopic","topic_id":"7","eval_id":"7","topic_type":"4","topic_point":"40","topic_title":"测试一下alter","topic_tip":"哈哈alter","topic_content":"<p><span class=\" newTimeFactor_before_abs m\" style=\"color: rgb(102, 102, 102); font-family: arial; font-size: 13px; line-height: 20.02px; white-space: normal;\">2012年3月16日&nbsp;-&nbsp;</span><span style=\"font-family: arial; font-size: 13px; line-height: 20.02px; white-space: normal;\">用</span><span style=\"color: rgb(204, 0, 0); font-family: arial; font-size: 13px; line-height: 20.02px; white-space: normal;\">jQuery循环</span><span style=\"font-family: arial; font-size: 13px; line-height: 20.02px; white-space: normal;\">遍历所有</span><span style=\"color: rgb(204, 0, 0); font-family: arial; font-size: 13px; line-height: 20.02px; white-space: normal;\">子元素</span><span style=\"font-family: arial; font-size: 13px; line-height: 20.02px; white-space: normal;\">&nbsp;标签: jqueryfunctiondiv jQuery(1) 作者同类文章X alert(obj.html());//弹出</span><span style=\"color: rgb(204, 0, 0); font-family: arial; font-size: 13px; line-height: 20.02px; white-space: normal;\">子元素</span><span style=\"font-family: arial; font-size: 13px; line-height: 20.02px; white-space: normal;\">标签上一篇jQuery双色表格 下一篇Sp...alter</span></p>","items":[{"item_order":"3","item_key":"C","item_name":"中国alter","item_point":"30"},{"item_order":"2","item_key":"B","item_name":"deralter","item_point":"20"},{"item_order":"1","item_key":"A","item_name":"adfalter","item_point":"10"},{"item_order":"4","item_key":"D","item_name":"de就alter","item_point":"40"}]}}]]
[2016-04-07 18:46:30][runtime:160.7590][format:json][[{"http param":{"eval_id":"7","a":"ZgykdxEvaluating","m":"indexTopicList"}}]]
[2016-04-07 18:47:10][runtime:278.4801][format:json][[{"http param":{"a":"ZgykdxEvaluating","m":"index"}}]]
[2016-04-07 18:47:14][runtime:208.6818][format:json][[{"http param":{"eval_id":"34","a":"ZgykdxEvaluating","m":"indexTopicList"}}]]
[2016-04-07 18:47:17][runtime:10.0279][format:json][[{"http param":{"topic_id":"7","eval_id":"7","a":"ZgykdxEvaluating","m":"updateTopic"}}]]
[2016-04-07 18:47:45][runtime:9.4459][format:json][[{"http param":{"topic_id":"7","eval_id":"7","a":"ZgykdxEvaluating","m":"updateTopic"}}]]
[2016-04-07 18:47:49][runtime:209.0189][format:json][[{"http param":{"eval_id":"34","a":"ZgykdxEvaluating","m":"indexTopicList"}}]]
[2016-04-07 18:47:51][runtime:10.4210][format:json][[{"http param":{"topic_id":"7","eval_id":"34","a":"ZgykdxEvaluating","m":"updateTopic"}}]]
[2016-04-07 18:48:03][runtime:10.1500][format:json][[{"http param":{"topic_id":"7","eval_id":"34","a":"ZgykdxEvaluating","m":"updateTopic"}}]]
[2016-04-07 18:48:26][runtime:523.8280][format:json][[{"http param":{"a":"ZgykdxEvaluating","m":"ajax_updateEvaluatingTopic","topic_id":"7","eval_id":"34","topic_type":"4","topic_point":"40","topic_title":"测试一下alter","topic_tip":"哈哈alter","topic_content":"<p><span class=\" newTimeFactor_before_abs m\" style=\"color: rgb(102, 102, 102); font-family: arial; font-size: 13px; line-height: 20.02px; white-space: normal;\">2012年3月16日&nbsp;-&nbsp;</span><span style=\"font-family: arial; font-size: 13px; line-height: 20.02px; white-space: normal;\">用</span><span style=\"color: rgb(204, 0, 0); font-family: arial; font-size: 13px; line-height: 20.02px; white-space: normal;\">jQuery循环</span><span style=\"font-family: arial; font-size: 13px; line-height: 20.02px; white-space: normal;\">遍历所有</span><span style=\"color: rgb(204, 0, 0); font-family: arial; font-size: 13px; line-height: 20.02px; white-space: normal;\">子元素</span><span style=\"font-family: arial; font-size: 13px; line-height: 20.02px; white-space: normal;\">&nbsp;标签: jqueryfunctiondiv jQuery(1) 作者同类文章X alert(obj.html());//弹出</span><span style=\"color: rgb(204, 0, 0); font-family: arial; font-size: 13px; line-height: 20.02px; white-space: normal;\">子元素</span><span style=\"font-family: arial; font-size: 13px; line-height: 20.02px; white-space: normal;\">标签上一篇jQuery双色表格 下一篇Sp...alter</span></p>","items":[{"item_order":"3","item_key":"C","item_name":"中国alter","item_point":"30"},{"item_order":"2","item_key":"B","item_name":"deralter","item_point":"20"},{"item_order":"1","item_key":"A","item_name":"adfalter","item_point":"10"},{"item_order":"4","item_key":"D","item_name":"de就alter","item_point":"40"}]}}]]
[2016-04-07 18:48:27][runtime:206.1970][format:json][[{"http param":{"eval_id":"34","a":"ZgykdxEvaluating","m":"indexTopicList"}}]]
[2016-04-07 18:48:31][runtime:12.4750][format:json][[{"http param":{"topic_id":"7","eval_id":"34","a":"ZgykdxEvaluating","m":"updateTopic"}}]]
[2016-04-07 18:48:40][runtime:11.7218][format:json][[{"http param":{"logfile":"E:\\www\\yhsci\\htdocs\\yhsci\\WebLog/../../../myfolder/log\\web\\APP_PLATE\\Manage\\log\\2016\\04-07_error.log"}}]]
[2016-04-07 18:48:43][runtime:151.8111][format:json][[{"http param":{"logfile":"E:\\www\\yhsci\\htdocs\\yhsci\\WebLog/../../../myfolder/log\\web\\APP_PLATE\\Manage\\sql\\2016\\04-07_sql.log"}}]]
[2016-04-07 18:50:20][runtime:10.6020][format:json][[{"http param":{"topic_id":"7","eval_id":"34","a":"ZgykdxEvaluating","m":"updateTopic"}}]]
[2016-04-07 18:50:36][runtime:162.2641][format:json][[{"http param":{"logfile":"E:\\www\\yhsci\\htdocs\\yhsci\\WebLog/../../../myfolder/log\\web\\APP_PLATE\\Manage\\sql\\2016\\04-07_sql.log"}}]]
[2016-04-07 18:50:39][runtime:161.7091][format:json][[{"http param":{"logfile":"E:\\www\\yhsci\\htdocs\\yhsci\\WebLog/../../../myfolder/log\\web\\APP_PLATE\\Manage\\sql\\2016\\04-07_sql.log"}}]]
[2016-04-07 18:50:43][runtime:10.1900][format:json][[{"http param":{"topic_id":"7","eval_id":"34","a":"ZgykdxEvaluating","m":"updateTopic"}}]]
[2016-04-07 18:50:46][runtime:153.1930][format:json][[{"http param":{"logfile":"E:\\www\\yhsci\\htdocs\\yhsci\\WebLog/../../../myfolder/log\\web\\APP_PLATE\\Manage\\sql\\2016\\04-07_sql.log"}}]]
[2016-04-07 18:56:10][runtime:17.0610][format:json][[{"http param":{"topic_id":"7","eval_id":"34","a":"ZgykdxEvaluating","m":"updateTopic"}}]]
[2016-04-07 18:56:51][runtime:249.7091][format:json][[{"http param":{"topic_id":"7","eval_id":"34","a":"ZgykdxEvaluating","m":"updateTopic"}}]]
[2016-04-07 18:57:00][runtime:11.2600][format:json][[{"http param":{"topic_id":"7","eval_id":"34","a":"ZgykdxEvaluating","m":"updateTopic"}}]]
[2016-04-07 18:58:46][runtime:8.9431][format:json][[{"http param":{"topic_id":"7","eval_id":"34","a":"ZgykdxEvaluating","m":"updateTopic"}}]]
[2016-04-07 18:59:02][runtime:477.3631][format:json][[{"http param":{"a":"ZgykdxEvaluating","m":"ajax_updateEvaluatingTopic","topic_id":"7","eval_id":"34","topic_type":"4","topic_point":"40","topic_title":"测试一下alter","topic_tip":"哈哈alter","topic_content":"<p><span class=\" newTimeFactor_before_abs m\" style=\"color: rgb(102, 102, 102); font-family: arial; font-size: 13px; line-height: 20.02px; white-space: normal;\">2012年3月16日&nbsp;-&nbsp;</span><span style=\"font-family: arial; font-size: 13px; line-height: 20.02px; white-space: normal;\">用</span><span style=\"color: rgb(204, 0, 0); font-family: arial; font-size: 13px; line-height: 20.02px; white-space: normal;\">jQuery循环</span><span style=\"font-family: arial; font-size: 13px; line-height: 20.02px; white-space: normal;\">遍历所有</span><span style=\"color: rgb(204, 0, 0); font-family: arial; font-size: 13px; line-height: 20.02px; white-space: normal;\">子元素</span><span style=\"font-family: arial; font-size: 13px; line-height: 20.02px; white-space: normal;\">&nbsp;标签: jqueryfunctiondiv jQuery(1) 作者同类文章X alert(obj.html());//弹出</span><span style=\"color: rgb(204, 0, 0); font-family: arial; font-size: 13px; line-height: 20.02px; white-space: normal;\">子元素</span><span style=\"font-family: arial; font-size: 13px; line-height: 20.02px; white-space: normal;\">标签上一篇jQuery双色表格 下一篇Sp...</span></p>","items":[{"item_order":"4","item_key":"D","item_name":"de就alter","item_point":"40"},{"item_order":"1","item_key":"A","item_name":"adfalter","item_point":"10"},{"item_order":"2","item_key":"B","item_name":"deralter","item_point":"20"},{"item_order":"3","item_key":"C","item_name":"中国alter","item_point":"30"}]}}]]
[2016-04-07 18:59:04][runtime:256.2361][format:json][[{"http param":{"eval_id":"34","a":"ZgykdxEvaluating","m":"indexTopicList"}}]]
[2016-04-07 18:59:07][runtime:217.5491][format:json][[{"http param":{"topic_id":"7","eval_id":"34","a":"ZgykdxEvaluating","m":"updateTopic"}}]]
[2016-04-07 18:59:30][runtime:12.7330][format:json][[{"http param":{"topic_id":"7","eval_id":"34","a":"ZgykdxEvaluating","m":"updateTopic"}}]]
