[2016-03-31 14:12:37][runtime:3.0289][format:json][[{"http param":{"a":"Index","m":"index"}}]]
[2016-03-31 14:12:37][runtime:1.9701][format:json][[{"http param":{"a":"Menu","m":"left"}}]]
[2016-03-31 14:12:37][runtime:3.4211][format:json][[{"http param":{"a":"Index","m":"welcome"}}]]
[2016-03-31 14:12:42][runtime:422.0672][format:json][[{"http param":{"a":"MaterialNews","m":"index"}}]]
[2016-03-31 14:12:43][runtime:219.1730][format:json][[{"http param":{"id":"7","a":"MaterialNews","m":"edit"}}]]
[2016-03-31 14:17:06][runtime:3.4330][format:json][[{"http param":{"a":"Index","m":"index"}}]]
[2016-03-31 14:17:06][runtime:2.3041][format:json][[{"http param":{"a":"Menu","m":"left"}}]]
[2016-03-31 14:17:06][runtime:3.2470][format:json][[{"http param":{"a":"Index","m":"welcome"}}]]
[2016-03-31 14:17:11][runtime:336.5180][format:json][[{"http param":{"a":"MaterialNews","m":"index"}}]]
[2016-03-31 14:17:14][runtime:222.0681][format:json][[{"http param":{"id":"7","a":"MaterialNews","m":"edit"}}]]
[2016-03-31 14:18:22][runtime:2.8079][format:json][[{"http param":{"a":"Index","m":"index"}}]]
[2016-03-31 14:18:22][runtime:2.9609][format:json][[{"http param":{"a":"Menu","m":"left"}}]]
[2016-03-31 14:18:22][runtime:3.6860][format:json][[{"http param":{"a":"Index","m":"welcome"}}]]
[2016-03-31 14:18:26][runtime:284.8179][format:json][[{"http param":{"a":"MaterialNews","m":"index"}}]]
[2016-03-31 14:18:29][runtime:677.1801][format:json][[{"http param":{"id":"7","a":"MaterialNews","m":"edit"}}]]
[2016-03-31 14:18:37][runtime:983.7391][format:json][[{"http param":{"a":"MaterialNews","m":"send","nickname":"何钟强","send_data":[{"news_img_url":"http://wx.hysci.com.cn/yhsci/Common/weixin/upload/201603301528077754.jpg","news_title":"imya","news_description":"jsiadofjwetq","news_url":"http://www.baidu.com","news_content":"<p>asdfqkwjrtoqowut4oqjeajskljkdljfowq4qqt</p>"}]}}]]
[2016-03-31 14:19:02][runtime:516.8600][format:json][[{"http param":{"a":"MaterialNews","m":"update","id":"7","news":[{"news_img_url":"http://wx.hysci.com.cn/yhsci/Common/weixin/upload/201603301528077754.jpg","news_title":"imya","news_description":"jsiadofjwetq","news_url":"http://www.baidu.com","news_content":"<p>asdfqkwjrtoqowut4oqjeajskljkdljfowq4qqt</p>"}]}}]]
[2016-03-31 14:19:07][runtime:242.4340][format:json][[{"http param":{"id":"7","a":"MaterialNews","m":"edit"}}]]
[2016-03-31 14:19:22][runtime:592.4561][format:json][[{"http param":{"a":"MaterialNews","m":"update","id":"7","news":[{"news_img_url":"http://wx.hysci.com.cn/yhsci/Common/weixin/upload/201603301528077754.jpg","news_title":"imya","news_description":"jsiadofjwetq若","news_url":"http://www.baidu.com","news_content":"<p>asdfqkwjrtoqowut4oqjeajskljkdljfowq4qqtnn吸</p>"}]}}]]
[2016-03-31 14:19:28][runtime:215.7488][format:json][[{"http param":{"id":"7","a":"MaterialNews","m":"edit"}}]]
[2016-03-31 14:19:39][runtime:815.1028][format:json][[{"http param":{"a":"MaterialNews","m":"send","nickname":"何钟强","send_data":[{"news_img_url":"http://wx.hysci.com.cn/yhsci/Common/weixin/upload/201603301528077754.jpg","news_title":"imya","news_description":"jsiadofjwetq若","news_url":"http://www.baidu.com","news_content":"<p>asdfqkwjrtoqowut4oqjeajskljkdljfowq4qqtnn吸</p>"}]}}]]
[2016-03-31 14:36:26][runtime:286.9470][format:json][[{"http param":[]}]]
[2016-03-31 14:37:36][runtime:1.2660][format:json][[{"http param":[]}]]
[2016-03-31 14:48:25][runtime:176.3690][format:json][[{"http param":{"mid":"11","index":"1","entid":"1","openid":"og99ms44Lnh76njHDpV0hFSDjXoE"}}]]
[2016-03-31 14:52:38][runtime:779.4602][format:json][[{"http param":{"a":"MaterialNews","m":"send","nickname":"何钟强","send_data":[{"news_img_url":"http://wx.hysci.com.cn/yhsci/Common/weixin/upload/201603301528077754.jpg","news_title":"imya","news_description":"jsiadofjwetq若","news_url":"http://www.baidu.com","news_content":"<p>asdfqkwjrtoqowut4oqjeajskljkdljfowq4qqtnn吸</p>"}]}}]]
[2016-03-31 14:57:50][runtime:584.7509][format:json][[{"http param":{"a":"MaterialNews","m":"send","nickname":"何钟强","send_data":[{"news_img_url":"http://wx.hysci.com.cn/yhsci/Common/weixin/upload/201603301528077754.jpg","news_title":"imya","news_description":"jsiadofjwetq若","news_url":"http://www.baidu.com","news_content":"<p>asdfqkwjrtoqowut4oqjeajskljkdljfowq4qqtnn吸</p>"}]}}]]
[2016-03-31 14:58:46][runtime:577.9090][format:json][[{"http param":{"a":"MaterialNews","m":"send","nickname":"何钟强","send_data":[{"news_img_url":"http://wx.hysci.com.cn/yhsci/Common/weixin/upload/201603301528077754.jpg","news_title":"imya","news_description":"jsiadofjwetq若","news_url":"http://www.baidu.com","news_content":"<p>asdfqkwjrtoqowut4oqjeajskljkdljfowq4qqtnn吸</p>"}]}}]]
