[2016-03-31 15:08:34][runtime:587.7309][format:json][[{"http param":{"a":"MaterialNews","m":"send","nickname":"何钟强","send_data":[{"news_img_url":"http://wx.hysci.com.cn/yhsci/Common/weixin/upload/201603301528077754.jpg","news_title":"imya","news_description":"jsiadofjwetq若","news_url":"http://www.baidu.com","news_content":"<p>asdfqkwjrtoqowut4oqjeajskljkdljfowq4qqtnn吸</p>"}]}}]]
[2016-03-31 15:09:24][runtime:994.6599][format:json][[{"http param":{"a":"MaterialNews","m":"send","nickname":"何钟强","send_data":[{"news_img_url":"http://wx.hysci.com.cn/yhsci/Common/weixin/upload/201603301528077754.jpg","news_title":"imya","news_description":"jsiadofjwetq若","news_url":"http://www.baidu.com","news_content":"<p>asdfqkwjrtoqowut4oqjeajskljkdljfowq4qqtnn吸</p>"}]}}]]
[2016-03-31 15:28:21][runtime:758.6272][format:json][[{"http param":{"a":"MaterialNews","m":"send","nickname":"何钟强","send_data":[{"news_img_url":"http://wx.hysci.com.cn/yhsci/Common/weixin/upload/201603301528077754.jpg","news_title":"imya","news_description":"jsiadofjwetq若","news_url":"http://www.baidu.com","news_content":"<p>asdfqkwjrtoqowut4oqjeajskljkdljfowq4qqtnn吸</p>"}]}}]]
[2016-03-31 15:34:08][runtime:1.9770][format:json][[{"http param":{"a":"Index","m":"index"}}]]
[2016-03-31 15:34:08][runtime:2.8212][format:json][[{"http param":{"a":"Menu","m":"left"}}]]
[2016-03-31 15:34:08][runtime:4.9319][format:json][[{"http param":{"a":"Index","m":"welcome"}}]]
[2016-03-31 15:34:10][runtime:321.3980][format:json][[{"http param":{"a":"MaterialNews","m":"index"}}]]
[2016-03-31 15:34:12][runtime:214.3919][format:json][[{"http param":{"id":"7","a":"MaterialNews","m":"edit"}}]]
[2016-03-31 15:35:18][runtime:2.0430][format:json][[{"http param":{"a":"Index","m":"index"}}]]
[2016-03-31 15:35:18][runtime:3.0489][format:json][[{"http param":{"a":"Index","m":"welcome"}}]]
[2016-03-31 15:35:18][runtime:2.4981][format:json][[{"http param":{"a":"Menu","m":"left"}}]]
[2016-03-31 15:35:24][runtime:1559.4010][format:json][[{"http param":{"a":"MaterialNews","m":"index"}}]]
[2016-03-31 15:35:26][runtime:269.3019][format:json][[{"http param":{"id":"7","a":"MaterialNews","m":"edit"}}]]
[2016-03-31 15:37:04][runtime:2.5878][format:json][[{"http param":{"a":"Index","m":"index"}}]]
[2016-03-31 15:37:04][runtime:1.8370][format:json][[{"http param":{"a":"Menu","m":"left"}}]]
[2016-03-31 15:37:04][runtime:25.0170][format:json][[{"http param":{"a":"Index","m":"welcome"}}]]
[2016-03-31 15:37:08][runtime:2.9349][format:json][[{"http param":{"a":"MaterialNews","m":"index"}}]]
[2016-03-31 15:37:38][runtime:267.6868][format:json][[{"http param":{"a":"MaterialNews","m":"index"}}]]
[2016-03-31 15:37:40][runtime:223.5680][format:json][[{"http param":{"id":"7","a":"MaterialNews","m":"edit"}}]]
[2016-03-31 15:39:06][runtime:3.1869][format:json][[{"http param":{"a":"Index","m":"index"}}]]
[2016-03-31 15:39:06][runtime:2.9979][format:json][[{"http param":{"a":"Menu","m":"left"}}]]
[2016-03-31 15:39:06][runtime:15.3890][format:json][[{"http param":{"a":"Index","m":"welcome"}}]]
[2016-03-31 15:39:11][runtime:394.6841][format:json][[{"http param":{"a":"MaterialNews","m":"index"}}]]
[2016-03-31 15:39:14][runtime:253.9179][format:json][[{"http param":{"id":"7","a":"MaterialNews","m":"edit"}}]]
[2016-03-31 15:40:13][runtime:2.7010][format:json][[{"http param":{"a":"Index","m":"index"}}]]
[2016-03-31 15:40:13][runtime:2.8450][format:json][[{"http param":{"a":"Index","m":"welcome"}}]]
[2016-03-31 15:40:13][runtime:10.3710][format:json][[{"http param":{"a":"Menu","m":"left"}}]]
[2016-03-31 15:40:18][runtime:249.8751][format:json][[{"http param":{"a":"MaterialNews","m":"index"}}]]
[2016-03-31 15:40:19][runtime:216.4891][format:json][[{"http param":{"id":"7","a":"MaterialNews","m":"edit"}}]]
[2016-03-31 15:40:27][runtime:978.8539][format:json][[{"http param":{"a":"MaterialNews","m":"send","nickname":"何钟强","send_data":[{"news_img_url":"http://wx.hysci.com.cn/yhsci/Common/weixin/upload/201603301528077754.jpg","news_title":"imya","news_description":"jsiadofjwetq若","news_url":"http://www.baidu.com","news_content":"<p>asdfqkwjrtoqowut4oqjeajskljkdljfowq4qqtnn吸</p>"}]}}]]
[2016-03-31 15:41:36][runtime:732.7039][format:json][[{"http param":{"a":"MaterialNews","m":"index"}}]]
[2016-03-31 15:41:38][runtime:228.5521][format:json][[{"http param":{"id":"7","a":"MaterialNews","m":"edit"}}]]
[2016-03-31 15:41:48][runtime:292.5751][format:json][[{"http param":{"a":"MaterialNews","m":"send","nickname":"何钟强","send_data":[{"news_img_url":"http://wx.hysci.com.cn/yhsci/Common/weixin/upload/201603301528077754.jpg","news_title":"imya","news_description":"jsiadofjwetq若","news_url":"http://www.baidu.com","news_content":"<p>asdfqkwjrtoqowut4oqjeajskljkdljfowq4qqtnn吸</p>"}]}}]]
[2016-03-31 15:43:49][runtime:331.0659][format:json][[{"http param":{"a":"MaterialNews","m":"index"}}]]
[2016-03-31 15:43:56][runtime:240.9711][format:json][[{"http param":{"id":"7","a":"MaterialNews","m":"edit"}}]]
[2016-03-31 15:44:40][runtime:270.5829][format:json][[{"http param":{"a":"MaterialNews","m":"index"}}]]
[2016-03-31 15:44:42][runtime:289.8290][format:json][[{"http param":{"id":"7","a":"MaterialNews","m":"edit"}}]]
[2016-03-31 15:44:51][runtime:585.3548][format:json][[{"http param":{"a":"MaterialNews","m":"send","nickname":"何钟强","send_data":[{"news_img_url":"http://wx.hysci.com.cn/yhsci/Common/weixin/upload/201603301528077754.jpg","news_title":"imya","news_description":"jsiadofjwetq若","news_url":"http://www.baidu.com","news_content":"<p>asdfqkwjrtoqowut4oqjeajskljkdljfowq4qqtnn吸</p>"}]}}]]
[2016-03-31 15:46:09][runtime:265.7700][format:json][[{"http param":{"a":"MaterialNews","m":"index"}}]]
[2016-03-31 15:46:11][runtime:189.1520][format:json][[{"http param":{"id":"7","a":"MaterialNews","m":"edit"}}]]
[2016-03-31 15:46:19][runtime:516.1521][format:json][[{"http param":{"a":"MaterialNews","m":"send","nickname":"何钟强","send_data":[{"news_img_url":"http://wx.hysci.com.cn/yhsci/Common/weixin/upload/201603301528077754.jpg","news_title":"imya","news_description":"jsiadofjwetq若","news_url":"http://www.baidu.com","news_content":"<p>asdfqkwjrtoqowut4oqjeajskljkdljfowq4qqtnn吸</p>"}]}}]]
[2016-03-31 15:48:16][runtime:822.4359][format:json][[{"http param":{"a":"MaterialNews","m":"send","nickname":"何钟强","send_data":[{"news_img_url":"http://wx.hysci.com.cn/yhsci/Common/weixin/upload/201603301528077754.jpg","news_title":"imya","news_description":"jsiadofjwetq若","news_url":"http://www.baidu.com","news_content":"<p>asdfqkwjrtoqowut4oqjeajskljkdljfowq4qqtnn吸</p>"}]}}]]
[2016-03-31 15:49:13][runtime:288.1458][format:json][[{"http param":{"a":"MaterialNews","m":"index"}}]]
[2016-03-31 15:49:15][runtime:199.2350][format:json][[{"http param":{"id":"7","a":"MaterialNews","m":"edit"}}]]
[2016-03-31 15:49:24][runtime:595.1240][format:json][[{"http param":{"a":"MaterialNews","m":"send","nickname":"何钟强","send_data":[{"news_img_url":"http://wx.hysci.com.cn/yhsci/Common/weixin/upload/201603301528077754.jpg","news_title":"imya","news_description":"jsiadofjwetq若","news_url":"http://www.baidu.com","news_content":"<p>asdfqkwjrtoqowut4oqjeajskljkdljfowq4qqtnn吸</p>"}]}}]]
[2016-03-31 15:50:28][runtime:409.9700][format:json][[{"http param":{"a":"MaterialNews","m":"update","id":"7","news":[{"news_img_url":"http://wx.hysci.com.cn/yhsci/Common/weixin/upload/201603301528077754.jpg","news_title":"imya","news_description":"jsiadofjwetq若","news_url":"http://www.baidu.com","news_content":"<p>asdfqkwjrtoqowut4oqjeajskljkdljfowq4qqtnn吸修改后的</p>"}]}}]]
[2016-03-31 15:50:32][runtime:376.5559][format:json][[{"http param":{"a":"CustomMenu","m":"index"}}]]
[2016-03-31 15:50:37][runtime:437.1889][format:json][[{"http param":{"a":"CustomMenu","m":"edit","is_thread":"0","id":"21"}}]]
[2016-03-31 15:50:42][runtime:308.2442][format:json][[{"http param":{"a":"CustomMenu","m":"update","is_thread":"0","menuId":"21","menuName":"测试素材","menuOrder":"23","parentId":"18","menuType":"1","msgType":"news","content":"","materialId":"7","url":"","is_oauth":"0","ajax":"1"}}]]
[2016-03-31 15:50:44][runtime:357.5909][format:json][[{"http param":{"a":"CustomMenu","m":"index","is_thread":"0"}}]]
[2016-03-31 15:51:18][runtime:389.6570][format:json][[{"http param":{"a":"CustomMenu","m":"edit","is_thread":"0","id":"21"}}]]
[2016-03-31 15:51:26][runtime:356.3209][format:json][[{"http param":{"a":"CustomMenu","m":"edit","is_thread":"0","id":"21"}}]]
[2016-03-31 15:51:37][runtime:373.7049][format:json][[{"http param":{"a":"CustomMenu","m":"index"}}]]
