[2016-03-31 17:07:45][runtime:15.9330][format:json][[{"http param":{"logfile":"E:\\www\\yhsci\\htdocs\\yhsci\\WebLog/../../../myfolder/log\\web\\APP_PLATE\\Admin\\log\\2016\\03-31_error.log"}}]]
[2016-03-31 17:11:59][runtime:75.5520][format:json][[{"http param":{"logfile":"E:\\www\\yhsci\\htdocs\\yhsci\\WebLog/../../../myfolder/log\\web\\APP_PLATE\\Admin\\log\\2016\\03-31_error.log"}}]]
[2016-03-31 17:14:24][runtime:46.4661][format:json][[{"http param":{"logfile":"E:\\www\\yhsci\\htdocs\\yhsci\\WebLog/../../../myfolder/log\\web\\APP_PLATE\\Admin\\log\\2016\\03-31_error.log"}}]]
[2016-03-31 17:23:48][runtime:32.7330][format:json][[{"http param":{"logfile":"E:\\www\\yhsci\\htdocs\\yhsci\\WebLog/../../../myfolder/log\\web\\APP_PLATE\\Admin\\log\\2016\\03-31_error.log"}}]]
[2016-03-31 17:24:15][runtime:31.3141][format:json][[{"http param":{"logfile":"E:\\www\\yhsci\\htdocs\\yhsci\\WebLog/../../../myfolder/log\\web\\APP_PLATE\\Admin\\log\\2016\\03-31_error.log"}}]]
[2016-03-31 17:25:14][runtime:35.9361][format:json][[{"http param":{"logfile":"E:\\www\\yhsci\\htdocs\\yhsci\\WebLog/../../../myfolder/log\\web\\APP_PLATE\\Admin\\log\\2016\\03-31_error.log"}}]]
[2016-03-31 17:25:15][runtime:26.9601][format:json][[{"http param":{"logfile":"E:\\www\\yhsci\\htdocs\\yhsci\\WebLog/../../../myfolder/log\\web\\APP_PLATE\\Admin\\log\\2016\\03-31_error.log"}}]]
[2016-03-31 17:25:16][runtime:31.8708][format:json][[{"http param":{"logfile":"E:\\www\\yhsci\\htdocs\\yhsci\\WebLog/../../../myfolder/log\\web\\APP_PLATE\\Admin\\log\\2016\\03-31_error.log"}}]]
[2016-03-31 17:25:16][runtime:33.9870][format:json][[{"http param":{"logfile":"E:\\www\\yhsci\\htdocs\\yhsci\\WebLog/../../../myfolder/log\\web\\APP_PLATE\\Admin\\log\\2016\\03-31_error.log"}}]]
[2016-03-31 17:25:17][runtime:31.2700][format:json][[{"http param":{"logfile":"E:\\www\\yhsci\\htdocs\\yhsci\\WebLog/../../../myfolder/log\\web\\APP_PLATE\\Admin\\log\\2016\\03-31_error.log"}}]]
[2016-03-31 17:25:18][runtime:33.8371][format:json][[{"http param":{"logfile":"E:\\www\\yhsci\\htdocs\\yhsci\\WebLog/../../../myfolder/log\\web\\APP_PLATE\\Admin\\log\\2016\\03-31_error.log"}}]]
[2016-03-31 17:25:18][runtime:28.9271][format:json][[{"http param":{"logfile":"E:\\www\\yhsci\\htdocs\\yhsci\\WebLog/../../../myfolder/log\\web\\APP_PLATE\\Admin\\log\\2016\\03-31_error.log"}}]]
[2016-03-31 17:26:06][runtime:52.4130][format:json][[{"http param":{"logfile":"E:\\www\\yhsci\\htdocs\\yhsci\\WebLog/../../../myfolder/log\\web\\APP_PLATE\\Admin\\log\\2016\\03-31_error.log"}}]]
[2016-03-31 17:26:16][runtime:26.0379][format:json][[{"http param":{"logfile":"E:\\www\\yhsci\\htdocs\\yhsci\\WebLog/../../../myfolder/log\\web\\APP_PLATE\\Admin\\log\\2016\\03-31_error.log"}}]]
[2016-03-31 17:30:08][runtime:20.2980][format:json][[{"http param":{"logfile":"E:\\www\\yhsci\\htdocs\\yhsci\\WebLog/../../../myfolder/log\\web\\APP_PLATE\\Admin\\log\\2016\\03-31_error.log"}}]]
[2016-03-31 17:30:13][runtime:22.9471][format:json][[{"http param":{"logfile":"E:\\www\\yhsci\\htdocs\\yhsci\\WebLog/../../../myfolder/log\\web\\APP_PLATE\\Admin\\log\\2016\\03-31_error.log"}}]]
[2016-03-31 17:30:18][runtime:19.6080][format:json][[{"http param":{"logfile":"E:\\www\\yhsci\\htdocs\\yhsci\\WebLog/../../../myfolder/log\\web\\APP_PLATE\\Admin\\log\\2016\\03-31_error.log"}}]]
[2016-03-31 17:30:23][runtime:21.4970][format:json][[{"http param":{"logfile":"E:\\www\\yhsci\\htdocs\\yhsci\\WebLog/../../../myfolder/log\\web\\APP_PLATE\\Admin\\log\\2016\\03-31_error.log"}}]]
[2016-03-31 17:30:28][runtime:22.0759][format:json][[{"http param":{"logfile":"E:\\www\\yhsci\\htdocs\\yhsci\\WebLog/../../../myfolder/log\\web\\APP_PLATE\\Admin\\log\\2016\\03-31_error.log"}}]]
[2016-03-31 17:30:33][runtime:20.9689][format:json][[{"http param":{"logfile":"E:\\www\\yhsci\\htdocs\\yhsci\\WebLog/../../../myfolder/log\\web\\APP_PLATE\\Admin\\log\\2016\\03-31_error.log"}}]]
[2016-03-31 17:30:38][runtime:23.9012][format:json][[{"http param":{"logfile":"E:\\www\\yhsci\\htdocs\\yhsci\\WebLog/../../../myfolder/log\\web\\APP_PLATE\\Admin\\log\\2016\\03-31_error.log"}}]]
[2016-03-31 17:30:43][runtime:18.9502][format:json][[{"http param":{"logfile":"E:\\www\\yhsci\\htdocs\\yhsci\\WebLog/../../../myfolder/log\\web\\APP_PLATE\\Admin\\log\\2016\\03-31_error.log"}}]]
[2016-03-31 17:30:48][runtime:18.7540][format:json][[{"http param":{"logfile":"E:\\www\\yhsci\\htdocs\\yhsci\\WebLog/../../../myfolder/log\\web\\APP_PLATE\\Admin\\log\\2016\\03-31_error.log"}}]]
[2016-03-31 17:30:53][runtime:20.4940][format:json][[{"http param":{"logfile":"E:\\www\\yhsci\\htdocs\\yhsci\\WebLog/../../../myfolder/log\\web\\APP_PLATE\\Admin\\log\\2016\\03-31_error.log"}}]]
[2016-03-31 17:30:58][runtime:21.3630][format:json][[{"http param":{"logfile":"E:\\www\\yhsci\\htdocs\\yhsci\\WebLog/../../../myfolder/log\\web\\APP_PLATE\\Admin\\log\\2016\\03-31_error.log"}}]]
[2016-03-31 17:31:03][runtime:20.0820][format:json][[{"http param":{"logfile":"E:\\www\\yhsci\\htdocs\\yhsci\\WebLog/../../../myfolder/log\\web\\APP_PLATE\\Admin\\log\\2016\\03-31_error.log"}}]]
[2016-03-31 17:31:09][runtime:22.6882][format:json][[{"http param":{"logfile":"E:\\www\\yhsci\\htdocs\\yhsci\\WebLog/../../../myfolder/log\\web\\APP_PLATE\\Admin\\log\\2016\\03-31_error.log"}}]]
[2016-03-31 17:31:14][runtime:22.4102][format:json][[{"http param":{"logfile":"E:\\www\\yhsci\\htdocs\\yhsci\\WebLog/../../../myfolder/log\\web\\APP_PLATE\\Admin\\log\\2016\\03-31_error.log"}}]]
[2016-03-31 17:31:19][runtime:24.1308][format:json][[{"http param":{"logfile":"E:\\www\\yhsci\\htdocs\\yhsci\\WebLog/../../../myfolder/log\\web\\APP_PLATE\\Admin\\log\\2016\\03-31_error.log"}}]]
[2016-03-31 17:31:24][runtime:25.2991][format:json][[{"http param":{"logfile":"E:\\www\\yhsci\\htdocs\\yhsci\\WebLog/../../../myfolder/log\\web\\APP_PLATE\\Admin\\log\\2016\\03-31_error.log"}}]]
[2016-03-31 17:31:29][runtime:28.7681][format:json][[{"http param":{"logfile":"E:\\www\\yhsci\\htdocs\\yhsci\\WebLog/../../../myfolder/log\\web\\APP_PLATE\\Admin\\log\\2016\\03-31_error.log"}}]]
[2016-03-31 17:31:34][runtime:20.6599][format:json][[{"http param":{"logfile":"E:\\www\\yhsci\\htdocs\\yhsci\\WebLog/../../../myfolder/log\\web\\APP_PLATE\\Admin\\log\\2016\\03-31_error.log"}}]]
[2016-03-31 17:31:39][runtime:22.3942][format:json][[{"http param":{"logfile":"E:\\www\\yhsci\\htdocs\\yhsci\\WebLog/../../../myfolder/log\\web\\APP_PLATE\\Admin\\log\\2016\\03-31_error.log"}}]]
[2016-03-31 17:31:44][runtime:20.3259][format:json][[{"http param":{"logfile":"E:\\www\\yhsci\\htdocs\\yhsci\\WebLog/../../../myfolder/log\\web\\APP_PLATE\\Admin\\log\\2016\\03-31_error.log"}}]]
[2016-03-31 17:31:49][runtime:21.1749][format:json][[{"http param":{"logfile":"E:\\www\\yhsci\\htdocs\\yhsci\\WebLog/../../../myfolder/log\\web\\APP_PLATE\\Admin\\log\\2016\\03-31_error.log"}}]]
[2016-03-31 17:32:57][runtime:32.8670][format:json][[{"http param":{"logfile":"E:\\www\\yhsci\\htdocs\\yhsci\\WebLog/../../../myfolder/log\\web\\APP_PLATE\\Admin\\log\\2016\\03-31_error.log"}}]]
[2016-03-31 17:34:06][runtime:21.4159][format:json][[{"http param":{"logfile":"E:\\www\\yhsci\\htdocs\\yhsci\\WebLog/../../../myfolder/log\\web\\APP_PLATE\\Admin\\log\\2016\\03-31_error.log"}}]]
[2016-03-31 17:34:09][runtime:29.5031][format:json][[{"http param":{"logfile":"E:\\\\www\\\\yhsci\\\\htdocs\\\\yhsci\\\\WebLog/../../../myfolder/log\\\\web\\\\APP_PLATE\\\\Admin\\\\log\\\\2016\\\\03-31_error.log","flushTime":"2"}}]]
[2016-03-31 17:34:11][runtime:21.8618][format:json][[{"http param":{"logfile":"E:\\\\www\\\\yhsci\\\\htdocs\\\\yhsci\\\\WebLog/../../../myfolder/log\\\\web\\\\APP_PLATE\\\\Admin\\\\log\\\\2016\\\\03-31_error.log","flushTime":"2"}}]]
[2016-03-31 17:34:13][runtime:18.7590][format:json][[{"http param":{"logfile":"E:\\\\www\\\\yhsci\\\\htdocs\\\\yhsci\\\\WebLog/../../../myfolder/log\\\\web\\\\APP_PLATE\\\\Admin\\\\log\\\\2016\\\\03-31_error.log","flushTime":"2"}}]]
[2016-03-31 17:34:15][runtime:23.6559][format:json][[{"http param":{"logfile":"E:\\\\www\\\\yhsci\\\\htdocs\\\\yhsci\\\\WebLog/../../../myfolder/log\\\\web\\\\APP_PLATE\\\\Admin\\\\log\\\\2016\\\\03-31_error.log","flushTime":"2"}}]]
[2016-03-31 17:34:17][runtime:18.5170][format:json][[{"http param":{"logfile":"E:\\\\www\\\\yhsci\\\\htdocs\\\\yhsci\\\\WebLog/../../../myfolder/log\\\\web\\\\APP_PLATE\\\\Admin\\\\log\\\\2016\\\\03-31_error.log","flushTime":"2"}}]]
[2016-03-31 17:34:19][runtime:22.3310][format:json][[{"http param":{"logfile":"E:\\\\www\\\\yhsci\\\\htdocs\\\\yhsci\\\\WebLog/../../../myfolder/log\\\\web\\\\APP_PLATE\\\\Admin\\\\log\\\\2016\\\\03-31_error.log","flushTime":"2"}}]]
[2016-03-31 17:34:21][runtime:21.0330][format:json][[{"http param":{"logfile":"E:\\\\www\\\\yhsci\\\\htdocs\\\\yhsci\\\\WebLog/../../../myfolder/log\\\\web\\\\APP_PLATE\\\\Admin\\\\log\\\\2016\\\\03-31_error.log","flushTime":"2"}}]]
[2016-03-31 17:34:23][runtime:21.4012][format:json][[{"http param":{"logfile":"E:\\\\www\\\\yhsci\\\\htdocs\\\\yhsci\\\\WebLog/../../../myfolder/log\\\\web\\\\APP_PLATE\\\\Admin\\\\log\\\\2016\\\\03-31_error.log","flushTime":"2"}}]]
[2016-03-31 17:34:25][runtime:20.9908][format:json][[{"http param":{"logfile":"E:\\\\www\\\\yhsci\\\\htdocs\\\\yhsci\\\\WebLog/../../../myfolder/log\\\\web\\\\APP_PLATE\\\\Admin\\\\log\\\\2016\\\\03-31_error.log","flushTime":"2"}}]]
[2016-03-31 17:34:27][runtime:22.2731][format:json][[{"http param":{"logfile":"E:\\\\www\\\\yhsci\\\\htdocs\\\\yhsci\\\\WebLog/../../../myfolder/log\\\\web\\\\APP_PLATE\\\\Admin\\\\log\\\\2016\\\\03-31_error.log","flushTime":"2"}}]]
[2016-03-31 17:34:29][runtime:23.3312][format:json][[{"http param":{"logfile":"E:\\\\www\\\\yhsci\\\\htdocs\\\\yhsci\\\\WebLog/../../../myfolder/log\\\\web\\\\APP_PLATE\\\\Admin\\\\log\\\\2016\\\\03-31_error.log","flushTime":"2"}}]]
[2016-03-31 17:34:31][runtime:22.1572][format:json][[{"http param":{"logfile":"E:\\\\www\\\\yhsci\\\\htdocs\\\\yhsci\\\\WebLog/../../../myfolder/log\\\\web\\\\APP_PLATE\\\\Admin\\\\log\\\\2016\\\\03-31_error.log","flushTime":"2"}}]]
[2016-03-31 17:34:33][runtime:18.3699][format:json][[{"http param":{"logfile":"E:\\\\www\\\\yhsci\\\\htdocs\\\\yhsci\\\\WebLog/../../../myfolder/log\\\\web\\\\APP_PLATE\\\\Admin\\\\log\\\\2016\\\\03-31_error.log","flushTime":"2"}}]]
[2016-03-31 17:44:05][runtime:20.3121][format:json][[{"http param":{"line":"500","logfile":"/data/home/qxu1147130222/htdocs/yhsci/WebLog/../../../myfolder/log/web/WXApp/log/2016/03-31_error.log"}}]]
[2016-03-31 17:44:10][runtime:45.6021][format:json][[{"http param":{"logfile":"E:\\www\\yhsci\\htdocs\\yhsci\\WebLog/../../../myfolder/log\\web\\APP_PLATE\\Admin\\log\\2016\\03-31_error.log"}}]]
[2016-03-31 17:44:28][runtime:54.1611][format:json][[{"http param":{"logfile":"E:\\www\\yhsci\\htdocs\\yhsci\\WebLog/../../../myfolder/log\\web\\APP_PLATE\\Admin\\log\\2016\\03-31_error.log"}}]]
[2016-03-31 17:44:29][runtime:57.1880][format:json][[{"http param":{"logfile":"E:\\www\\yhsci\\htdocs\\yhsci\\WebLog/../../../myfolder/log\\web\\APP_PLATE\\Admin\\log\\2016\\03-31_error.log"}}]]
[2016-03-31 17:44:34][runtime:58.8639][format:json][[{"http param":{"logfile":"E:\\www\\yhsci\\htdocs\\yhsci\\WebLog/../../../myfolder/log\\web\\APP_PLATE\\Admin\\log\\2016\\03-31_error.log"}}]]
[2016-03-31 17:45:36][runtime:58.3670][format:json][[{"http param":{"logfile":"E:\\www\\yhsci\\htdocs\\yhsci\\WebLog/../../../myfolder/log\\web\\APP_PLATE\\Admin\\log\\2016\\03-31_error.log"}}]]
[2016-03-31 17:50:19][runtime:26.4602][format:json][[{"http param":{"logfile":"E:\\wwwci\\htdocs\\yhsci\\WebLog/../../../myfolder/log\\web\\APP_PLATE\\Admin\\log\\2016\\03-31_error.log"}}]]
[2016-03-31 17:50:29][runtime:19.4271][format:json][[{"http param":{"s":"31"}}]]
[2016-03-31 17:53:59][runtime:18.6479][format:json][[{"http param":{"s":"31"}}]]
