[2016-03-31 18:08:43][runtime:263.9151][format:json][[{"http param":{"a":"MaterialNews","m":"index"}}]]
[2016-03-31 18:08:45][runtime:192.3721][format:json][[{"http param":{"id":"7","a":"MaterialNews","m":"edit"}}]]
[2016-03-31 18:08:52][runtime:4.4460][format:json][[{"http param":{"a":"Index","m":"index"}}]]
[2016-03-31 18:08:52][runtime:3.1879][format:json][[{"http param":{"a":"Menu","m":"left"}}]]
[2016-03-31 18:08:52][runtime:3.9380][format:json][[{"http param":{"a":"Index","m":"welcome"}}]]
[2016-03-31 18:08:55][runtime:299.8590][format:json][[{"http param":{"a":"MaterialNews","m":"index"}}]]
[2016-03-31 18:08:57][runtime:210.4440][format:json][[{"http param":{"id":"7","a":"MaterialNews","m":"edit"}}]]
[2016-03-31 18:11:58][runtime:298.8920][format:json][[{"http param":{"id":"7","a":"MaterialNews","m":"edit"}}]]
[2016-03-31 18:13:18][runtime:224.5100][format:json][[{"http param":{"id":"7","a":"MaterialNews","m":"edit"}}]]
[2016-03-31 18:21:26][runtime:225.0960][format:json][[{"http param":{"id":"7","a":"MaterialNews","m":"edit"}}]]
[2016-03-31 18:22:22][runtime:423.3060][format:json][[{"http param":{"a":"MaterialNews","m":"update","id":"7","news":[{"news_img_url":"http://wx.hysci.com.cn/yhsci/Common/weixin/upload/201603301528077754.jpg","news_title":"imya","news_description":"jsiadofjwetq若","news_url":"http://www.baidu.com","news_content":"<p>asdfqkwjrtoqowut4oqjeajskljkdljfowq4qqtnn吸修改后的sadf</p>","news_author":"asdf","news_show_cover_pic":"1"}]}}]]
[2016-03-31 18:22:24][runtime:263.7560][format:json][[{"http param":{"a":"MaterialNews","m":"index"}}]]
[2016-03-31 18:22:27][runtime:203.2700][format:json][[{"http param":{"id":"7","a":"MaterialNews","m":"edit"}}]]
[2016-03-31 18:32:08][runtime:5.5339][format:json][[{"http param":{"a":"Index","m":"index"}}]]
[2016-03-31 18:32:08][runtime:3.7069][format:json][[{"http param":{"a":"Index","m":"welcome"}}]]
[2016-03-31 18:32:08][runtime:3.2890][format:json][[{"http param":{"a":"Menu","m":"left"}}]]
[2016-03-31 18:32:12][runtime:231.6968][format:json][[{"http param":{"a":"MaterialNews","m":"index"}}]]
[2016-03-31 18:32:14][runtime:187.2790][format:json][[{"http param":{"id":"7","a":"MaterialNews","m":"edit"}}]]
[2016-03-31 18:32:30][runtime:490.5260][format:json][[{"http param":{"a":"MaterialNews","m":"update","id":"7","news":[{"news_img_url":"http://wx.hysci.com.cn/yhsci/Common/weixin/upload/201603301528077754.jpg","news_title":"imya","news_description":"jsiadofjwetq若","news_url":"http://www.baidu.com","news_content":"<p>asdfqkwjrtoqowut4oqjeajskljkdljfowq4qqtnn吸修改后的sadfadfaf</p>","news_author":"小何","news_show_cover_pic":"1"}]}}]]
[2016-03-31 18:32:44][runtime:20.8712][format:json][[{"http param":[]}]]
[2016-03-31 18:32:49][runtime:52.8002][format:json][[{"http param":{"logfile":"E:\\www\\yhsci\\htdocs\\yhsci\\WebLog/../../../myfolder/log\\web\\APP_PLATE\\Admin\\log\\2016\\03-31_error.log"}}]]
[2016-03-31 18:33:30][runtime:98.1450][format:json][[{"http param":{"logfile":"E:\\www\\yhsci\\htdocs\\yhsci\\WebLog/../../../myfolder/log\\web\\APP_PLATE\\Admin\\sql\\2016\\03-31_sql.log"}}]]
[2016-03-31 18:35:50][runtime:116.5240][format:json][[{"http param":{"logfile":"E:\\www\\yhsci\\htdocs\\yhsci\\WebLog/../../../myfolder/log\\web\\APP_PLATE\\Admin\\sql\\2016\\03-31_sql.log"}}]]
[2016-03-31 18:35:55][runtime:2.2259][format:json][[{"http param":{"a":"Index","m":"index"}}]]
[2016-03-31 18:35:55][runtime:2.2340][format:json][[{"http param":{"a":"Menu","m":"left"}}]]
[2016-03-31 18:35:56][runtime:6.1450][format:json][[{"http param":{"a":"Index","m":"welcome"}}]]
[2016-03-31 18:36:00][runtime:256.4671][format:json][[{"http param":{"a":"MaterialNews","m":"index"}}]]
[2016-03-31 18:36:09][runtime:94.8260][format:json][[{"http param":{"logfile":"E:\\www\\yhsci\\htdocs\\yhsci\\WebLog/../../../myfolder/log\\web\\APP_PLATE\\Admin\\sql\\2016\\03-31_sql.log"}}]]
[2016-03-31 18:36:16][runtime:53.6270][format:json][[{"http param":{"logfile":"E:\\www\\yhsci\\htdocs\\yhsci\\WebLog/../../../myfolder/log\\web\\APP_PLATE\\Admin\\log\\2016\\03-31_error.log"}}]]
[2016-03-31 18:38:13][runtime:255.6751][format:json][[{"http param":{"a":"MaterialNews","m":"index"}}]]
[2016-03-31 18:38:23][runtime:260.5391][format:json][[{"http param":{"a":"MaterialNews","m":"index"}}]]
[2016-03-31 18:39:41][runtime:17.1280][format:json][[{"http param":[]}]]
[2016-03-31 18:39:42][runtime:15.9020][format:json][[{"http param":[]}]]
[2016-03-31 18:39:43][runtime:55.4161][format:json][[{"http param":{"logfile":"E:\\www\\yhsci\\htdocs\\yhsci\\WebLog/../../../myfolder/log\\web\\APP_PLATE\\Admin\\log\\2016\\03-31_error.log"}}]]
[2016-03-31 18:39:55][runtime:100.3420][format:json][[{"http param":{"logfile":"E:\\www\\yhsci\\htdocs\\yhsci\\WebLog/../../../myfolder/log\\web\\APP_PLATE\\Admin\\sql\\2016\\03-31_sql.log"}}]]
[2016-03-31 18:40:53][runtime:261.2350][format:json][[{"http param":{"a":"MaterialNews","m":"index"}}]]
[2016-03-31 18:42:41][runtime:241.5931][format:json][[{"http param":{"id":"7","a":"MaterialNews","m":"edit"}}]]
[2016-03-31 18:42:55][runtime:102.6170][format:json][[{"http param":{"logfile":"E:\\www\\yhsci\\htdocs\\yhsci\\WebLog/../../../myfolder/log\\web\\APP_PLATE\\Admin\\sql\\2016\\03-31_sql.log"}}]]
[2016-03-31 18:45:45][runtime:176.1088][format:json][[{"http param":{"a":"MaterialNews","m":"index"}}]]
[2016-03-31 18:45:46][runtime:4.2419][format:json][[{"http param":{"news_type":"1","a":"MaterialNews","m":"add"}}]]
[2016-03-31 18:46:32][runtime:758.4019][format:json][[{"http param":{"a":"MaterialNews","m":"send","nickname":"何钟强","send_data":[{"news_title":"asdfljet","news_author":"上何","news_img_url":"http://wx.hysci.com.cn/yhsci/Common/weixin/upload/201603311845562538.jpg","news_show_cover_pic":"1","news_description":"测试一下啊","news_content":"<p>asdfadf测试啊</p>","news_url":"http://www.baidu.com"}]}}]]
[2016-03-31 18:46:36][runtime:366.4770][format:json][[{"http param":{"a":"MaterialNews","m":"insert","news":[{"news_title":"asdfljet","news_author":"上何","news_img_url":"http://wx.hysci.com.cn/yhsci/Common/weixin/upload/201603311845562538.jpg","news_show_cover_pic":"1","news_description":"测试一下啊","news_content":"<p>asdfadf测试啊</p>","news_url":"http://www.baidu.com"}]}}]]
[2016-03-31 18:46:38][runtime:258.1420][format:json][[{"http param":{"a":"MaterialNews","m":"index"}}]]
[2016-03-31 18:46:41][runtime:197.9339][format:json][[{"http param":{"id":"18","a":"MaterialNews","m":"edit"}}]]
[2016-03-31 18:47:36][runtime:222.1720][format:json][[{"http param":{"id":"18","a":"MaterialNews","m":"edit"}}]]
[2016-03-31 18:47:47][runtime:421.1020][format:json][[{"http param":{"a":"MaterialNews","m":"update","id":"18","news":[{"news_img_url":"http://wx.hysci.com.cn/yhsci/Common/weixin/upload/201603311845562538.jpg","news_title":"asdfljet","news_description":"测试一下啊","news_url":"http://www.baidu.com","news_content":"<p>asdfadf测试啊</p>","news_author":"asdfwedd","news_show_cover_pic":"1"}]}}]]
[2016-03-31 18:47:55][runtime:241.9052][format:json][[{"http param":{"id":"18","a":"MaterialNews","m":"edit"}}]]
[2016-03-31 18:48:01][runtime:110.4500][format:json][[{"http param":{"logfile":"E:\\www\\yhsci\\htdocs\\yhsci\\WebLog/../../../myfolder/log\\web\\APP_PLATE\\Admin\\sql\\2016\\03-31_sql.log"}}]]
[2016-03-31 18:54:05][runtime:172.8649][format:json][[{"http param":{"a":"MaterialNews","m":"index"}}]]
[2016-03-31 18:54:06][runtime:4.1201][format:json][[{"http param":{"news_type":"1","a":"MaterialNews","m":"add"}}]]
[2016-03-31 18:54:46][runtime:272.0058][format:json][[{"http param":{"a":"MaterialNews","m":"insert","news":[{"news_title":"测试","news_author":"小何","news_img_url":"http://wx.hysci.com.cn/yhsci/Common/weixin/upload/201603311854228301.jpg","news_show_cover_pic":"1","news_description":"测试在有一一","news_content":"<p>尘暴是暴炒豪华晋代rg</p>","news_url":"http://www.baidu.com"}]}}]]
[2016-03-31 18:54:48][runtime:327.8141][format:json][[{"http param":{"a":"MaterialNews","m":"index"}}]]
[2016-03-31 18:54:52][runtime:183.0931][format:json][[{"http param":{"id":"19","a":"MaterialNews","m":"edit"}}]]
[2016-03-31 18:55:01][runtime:438.7159][format:json][[{"http param":{"a":"MaterialNews","m":"update","id":"19","news":[{"news_img_url":"http://wx.hysci.com.cn/yhsci/Common/weixin/upload/201603311854228301.jpg","news_title":"测试","news_description":"测试在有一一","news_url":"http://www.baidu.com","news_content":"<p>尘暴是暴炒豪华晋代rg</p>","news_author":"asdf","news_show_cover_pic":"0"}]}}]]
[2016-03-31 18:55:16][runtime:217.9079][format:json][[{"http param":{"id":"19","a":"MaterialNews","m":"edit"}}]]
