[error][2016-04-06 11:37:17] model file not exist : E:\www\yhsci\myfolder\Lib/Model/Manage/EvaluatingModel.class.phpEOF;
[error][2016-04-06 11:45:35] model file not exist : E:\www\yhsci\myfolder\Lib/Model/Manage/EvaluatingModel.class.phpEOF;
[error][2016-04-06 11:47:54] model file not exist : E:\www\yhsci\myfolder\Lib/Model/Manage/EvaluatingModel.class.phpEOF;
[error][2016-04-06 11:47:57] model file not exist : E:\www\yhsci\myfolder\Lib/Model/Manage/EvaluatingModel.class.phpEOF;
[error][2016-04-06 14:09:59] model file not exist : E:\www\yhsci\myfolder\Lib/Model/Manage/EvaluatingModel.class.phpEOF;
[error][2016-04-06 14:16:06] model file not exist : E:\www\yhsci\myfolder\Lib/Model/Manage/EvaluatingModel.class.phpEOF;
[error][2016-04-06 14:16:08] model file not exist : E:\www\yhsci\myfolder\Lib/Model/Manage/EvaluatingModel.class.phpEOF;
[error][2016-04-06 14:16:14] model file not exist : E:\www\yhsci\myfolder\Lib/Model/Manage/EvaluatingModel.class.phpEOF;
[error][2016-04-06 14:19:18] model file not exist : E:\www\yhsci\myfolder\Lib/Model/Manage/EvaluatingModel.class.phpEOF;
[error][2016-04-06 14:19:21] model file not exist : E:\www\yhsci\myfolder\Lib/Model/Manage/EvaluatingModel.class.phpEOF;
[error][2016-04-06 14:20:23] model file not exist : E:\www\yhsci\myfolder\Lib/Model/Manage/EvaluatingModel.class.phpEOF;
[error][2016-04-06 14:28:03] model file not exist : E:\www\yhsci\myfolder\Lib/Model/Manage/EvaluatingModel.class.phpEOF;
[error][2016-04-06 14:28:30] model file not exist : E:\www\yhsci\myfolder\Lib/Model/Manage/EvaluatingModel.class.phpEOF;
[error][2016-04-06 14:29:39] model file not exist : E:\www\yhsci\myfolder\Lib/Model/Manage/EvaluatingModel.class.phpEOF;
[error][2016-04-06 14:29:41] model file not exist : E:\www\yhsci\myfolder\Lib/Model/Manage/EvaluatingModel.class.phpEOF;
[error][2016-04-06 14:29:56] model file not exist : E:\www\yhsci\myfolder\Lib/Model/Manage/EvaluatingModel.class.phpEOF;
[error][2016-04-06 14:30:10] model file not exist : E:\www\yhsci\myfolder\Lib/Model/Manage/EvaluatingModel.class.phpEOF;
[error][2016-04-06 14:31:11] model file not exist : E:\www\yhsci\myfolder\Lib/Model/Manage/EvaluatingModel.class.phpEOF;
[error][2016-04-06 14:32:02] model file not exist : E:\www\yhsci\myfolder\Lib/Model/Manage/EvaluatingModel.class.phpEOF;
[error][2016-04-06 14:32:13] model file not exist : E:\www\yhsci\myfolder\Lib/Model/Manage/EvaluatingModel.class.phpEOF;
[error][2016-04-06 14:33:04] model file not exist : E:\www\yhsci\myfolder\Lib/Model/Manage/EvaluatingModel.class.phpEOF;
[error][2016-04-06 14:33:29] model file not exist : E:\www\yhsci\myfolder\Lib/Model/Manage/EvaluatingModel.class.phpEOF;
[error][2016-04-06 14:33:57] model file not exist : E:\www\yhsci\myfolder\Lib/Model/Manage/EvaluatingModel.class.phpEOF;
[error][2016-04-06 14:34:27] model file not exist : E:\www\yhsci\myfolder\Lib/Model/Manage/EvaluatingModel.class.phpEOF;
[error][2016-04-06 14:36:09] model file not exist : E:\www\yhsci\myfolder\Lib/Model/Manage/EvaluatingModel.class.phpEOF;
[error][2016-04-06 14:37:59] model file not exist : E:\www\yhsci\myfolder\Lib/Model/Manage/EvaluatingModel.class.phpEOF;
[error][2016-04-06 14:38:56] model file not exist : E:\www\yhsci\myfolder\Lib/Model/Manage/EvaluatingModel.class.phpEOF;
[error][2016-04-06 14:39:28] model file not exist : E:\www\yhsci\myfolder\Lib/Model/Manage/EvaluatingModel.class.phpEOF;
[error][2016-04-06 14:39:37] model file not exist : E:\www\yhsci\myfolder\Lib/Model/Manage/EvaluatingModel.class.phpEOF;
[error][2016-04-06 14:39:45] model file not exist : E:\www\yhsci\myfolder\Lib/Model/Manage/EvaluatingModel.class.phpEOF;
[error][2016-04-06 14:40:59] model file not exist : E:\www\yhsci\myfolder\Lib/Model/Manage/EvaluatingModel.class.phpEOF;
[error][2016-04-06 14:41:03] model file not exist : E:\www\yhsci\myfolder\Lib/Model/Manage/EvaluatingModel.class.phpEOF;
[error][2016-04-06 14:44:12] model file not exist : E:\www\yhsci\myfolder\Lib/Model/Manage/EvaluatingModel.class.phpEOF;
[error][2016-04-06 14:44:17] model file not exist : E:\www\yhsci\myfolder\Lib/Model/Manage/EvaluatingModel.class.phpEOF;
[error][2016-04-06 14:44:22] model file not exist : E:\www\yhsci\myfolder\Lib/Model/Manage/EvaluatingModel.class.phpEOF;
[error][2016-04-06 14:44:29] model file not exist : E:\www\yhsci\myfolder\Lib/Model/Manage/EvaluatingModel.class.phpEOF;
[error][2016-04-06 14:44:54] model file not exist : E:\www\yhsci\myfolder\Lib/Model/Manage/EvaluatingModel.class.phpEOF;
[error][2016-04-06 14:44:59] model file not exist : E:\www\yhsci\myfolder\Lib/Model/Manage/EvaluatingModel.class.phpEOF;
[error][2016-04-06 14:45:03] model file not exist : E:\www\yhsci\myfolder\Lib/Model/Manage/EvaluatingModel.class.phpEOF;
[error][2016-04-06 14:45:16] model file not exist : E:\www\yhsci\myfolder\Lib/Model/Manage/EvaluatingModel.class.phpEOF;
[error][2016-04-06 14:45:19] model file not exist : E:\www\yhsci\myfolder\Lib/Model/Manage/EvaluatingModel.class.phpEOF;
[error][2016-04-06 14:46:23] model file not exist : E:\www\yhsci\myfolder\Lib/Model/Manage/EvaluatingModel.class.phpEOF;
[error][2016-04-06 14:46:25] model file not exist : E:\www\yhsci\myfolder\Lib/Model/Manage/EvaluatingModel.class.phpEOF;
[error][2016-04-06 14:46:29] model file not exist : E:\www\yhsci\myfolder\Lib/Model/Manage/EvaluatingModel.class.phpEOF;
[error][2016-04-06 14:47:14] model file not exist : E:\www\yhsci\myfolder\Lib/Model/Manage/EvaluatingModel.class.phpEOF;
[error][2016-04-06 14:47:16] model file not exist : E:\www\yhsci\myfolder\Lib/Model/Manage/EvaluatingModel.class.phpEOF;
[error][2016-04-06 14:47:20] model file not exist : E:\www\yhsci\myfolder\Lib/Model/Manage/EvaluatingModel.class.phpEOF;
[error][2016-04-06 14:47:32] model file not exist : E:\www\yhsci\myfolder\Lib/Model/Manage/EvaluatingModel.class.phpEOF;
[error][2016-04-06 14:47:40] model file not exist : E:\www\yhsci\myfolder\Lib/Model/Manage/EvaluatingModel.class.phpEOF;
[error][2016-04-06 14:48:20] model file not exist : E:\www\yhsci\myfolder\Lib/Model/Manage/EvaluatingModel.class.phpEOF;
[error][2016-04-06 14:48:50] model file not exist : E:\www\yhsci\myfolder\Lib/Model/Manage/EvaluatingModel.class.phpEOF;
[error][2016-04-06 14:49:22] model file not exist : E:\www\yhsci\myfolder\Lib/Model/Manage/EvaluatingModel.class.phpEOF;
[error][2016-04-06 14:50:09] model file not exist : E:\www\yhsci\myfolder\Lib/Model/Manage/EvaluatingModel.class.phpEOF;
[info][2016-04-06 14:50:09] ----------
<<var data>> : array (
  'a' => 'ZgykdxEvaluating',
  'm' => 'ajax_addEvaluating',
  'eval_name' => '测试001',
  'eval_descript' => 'test001',
  'eval_starttime' => '2015-04-06',
  'eval_endtime' => '2015-04-10',
  'eval_type' => '1',
  'eval_status' => '1',
  'eval_max_topic' => 'NaN',
)EOF;
[error][2016-04-06 14:50:15] model file not exist : E:\www\yhsci\myfolder\Lib/Model/Manage/EvaluatingModel.class.phpEOF;
[error][2016-04-06 14:50:22] model file not exist : E:\www\yhsci\myfolder\Lib/Model/Manage/EvaluatingModel.class.phpEOF;
[info][2016-04-06 14:50:22] ----------
<<var data>> : array (
  'a' => 'ZgykdxEvaluating',
  'm' => 'ajax_addEvaluating',
  'eval_name' => '测试001',
  'eval_descript' => 'test001',
  'eval_starttime' => '2015-04-06',
  'eval_endtime' => '2015-04-10',
  'eval_type' => '1',
  'eval_status' => '1',
  'eval_max_topic' => 'NaN',
)EOF;
[error][2016-04-06 14:55:48] model file not exist : E:\www\yhsci\myfolder\Lib/Model/Manage/EvaluatingModel.class.phpEOF;
[info][2016-04-06 14:55:48] ----------
<<var data>> : array (
  'a' => 'ZgykdxEvaluating',
  'm' => 'ajax_addEvaluating',
  'eval_name' => '测试001',
  'eval_descript' => 'test001',
  'eval_starttime' => '2015-04-06',
  'eval_endtime' => '2015-04-10',
  'eval_type' => '1',
  'eval_status' => '1',
  'eval_max_topic' => 'NaN',
)EOF;
[error][2016-04-06 14:57:26] model file not exist : E:\www\yhsci\myfolder\Lib/Model/Manage/EvaluatingModel.class.phpEOF;
[error][2016-04-06 14:57:31] model file not exist : E:\www\yhsci\myfolder\Lib/Model/Manage/EvaluatingModel.class.phpEOF;
[info][2016-04-06 14:57:31] ----------
<<var data>> : array (
  'a' => 'ZgykdxEvaluating',
  'm' => 'ajax_addEvaluating',
  'eval_name' => '测试001',
  'eval_descript' => 'test001',
  'eval_starttime' => '2015-04-06',
  'eval_endtime' => '2015-04-10',
  'eval_type' => '1',
  'eval_status' => '1',
  'eval_max_topic' => '0',
)EOF;
[info][2016-04-06 14:58:34] E:\www\yhsci\myfolder\Lib/Model/WebYkdx/EvaluatingModel.class.phpEOF;
[info][2016-04-06 14:58:34] E:\www\yhsci\myfolder\Lib/Model/WebYkdx/UserEvaluatingModel.class.phpEOF;
[error][2016-04-06 14:58:34] model file not exist : E:\www\yhsci\myfolder\Lib/Model/Manage/EvaluatingModel.class.phpEOF;
[info][2016-04-06 14:58:34] ----------
<<var data>> : array (
  'a' => 'ZgykdxEvaluating',
  'm' => 'ajax_addEvaluating',
  'eval_name' => '测试001',
  'eval_descript' => 'test001',
  'eval_starttime' => '2015-04-06',
  'eval_endtime' => '2015-04-10',
  'eval_type' => '1',
  'eval_status' => '1',
  'eval_max_topic' => '0',
)EOF;
[info][2016-04-06 15:00:39] ----------
<<var data>> : array (
  'a' => 'ZgykdxEvaluating',
  'm' => 'ajax_addEvaluating',
  'eval_name' => '测试001',
  'eval_descript' => 'test001',
  'eval_starttime' => '2015-04-06',
  'eval_endtime' => '2015-04-10',
  'eval_type' => '1',
  'eval_status' => '1',
  'eval_max_topic' => '0',
)EOF;
