[error][2016-04-14 13:44:47] action file not exist : E:\www\yhsci\myfolder\Lib/Action/Manage/WxMaterialMusicAction.class.phpEOF;
[error][2016-04-14 13:44:47] _run error: action not exist, action: WxMaterialMusic, method: showMaterial
<<var data>> : array (
  'a' => 'WxMaterialMusic',
  'm' => 'showMaterial',
  'p' => '1',
  'callback' => 'materialSelecter.loadMusicData',
)EOF;
[error][2016-04-14 13:49:29] model file not exist : E:\www\yhsci\myfolder\Lib/Model/Manage/Admin/MaterialModel.class.phpEOF;
[error][2016-04-14 22:01:10] action file not exist : E:\www\yhsci\myfolder\Lib/Action/Manage/CustomMenuAction.class.phpEOF;
[error][2016-04-14 22:01:10] _run error: action not exist, action: CustomMenu, method: insert
<<var data>> : array (
  'a' => 'CustomMenu',
  'm' => 'insert',
  'is_thread' => '0',
  'menuName' => '子菜单',
  'menuOrder' => '2',
  'parentId' => '18',
  'menuType' => '1',
  'msgType' => 'news',
  'content' => '',
  'materialId' => '21',
  'url' => '',
  'is_oauth' => '',
)EOF;
