[error][2016-04-15 10:27:59] action file not exist : E:\www\yhsci\myfolder\Lib/Action/Manage/WxMaterialAction.class.phpEOF;
[error][2016-04-15 10:27:59] _run error: action not exist, action: WxMaterial, method: index
<<var data>> : array (
  'a' => 'WxMaterial',
  'm' => 'index',
)EOF;
[error][2016-04-15 10:30:15] action file not exist : E:\www\yhsci\myfolder\Lib/Action/Manage/WxMaterialAction.class.phpEOF;
[error][2016-04-15 10:30:15] _run error: action not exist, action: WxMaterial, method: index
<<var data>> : array (
  'a' => 'WxMaterial',
  'm' => 'index',
)EOF;
[error][2016-04-15 13:37:06] action file not exist : E:\www\yhsci\myfolder\Lib/Action/Manage/MaterialNewsAction.class.phpEOF;
[error][2016-04-15 13:37:06] _run error: action not exist, action: MaterialNews, method: edit
<<var data>> : array (
  'id' => '22',
  'a' => 'MaterialNews',
  'm' => 'edit',
)EOF;
[error][2016-04-15 13:37:46] action file not exist : E:\www\yhsci\myfolder\Lib/Action/Manage/MaterialNewsAction.class.phpEOF;
[error][2016-04-15 13:37:46] _run error: action not exist, action: MaterialNews, method: edit
<<var data>> : array (
  'id' => '22',
  'a' => 'MaterialNews',
  'm' => 'edit',
)EOF;
[error][2016-04-15 13:44:44] WeiXinApi->_log：Contains the last API call url: https://api.weixin.qq.com/cgi-bin/message/custom/send?access_token=W694R-ktOo1hRZiyYHzWRTBvIy9Qf8F6TlvPtCNNKM-18Rc5LzU8c_cHcjSTuvZ28TjJnNUqjmXqyOJJIh9WvYnBi_wN_Sqq_8RPztnCJ67ysZUM8spmXRFzgcHkgNnjMJJcAIAGDD
<<var data>> : array (
  'data' => '{"touser":"og99ms44Lnh76njHDpV0hFSDjXoE","msgtype":"news","news":{"articles":[{"title":"就是这样k","author":"\\u54c8\\u54c8","description":"顺顺wq","picurl":"http:\\/\\/test.yh.yueyanggo.com\\/yhsci\\/Common\\/weixin\\/upload\\/201604151343563294.jpg","show_cover_pic":"1","url":"http://wx.hysci.com.cn/yhsci/News/preview.php?mid=57107fca5faae.1&index=1&entid=1&openid=og99ms44Lnh76njHDpV0hFSDjXoE"}]}}',
  'response' => '{"errcode":45015,"errmsg":"response out of time limit or subscription is canceled hint: [5aNJ30076ge12]"}',
  'info' => 
  array (
    'appid' => 'wx2d373f6d7988cbfa',
    'http_error' => '',
    'http_error_code' => 0,
  ),
)EOF;
[error][2016-04-15 13:44:44]  素材发送预览 发送失败:code:45015  error: 响应时间限制
<<var data>> : WX_Message_Body::__set_state(array(
   'message_id' => NULL,
   'to_users' => 'og99ms44Lnh76njHDpV0hFSDjXoE',
   'type' => 'news',
   'content' => NULL,
   'media_id' => NULL,
   'title' => NULL,
   'description' => NULL,
   'url' => NULL,
   'weixin_id' => NULL,
   'attachment' => NULL,
   'articles' => 
  array (
    0 => 
    array (
      'title' => '%E5%B0%B1%E6%98%AF%E8%BF%99%E6%A0%B7k',
      'author' => '哈哈',
      'description' => '%E9%A1%BA%E9%A1%BAwq',
      'picurl' => 'http://test.yh.yueyanggo.com/yhsci/Common/weixin/upload/201604151343563294.jpg',
      'show_cover_pic' => '1',
      'url' => 'http%3A%2F%2Fwx.hysci.com.cn%2Fyhsci%2FNews%2Fpreview.php%3Fmid%3D57107fca5faae.1%26index%3D1%26entid%3D1%26openid%3Dog99ms44Lnh76njHDpV0hFSDjXoE',
    ),
  ),
   'thumb_path' => NULL,
   'thumb_media_id' => NULL,
   'music_url' => NULL,
   'hq_music_url' => NULL,
   'notify' => 1,
   'notify_str' => '',
   'template_id' => NULL,
   'data' => NULL,
   'topcolor' => NULL,
   'card_code' => '',
))EOF;
[info][2016-04-15 18:24:31] ------------------同步菜单参数
<<var data>> : WX_Menu::__set_state(array(
   'button' => 
  array (
    0 => 
    array (
      'name' => 'menu01',
      'sub_button' => 
      array (
        0 => 
        array (
          'type' => 'click',
          'name' => '外链',
          'key' => '19',
        ),
        1 => 
        array (
          'type' => 'click',
          'name' => '直接返回',
          'key' => '20',
        ),
      ),
    ),
    1 => 
    array (
      'name' => '菜单二',
      'sub_button' => 
      array (
        0 => 
        array (
          'type' => 'click',
          'name' => '子菜单',
          'key' => '22',
        ),
        1 => 
        array (
          'type' => 'click',
          'name' => '测试素材',
          'key' => '21',
        ),
      ),
    ),
  ),
))EOF;
[info][2016-04-15 18:25:07] ------
<<var data>> : array (
  'item_order' => '4',
  'item_key' => 'D',
  'item_name' => '左',
  'item_point' => '2',
  'topic_id' => '10',
  'eval_id' => '35',
)EOF;
[info][2016-04-15 18:25:07] ------
<<var data>> : array (
  'item_order' => '3',
  'item_key' => 'C',
  'item_name' => '左',
  'item_point' => '2',
  'topic_id' => '10',
  'eval_id' => '35',
)EOF;
[info][2016-04-15 18:25:07] ------
<<var data>> : array (
  'item_order' => '2',
  'item_key' => 'B',
  'item_name' => '3',
  'item_point' => '3',
  'topic_id' => '10',
  'eval_id' => '35',
)EOF;
[info][2016-04-15 18:25:07] ------
<<var data>> : array (
  'item_order' => '1',
  'item_key' => 'A',
  'item_name' => '柑',
  'item_point' => '45',
  'topic_id' => '10',
  'eval_id' => '35',
)EOF;
[info][2016-04-15 18:25:25] ------
<<var data>> : array (
  'item_order' => '1',
  'item_key' => 'A',
  'item_name' => '柑',
  'item_point' => '45',
  'topic_id' => '10',
  'eval_id' => '35',
)EOF;
[info][2016-04-15 18:25:25] ------
<<var data>> : array (
  'item_order' => '2',
  'item_key' => 'B',
  'item_name' => '3',
  'item_point' => '3',
  'topic_id' => '10',
  'eval_id' => '35',
)EOF;
[info][2016-04-15 18:25:25] ------
<<var data>> : array (
  'item_order' => '3',
  'item_key' => 'C',
  'item_name' => '左',
  'item_point' => '20',
  'topic_id' => '10',
  'eval_id' => '35',
)EOF;
[info][2016-04-15 18:25:25] ------
<<var data>> : array (
  'item_order' => '4',
  'item_key' => 'D',
  'item_name' => '左',
  'item_point' => '2',
  'topic_id' => '10',
  'eval_id' => '35',
)EOF;
