[info][2016-04-19 15:01:52] ------------------同步菜单参数
<<var data>> : WX_Menu::__set_state(array(
   'button' => 
  array (
    0 => 
    array (
      'name' => 'menu01',
      'sub_button' => 
      array (
        0 => 
        array (
          'type' => 'click',
          'name' => '外链',
          'key' => '19',
        ),
        1 => 
        array (
          'type' => 'click',
          'name' => '直接返回',
          'key' => '20',
        ),
      ),
    ),
    1 => 
    array (
      'name' => '菜单二',
      'sub_button' => 
      array (
        0 => 
        array (
          'type' => 'click',
          'name' => '子菜单',
          'key' => '22',
        ),
        1 => 
        array (
          'type' => 'click',
          'name' => '测试素材',
          'key' => '21',
        ),
      ),
    ),
  ),
))EOF;
[error][2016-04-19 15:02:15] _run error: action not exist, action: Login, method: loginOut
<<var data>> : array (
  'a' => 'Login',
  'm' => 'loginOut',
)EOF;
[error][2016-04-19 15:02:59] _run error: action not exist, action: Login, method: loginOut
<<var data>> : array (
  'a' => 'Login',
  'm' => 'loginOut',
)EOF;
