[error][2016-04-21 17:19:01] action file not exist : E:\www\yhsci\myfolder\Lib/Action/WebYkdx/IndexAction.class.phpEOF;
[error][2016-04-21 17:19:01] _run error: action not exist, action: Index, method: index
<<var data>> : array (
)EOF;
[error][2016-04-21 18:14:34] 发送短信验证码失败,[13800138000|698370]
<<var data>> : stdClass::__set_state(array(
   'code' => 41,
   'msg' => 'Invalid arguments:sms_param',
   'request_id' => 'iv0lnjxhxuyq',
))EOF;
[error][2016-04-21 18:15:26] 发送短信验证码失败,[13800138000|720809]
<<var data>> : stdClass::__set_state(array(
   'code' => 41,
   'msg' => 'Invalid arguments:sms_param',
   'request_id' => 'ishhkdedlgho',
))EOF;
[error][2016-04-21 18:16:39] 发送短信验证码失败,[18811431400|340161]
<<var data>> : stdClass::__set_state(array(
   'code' => 41,
   'msg' => 'Invalid arguments:sms_param',
   'request_id' => '10fibyfzlm6g9',
))EOF;
[error][2016-04-21 18:17:12] 发送短信验证码失败,[18811431400|854129]
<<var data>> : stdClass::__set_state(array(
   'code' => 41,
   'msg' => 'Invalid arguments:sms_param',
   'request_id' => 'zq772mg3if86',
))EOF;
[error][2016-04-21 18:19:34] 发送短信验证码失败,[18811431400|387567]
<<var data>> : stdClass::__set_state(array(
   'code' => 41,
   'msg' => 'Invalid arguments:sms_param',
   'request_id' => '14sqgj9sxrad2',
))EOF;
