[2016-04-14 13:38:51][runtime:196.3060][format:json][[{"http param":{"a":"WxCustomMenu","m":"edit","is_thread":"0","id":"19"}}]]
[2016-04-14 13:38:57][runtime:212.9841][format:json][[{"http param":{"a":"WxCustomMenu","m":"update","is_thread":"0","menuId":"19","menuName":"外链","menuOrder":"1","parentId":"17","menuType":"2","msgType":"","content":"","materialId":"","url":"http://www.baidu.com/b.php","is_oauth":""}}]]
[2016-04-14 13:38:58][runtime:193.1880][format:json][[{"http param":{"a":"WxCustomMenu","m":"edit","is_thread":"0","id":"19"}}]]
[2016-04-14 13:41:42][runtime:183.6572][format:json][[{"http param":{"a":"WxCustomMenu","m":"edit","is_thread":"0","id":"19"}}]]
[2016-04-14 13:42:04][runtime:266.6941][format:json][[{"http param":{"a":"WxCustomMenu","m":"edit","is_thread":"0","id":"19"}}]]
[2016-04-14 13:44:05][runtime:232.4891][format:json][[{"http param":{"a":"WxCustomMenu","m":"edit","is_thread":"0","id":"19"}}]]
[2016-04-14 13:44:26][runtime:253.6709][format:json][[{"http param":{"a":"WxCustomMenu","m":"edit","is_thread":"0","id":"19"}}]]
[2016-04-14 13:44:33][runtime:218.4210][format:json][[{"http param":{"a":"WxCustomMenu","m":"update","is_thread":"0","menuId":"19","menuName":"外链","menuOrder":"1","parentId":"17","menuType":"1","msgType":"text","content":"asfdwe","materialId":"-1","url":"","is_oauth":"asfdwe"}}]]
[2016-04-14 13:44:35][runtime:240.1412][format:json][[{"http param":{"a":"WxCustomMenu","m":"edit","is_thread":"0","id":"19"}}]]
[2016-04-14 13:45:06][runtime:226.8019][format:json][[{"http param":{"a":"WxCustomMenu","m":"edit","is_thread":"0","id":"19"}}]]
[2016-04-14 13:45:46][runtime:401.5322][format:json][[{"http param":{"a":"WxCustomMenu","m":"edit","is_thread":"0","id":"19"}}]]
[2016-04-14 13:47:11][runtime:243.9229][format:json][[{"http param":{"a":"WxCustomMenu","m":"edit","is_thread":"0","id":"19"}}]]
[2016-04-14 13:48:16][runtime:270.9219][format:json][[{"http param":{"a":"WxCustomMenu","m":"edit","is_thread":"0","id":"19"}}]]
[2016-04-14 13:48:28][runtime:209.6589][format:json][[{"http param":{"a":"WxCustomMenu","m":"edit","is_thread":"0","id":"19"}}]]
[2016-04-14 13:48:34][runtime:196.1291][format:json][[{"http param":{"a":"WxCustomMenu","m":"update","is_thread":"0","menuId":"19","menuName":"外链","menuOrder":"1","parentId":"17","menuType":"1","msgType":"text","content":"asfdwedwe","materialId":"-1","url":"","is_oauth":"asfdwedwe"}}]]
[2016-04-14 13:48:36][runtime:211.3459][format:json][[{"http param":{"a":"WxCustomMenu","m":"edit","is_thread":"0","id":"19"}}]]
[2016-04-14 13:49:05][runtime:263.4468][format:json][[{"http param":{"a":"WxCustomMenu","m":"edit","is_thread":"0","id":"19"}}]]
[2016-04-14 13:49:12][runtime:214.9670][format:json][[{"http param":{"a":"WxCustomMenu","m":"update","is_thread":"0","menuId":"19","menuName":"外链","menuOrder":"1","parentId":"17","menuType":"1","msgType":"text","content":"asfdwedwe测试一下","materialId":"-1","url":"","is_oauth":"asfdwedwe测试一下"}}]]
[2016-04-14 13:49:14][runtime:229.2180][format:json][[{"http param":{"a":"WxCustomMenu","m":"edit","is_thread":"0","id":"19"}}]]
[2016-04-14 13:49:21][runtime:457.4142][format:json][[{"http param":{"a":"WxMaterialNews","m":"showMaterial","p":"1","callback":"materialSelecter.loadNewsData"}}]]
[2016-04-14 13:50:17][runtime:186.7020][format:json][[{"http param":{"a":"WxCustomMenu","m":"edit","is_thread":"0","id":"19"}}]]
[2016-04-14 13:50:23][runtime:395.3919][format:json][[{"http param":{"a":"WxMaterialNews","m":"showMaterial","p":"1","callback":"materialSelecter.loadNewsData"}}]]
[2016-04-14 13:50:29][runtime:291.0511][format:json][[{"http param":{"a":"WxCustomMenu","m":"update","is_thread":"0","menuId":"19","menuName":"外链","menuOrder":"1","parentId":"17","menuType":"1","msgType":"news","content":"asfdwedwe测试一下","materialId":"21","url":"","is_oauth":"asfdwedwe测试一下"}}]]
[2016-04-14 13:50:32][runtime:392.6411][format:json][[{"http param":{"a":"WxCustomMenu","m":"edit","is_thread":"0","id":"19"}}]]
[2016-04-14 13:50:45][runtime:302.1629][format:json][[{"http param":{"a":"WxCustomMenu","m":"edit","is_thread":"0","id":"19"}}]]
[2016-04-14 13:50:49][runtime:360.9338][format:json][[{"http param":{"a":"WxMaterialNews","m":"showMaterial","p":"1","callback":"materialSelecter.loadNewsData"}}]]
