[2016-04-06 14:09:59][runtime:12.8472][format:json][[{"http param":{"a":"ZgykdxEvaluating","m":"add"}}]]
[2016-04-06 14:16:01][runtime:23.3550][format:json][[{"http param":{"logfile":"E:\\www\\yhsci\\htdocs\\yhsci\\WebLog/../../../myfolder/log\\web\\APP_PLATE\\Admin\\sql\\2016\\04-06_sql.log"}}]]
[2016-04-06 14:16:06][runtime:13.4490][format:json][[{"http param":{"a":"ZgykdxEvaluating","m":"add"}}]]
[2016-04-06 14:16:09][runtime:241.0622][format:json][[{"http param":{"a":"ZgykdxEvaluating","m":"index"}}]]
[2016-04-06 14:16:14][runtime:11.3750][format:json][[{"http param":{"a":"ZgykdxEvaluating","m":"add"}}]]
[2016-04-06 14:19:19][runtime:264.9632][format:json][[{"http param":{"a":"ZgykdxEvaluating","m":"index"}}]]
[2016-04-06 14:19:21][runtime:16.8469][format:json][[{"http param":{"a":"ZgykdxEvaluating","m":"add"}}]]
[2016-04-06 14:20:23][runtime:12.4791][format:json][[{"http param":{"a":"ZgykdxEvaluating","m":"add"}}]]
[2016-04-06 14:28:03][runtime:13.7119][format:json][[{"http param":{"a":"ZgykdxEvaluating","m":"add"}}]]
[2016-04-06 14:28:30][runtime:15.1269][format:json][[{"http param":{"a":"ZgykdxEvaluating","m":"add"}}]]
[2016-04-06 14:29:39][runtime:34.5049][format:json][[{"http param":{"a":"ZgykdxEvaluating","m":"add"}}]]
[2016-04-06 14:29:41][runtime:10.5791][format:json][[{"http param":{"a":"ZgykdxEvaluating","m":"add"}}]]
[2016-04-06 14:29:56][runtime:10.3362][format:json][[{"http param":{"a":"ZgykdxEvaluating","m":"add"}}]]
[2016-04-06 14:30:10][runtime:9.0690][format:json][[{"http param":{"a":"ZgykdxEvaluating","m":"add"}}]]
[2016-04-06 14:31:11][runtime:8.6298][format:json][[{"http param":{"a":"ZgykdxEvaluating","m":"add"}}]]
[2016-04-06 14:32:02][runtime:10.8261][format:json][[{"http param":{"a":"ZgykdxEvaluating","m":"add"}}]]
[2016-04-06 14:32:13][runtime:168.2961][format:json][[{"http param":{"a":"ZgykdxEvaluating","m":"ajax_addEvaluating","eval_name":"test001","eval_descript":"imeue","eval_starttime":"2015-04-06","eval_endtime":"2015-04-06","eval_type":"1","eval_status":"1","eval_max_topic":"NaN"}}]]
[2016-04-06 14:33:04][runtime:10.7529][format:json][[{"http param":{"a":"ZgykdxEvaluating","m":"add"}}]]
[2016-04-06 14:33:29][runtime:7.2799][format:json][[{"http param":{"a":"ZgykdxEvaluating","m":"ajax_addEvaluating","eval_name":"test","eval_descript":"","eval_starttime":"2015-04-06","eval_endtime":"2015-04-06","eval_type":"1","eval_status":"1","eval_max_topic":"NaN"}}]]
[2016-04-06 14:33:57][runtime:9.7549][format:json][[{"http param":{"a":"ZgykdxEvaluating","m":"add"}}]]
[2016-04-06 14:34:27][runtime:146.7009][format:json][[{"http param":{"a":"ZgykdxEvaluating","m":"ajax_addEvaluating","eval_name":"test","eval_descript":"asdf","eval_starttime":"2015-04-06","eval_endtime":"2015-04-06","eval_type":"1","eval_status":"1","eval_max_topic":"NaN"}}]]
[2016-04-06 14:35:24][runtime:22.7280][format:json][[{"http param":{"logfile":"E:\\www\\yhsci\\htdocs\\yhsci\\WebLog/../../../myfolder/log\\web\\APP_PLATE\\Admin\\sql\\2016\\04-06_sql.log"}}]]
[2016-04-06 14:35:28][runtime:10.6800][format:json][[{"http param":{"logfile":"E:\\www\\yhsci\\htdocs\\yhsci\\WebLog/../../../myfolder/log\\web\\APP_PLATE\\Admin\\log\\2016\\04-06_error.log"}}]]
[2016-04-06 14:35:36][runtime:11.4849][format:json][[{"http param":{"logfile":"E:\\www\\yhsci\\htdocs\\yhsci\\WebLog/../../../myfolder/log\\web\\APP_PLATE\\Admin\\log\\2016\\04-06_error.log"}}]]
[2016-04-06 14:36:09][runtime:8.4782][format:json][[{"http param":{"a":"ZgykdxEvaluating","m":"add"}}]]
[2016-04-06 14:37:59][runtime:13.7541][format:json][[{"http param":{"a":"ZgykdxEvaluating","m":"add"}}]]
[2016-04-06 14:38:56][runtime:10.7729][format:json][[{"http param":{"a":"ZgykdxEvaluating","m":"add"}}]]
[2016-04-06 14:39:28][runtime:235.7731][format:json][[{"http param":{"a":"ZgykdxEvaluating","m":"ajax_addEvaluating","eval_name":"测试001","eval_descript":"test001","eval_starttime":"2015-04-06","eval_endtime":"2015-04-10","eval_type":"1","eval_status":"1","eval_max_topic":"NaN"}}]]
[2016-04-06 14:39:37][runtime:12.1758][format:json][[{"http param":{"a":"ZgykdxEvaluating","m":"add"}}]]
[2016-04-06 14:39:46][runtime:431.0470][format:json][[{"http param":{"a":"ZgykdxEvaluating","m":"ajax_addEvaluating","eval_name":"测试001","eval_descript":"test001","eval_starttime":"2015-04-06","eval_endtime":"2015-04-10","eval_type":"1","eval_status":"1","eval_max_topic":"NaN"}}]]
[2016-04-06 14:40:59][runtime:9.9120][format:json][[{"http param":{"a":"ZgykdxEvaluating","m":"add"}}]]
[2016-04-06 14:41:04][runtime:140.5990][format:json][[{"http param":{"a":"ZgykdxEvaluating","m":"ajax_addEvaluating","eval_name":"测试001","eval_descript":"test001","eval_starttime":"2015-04-06","eval_endtime":"2015-04-10","eval_type":"1","eval_status":"1","eval_max_topic":"NaN"}}]]
[2016-04-06 14:44:12][runtime:8.3120][format:json][[{"http param":{"a":"ZgykdxEvaluating","m":"add"}}]]
[2016-04-06 14:44:17][runtime:187.2880][format:json][[{"http param":{"a":"ZgykdxEvaluating","m":"ajax_addEvaluating","eval_name":"测试001","eval_descript":"test001","eval_starttime":"2015-04-06","eval_endtime":"2015-04-10","eval_type":"1","eval_status":"1","eval_max_topic":"NaN"}}]]
[2016-04-06 14:44:22][runtime:193.2919][format:json][[{"http param":{"a":"ZgykdxEvaluating","m":"ajax_addEvaluating","eval_name":"测试001","eval_descript":"test001","eval_starttime":"2015-04-06","eval_endtime":"2015-04-10","eval_type":"1","eval_status":"1","eval_max_topic":"NaN"}}]]
[2016-04-06 14:44:29][runtime:176.1460][format:json][[{"http param":{"a":"ZgykdxEvaluating","m":"ajax_addEvaluating","eval_name":"测试001","eval_descript":"test001","eval_starttime":"2015-04-06","eval_endtime":"2015-04-10","eval_type":"1","eval_status":"1","eval_max_topic":"NaN"}}]]
[2016-04-06 14:44:55][runtime:257.7541][format:json][[{"http param":{"a":"ZgykdxEvaluating","m":"ajax_addEvaluating","eval_name":"测试001","eval_descript":"test001","eval_starttime":"2015-04-06","eval_endtime":"2015-04-10","eval_type":"1","eval_status":"1","eval_max_topic":"NaN"}}]]
[2016-04-06 14:44:59][runtime:8.8580][format:json][[{"http param":{"a":"ZgykdxEvaluating","m":"add"}}]]
[2016-04-06 14:45:03][runtime:168.4289][format:json][[{"http param":{"a":"ZgykdxEvaluating","m":"ajax_addEvaluating","eval_name":"测试001","eval_descript":"test001","eval_starttime":"2015-04-06","eval_endtime":"2015-04-10","eval_type":"1","eval_status":"1","eval_max_topic":"NaN"}}]]
[2016-04-06 14:45:16][runtime:10.2870][format:json][[{"http param":{"a":"ZgykdxEvaluating","m":"add"}}]]
[2016-04-06 14:45:19][runtime:194.0441][format:json][[{"http param":{"a":"ZgykdxEvaluating","m":"ajax_addEvaluating","eval_name":"测试001","eval_descript":"test001","eval_starttime":"2015-04-06","eval_endtime":"2015-04-10","eval_type":"1","eval_status":"1","eval_max_topic":"NaN"}}]]
[2016-04-06 14:46:23][runtime:215.6241][format:json][[{"http param":{"a":"ZgykdxEvaluating","m":"ajax_addEvaluating","eval_name":"测试001","eval_descript":"test001","eval_starttime":"2015-04-06","eval_endtime":"2015-04-10","eval_type":"1","eval_status":"1","eval_max_topic":"NaN"}}]]
[2016-04-06 14:46:25][runtime:9.3100][format:json][[{"http param":{"a":"ZgykdxEvaluating","m":"add"}}]]
[2016-04-06 14:46:30][runtime:169.8360][format:json][[{"http param":{"a":"ZgykdxEvaluating","m":"ajax_addEvaluating","eval_name":"测试001","eval_descript":"test001","eval_starttime":"2015-04-06","eval_endtime":"2015-04-10","eval_type":"1","eval_status":"1","eval_max_topic":"NaN"}}]]
[2016-04-06 14:47:14][runtime:204.8290][format:json][[{"http param":{"a":"ZgykdxEvaluating","m":"ajax_addEvaluating","eval_name":"测试001","eval_descript":"test001","eval_starttime":"2015-04-06","eval_endtime":"2015-04-10","eval_type":"1","eval_status":"1","eval_max_topic":"NaN"}}]]
[2016-04-06 14:47:16][runtime:8.1971][format:json][[{"http param":{"a":"ZgykdxEvaluating","m":"add"}}]]
[2016-04-06 14:47:20][runtime:180.6271][format:json][[{"http param":{"a":"ZgykdxEvaluating","m":"ajax_addEvaluating","eval_name":"测试001","eval_descript":"test001","eval_starttime":"2015-04-06","eval_endtime":"2015-04-10","eval_type":"1","eval_status":"1","eval_max_topic":"NaN"}}]]
[2016-04-06 14:47:32][runtime:222.0540][format:json][[{"http param":{"a":"ZgykdxEvaluating","m":"ajax_addEvaluating","eval_name":"测试001","eval_descript":"test001","eval_starttime":"2015-04-06","eval_endtime":"2015-04-10","eval_type":"1","eval_status":"1","eval_max_topic":"NaN"}}]]
[2016-04-06 14:47:40][runtime:162.0619][format:json][[{"http param":{"a":"ZgykdxEvaluating","m":"ajax_addEvaluating","eval_name":"测试001","eval_descript":"test001","eval_starttime":"2015-04-06","eval_endtime":"2015-04-10","eval_type":"1","eval_status":"1","eval_max_topic":"NaN"}}]]
[2016-04-06 14:48:20][runtime:189.8611][format:json][[{"http param":{"a":"ZgykdxEvaluating","m":"ajax_addEvaluating","eval_name":"测试001","eval_descript":"test001","eval_starttime":"2015-04-06","eval_endtime":"2015-04-10","eval_type":"1","eval_status":"1","eval_max_topic":"NaN"}}]]
[2016-04-06 14:48:50][runtime:10.5720][format:json][[{"http param":{"a":"ZgykdxEvaluating","m":"add"}}]]
[2016-04-06 14:49:22][runtime:14.6270][format:json][[{"http param":{"a":"ZgykdxEvaluating","m":"ajax_addEvaluating","eval_name":"测试001","eval_descript":"test001","eval_starttime":"2015-04-06","eval_endtime":"2015-04-10","eval_type":"1","eval_status":"1","eval_max_topic":"NaN"}}]]
[2016-04-06 14:50:09][runtime:6.8729][format:json][[{"http param":{"a":"ZgykdxEvaluating","m":"ajax_addEvaluating","eval_name":"测试001","eval_descript":"test001","eval_starttime":"2015-04-06","eval_endtime":"2015-04-10","eval_type":"1","eval_status":"1","eval_max_topic":"NaN"}}]]
[2016-04-06 14:50:15][runtime:11.9741][format:json][[{"http param":{"a":"ZgykdxEvaluating","m":"add"}}]]
[2016-04-06 14:50:22][runtime:6.4600][format:json][[{"http param":{"a":"ZgykdxEvaluating","m":"ajax_addEvaluating","eval_name":"测试001","eval_descript":"test001","eval_starttime":"2015-04-06","eval_endtime":"2015-04-10","eval_type":"1","eval_status":"1","eval_max_topic":"NaN"}}]]
[2016-04-06 14:50:36][runtime:9.7959][format:json][[{"http param":{"logfile":"E:\\www\\yhsci\\htdocs\\yhsci\\WebLog/../../../myfolder/log\\web\\APP_PLATE\\Admin\\log\\2016\\04-06_error.log"}}]]
[2016-04-06 14:50:40][runtime:35.9740][format:json][[{"http param":{"s":"04-06"}}]]
[2016-04-06 14:50:41][runtime:26.8691][format:json][[{"http param":{"s":"04-06"}}]]
[2016-04-06 14:50:42][runtime:31.5659][format:json][[{"http param":{"s":"04-06"}}]]
[2016-04-06 14:50:42][runtime:29.5060][format:json][[{"http param":{"s":"04-06"}}]]
[2016-04-06 14:50:45][runtime:44.0810][format:json][[{"http param":{"logfile":"E:\\www\\yhsci\\htdocs\\yhsci\\WebLog/../../../myfolder/log\\web\\APP_PLATE\\Manage\\log\\2016\\04-06_error.log"}}]]
[2016-04-06 14:55:48][runtime:11.5149][format:json][[{"http param":{"a":"ZgykdxEvaluating","m":"ajax_addEvaluating","eval_name":"测试001","eval_descript":"test001","eval_starttime":"2015-04-06","eval_endtime":"2015-04-10","eval_type":"1","eval_status":"1","eval_max_topic":"NaN"}}]]
[2016-04-06 14:55:53][runtime:32.5708][format:json][[{"http param":{"logfile":"E:\\www\\yhsci\\htdocs\\yhsci\\WebLog/../../../myfolder/log\\web\\APP_PLATE\\Manage\\log\\2016\\04-06_error.log"}}]]
[2016-04-06 14:57:19][runtime:28.4679][format:json][[{"http param":{"logfile":"E:\\www\\yhsci\\htdocs\\yhsci\\WebLog/../../../myfolder/log\\web\\APP_PLATE\\Manage\\log\\2016\\04-06_error.log"}}]]
[2016-04-06 14:57:20][runtime:32.5060][format:json][[{"http param":{"logfile":"E:\\www\\yhsci\\htdocs\\yhsci\\WebLog/../../../myfolder/log\\web\\APP_PLATE\\Manage\\log\\2016\\04-06_error.log"}}]]
[2016-04-06 14:57:20][runtime:26.6540][format:json][[{"http param":{"logfile":"E:\\www\\yhsci\\htdocs\\yhsci\\WebLog/../../../myfolder/log\\web\\APP_PLATE\\Manage\\log\\2016\\04-06_error.log"}}]]
[2016-04-06 14:57:20][runtime:39.1672][format:json][[{"http param":{"logfile":"E:\\www\\yhsci\\htdocs\\yhsci\\WebLog/../../../myfolder/log\\web\\APP_PLATE\\Manage\\log\\2016\\04-06_error.log"}}]]
[2016-04-06 14:57:20][runtime:30.0510][format:json][[{"http param":{"logfile":"E:\\www\\yhsci\\htdocs\\yhsci\\WebLog/../../../myfolder/log\\web\\APP_PLATE\\Manage\\log\\2016\\04-06_error.log"}}]]
[2016-04-06 14:57:21][runtime:32.1841][format:json][[{"http param":{"logfile":"E:\\www\\yhsci\\htdocs\\yhsci\\WebLog/../../../myfolder/log\\web\\APP_PLATE\\Manage\\log\\2016\\04-06_error.log"}}]]
[2016-04-06 14:57:21][runtime:31.7829][format:json][[{"http param":{"logfile":"E:\\www\\yhsci\\htdocs\\yhsci\\WebLog/../../../myfolder/log\\web\\APP_PLATE\\Manage\\log\\2016\\04-06_error.log"}}]]
[2016-04-06 14:57:21][runtime:33.2658][format:json][[{"http param":{"logfile":"E:\\www\\yhsci\\htdocs\\yhsci\\WebLog/../../../myfolder/log\\web\\APP_PLATE\\Manage\\log\\2016\\04-06_error.log"}}]]
[2016-04-06 14:57:21][runtime:32.1479][format:json][[{"http param":{"logfile":"E:\\www\\yhsci\\htdocs\\yhsci\\WebLog/../../../myfolder/log\\web\\APP_PLATE\\Manage\\log\\2016\\04-06_error.log"}}]]
[2016-04-06 14:57:22][runtime:30.8990][format:json][[{"http param":{"logfile":"E:\\www\\yhsci\\htdocs\\yhsci\\WebLog/../../../myfolder/log\\web\\APP_PLATE\\Manage\\log\\2016\\04-06_error.log"}}]]
[2016-04-06 14:57:26][runtime:10.1800][format:json][[{"http param":{"a":"ZgykdxEvaluating","m":"add"}}]]
[2016-04-06 14:57:31][runtime:5.6200][format:json][[{"http param":{"a":"ZgykdxEvaluating","m":"ajax_addEvaluating","eval_name":"测试001","eval_descript":"test001","eval_starttime":"2015-04-06","eval_endtime":"2015-04-10","eval_type":"1","eval_status":"1","eval_max_topic":"0"}}]]
[2016-04-06 14:57:42][runtime:24.1740][format:json][[{"http param":{"logfile":"E:\\www\\yhsci\\htdocs\\yhsci\\WebLog/../../../myfolder/log\\web\\APP_PLATE\\Manage\\log\\2016\\04-06_error.log"}}]]
[2016-04-06 14:58:34][runtime:11.4570][format:json][[{"http param":{"a":"ZgykdxEvaluating","m":"ajax_addEvaluating","eval_name":"测试001","eval_descript":"test001","eval_starttime":"2015-04-06","eval_endtime":"2015-04-10","eval_type":"1","eval_status":"1","eval_max_topic":"0"}}]]
[2016-04-06 14:58:40][runtime:25.4230][format:json][[{"http param":{"logfile":"E:\\www\\yhsci\\htdocs\\yhsci\\WebLog/../../../myfolder/log\\web\\APP_PLATE\\Manage\\log\\2016\\04-06_error.log"}}]]
