[2016-04-06 15:00:37][runtime:14.7259][format:json][[{"http param":{"a":"ZgykdxEvaluating","m":"add"}}]]
[2016-04-06 15:00:39][runtime:4.8120][format:json][[{"http param":{"a":"ZgykdxEvaluating","m":"ajax_addEvaluating","eval_name":"测试001","eval_descript":"test001","eval_starttime":"2015-04-06","eval_endtime":"2015-04-10","eval_type":"1","eval_status":"1","eval_max_topic":"0"}}]]
[2016-04-06 15:00:44][runtime:31.6010][format:json][[{"http param":{"logfile":"E:\\www\\yhsci\\htdocs\\yhsci\\WebLog/../../../myfolder/log\\web\\APP_PLATE\\Manage\\log\\2016\\04-06_error.log"}}]]
[2016-04-06 15:00:56][runtime:7.1790][format:json][[{"http param":{"a":"ZgykdxEvaluating","m":"add"}}]]
[2016-04-06 15:00:58][runtime:4.5061][format:json][[{"http param":{"a":"ZgykdxEvaluating","m":"ajax_addEvaluating","eval_name":"测试001","eval_descript":"test001","eval_starttime":"2015-04-06","eval_endtime":"2015-04-10","eval_type":"1","eval_status":"1","eval_max_topic":"0"}}]]
[2016-04-06 15:01:42][runtime:163.3911][format:json][[{"http param":{"a":"ZgykdxEvaluating","m":"ajax_addEvaluating","eval_name":"测试001","eval_descript":"test001","eval_starttime":"2015-04-06","eval_endtime":"2015-04-10","eval_type":"1","eval_status":"1","eval_max_topic":"0"}}]]
[2016-04-06 15:01:46][runtime:22.3920][format:json][[{"http param":{"logfile":"E:\\www\\yhsci\\htdocs\\yhsci\\WebLog/../../../myfolder/log\\web\\APP_PLATE\\Manage\\log\\2016\\04-06_error.log"}}]]
[2016-04-06 15:01:48][runtime:19.6130][format:json][[{"http param":{"logfile":"E:\\www\\yhsci\\htdocs\\yhsci\\WebLog/../../../myfolder/log\\web\\APP_PLATE\\Manage\\log\\2016\\04-06_error.log"}}]]
[2016-04-06 15:01:50][runtime:25.2161][format:json][[{"http param":{"logfile":"E:\\www\\yhsci\\htdocs\\yhsci\\WebLog/../../../myfolder/log\\web\\APP_PLATE\\Manage\\log\\2016\\04-06_error.log"}}]]
[2016-04-06 15:01:53][runtime:24.1051][format:json][[{"http param":{"logfile":"E:\\www\\yhsci\\htdocs\\yhsci\\WebLog/../../../myfolder/log\\web\\APP_PLATE\\Manage\\log\\2016\\04-06_error.log"}}]]
[2016-04-06 15:01:54][runtime:18.8529][format:json][[{"http param":{"logfile":"E:\\www\\yhsci\\htdocs\\yhsci\\WebLog/../../../myfolder/log\\web\\APP_PLATE\\Manage\\log\\2016\\04-06_error.log"}}]]
[2016-04-06 15:01:54][runtime:20.7479][format:json][[{"http param":{"logfile":"E:\\www\\yhsci\\htdocs\\yhsci\\WebLog/../../../myfolder/log\\web\\APP_PLATE\\Manage\\log\\2016\\04-06_error.log"}}]]
[2016-04-06 15:01:55][runtime:21.5099][format:json][[{"http param":{"logfile":"E:\\www\\yhsci\\htdocs\\yhsci\\WebLog/../../../myfolder/log\\web\\APP_PLATE\\Manage\\log\\2016\\04-06_error.log"}}]]
[2016-04-06 15:01:55][runtime:25.4841][format:json][[{"http param":{"logfile":"E:\\www\\yhsci\\htdocs\\yhsci\\WebLog/../../../myfolder/log\\web\\APP_PLATE\\Manage\\log\\2016\\04-06_error.log"}}]]
[2016-04-06 15:01:55][runtime:22.2399][format:json][[{"http param":{"logfile":"E:\\www\\yhsci\\htdocs\\yhsci\\WebLog/../../../myfolder/log\\web\\APP_PLATE\\Manage\\log\\2016\\04-06_error.log"}}]]
[2016-04-06 15:01:56][runtime:21.7428][format:json][[{"http param":{"logfile":"E:\\www\\yhsci\\htdocs\\yhsci\\WebLog/../../../myfolder/log\\web\\APP_PLATE\\Manage\\log\\2016\\04-06_error.log"}}]]
[2016-04-06 15:01:56][runtime:18.7731][format:json][[{"http param":{"logfile":"E:\\www\\yhsci\\htdocs\\yhsci\\WebLog/../../../myfolder/log\\web\\APP_PLATE\\Manage\\log\\2016\\04-06_error.log"}}]]
[2016-04-06 15:02:08][runtime:174.7420][format:json][[{"http param":{"a":"ZgykdxEvaluating","m":"ajax_addEvaluating","eval_name":"测试001","eval_descript":"test001","eval_starttime":"2015-04-06","eval_endtime":"2015-04-10","eval_type":"1","eval_status":"1","eval_max_topic":"0"}}]]
[2016-04-06 15:02:12][runtime:8.4610][format:json][[{"http param":{"a":"ZgykdxEvaluating","m":"add"}}]]
[2016-04-06 15:02:14][runtime:7.6039][format:json][[{"http param":{"a":"ZgykdxEvaluating","m":"add"}}]]
[2016-04-06 15:02:17][runtime:8.2991][format:json][[{"http param":{"a":"ZgykdxEvaluating","m":"add"}}]]
[2016-04-06 15:02:21][runtime:166.3442][format:json][[{"http param":{"a":"ZgykdxEvaluating","m":"ajax_addEvaluating","eval_name":"测试001","eval_descript":"test001","eval_starttime":"2015-04-06","eval_endtime":"2015-04-10","eval_type":"1","eval_status":"1","eval_max_topic":"0"}}]]
[2016-04-06 15:02:30][runtime:23.8979][format:json][[{"http param":{"logfile":"E:\\www\\yhsci\\htdocs\\yhsci\\WebLog/../../../myfolder/log\\web\\APP_PLATE\\Manage\\log\\2016\\04-06_error.log"}}]]
[2016-04-06 15:02:32][runtime:22.4571][format:json][[{"http param":{"logfile":"E:\\www\\yhsci\\htdocs\\yhsci\\WebLog/../../../myfolder/log\\web\\APP_PLATE\\Manage\\log\\2016\\04-06_error.log"}}]]
[2016-04-06 15:02:53][runtime:22.9251][format:json][[{"http param":{"a":"ZgykdxEvaluating","m":"add"}}]]
[2016-04-06 15:02:56][runtime:28.6582][format:json][[{"http param":{"logfile":"E:\\www\\yhsci\\htdocs\\yhsci\\WebLog/../../../myfolder/log\\web\\APP_PLATE\\Manage\\log\\2016\\04-06_error.log"}}]]
[2016-04-06 15:02:58][runtime:9.1980][format:json][[{"http param":{"a":"ZgykdxEvaluating","m":"add"}}]]
[2016-04-06 15:03:02][runtime:243.1860][format:json][[{"http param":{"a":"ZgykdxEvaluating","m":"ajax_addEvaluating","eval_name":"测试001","eval_descript":"test001","eval_starttime":"2015-04-06","eval_endtime":"2015-04-10","eval_type":"1","eval_status":"1","eval_max_topic":"0"}}]]
[2016-04-06 15:05:41][runtime:7.4360][format:json][[{"http param":{"a":"ZgykdxEvaluating","m":"add"}}]]
[2016-04-06 15:05:43][runtime:183.8500][format:json][[{"http param":{"a":"ZgykdxEvaluating","m":"ajax_addEvaluating","eval_name":"测试001","eval_descript":"test001","eval_starttime":"2015-04-06","eval_endtime":"2015-04-10","eval_type":"1","eval_status":"1","eval_max_topic":"0"}}]]
[2016-04-06 15:05:56][runtime:182.6570][format:json][[{"http param":{"a":"ZgykdxEvaluating","m":"ajax_addEvaluating","eval_name":"测试001","eval_descript":"test001","eval_starttime":"2015-04-06","eval_endtime":"2015-04-10","eval_type":"1","eval_status":"1","eval_max_topic":"0"}}]]
[2016-04-06 15:06:01][runtime:8.7368][format:json][[{"http param":{"a":"ZgykdxEvaluating","m":"add"}}]]
[2016-04-06 15:06:06][runtime:265.7049][format:json][[{"http param":{"a":"ZgykdxEvaluating","m":"ajax_addEvaluating","eval_name":"测试001","eval_descript":"test001","eval_starttime":"2015-04-06","eval_endtime":"2015-04-10","eval_type":"1","eval_status":"1","eval_max_topic":"0"}}]]
[2016-04-06 15:06:32][runtime:7.8080][format:json][[{"http param":{"a":"ZgykdxEvaluating","m":"add"}}]]
[2016-04-06 15:06:37][runtime:198.5369][format:json][[{"http param":{"a":"ZgykdxEvaluating","m":"index"}}]]
[2016-04-06 15:07:18][runtime:213.1779][format:json][[{"http param":{"a":"ZgykdxEvaluating","m":"index"}}]]
[2016-04-06 15:07:24][runtime:9.5060][format:json][[{"http param":{"a":"ZgykdxEvaluating","m":"add"}}]]
[2016-04-06 15:07:28][runtime:207.7730][format:json][[{"http param":{"a":"ZgykdxEvaluating","m":"ajax_addEvaluating","eval_name":"测试001","eval_descript":"test001","eval_starttime":"2015-04-06","eval_endtime":"2015-04-10","eval_type":"1","eval_status":"1","eval_max_topic":"0"}}]]
[2016-04-06 15:08:22][runtime:14.7460][format:json][[{"http param":{"a":"ZgykdxEvaluating","m":"add"}}]]
[2016-04-06 15:08:24][runtime:194.1869][format:json][[{"http param":{"a":"ZgykdxEvaluating","m":"ajax_addEvaluating","eval_name":"测试001","eval_descript":"test001","eval_starttime":"2015-04-06","eval_endtime":"2015-04-10","eval_type":"1","eval_status":"1","eval_max_topic":"0"}}]]
[2016-04-06 15:09:12][runtime:12.8949][format:json][[{"http param":{"a":"ZgykdxEvaluating","m":"add"}}]]
[2016-04-06 15:09:38][runtime:10.0679][format:json][[{"http param":{"a":"ZgykdxEvaluating","m":"add"}}]]
[2016-04-06 15:09:44][runtime:230.1719][format:json][[{"http param":{"a":"ZgykdxEvaluating","m":"ajax_addEvaluating","eval_name":"测试001","eval_descript":"test001","eval_starttime":"2015-04-06","eval_endtime":"2015-04-10","eval_type":"1","eval_status":"1","eval_max_topic":"0"}}]]
[2016-04-06 15:11:22][runtime:10.5879][format:json][[{"http param":{"a":"ZgykdxEvaluating","m":"add"}}]]
[2016-04-06 15:11:25][runtime:179.8501][format:json][[{"http param":{"a":"ZgykdxEvaluating","m":"ajax_addEvaluating","eval_name":"测试001","eval_descript":"test001","eval_starttime":"2015-04-06","eval_endtime":"2015-04-10","eval_type":"1","eval_status":"1","eval_max_topic":"0"}}]]
[2016-04-06 15:13:03][runtime:8.0671][format:json][[{"http param":{"a":"ZgykdxEvaluating","m":"add"}}]]
[2016-04-06 15:13:06][runtime:178.1411][format:json][[{"http param":{"a":"ZgykdxEvaluating","m":"ajax_addEvaluating","eval_name":"测试001","eval_descript":"test001","eval_starttime":"2015-04-06","eval_endtime":"2015-04-10","eval_type":"1","eval_status":"1","eval_max_topic":"0"}}]]
[2016-04-06 15:13:07][runtime:305.3701][format:json][[{"http param":{"a":"ZgykdxEvaluating","m":"index"}}]]
[2016-04-06 15:13:20][runtime:453.9900][format:json][[{"http param":{"a":"ZgykdxEvaluating","m":"index","p":"2"}}]]
[2016-04-06 15:13:35][runtime:244.3120][format:json][[{"http param":{"a":"ZgykdxEvaluating","m":"index","p":"3"}}]]
[2016-04-06 15:19:54][runtime:381.2821][format:json][[{"http param":{"a":"ZgykdxEvaluating","m":"index","p":"3"}}]]
[2016-04-06 15:20:45][runtime:23.5629][format:json][[{"http param":{"logfile":"E:\\www\\yhsci\\htdocs\\yhsci\\WebLog/../../../myfolder/log\\web\\APP_PLATE\\Manage\\log\\2016\\04-06_error.log"}}]]
[2016-04-06 15:20:48][runtime:35.2690][format:json][[{"http param":{"s":"04-06"}}]]
[2016-04-06 15:20:55][runtime:21.8379][format:json][[{"http param":{"logfile":"E:\\www\\yhsci\\htdocs\\yhsci\\WebLog/../../../myfolder/log\\web\\APP_PLATE\\Manage\\log\\2016\\04-06_error.log"}}]]
[2016-04-06 15:21:05][runtime:9.9201][format:json][[{"http param":{"logfile":"E:\\www\\yhsci\\htdocs\\yhsci\\WebLog/../../../myfolder/log\\web\\APP_PLATE\\Admin\\log\\2016\\04-06_error.log"}}]]
[2016-04-06 15:28:50][runtime:286.2401][format:json][[{"http param":{"a":"ZgykdxEvaluating","m":"index","p":"3"}}]]
[2016-04-06 15:29:36][runtime:207.6910][format:json][[{"http param":{"a":"ZgykdxEvaluating","m":"index","p":"3"}}]]
[2016-04-06 15:29:40][runtime:212.2450][format:json][[{"http param":{"a":"ZgykdxEvaluating","m":"index","p":"1"}}]]
[2016-04-06 15:29:44][runtime:220.7170][format:json][[{"http param":{"a":"ZgykdxEvaluating","m":"index","p":"2"}}]]
[2016-04-06 15:29:50][runtime:268.9161][format:json][[{"http param":{"a":"ZgykdxEvaluating","m":"index","p":"3"}}]]
[2016-04-06 15:30:00][runtime:8.4360][format:json][[{"http param":{"a":"ZgykdxEvaluating","m":"add"}}]]
[2016-04-06 15:32:42][runtime:257.7341][format:json][[{"http param":{"a":"ZgykdxEvaluating","m":"index","p":"3"}}]]
[2016-04-06 15:32:45][runtime:7.3919][format:json][[{"http param":{"a":"ZgykdxEvaluating","m":"add"}}]]
