[2016-04-19 14:43:22][runtime:1.6930][format:json][[{"http param":{"news_type":"1","a":"WxMaterialNews","m":"add"}}]]
[2016-04-19 14:43:22][runtime:6.2039][format:json][[{"http param":{"a":"Login","m":"index"}}]]
[2016-04-19 14:43:23][runtime:1.3790][format:json][[{"http param":{"a":"Login","m":"index"}}]]
[2016-04-19 14:43:23][runtime:1.4372][format:json][[{"http param":{"a":"Login","m":"index"}}]]
[2016-04-19 14:43:23][runtime:1.4932][format:json][[{"http param":{"a":"Login","m":"index"}}]]
[2016-04-19 14:43:23][runtime:1.6592][format:json][[{"http param":{"a":"Login","m":"index"}}]]
[2016-04-19 14:43:23][runtime:1.3769][format:json][[{"http param":{"a":"Login","m":"index"}}]]
[2016-04-19 14:43:23][runtime:1.4129][format:json][[{"http param":{"a":"Login","m":"index"}}]]
[2016-04-19 14:43:23][runtime:1.5240][format:json][[{"http param":{"a":"Login","m":"index"}}]]
[2016-04-19 14:43:23][runtime:1.4231][format:json][[{"http param":{"a":"Login","m":"index"}}]]
[2016-04-19 14:43:23][runtime:1.5361][format:json][[{"http param":{"a":"Login","m":"index"}}]]
[2016-04-19 14:43:23][runtime:1.5419][format:json][[{"http param":{"a":"Login","m":"index"}}]]
[2016-04-19 14:43:23][runtime:1.3831][format:json][[{"http param":{"a":"Login","m":"index"}}]]
[2016-04-19 14:43:23][runtime:1.4391][format:json][[{"http param":{"a":"Login","m":"index"}}]]
[2016-04-19 14:43:23][runtime:1.5481][format:json][[{"http param":{"a":"Login","m":"index"}}]]
[2016-04-19 14:43:23][runtime:1.3871][format:json][[{"http param":{"a":"Login","m":"index"}}]]
[2016-04-19 14:43:23][runtime:1.6150][format:json][[{"http param":{"a":"Login","m":"index"}}]]
[2016-04-19 14:43:23][runtime:1.4448][format:json][[{"http param":{"a":"Login","m":"index"}}]]
[2016-04-19 14:43:23][runtime:1.4699][format:json][[{"http param":{"a":"Login","m":"index"}}]]
[2016-04-19 14:43:23][runtime:1.4100][format:json][[{"http param":{"a":"Login","m":"index"}}]]
[2016-04-19 14:43:23][runtime:1.4229][format:json][[{"http param":{"a":"Login","m":"index"}}]]
[2016-04-19 14:43:23][runtime:1.4429][format:json][[{"http param":{"a":"Login","m":"index"}}]]
[2016-04-19 14:43:24][runtime:1.5271][format:json][[{"http param":{"a":"Login","m":"index"}}]]
[2016-04-19 14:43:24][runtime:1.3232][format:json][[{"http param":{"a":"Login","m":"index"}}]]
[2016-04-19 14:43:24][runtime:1.4369][format:json][[{"http param":{"a":"Login","m":"index"}}]]
[2016-04-19 14:43:24][runtime:1.7750][format:json][[{"http param":{"a":"Login","m":"index"}}]]
[2016-04-19 14:43:24][runtime:1.4291][format:json][[{"http param":{"a":"Login","m":"index"}}]]
[2016-04-19 14:43:24][runtime:1.4520][format:json][[{"http param":{"a":"Login","m":"index"}}]]
[2016-04-19 14:43:24][runtime:1.4710][format:json][[{"http param":{"a":"Login","m":"index"}}]]
[2016-04-19 14:43:24][runtime:1.3211][format:json][[{"http param":{"a":"Login","m":"index"}}]]
[2016-04-19 14:43:24][runtime:1.5490][format:json][[{"http param":{"a":"Login","m":"index"}}]]
[2016-04-19 14:43:24][runtime:1.5211][format:json][[{"http param":{"a":"Login","m":"index"}}]]
[2016-04-19 14:43:24][runtime:1.3769][format:json][[{"http param":{"a":"Login","m":"index"}}]]
[2016-04-19 14:43:24][runtime:1.4660][format:json][[{"http param":{"a":"Login","m":"index"}}]]
[2016-04-19 14:43:24][runtime:1.4319][format:json][[{"http param":{"a":"Login","m":"index"}}]]
[2016-04-19 14:43:24][runtime:1.3409][format:json][[{"http param":{"a":"Login","m":"index"}}]]
[2016-04-19 14:43:24][runtime:1.6780][format:json][[{"http param":{"a":"Login","m":"index"}}]]
[2016-04-19 14:43:24][runtime:2.0671][format:json][[{"http param":{"a":"Login","m":"index"}}]]
[2016-04-19 14:43:24][runtime:1.6339][format:json][[{"http param":{"a":"Login","m":"index"}}]]
[2016-04-19 14:43:24][runtime:1.4980][format:json][[{"http param":{"a":"Login","m":"index"}}]]
[2016-04-19 14:43:24][runtime:1.6110][format:json][[{"http param":{"a":"Login","m":"index"}}]]
[2016-04-19 14:43:24][runtime:1.5540][format:json][[{"http param":{"a":"Login","m":"index"}}]]
[2016-04-19 14:43:29][runtime:1.4780][format:json][[{"http param":{"a":"Login","m":"index"}}]]
[2016-04-19 14:43:29][runtime:1.3850][format:json][[{"http param":{"a":"Login","m":"index"}}]]
[2016-04-19 14:43:29][runtime:1.6000][format:json][[{"http param":{"a":"Login","m":"index"}}]]
[2016-04-19 14:43:29][runtime:1.3211][format:json][[{"http param":{"a":"Login","m":"index"}}]]
[2016-04-19 14:43:30][runtime:1.3731][format:json][[{"http param":{"a":"Login","m":"index"}}]]
[2016-04-19 14:43:30][runtime:1.8351][format:json][[{"http param":{"a":"Login","m":"index"}}]]
[2016-04-19 14:43:30][runtime:1.3320][format:json][[{"http param":{"a":"Login","m":"index"}}]]
[2016-04-19 14:43:30][runtime:1.3978][format:json][[{"http param":{"a":"Login","m":"index"}}]]
[2016-04-19 14:43:30][runtime:1.3702][format:json][[{"http param":{"a":"Login","m":"index"}}]]
[2016-04-19 14:43:30][runtime:1.3571][format:json][[{"http param":{"a":"Login","m":"index"}}]]
[2016-04-19 14:43:30][runtime:1.3909][format:json][[{"http param":{"a":"Login","m":"index"}}]]
[2016-04-19 14:43:30][runtime:1.5931][format:json][[{"http param":{"a":"Login","m":"index"}}]]
[2016-04-19 14:43:30][runtime:1.4832][format:json][[{"http param":{"a":"Login","m":"index"}}]]
[2016-04-19 14:43:30][runtime:1.4699][format:json][[{"http param":{"a":"Login","m":"index"}}]]
[2016-04-19 14:43:30][runtime:1.3990][format:json][[{"http param":{"a":"Login","m":"index"}}]]
[2016-04-19 14:43:30][runtime:2.0359][format:json][[{"http param":{"a":"Login","m":"index"}}]]
[2016-04-19 14:43:30][runtime:1.3051][format:json][[{"http param":{"a":"Login","m":"index"}}]]
[2016-04-19 14:43:30][runtime:1.4751][format:json][[{"http param":{"a":"Login","m":"index"}}]]
[2016-04-19 14:43:30][runtime:1.3599][format:json][[{"http param":{"a":"Login","m":"index"}}]]
[2016-04-19 14:43:30][runtime:1.5192][format:json][[{"http param":{"a":"Login","m":"index"}}]]
[2016-04-19 14:43:30][runtime:1.4269][format:json][[{"http param":{"a":"Login","m":"index"}}]]
[2016-04-19 14:43:30][runtime:40.2968][format:json][[{"http param":[]}]]
[2016-04-19 14:43:30][runtime:1.4791][format:json][[{"http param":{"a":"Login","m":"index"}}]]
[2016-04-19 14:43:30][runtime:1.7490][format:json][[{"http param":{"a":"Login","m":"index"}}]]
[2016-04-19 14:43:30][runtime:1.4920][format:json][[{"http param":{"a":"Login","m":"index"}}]]
[2016-04-19 14:43:30][runtime:1.3430][format:json][[{"http param":{"a":"Login","m":"index"}}]]
[2016-04-19 14:43:30][runtime:1.3590][format:json][[{"http param":{"a":"Login","m":"index"}}]]
[2016-04-19 14:43:31][runtime:1.4250][format:json][[{"http param":{"a":"Login","m":"index"}}]]
[2016-04-19 14:43:31][runtime:1.4250][format:json][[{"http param":{"a":"Login","m":"index"}}]]
[2016-04-19 14:43:31][runtime:1.3459][format:json][[{"http param":{"a":"Login","m":"index"}}]]
[2016-04-19 14:43:31][runtime:1.4250][format:json][[{"http param":{"a":"Login","m":"index"}}]]
[2016-04-19 14:43:31][runtime:1.4040][format:json][[{"http param":{"a":"Login","m":"index"}}]]
[2016-04-19 14:43:31][runtime:1.4970][format:json][[{"http param":{"a":"Login","m":"index"}}]]
[2016-04-19 14:43:31][runtime:1.4431][format:json][[{"http param":{"a":"Login","m":"index"}}]]
[2016-04-19 14:43:31][runtime:1.3740][format:json][[{"http param":{"a":"Login","m":"index"}}]]
[2016-04-19 14:43:31][runtime:1.4050][format:json][[{"http param":{"a":"Login","m":"index"}}]]
[2016-04-19 14:43:31][runtime:1.4250][format:json][[{"http param":{"a":"Login","m":"index"}}]]
[2016-04-19 14:43:31][runtime:1.4222][format:json][[{"http param":{"a":"Login","m":"index"}}]]
[2016-04-19 14:43:31][runtime:1.4272][format:json][[{"http param":{"a":"Login","m":"index"}}]]
[2016-04-19 14:43:31][runtime:1.4081][format:json][[{"http param":{"a":"Login","m":"index"}}]]
[2016-04-19 14:43:31][runtime:1.7550][format:json][[{"http param":{"a":"Login","m":"index"}}]]
[2016-04-19 14:43:31][runtime:1.3959][format:json][[{"http param":{"a":"Login","m":"index"}}]]
[2016-04-19 14:44:01][runtime:1.4908][format:json][[{"http param":{"a":"Login","m":"index"}}]]
[2016-04-19 14:44:01][runtime:1.5452][format:json][[{"http param":{"a":"Login","m":"index"}}]]
[2016-04-19 14:44:01][runtime:1.4241][format:json][[{"http param":{"a":"Login","m":"index"}}]]
[2016-04-19 14:44:01][runtime:1.4141][format:json][[{"http param":{"a":"Login","m":"index"}}]]
[2016-04-19 14:44:01][runtime:1.4219][format:json][[{"http param":{"a":"Login","m":"index"}}]]
[2016-04-19 14:44:01][runtime:1.4961][format:json][[{"http param":{"a":"Login","m":"index"}}]]
[2016-04-19 14:44:01][runtime:1.4369][format:json][[{"http param":{"a":"Login","m":"index"}}]]
[2016-04-19 14:44:02][runtime:1.3740][format:json][[{"http param":{"a":"Login","m":"index"}}]]
[2016-04-19 14:44:02][runtime:1.3452][format:json][[{"http param":{"a":"Login","m":"index"}}]]
[2016-04-19 14:44:02][runtime:1.8511][format:json][[{"http param":{"a":"Login","m":"index"}}]]
[2016-04-19 14:44:02][runtime:1.4009][format:json][[{"http param":{"a":"Login","m":"index"}}]]
[2016-04-19 14:44:02][runtime:1.4930][format:json][[{"http param":{"a":"Login","m":"index"}}]]
[2016-04-19 14:44:02][runtime:1.4241][format:json][[{"http param":{"a":"Login","m":"index"}}]]
[2016-04-19 14:44:02][runtime:1.4350][format:json][[{"http param":{"a":"Login","m":"index"}}]]
[2016-04-19 14:44:02][runtime:1.4000][format:json][[{"http param":{"a":"Login","m":"index"}}]]
[2016-04-19 14:44:02][runtime:1.6949][format:json][[{"http param":{"a":"Login","m":"index"}}]]
[2016-04-19 14:44:02][runtime:1.6351][format:json][[{"http param":{"a":"Login","m":"index"}}]]
[2016-04-19 14:44:02][runtime:1.4009][format:json][[{"http param":{"a":"Login","m":"index"}}]]
[2016-04-19 14:44:02][runtime:2.1741][format:json][[{"http param":{"a":"Login","m":"index"}}]]
[2016-04-19 14:44:02][runtime:1.4331][format:json][[{"http param":{"a":"Login","m":"index"}}]]
[2016-04-19 14:44:02][runtime:1.4081][format:json][[{"http param":{"a":"Login","m":"index"}}]]
[2016-04-19 14:45:07][runtime:968.6918][format:json][[{"http param":[]}]]
[2016-04-19 14:45:13][runtime:114.6359][format:json][[{"http param":{"s":"04-19"}}]]
[2016-04-19 14:45:16][runtime:43.5379][format:json][[{"http param":{"logfile":"E:\\www\\yhsci\\htdocs\\yhsci\\WebLog/../../../myfolder/log\\web\\APP_PLATE\\sys\\2016\\04-19\\14-sys.log"}}]]
[2016-04-19 14:48:09][runtime:1.4801][format:json][[{"http param":{"a":"Login","m":"index"}}]]
[2016-04-19 14:48:09][runtime:3.4599][format:json][[{"http param":{"a":"Login","m":"login"}}]]
[2016-04-19 14:48:09][runtime:67.7910][format:json][[{"http param":{"a":"Login","m":"verify"}}]]
[2016-04-19 14:51:55][runtime:4.9880][format:json][[{"http param":{"a":"Login","m":"verify","1461048715691":""}}]]
[2016-04-19 14:57:13][runtime:2.9449][format:json][[{"http param":{"a":"Login","m":"index"}}]]
[2016-04-19 14:57:14][runtime:1.8079][format:json][[{"http param":{"t":"1461049033","a":"login","m":"verify"}}]]
[2016-04-19 14:57:14][runtime:6.7432][format:json][[{"http param":{"a":"Login","m":"index"}}]]
[2016-04-19 14:57:27][runtime:4.1950][format:json][[{"http param":{"a":"Login","m":"verify","t":"1461049047905"}}]]
[2016-04-19 14:57:32][runtime:2.7890][format:json][[{"http param":{"a":"login","m":"doLogin","admin_name":"hezq","admin_pwd":"hezqtest","seccode":"6pu"}}]]
[2016-04-19 14:57:32][runtime:8.6582][format:json][[{"http param":{"a":"Login","m":"verify","t":"1461049052717"}}]]
[2016-04-19 14:57:36][runtime:1.3502][format:json][[{"http param":{"a":"login","m":"doLogin","admin_name":"hezq","admin_pwd":"hezqtest","seccode":"6pu"}}]]
[2016-04-19 14:57:36][runtime:4.0460][format:json][[{"http param":{"a":"Login","m":"verify","t":"1461049056336"}}]]
[2016-04-19 14:57:41][runtime:1.3599][format:json][[{"http param":{"a":"login","m":"doLogin","admin_name":"hezq","admin_pwd":"hezqtest","seccode":"eus"}}]]
[2016-04-19 14:57:41][runtime:4.0479][format:json][[{"http param":{"a":"Login","m":"verify","t":"1461049061299"}}]]
[2016-04-19 14:57:48][runtime:1.3909][format:json][[{"http param":{"a":"login","m":"doLogin","admin_name":"hezq","admin_pwd":"hezqtest","seccode":"eus"}}]]
[2016-04-19 14:57:48][runtime:4.4770][format:json][[{"http param":{"a":"Login","m":"verify","t":"1461049068597"}}]]
[2016-04-19 14:57:50][runtime:1.3440][format:json][[{"http param":{"a":"login","m":"doLogin","admin_name":"hezq","admin_pwd":"hezqtest","seccode":"eus"}}]]
[2016-04-19 14:57:50][runtime:4.1969][format:json][[{"http param":{"a":"Login","m":"verify","t":"1461049070076"}}]]
[2016-04-19 14:57:51][runtime:2.2359][format:json][[{"http param":{"a":"login","m":"doLogin","admin_name":"hezq","admin_pwd":"hezqtest","seccode":"eus"}}]]
[2016-04-19 14:57:51][runtime:8.2409][format:json][[{"http param":{"a":"Login","m":"verify","t":"1461049071095"}}]]
[2016-04-19 14:57:51][runtime:1.5030][format:json][[{"http param":{"a":"login","m":"doLogin","admin_name":"hezq","admin_pwd":"hezqtest","seccode":"eus"}}]]
[2016-04-19 14:57:51][runtime:4.1881][format:json][[{"http param":{"a":"Login","m":"verify","t":"1461049071915"}}]]
[2016-04-19 14:58:37][runtime:8.1670][format:json][[{"http param":{"a":"Login","m":"index"}}]]
[2016-04-19 14:58:37][runtime:2.3210][format:json][[{"http param":{"t":"1461049117","a":"login","m":"verify"}}]]
[2016-04-19 14:58:37][runtime:3.3529][format:json][[{"http param":{"a":"Login","m":"index"}}]]
[2016-04-19 14:58:41][runtime:3.7179][format:json][[{"http param":{"a":"Login","m":"index"}}]]
[2016-04-19 14:58:41][runtime:1.3771][format:json][[{"http param":{"t":"1461049121","a":"login","m":"verify"}}]]
[2016-04-19 14:58:41][runtime:3.6080][format:json][[{"http param":{"a":"Login","m":"index"}}]]
[2016-04-19 14:58:43][runtime:4.3051][format:json][[{"http param":{"a":"Login","m":"verify","t":"1461049123395"}}]]
[2016-04-19 14:58:46][runtime:3.0379][format:json][[{"http param":{"a":"Login","m":"index"}}]]
[2016-04-19 14:58:46][runtime:1.8520][format:json][[{"http param":{"t":"1461049126","a":"login","m":"verify"}}]]
[2016-04-19 14:58:46][runtime:4.2510][format:json][[{"http param":{"a":"Login","m":"index"}}]]
[2016-04-19 14:58:51][runtime:4.4181][format:json][[{"http param":{"a":"Login","m":"verify","t":"1461049130978"}}]]
[2016-04-19 14:58:54][runtime:3.9048][format:json][[{"http param":{"a":"Login","m":"verify","t":"1461049134790"}}]]
[2016-04-19 14:59:48][runtime:1.9269][format:json][[{"http param":{"a":"login","m":"doLogin","admin_name":"hezq","admin_pwd":"hezq","seccode":"463"}}]]
[2016-04-19 14:59:48][runtime:3.9210][format:json][[{"http param":{"a":"Login","m":"verify","t":"1461049188652"}}]]
[2016-04-19 14:59:50][runtime:1.2112][format:json][[{"http param":{"a":"login","m":"doLogin","admin_name":"hezq","admin_pwd":"hezq","seccode":"463"}}]]
[2016-04-19 14:59:50][runtime:4.0300][format:json][[{"http param":{"a":"Login","m":"verify","t":"1461049190430"}}]]
[2016-04-19 14:59:51][runtime:1.0989][format:json][[{"http param":{"a":"login","m":"doLogin","admin_name":"hezq","admin_pwd":"hezq","seccode":"463"}}]]
[2016-04-19 14:59:51][runtime:3.9380][format:json][[{"http param":{"a":"Login","m":"verify","t":"1461049191259"}}]]
[2016-04-19 14:59:52][runtime:1.0390][format:json][[{"http param":{"a":"login","m":"doLogin","admin_name":"hezq","admin_pwd":"hezq","seccode":"463"}}]]
[2016-04-19 14:59:52][runtime:3.8850][format:json][[{"http param":{"a":"Login","m":"verify","t":"1461049192039"}}]]
[2016-04-19 14:59:52][runtime:1.2450][format:json][[{"http param":{"a":"login","m":"doLogin","admin_name":"hezq","admin_pwd":"hezq","seccode":"463"}}]]
[2016-04-19 14:59:52][runtime:3.7761][format:json][[{"http param":{"a":"Login","m":"verify","t":"1461049192870"}}]]
[2016-04-19 14:59:53][runtime:1.0369][format:json][[{"http param":{"a":"login","m":"doLogin","admin_name":"hezq","admin_pwd":"hezq","seccode":"463"}}]]
[2016-04-19 14:59:53][runtime:3.8710][format:json][[{"http param":{"a":"Login","m":"verify","t":"1461049193663"}}]]
[2016-04-19 14:59:54][runtime:1.1721][format:json][[{"http param":{"a":"login","m":"doLogin","admin_name":"hezq","admin_pwd":"hezq","seccode":"463"}}]]
[2016-04-19 14:59:54][runtime:3.9139][format:json][[{"http param":{"a":"Login","m":"verify","t":"1461049194366"}}]]
[2016-04-19 14:59:54][runtime:1.2400][format:json][[{"http param":{"a":"login","m":"doLogin","admin_name":"hezq","admin_pwd":"hezq","seccode":"463"}}]]
[2016-04-19 14:59:55][runtime:3.9110][format:json][[{"http param":{"a":"Login","m":"verify","t":"1461049194982"}}]]
[2016-04-19 14:59:55][runtime:1.0669][format:json][[{"http param":{"a":"login","m":"doLogin","admin_name":"hezq","admin_pwd":"hezq","seccode":"463"}}]]
[2016-04-19 14:59:55][runtime:3.7329][format:json][[{"http param":{"a":"Login","m":"verify","t":"1461049195661"}}]]
