[2016-04-19 15:00:30][runtime:1.1609][format:json][[{"http param":{"a":"login","m":"doLogin","admin_name":"hezq","admin_pwd":"hezq","seccode":"463"}}]]
[2016-04-19 15:00:30][runtime:3.8829][format:json][[{"http param":{"a":"Login","m":"verify","t":"1461049230582"}}]]
[2016-04-19 15:00:32][runtime:3.0649][format:json][[{"http param":{"a":"Login","m":"index"}}]]
[2016-04-19 15:00:33][runtime:1.4651][format:json][[{"http param":{"t":"1461049232","a":"login","m":"verify"}}]]
[2016-04-19 15:00:33][runtime:5.3859][format:json][[{"http param":{"a":"Login","m":"index"}}]]
[2016-04-19 15:00:37][runtime:1.3280][format:json][[{"http param":[]}]]
[2016-04-19 15:00:37][runtime:1.5590][format:json][[{"http param":{"a":"Login","m":"login"}}]]
[2016-04-19 15:00:37][runtime:3.3479][format:json][[{"http param":{"a":"Login","m":"verify"}}]]
[2016-04-19 15:00:47][runtime:1.1151][format:json][[{"http param":{"a":"Login","m":"doLogin","admin_name":"hezq","admin_pwd":"hezqtest","seccode":"a6i"}}]]
[2016-04-19 15:00:49][runtime:3.5369][format:json][[{"http param":{"a":"Login","m":"verify","1461049247715":""}}]]
[2016-04-19 15:00:57][runtime:1.1170][format:json][[{"http param":{"a":"Login","m":"doLogin","admin_name":"hezq","admin_pwd":"hezqtest","seccode":"a6i"}}]]
[2016-04-19 15:01:00][runtime:3.4258][format:json][[{"http param":{"a":"Login","m":"verify","1461049257186":""}}]]
[2016-04-19 15:01:06][runtime:1.0581][format:json][[{"http param":{"a":"Login","m":"doLogin","admin_name":"hezq","admin_pwd":"hezqtest","seccode":"q93"}}]]
[2016-04-19 15:01:08][runtime:3.6321][format:json][[{"http param":{"a":"Login","m":"verify","1461049266411":""}}]]
[2016-04-19 15:01:21][runtime:1.0948][format:json][[{"http param":{"a":"Login","m":"doLogin","admin_name":"hezq","admin_pwd":"testhezq","seccode":"435"}}]]
[2016-04-19 15:01:21][runtime:2.4030][format:json][[{"http param":{"a":"Index","m":"index"}}]]
[2016-04-19 15:01:21][runtime:2.1579][format:json][[{"http param":{"a":"Menu","m":"left"}}]]
[2016-04-19 15:01:21][runtime:3.7670][format:json][[{"http param":{"a":"Index","m":"welcome"}}]]
[2016-04-19 15:01:33][runtime:8.1670][format:json][[{"http param":{"news_type":"1","a":"WxMaterialNews","m":"add"}}]]
[2016-04-19 15:01:39][runtime:557.3912][format:json][[{"http param":{"a":"WxMaterialNews","m":"index"}}]]
[2016-04-19 15:01:42][runtime:556.3529][format:json][[{"http param":{"a":"WxCustomMenu","m":"index"}}]]
[2016-04-19 15:01:52][runtime:2269.1300][format:json][[{"http param":{"a":"WxCustomMenu","m":"synchronousMenu","is_thread":"0"}}]]
[2016-04-19 15:03:21][runtime:2.7540][format:json][[{"http param":{"a":"Login","m":"loginout"}}]]
[2016-04-19 15:03:21][runtime:2.0540][format:json][[{"http param":{"t":"1461049401","a":"login","m":"verify"}}]]
[2016-04-19 15:03:21][runtime:4.5471][format:json][[{"http param":{"a":"Login","m":"index"}}]]
[2016-04-19 15:03:27][runtime:5.4872][format:json][[{"http param":{"a":"Login","m":"verify","t":"1461049407342"}}]]
[2016-04-19 15:03:43][runtime:3.4392][format:json][[{"http param":{"a":"Login","m":"index"}}]]
[2016-04-19 15:03:46][runtime:4.0300][format:json][[{"http param":{"a":"Login","m":"index"}}]]
[2016-04-19 15:03:58][runtime:1.7800][format:json][[{"http param":{"a":"login","m":"doLogin","admin_name":"hezq","admin_pwd":"testhezq","seccode":"9as"}}]]
[2016-04-19 15:03:58][runtime:3.5501][format:json][[{"http param":{"a":"Login","m":"verify","t":"1461049438541"}}]]
[2016-04-19 15:08:01][runtime:1.3149][format:json][[{"http param":{"a":"Login","m":"loginout"}}]]
[2016-04-19 15:08:01][runtime:3.0332][format:json][[{"http param":{"a":"Login","m":"index"}}]]
[2016-04-19 15:08:01][runtime:2.3711][format:json][[{"http param":{"a":"Login","m":"index"}}]]
[2016-04-19 15:08:01][runtime:2.5930][format:json][[{"http param":{"t":"1461049681","a":"login","m":"verify"}}]]
[2016-04-19 15:08:02][runtime:3.4921][format:json][[{"http param":{"a":"Login","m":"index"}}]]
[2016-04-19 15:08:06][runtime:5.8439][format:json][[{"http param":{"a":"Login","m":"verify","t":"1461049686763"}}]]
[2016-04-19 15:08:15][runtime:1.4350][format:json][[{"http param":{"a":"Login","m":"doLogin","admin_name":"hezq","admin_pwd":"testhezq","seccode":"923"}}]]
[2016-04-19 15:10:54][runtime:4.0309][format:json][[{"http param":{"t":"1461049682","a":"login","m":"verify"}}]]
[2016-04-19 15:10:55][runtime:1.4350][format:json][[{"http param":{"a":"Login","m":"index"}}]]
[2016-04-19 15:10:55][runtime:11.4489][format:json][[{"http param":{"a":"Index","m":"index"}}]]
[2016-04-19 15:11:01][runtime:2.8560][format:json][[{"http param":{"a":"Login","m":"loginOut"}}]]
[2016-04-19 15:11:01][runtime:1.4040][format:json][[{"http param":{"t":"1461049861","a":"login","m":"verify"}}]]
[2016-04-19 15:11:01][runtime:3.5410][format:json][[{"http param":{"a":"Login","m":"index"}}]]
[2016-04-19 15:11:11][runtime:4.0948][format:json][[{"http param":{"a":"Login","m":"verify","t":"1461049871630"}}]]
[2016-04-19 15:11:16][runtime:1.4551][format:json][[{"http param":{"a":"Login","m":"doLogin","admin_name":"hezq","admin_pwd":"testhezq","seccode":"4r7"}}]]
[2016-04-19 15:11:16][runtime:5.1010][format:json][[{"http param":{"a":"Index","m":"index"}}]]
[2016-04-19 15:11:24][runtime:528.2571][format:json][[{"http param":{"a":"WxMaterialNews","m":"index"}}]]
[2016-04-19 15:11:32][runtime:560.1358][format:json][[{"http param":{"a":"WxCustomMenu","m":"index"}}]]
[2016-04-19 15:11:34][runtime:259.1932][format:json][[{"http param":{"a":"ZgykdxEvaluating","m":"index"}}]]
