[2016-03-29 17:35:14][localhost][yhsci][sql][runtime:1090.6298160553] connect db
[2016-03-29 17:35:14][localhost][yhsci][sql][runtime:45.0661] SELECT COUNT(*) FROM wx_material WHERE type = 'news'
[2016-03-29 17:35:14][localhost][yhsci][error][runtime:45.0661] query error : Table 'yhsci.wx_material' doesn't exist
  sql : SELECT COUNT(*) FROM wx_material WHERE type = 'news'
[2016-03-29 17:35:32][localhost][yhsci][sql][runtime:1008.7199211121] connect db
[2016-03-29 17:35:32][localhost][yhsci][sql][runtime:40.2060] SELECT * FROM wx_custom_menu WHERE 1=1  order by `order` asc 
[2016-03-29 17:35:32][localhost][yhsci][error][runtime:40.2060] query error : Table 'yhsci.wx_custom_menu' doesn't exist
  sql : SELECT * FROM wx_custom_menu WHERE 1=1  order by `order` asc 
[2016-03-29 17:35:32][localhost][yhsci][sql][runtime:0.3259] SELECT set_value   FROM wx_ent_setting WHERE ent_id= 1 and set_key='custom_menu_last_synchronous_time'
[2016-03-29 17:35:32][localhost][yhsci][error][runtime:0.3259] query error : Table 'yhsci.wx_ent_setting' doesn't exist
  sql : SELECT set_value   FROM wx_ent_setting WHERE ent_id= 1 and set_key='custom_menu_last_synchronous_time'
[2016-03-29 17:35:32][localhost][yhsci][sql][runtime:0.4230] SELECT set_value   FROM wx_ent_setting WHERE ent_id= 1 and set_key='custom_menu_last_update_time'
[2016-03-29 17:35:32][localhost][yhsci][error][runtime:0.4230] query error : Table 'yhsci.wx_ent_setting' doesn't exist
  sql : SELECT set_value   FROM wx_ent_setting WHERE ent_id= 1 and set_key='custom_menu_last_update_time'
[2016-03-29 17:35:36][localhost][yhsci][sql][runtime:1002.3119449615] connect db
[2016-03-29 17:35:36][localhost][yhsci][sql][runtime:0.2820] SELECT * FROM wx_custom_menu WHERE 1=1  and parent = 0 
[2016-03-29 17:35:36][localhost][yhsci][error][runtime:0.2820] query error : Table 'yhsci.wx_custom_menu' doesn't exist
  sql : SELECT * FROM wx_custom_menu WHERE 1=1  and parent = 0 
[2016-03-29 17:41:56][localhost][yhsci][sql][runtime:1009.4079971313] connect db
[2016-03-29 17:41:56][localhost][yhsci][sql][runtime:0.4411] SELECT * FROM wx_custom_menu WHERE 1=1  order by `order` asc 
[2016-03-29 17:41:56][localhost][yhsci][sql][runtime:0.2618] SELECT * FROM wx_material WHERE id = 1
[2016-03-29 17:41:56][localhost][yhsci][sql][runtime:0.3150] SELECT set_value   FROM wx_ent_setting WHERE ent_id= 1 and set_key='custom_menu_last_synchronous_time'
[2016-03-29 17:41:56][localhost][yhsci][sql][runtime:0.2511] SELECT set_value   FROM wx_ent_setting WHERE ent_id= 1 and set_key='custom_menu_last_update_time'
[2016-03-29 17:42:04][localhost][yhsci][sql][runtime:1002.8178691864] connect db
[2016-03-29 17:42:04][localhost][yhsci][sql][runtime:0.4981] SELECT * FROM wx_custom_menu WHERE 1=1  order by `order` asc 
[2016-03-29 17:42:04][localhost][yhsci][sql][runtime:0.2360] SELECT * FROM wx_material WHERE id = 1
[2016-03-29 17:42:04][localhost][yhsci][sql][runtime:0.3300] SELECT set_value   FROM wx_ent_setting WHERE ent_id= 1 and set_key='custom_menu_last_synchronous_time'
[2016-03-29 17:42:04][localhost][yhsci][sql][runtime:0.3700] SELECT set_value   FROM wx_ent_setting WHERE ent_id= 1 and set_key='custom_menu_last_update_time'
[2016-03-29 17:42:15][localhost][yhsci][sql][runtime:1002.6540756226] connect db
[2016-03-29 17:42:15][localhost][yhsci][sql][runtime:0.3550] SELECT * FROM wx_custom_menu WHERE 1=1  order by `order` asc 
[2016-03-29 17:42:15][localhost][yhsci][sql][runtime:0.3741] SELECT set_value   FROM wx_ent_setting WHERE ent_id= 1 and set_key='custom_menu_last_synchronous_time'
[2016-03-29 17:42:15][localhost][yhsci][sql][runtime:0.3691] SELECT set_value   FROM wx_ent_setting WHERE ent_id= 1 and set_key='custom_menu_last_update_time'
[2016-03-29 17:42:18][localhost][yhsci][sql][runtime:1006.4990520477] connect db
[2016-03-29 17:42:18][localhost][yhsci][sql][runtime:0.2759] SELECT * FROM wx_custom_menu WHERE 1=1  and parent = 0 
[2016-03-29 17:46:25][localhost][yhsci][sql][runtime:1002.6009082794] connect db
[2016-03-29 17:46:25][localhost][yhsci][sql][runtime:0.2580] select count(*) from wx_custom_menu  where 1=1  and  `parent`= 0 
[2016-03-29 17:46:25][localhost][yhsci][sql][runtime:0.2851] INSERT INTO `wx_custom_menu`  (`content`,`msg_type`,`name`,`order`,`parent`,`type`,`material_id`,`use_oauth`,`create_time`,`last_update_time`) VALUES ('这是菜单1','text','menu01',1,0,1,-1,0,'2016-03-29 17:46:25','2016-03-29 17:46:25')
[2016-03-29 17:46:25][localhost][yhsci][sql][runtime:0.3121] select * from  wx_ent_setting where ent_id=1 and set_key='custom_menu_last_update_time'
[2016-03-29 17:46:25][localhost][yhsci][sql][runtime:34.1210] UPDATE `wx_ent_setting` SET `set_value` = '2016-03-29 17:46:25' WHERE   ent_id=1 and set_key='custom_menu_last_update_time' 
[2016-03-29 17:46:27][localhost][yhsci][sql][runtime:1002.867937088] connect db
[2016-03-29 17:46:27][localhost][yhsci][sql][runtime:0.3068] SELECT * FROM wx_custom_menu WHERE 1=1  order by `order` asc 
[2016-03-29 17:48:30][localhost][yhsci][sql][runtime:1002.9859542847] connect db
[2016-03-29 17:48:30][localhost][yhsci][sql][runtime:0.3710] SELECT * FROM wx_custom_menu WHERE 1=1  order by `order` asc 
[2016-03-29 17:48:30][localhost][yhsci][sql][runtime:0.3381] SELECT set_value   FROM wx_ent_setting WHERE ent_id= 1 and set_key='custom_menu_last_synchronous_time'
[2016-03-29 17:48:30][localhost][yhsci][sql][runtime:0.4129] SELECT set_value   FROM wx_ent_setting WHERE ent_id= 1 and set_key='custom_menu_last_update_time'
[2016-03-29 17:48:34][localhost][yhsci][sql][runtime:1003.7062168121] connect db
[2016-03-29 17:48:34][localhost][yhsci][sql][runtime:0.3271] SELECT * FROM wx_custom_menu WHERE 1=1  and parent = 0 
[2016-03-29 17:48:50][localhost][yhsci][sql][runtime:1003.0980110168] connect db
[2016-03-29 17:48:50][localhost][yhsci][sql][runtime:0.2949] select count(*) from wx_custom_menu  where 1=1  and  `parent`= 0 
[2016-03-29 17:48:50][localhost][yhsci][sql][runtime:0.3579] INSERT INTO `wx_custom_menu`  (`content`,`msg_type`,`name`,`order`,`parent`,`type`,`material_id`,`use_oauth`,`create_time`,`last_update_time`) VALUES ('澧','text','菜单二',2,0,1,-1,0,'2016-03-29 17:48:50','2016-03-29 17:48:50')
[2016-03-29 17:48:50][localhost][yhsci][sql][runtime:0.3700] select * from  wx_ent_setting where ent_id=1 and set_key='custom_menu_last_update_time'
[2016-03-29 17:48:50][localhost][yhsci][sql][runtime:0.2999] UPDATE `wx_ent_setting` SET `set_value` = '2016-03-29 17:48:50' WHERE   ent_id=1 and set_key='custom_menu_last_update_time' 
[2016-03-29 17:48:52][localhost][yhsci][sql][runtime:1003.319978714] connect db
[2016-03-29 17:48:52][localhost][yhsci][sql][runtime:0.3719] SELECT * FROM wx_custom_menu WHERE 1=1  order by `order` asc 
[2016-03-29 17:48:52][localhost][yhsci][sql][runtime:0.2730] SELECT set_value   FROM wx_ent_setting WHERE ent_id= 1 and set_key='custom_menu_last_synchronous_time'
[2016-03-29 17:48:52][localhost][yhsci][sql][runtime:0.2320] SELECT set_value   FROM wx_ent_setting WHERE ent_id= 1 and set_key='custom_menu_last_update_time'
[2016-03-29 17:48:55][localhost][yhsci][sql][runtime:1004.6629905701] connect db
[2016-03-29 17:48:55][localhost][yhsci][sql][runtime:0.3228] SELECT * FROM wx_custom_menu WHERE 1=1  and parent = 0 
[2016-03-29 17:49:13][localhost][yhsci][sql][runtime:1005.3949356079] connect db
[2016-03-29 17:49:13][localhost][yhsci][sql][runtime:36.1860] select count(*) from wx_custom_menu  where 1=1  and  `parent`= 17 
[2016-03-29 17:49:13][localhost][yhsci][sql][runtime:0.2501] INSERT INTO `wx_custom_menu`  (`url`,`name`,`order`,`parent`,`type`,`material_id`,`use_oauth`,`create_time`,`last_update_time`) VALUES ('http://www.baidu.com','外链',1,17,3,0,0,'2016-03-29 17:49:13','2016-03-29 17:49:13')
[2016-03-29 17:49:13][localhost][yhsci][sql][runtime:0.4680] select * from  wx_ent_setting where ent_id=1 and set_key='custom_menu_last_update_time'
[2016-03-29 17:49:13][localhost][yhsci][sql][runtime:0.3521] UPDATE `wx_ent_setting` SET `set_value` = '2016-03-29 17:49:13' WHERE   ent_id=1 and set_key='custom_menu_last_update_time' 
[2016-03-29 17:49:16][localhost][yhsci][sql][runtime:1002.809047699] connect db
[2016-03-29 17:49:16][localhost][yhsci][sql][runtime:0.4749] SELECT * FROM wx_custom_menu WHERE 1=1  order by `order` asc 
[2016-03-29 17:49:16][localhost][yhsci][sql][runtime:0.4001] SELECT set_value   FROM wx_ent_setting WHERE ent_id= 1 and set_key='custom_menu_last_synchronous_time'
[2016-03-29 17:49:16][localhost][yhsci][sql][runtime:0.4392] SELECT set_value   FROM wx_ent_setting WHERE ent_id= 1 and set_key='custom_menu_last_update_time'
[2016-03-29 17:49:19][localhost][yhsci][sql][runtime:1003.3957958221] connect db
[2016-03-29 17:49:19][localhost][yhsci][sql][runtime:0.4590] SELECT * FROM wx_custom_menu WHERE 1=1  and parent = 0 
[2016-03-29 17:49:23][localhost][yhsci][sql][runtime:1003.5879611969] connect db
[2016-03-29 17:49:23][localhost][yhsci][sql][runtime:0.2241] SELECT COUNT(*) FROM wx_material WHERE type = 'news'
[2016-03-29 17:56:54][localhost][yhsci][sql][runtime:1003.3280849457] connect db
[2016-03-29 17:56:54][localhost][yhsci][sql][runtime:0.3262] SELECT COUNT(*) FROM wx_material WHERE type = 'news'
[2016-03-29 17:57:30][localhost][yhsci][sql][runtime:1003.3600330353] connect db
[2016-03-29 17:57:30][localhost][yhsci][sql][runtime:0.2201] SELECT COUNT(*) FROM wx_material WHERE type = 'news'
[2016-03-29 18:01:28][localhost][yhsci][sql][runtime:1017.215013504] connect db
[2016-03-29 18:01:28][localhost][yhsci][sql][runtime:0.9141] SELECT COUNT(*) FROM wx_material WHERE type = 'news'
[2016-03-29 18:05:42][localhost][yhsci][sql][runtime:1003.2699108124] connect db
[2016-03-29 18:05:42][localhost][yhsci][sql][runtime:0.3059] SELECT COUNT(*) FROM wx_material WHERE type = 'news'
