[2016-03-30 15:26:46][localhost][yhsci][sql][runtime:1014.9810314178] connect db
[2016-03-30 15:26:46][localhost][yhsci][sql][runtime:27.5211] SELECT SQL_CALC_FOUND_ROWS u.*  FROM `yh_wed` u  WHERE 1   ORDER BY u.create_time DESC  LIMIT 0,10
[2016-03-30 15:26:46][localhost][yhsci][sql][runtime:58.1758] SELECT FOUND_ROWS()
[2016-03-30 15:27:01][localhost][yhsci][sql][runtime:1003.6778450012] connect db
[2016-03-30 15:27:01][localhost][yhsci][sql][runtime:11.8299] SELECT COUNT(*) FROM wx_material WHERE type = 'news'
[2016-03-30 15:27:59][localhost][yhsci][sql][runtime:1004.0571689606] connect db
[2016-03-30 15:27:59][localhost][yhsci][sql][runtime:0.4551] SELECT COUNT(*) FROM wx_material WHERE type = 'news'
[2016-03-30 15:28:32][localhost][yhsci][sql][runtime:1004.1289329529] connect db
[2016-03-30 15:28:32][localhost][yhsci][sql][runtime:18.2841] INSERT INTO `wx_material`  (`articles`,`type`,`create_time`) VALUES ('a:1:{i:0;a:4:{s:5:\"title\";s:4:\"imya\";s:11:\"description\";s:12:\"jsiadofjwetq\";s:6:\"picurl\";s:72:\"http://wx.hysci.com.cn/yhsci/Common/weixin/upload/201603301528077754.jpg\";s:3:\"url\";s:20:\"http://www.baidu.com\";}}','news','2016-03-30 15:28:32')
[2016-03-30 15:28:32][localhost][yhsci][sql][runtime:20.8540] INSERT INTO `wx_material_news` (`material_id`, `news_index`, `title`, `description`, `picurl`, `url`, `news_text`, `create_time`) VALUES (7, '1', 'imya', 'jsiadofjwetq', 'http://wx.hysci.com.cn/yhsci/Common/weixin/upload/201603301528077754.jpg', 'http://www.baidu.com', '<p>asdfqkwjrtoqowut4oqjeajsdljfowq4qqt</p>', '2016-03-30 15:28:32')
[2016-03-30 15:28:32][localhost][yhsci][sql][runtime:0.4489] SELECT LAST_INSERT_ID()
[2016-03-30 15:28:34][localhost][yhsci][sql][runtime:1002.473115921] connect db
[2016-03-30 15:28:34][localhost][yhsci][sql][runtime:0.3650] SELECT COUNT(*) FROM wx_material WHERE type = 'news'
[2016-03-30 15:28:34][localhost][yhsci][sql][runtime:0.3958] SELECT * FROM wx_material WHERE 1 AND type = 'news'   ORDER BY `create_time` DESC, `id` DESC  limit 0,10 
[2016-03-30 15:28:34][localhost][yhsci][sql][runtime:39.5122] SELECT * FROM `wx_material_news` WHERE 1 AND material_id = 7 
[2016-03-30 15:28:41][localhost][yhsci][sql][runtime:1002.9268264771] connect db
[2016-03-30 15:28:41][localhost][yhsci][sql][runtime:43.7679] SELECT * FROM wx_custom_menu WHERE 1=1  order by `order` asc 
[2016-03-30 15:28:41][localhost][yhsci][sql][runtime:12.3980] SELECT set_value   FROM wx_ent_setting WHERE ent_id= 1 and set_key='custom_menu_last_synchronous_time'
[2016-03-30 15:28:41][localhost][yhsci][sql][runtime:0.6740] SELECT set_value   FROM wx_ent_setting WHERE ent_id= 1 and set_key='custom_menu_last_update_time'
[2016-03-30 15:28:44][localhost][yhsci][sql][runtime:1003.7200450897] connect db
[2016-03-30 15:28:44][localhost][yhsci][sql][runtime:0.7861] SELECT * FROM wx_custom_menu WHERE 1=1  and parent = 0 
[2016-03-30 15:29:06][localhost][yhsci][sql][runtime:1004.0879249573] connect db
[2016-03-30 15:29:06][localhost][yhsci][sql][runtime:0.6239] select count(*) from wx_custom_menu  where 1=1  and  `parent`= 17 
[2016-03-30 15:29:06][localhost][yhsci][sql][runtime:52.1710] INSERT INTO `wx_custom_menu`  (`content`,`msg_type`,`name`,`order`,`parent`,`type`,`material_id`,`use_oauth`,`create_time`,`last_update_time`) VALUES ('测试直接返回','text','直接返回',3,17,1,-1,0,'2016-03-30 15:29:06','2016-03-30 15:29:06')
[2016-03-30 15:29:06][localhost][yhsci][sql][runtime:0.8471] select * from  wx_ent_setting where ent_id=1 and set_key='custom_menu_last_update_time'
[2016-03-30 15:29:06][localhost][yhsci][sql][runtime:7.5738] UPDATE `wx_ent_setting` SET `set_value` = '2016-03-30 15:29:06' WHERE   ent_id=1 and set_key='custom_menu_last_update_time' 
[2016-03-30 15:29:08][localhost][yhsci][sql][runtime:1004.4560432434] connect db
[2016-03-30 15:29:08][localhost][yhsci][sql][runtime:0.9000] SELECT * FROM wx_custom_menu WHERE 1=1  order by `order` asc 
[2016-03-30 15:29:08][localhost][yhsci][sql][runtime:0.5500] SELECT set_value   FROM wx_ent_setting WHERE ent_id= 1 and set_key='custom_menu_last_synchronous_time'
[2016-03-30 15:29:08][localhost][yhsci][sql][runtime:0.4811] SELECT set_value   FROM wx_ent_setting WHERE ent_id= 1 and set_key='custom_menu_last_update_time'
[2016-03-30 15:29:13][localhost][yhsci][sql][runtime:1004.1389465332] connect db
[2016-03-30 15:29:13][localhost][yhsci][sql][runtime:0.6990] SELECT * FROM wx_custom_menu WHERE 1=1  and parent = 0 
[2016-03-30 15:29:28][localhost][yhsci][sql][runtime:1004.8551559448] connect db
[2016-03-30 15:29:28][localhost][yhsci][sql][runtime:0.5789] SELECT COUNT(*) FROM wx_material WHERE type = 'news'
[2016-03-30 15:29:28][localhost][yhsci][sql][runtime:0.6518] SELECT * FROM wx_material WHERE 1 AND type = 'news'   ORDER BY `create_time` DESC, `id` DESC  LIMIT 0,10 
[2016-03-30 15:29:28][localhost][yhsci][sql][runtime:0.9460] SELECT * FROM `wx_material_news` WHERE 1 AND material_id = 7 
[2016-03-30 15:29:35][localhost][yhsci][sql][runtime:1004.4159889221] connect db
[2016-03-30 15:29:35][localhost][yhsci][sql][runtime:37.8389] select count(*) from wx_custom_menu  where 1=1  and  `parent`= 18 
[2016-03-30 15:29:35][localhost][yhsci][sql][runtime:0.8430] SELECT * FROM wx_material WHERE id = 7
[2016-03-30 15:29:35][localhost][yhsci][sql][runtime:0.7858] SELECT * FROM `wx_material_news` WHERE `is_deleted` = 0 AND material_id = 7 
[2016-03-30 15:29:35][localhost][yhsci][sql][runtime:0.5279] INSERT INTO `wx_custom_menu`  (`msg_type`,`name`,`order`,`parent`,`type`,`material_id`,`use_oauth`,`create_time`,`last_update_time`) VALUES ('news','测试素材',23,18,1,7,0,'2016-03-30 15:29:35','2016-03-30 15:29:35')
[2016-03-30 15:29:35][localhost][yhsci][sql][runtime:0.5579] select * from  wx_ent_setting where ent_id=1 and set_key='custom_menu_last_update_time'
[2016-03-30 15:29:35][localhost][yhsci][sql][runtime:0.4990] UPDATE `wx_ent_setting` SET `set_value` = '2016-03-30 15:29:35' WHERE   ent_id=1 and set_key='custom_menu_last_update_time' 
[2016-03-30 15:29:37][localhost][yhsci][sql][runtime:1004.0349960327] connect db
[2016-03-30 15:29:37][localhost][yhsci][sql][runtime:0.7889] SELECT * FROM wx_custom_menu WHERE 1=1  order by `order` asc 
[2016-03-30 15:29:37][localhost][yhsci][sql][runtime:0.5929] SELECT * FROM wx_material WHERE id = 7
[2016-03-30 15:29:37][localhost][yhsci][sql][runtime:0.5131] SELECT * FROM `wx_material_news` WHERE `is_deleted` = 0 AND material_id = 7 
[2016-03-30 15:29:37][localhost][yhsci][sql][runtime:0.4780] SELECT set_value   FROM wx_ent_setting WHERE ent_id= 1 and set_key='custom_menu_last_synchronous_time'
[2016-03-30 15:29:37][localhost][yhsci][sql][runtime:0.4990] SELECT set_value   FROM wx_ent_setting WHERE ent_id= 1 and set_key='custom_menu_last_update_time'
[2016-03-30 15:30:18][localhost][yhsci][sql][runtime:1005.9781074524] connect db
[2016-03-30 15:30:18][localhost][yhsci][sql][runtime:0.8039] SELECT * FROM wx_custom_menu WHERE 1=1  and parent = 0 order by `order`  asc limit 0,3
[2016-03-30 15:30:18][localhost][yhsci][sql][runtime:1.0171] SELECT * FROM wx_custom_menu WHERE 1=1  and parent != 0  order by `order`  asc
[2016-03-30 15:30:18][localhost][yhsci][sql][runtime:0.6480] select * from  wx_ent_setting where ent_id=1 and set_key='custom_menu_last_synchronous_time'
[2016-03-30 15:30:18][localhost][yhsci][sql][runtime:0.5181] UPDATE `wx_ent_setting` SET `set_value` = '2016-03-30 15:30:18' WHERE   ent_id=1 and set_key='custom_menu_last_synchronous_time' 
[2016-03-30 15:30:20][localhost][yhsci][sql][runtime:1004.7237873077] connect db
[2016-03-30 15:30:20][localhost][yhsci][sql][runtime:0.8149] SELECT * FROM wx_custom_menu WHERE 1=1  order by `order` asc 
[2016-03-30 15:30:20][localhost][yhsci][sql][runtime:0.8142] SELECT * FROM wx_material WHERE id = 7
[2016-03-30 15:30:20][localhost][yhsci][sql][runtime:0.8140] SELECT * FROM `wx_material_news` WHERE `is_deleted` = 0 AND material_id = 7 
[2016-03-30 15:30:20][localhost][yhsci][sql][runtime:0.7508] SELECT set_value   FROM wx_ent_setting WHERE ent_id= 1 and set_key='custom_menu_last_synchronous_time'
[2016-03-30 15:30:20][localhost][yhsci][sql][runtime:0.6940] SELECT set_value   FROM wx_ent_setting WHERE ent_id= 1 and set_key='custom_menu_last_update_time'
[2016-03-30 17:06:53][qdm216841497.my3w.com][qdm216841497_db][error][runtime:97.1711] connect error！ mysqlnd cannot connect to MySQL 4.1+ using the old insecure authentication. Please use an administration tool to reset your password with the command SET PASSWORD = PASSWORD('your_existing_password'). This will store a new, and more secure, hash value in mysql.user. If this user is used in other scripts executed by PHP 5.2 or earlier you might need to remove the old-passwords flag from your my.cnf file
  sql : SELECT COUNT(*) FROM wx_material WHERE type = 'news'
[2016-03-30 17:06:58][qdm216841497.my3w.com][qdm216841497_db][error][runtime:71.7962] connect error！ mysqlnd cannot connect to MySQL 4.1+ using the old insecure authentication. Please use an administration tool to reset your password with the command SET PASSWORD = PASSWORD('your_existing_password'). This will store a new, and more secure, hash value in mysql.user. If this user is used in other scripts executed by PHP 5.2 or earlier you might need to remove the old-passwords flag from your my.cnf file
  sql : SELECT COUNT(*) FROM wx_material WHERE type = 'news'
[2016-03-30 17:54:54][qdm216841497.my3w.com][qdm216841497_db][error][runtime:72.0799] connect error！ mysqlnd cannot connect to MySQL 4.1+ using the old insecure authentication. Please use an administration tool to reset your password with the command SET PASSWORD = PASSWORD('your_existing_password'). This will store a new, and more secure, hash value in mysql.user. If this user is used in other scripts executed by PHP 5.2 or earlier you might need to remove the old-passwords flag from your my.cnf file
  sql : SELECT COUNT(*) FROM wx_material WHERE type = 'news'
[2016-03-30 17:54:57][qdm216841497.my3w.com][qdm216841497_db][error][runtime:69.9191] connect error！ mysqlnd cannot connect to MySQL 4.1+ using the old insecure authentication. Please use an administration tool to reset your password with the command SET PASSWORD = PASSWORD('your_existing_password'). This will store a new, and more secure, hash value in mysql.user. If this user is used in other scripts executed by PHP 5.2 or earlier you might need to remove the old-passwords flag from your my.cnf file
  sql : SELECT * FROM wx_custom_menu WHERE 1=1  order by `order` asc 
[2016-03-30 17:54:57][qdm216841497.my3w.com][qdm216841497_db][error][runtime:62.7320] connect error！ mysqlnd cannot connect to MySQL 4.1+ using the old insecure authentication. Please use an administration tool to reset your password with the command SET PASSWORD = PASSWORD('your_existing_password'). This will store a new, and more secure, hash value in mysql.user. If this user is used in other scripts executed by PHP 5.2 or earlier you might need to remove the old-passwords flag from your my.cnf file
  sql : SELECT set_value   FROM wx_ent_setting WHERE ent_id= 1 and set_key='custom_menu_last_synchronous_time'
[2016-03-30 17:54:58][qdm216841497.my3w.com][qdm216841497_db][error][runtime:56.6592] connect error！ mysqlnd cannot connect to MySQL 4.1+ using the old insecure authentication. Please use an administration tool to reset your password with the command SET PASSWORD = PASSWORD('your_existing_password'). This will store a new, and more secure, hash value in mysql.user. If this user is used in other scripts executed by PHP 5.2 or earlier you might need to remove the old-passwords flag from your my.cnf file
  sql : SELECT set_value   FROM wx_ent_setting WHERE ent_id= 1 and set_key='custom_menu_last_update_time'
[2016-03-30 17:54:59][qdm216841497.my3w.com][qdm216841497_db][error][runtime:75.7480] connect error！ mysqlnd cannot connect to MySQL 4.1+ using the old insecure authentication. Please use an administration tool to reset your password with the command SET PASSWORD = PASSWORD('your_existing_password'). This will store a new, and more secure, hash value in mysql.user. If this user is used in other scripts executed by PHP 5.2 or earlier you might need to remove the old-passwords flag from your my.cnf file
  sql : SELECT COUNT(*) FROM wx_material WHERE type = 'news'
[2016-03-30 18:26:12][qdm216841497.my3w.com][qdm216841497_db][error][runtime:72.9892] connect error！ mysqlnd cannot connect to MySQL 4.1+ using the old insecure authentication. Please use an administration tool to reset your password with the command SET PASSWORD = PASSWORD('your_existing_password'). This will store a new, and more secure, hash value in mysql.user. If this user is used in other scripts executed by PHP 5.2 or earlier you might need to remove the old-passwords flag from your my.cnf file
  sql : SELECT * FROM wx_custom_menu WHERE 1=1  order by `order` asc 
[2016-03-30 18:26:12][qdm216841497.my3w.com][qdm216841497_db][error][runtime:74.0879] connect error！ mysqlnd cannot connect to MySQL 4.1+ using the old insecure authentication. Please use an administration tool to reset your password with the command SET PASSWORD = PASSWORD('your_existing_password'). This will store a new, and more secure, hash value in mysql.user. If this user is used in other scripts executed by PHP 5.2 or earlier you might need to remove the old-passwords flag from your my.cnf file
  sql : SELECT set_value   FROM wx_ent_setting WHERE ent_id= 1 and set_key='custom_menu_last_synchronous_time'
[2016-03-30 18:26:12][qdm216841497.my3w.com][qdm216841497_db][error][runtime:57.5812] connect error！ mysqlnd cannot connect to MySQL 4.1+ using the old insecure authentication. Please use an administration tool to reset your password with the command SET PASSWORD = PASSWORD('your_existing_password'). This will store a new, and more secure, hash value in mysql.user. If this user is used in other scripts executed by PHP 5.2 or earlier you might need to remove the old-passwords flag from your my.cnf file
  sql : SELECT set_value   FROM wx_ent_setting WHERE ent_id= 1 and set_key='custom_menu_last_update_time'
[2016-03-30 18:30:45][qdm216841497.my3w.com][qdm216841497_db][sql][runtime:135.99109649658] connect db
[2016-03-30 18:30:45][qdm216841497.my3w.com][qdm216841497_db][sql][runtime:21.7910] SELECT * FROM wx_custom_menu WHERE 1=1  order by `order` asc 
[2016-03-30 18:30:45][qdm216841497.my3w.com][qdm216841497_db][sql][runtime:21.3969] SELECT * FROM wx_material WHERE id = 7
[2016-03-30 18:30:45][qdm216841497.my3w.com][qdm216841497_db][sql][runtime:21.7090] SELECT * FROM `wx_material_news` WHERE `is_deleted` = 0 AND material_id = 7 
[2016-03-30 18:30:45][qdm216841497.my3w.com][qdm216841497_db][sql][runtime:21.0140] SELECT set_value   FROM wx_ent_setting WHERE ent_id= 1 and set_key='custom_menu_last_synchronous_time'
[2016-03-30 18:30:45][qdm216841497.my3w.com][qdm216841497_db][sql][runtime:20.7641] SELECT set_value   FROM wx_ent_setting WHERE ent_id= 1 and set_key='custom_menu_last_update_time'
[2016-03-30 18:30:50][qdm216841497.my3w.com][qdm216841497_db][sql][runtime:102.36692428589] connect db
[2016-03-30 18:30:50][qdm216841497.my3w.com][qdm216841497_db][sql][runtime:19.5758] SELECT COUNT(*) FROM wx_material WHERE type = 'news'
[2016-03-30 18:30:50][qdm216841497.my3w.com][qdm216841497_db][sql][runtime:20.8280] SELECT * FROM wx_material WHERE 1 AND type = 'news'   ORDER BY `create_time` DESC, `id` DESC  limit 0,10 
[2016-03-30 18:30:50][qdm216841497.my3w.com][qdm216841497_db][sql][runtime:23.3889] SELECT * FROM `wx_material_news` WHERE 1 AND material_id = 7 
[2016-03-30 18:30:52][qdm216841497.my3w.com][qdm216841497_db][sql][runtime:120.04494667053] connect db
[2016-03-30 18:30:52][qdm216841497.my3w.com][qdm216841497_db][sql][runtime:24.7080] SELECT * FROM wx_material WHERE 1 AND id = 7 
[2016-03-30 18:30:52][qdm216841497.my3w.com][qdm216841497_db][sql][runtime:23.9210] SELECT * FROM `wx_material_news` WHERE 1 AND material_id = 7 
[2016-03-30 18:31:01][qdm216841497.my3w.com][qdm216841497_db][sql][runtime:98.603963851929] connect db
[2016-03-30 18:31:01][qdm216841497.my3w.com][qdm216841497_db][sql][runtime:19.1000]  SELECT `user` FROM wx_user WHERE `remark` = 'hzqjerish' 
[2016-03-30 18:31:01][qdm216841497.my3w.com][qdm216841497_db][error][runtime:19.1000] query error : Unknown column 'user' in 'field list'
  sql :  SELECT `user` FROM wx_user WHERE `remark` = 'hzqjerish' 
[2016-03-30 18:45:19][qdm216841497.my3w.com][qdm216841497_db][sql][runtime:106.44102096558] connect db
[2016-03-30 18:45:19][qdm216841497.my3w.com][qdm216841497_db][sql][runtime:20.2320]  SELECT `openid` FROM wx_user WHERE `remark` = 'hzqjerish' 
[2016-03-30 18:45:19][qdm216841497.my3w.com][qdm216841497_db][sql][runtime:20.0901]  SELECT `openid` FROM wx_user WHERE `nickname` = 'hzqjerish' 
