[2016-04-05 18:42:30][qdm216841497.my3w.com][qdm216841497_db][sql][runtime:121.6139793396] connect db
[2016-04-05 18:42:30][qdm216841497.my3w.com][qdm216841497_db][sql][runtime:18.5449] SELECT SQL_CALC_FOUND_ROWS * FROM `zgykdx_evaluating`  ORDER BY eval_id DESC LIMIT 0,
[2016-04-05 18:42:30][qdm216841497.my3w.com][qdm216841497_db][error][runtime:18.5449] query error : You have an error in your SQL syntax; check the manual that corresponds to your MySQL server version for the right syntax to use near '' at line 1
  sql : SELECT SQL_CALC_FOUND_ROWS * FROM `zgykdx_evaluating`  ORDER BY eval_id DESC LIMIT 0,
[2016-04-05 18:42:31][qdm216841497.my3w.com][qdm216841497_db][sql][runtime:115.59510231018] connect db
[2016-04-05 18:42:31][qdm216841497.my3w.com][qdm216841497_db][sql][runtime:23.4549] SELECT SQL_CALC_FOUND_ROWS * FROM `zgykdx_evaluating`  ORDER BY eval_id DESC LIMIT 0,
[2016-04-05 18:42:31][qdm216841497.my3w.com][qdm216841497_db][error][runtime:23.4549] query error : You have an error in your SQL syntax; check the manual that corresponds to your MySQL server version for the right syntax to use near '' at line 1
  sql : SELECT SQL_CALC_FOUND_ROWS * FROM `zgykdx_evaluating`  ORDER BY eval_id DESC LIMIT 0,
[2016-04-05 18:43:38][qdm216841497.my3w.com][qdm216841497_db][sql][runtime:119.4109916687] connect db
[2016-04-05 18:43:38][qdm216841497.my3w.com][qdm216841497_db][sql][runtime:21.8461] SELECT SQL_CALC_FOUND_ROWS * FROM `zgykdx_evaluating`  ORDER BY eval_id DESC LIMIT 0,
[2016-04-05 18:43:38][qdm216841497.my3w.com][qdm216841497_db][error][runtime:21.8461] query error : You have an error in your SQL syntax; check the manual that corresponds to your MySQL server version for the right syntax to use near '' at line 1
  sql : SELECT SQL_CALC_FOUND_ROWS * FROM `zgykdx_evaluating`  ORDER BY eval_id DESC LIMIT 0,
[2016-04-05 18:48:11][qdm216841497.my3w.com][qdm216841497_db][sql][runtime:110.58187484741] connect db
[2016-04-05 18:48:11][qdm216841497.my3w.com][qdm216841497_db][sql][runtime:20.9520] SELECT SQL_CALC_FOUND_ROWS * FROM `zgykdx_evaluating`  ORDER BY eval_id DESC LIMIT 0,
[2016-04-05 18:48:11][qdm216841497.my3w.com][qdm216841497_db][error][runtime:20.9520] query error : You have an error in your SQL syntax; check the manual that corresponds to your MySQL server version for the right syntax to use near '' at line 1
  sql : SELECT SQL_CALC_FOUND_ROWS * FROM `zgykdx_evaluating`  ORDER BY eval_id DESC LIMIT 0,
[2016-04-05 18:52:45][qdm216841497.my3w.com][qdm216841497_db][sql][runtime:127.28381156921] connect db
[2016-04-05 18:52:45][qdm216841497.my3w.com][qdm216841497_db][sql][runtime:23.1650] SELECT SQL_CALC_FOUND_ROWS * FROM `zgykdx_evaluating`  ORDER BY eval_id DESC LIMIT 0,
[2016-04-05 18:52:45][qdm216841497.my3w.com][qdm216841497_db][error][runtime:23.1650] query error : You have an error in your SQL syntax; check the manual that corresponds to your MySQL server version for the right syntax to use near '' at line 1
  sql : SELECT SQL_CALC_FOUND_ROWS * FROM `zgykdx_evaluating`  ORDER BY eval_id DESC LIMIT 0,
[2016-04-05 18:53:00][qdm216841497.my3w.com][qdm216841497_db][sql][runtime:253.45802307129] connect db
[2016-04-05 18:53:00][qdm216841497.my3w.com][qdm216841497_db][sql][runtime:33.9251] SELECT SQL_CALC_FOUND_ROWS * FROM `zgykdx_evaluating`  ORDER BY eval_id DESC LIMIT 0,
[2016-04-05 18:53:00][qdm216841497.my3w.com][qdm216841497_db][error][runtime:33.9251] query error : You have an error in your SQL syntax; check the manual that corresponds to your MySQL server version for the right syntax to use near '' at line 1
  sql : SELECT SQL_CALC_FOUND_ROWS * FROM `zgykdx_evaluating`  ORDER BY eval_id DESC LIMIT 0,
[2016-04-05 18:55:18][qdm216841497.my3w.com][qdm216841497_db][sql][runtime:133.85510444641] connect db
[2016-04-05 18:55:18][qdm216841497.my3w.com][qdm216841497_db][sql][runtime:24.1289] INSERT INTO `zgykdx_evaluating`  (`eval_name`,`eval_descript`,`eval_starttime`,`eval_endtime`,`eval_type`,`eval_status`,`eval_max_topic`,`last_update_time`) VALUES (null,null,null,null,null,null,null,'2016-04-05 18:55:18')
[2016-04-05 18:55:22][qdm216841497.my3w.com][qdm216841497_db][sql][runtime:109.2529296875] connect db
[2016-04-05 18:55:22][qdm216841497.my3w.com][qdm216841497_db][sql][runtime:21.8220] SELECT SQL_CALC_FOUND_ROWS * FROM `zgykdx_evaluating`  ORDER BY eval_id DESC LIMIT 0,
[2016-04-05 18:55:22][qdm216841497.my3w.com][qdm216841497_db][error][runtime:21.8220] query error : You have an error in your SQL syntax; check the manual that corresponds to your MySQL server version for the right syntax to use near '' at line 1
  sql : SELECT SQL_CALC_FOUND_ROWS * FROM `zgykdx_evaluating`  ORDER BY eval_id DESC LIMIT 0,
[2016-04-05 18:58:44][qdm216841497.my3w.com][qdm216841497_db][sql][runtime:127.35199928284] connect db
[2016-04-05 18:58:44][qdm216841497.my3w.com][qdm216841497_db][sql][runtime:24.7140] SELECT SQL_CALC_FOUND_ROWS * FROM `zgykdx_evaluating`  ORDER BY eval_id DESC LIMIT 0,
[2016-04-05 18:58:44][qdm216841497.my3w.com][qdm216841497_db][error][runtime:24.7140] query error : You have an error in your SQL syntax; check the manual that corresponds to your MySQL server version for the right syntax to use near '' at line 1
  sql : SELECT SQL_CALC_FOUND_ROWS * FROM `zgykdx_evaluating`  ORDER BY eval_id DESC LIMIT 0,
[2016-04-05 18:59:04][qdm216841497.my3w.com][qdm216841497_db][sql][runtime:97.294092178345] connect db
[2016-04-05 18:59:04][qdm216841497.my3w.com][qdm216841497_db][sql][runtime:19.2671] INSERT INTO `zgykdx_evaluating`  (`eval_name`,`eval_descript`,`eval_starttime`,`eval_endtime`,`eval_type`,`eval_status`,`eval_max_topic`,`last_update_time`) VALUES (null,null,null,null,null,null,null,'2016-04-05 18:59:04')
[2016-04-05 18:59:05][qdm216841497.my3w.com][qdm216841497_db][sql][runtime:104.12096977234] connect db
[2016-04-05 18:59:05][qdm216841497.my3w.com][qdm216841497_db][sql][runtime:20.1550] SELECT SQL_CALC_FOUND_ROWS * FROM `zgykdx_evaluating`  ORDER BY eval_id DESC LIMIT 0,
[2016-04-05 18:59:05][qdm216841497.my3w.com][qdm216841497_db][error][runtime:20.1550] query error : You have an error in your SQL syntax; check the manual that corresponds to your MySQL server version for the right syntax to use near '' at line 1
  sql : SELECT SQL_CALC_FOUND_ROWS * FROM `zgykdx_evaluating`  ORDER BY eval_id DESC LIMIT 0,
[2016-04-05 19:08:00][qdm216841497.my3w.com][qdm216841497_db][sql][runtime:111.10496520996] connect db
[2016-04-05 19:08:01][qdm216841497.my3w.com][qdm216841497_db][sql][runtime:21.3139] SELECT SQL_CALC_FOUND_ROWS * FROM `zgykdx_evaluating`  ORDER BY eval_id DESC LIMIT 0,
[2016-04-05 19:08:01][qdm216841497.my3w.com][qdm216841497_db][error][runtime:21.3139] query error : You have an error in your SQL syntax; check the manual that corresponds to your MySQL server version for the right syntax to use near '' at line 1
  sql : SELECT SQL_CALC_FOUND_ROWS * FROM `zgykdx_evaluating`  ORDER BY eval_id DESC LIMIT 0,
[2016-04-05 19:08:15][qdm216841497.my3w.com][qdm216841497_db][sql][runtime:127.1231174469] connect db
[2016-04-05 19:08:15][qdm216841497.my3w.com][qdm216841497_db][sql][runtime:22.2991] INSERT INTO `zgykdx_evaluating`  (`eval_name`,`eval_descript`,`eval_starttime`,`eval_endtime`,`eval_type`,`eval_status`,`eval_max_topic`,`last_update_time`) VALUES ('asdfjwet','测试','2015-04-06','2015-04-06','1','1','NaN','2016-04-05 19:08:15')
[2016-04-05 19:08:16][qdm216841497.my3w.com][qdm216841497_db][sql][runtime:150.50888061523] connect db
[2016-04-05 19:08:16][qdm216841497.my3w.com][qdm216841497_db][sql][runtime:27.0851] SELECT SQL_CALC_FOUND_ROWS * FROM `zgykdx_evaluating`  ORDER BY eval_id DESC LIMIT 0,
[2016-04-05 19:08:16][qdm216841497.my3w.com][qdm216841497_db][error][runtime:27.0851] query error : You have an error in your SQL syntax; check the manual that corresponds to your MySQL server version for the right syntax to use near '' at line 1
  sql : SELECT SQL_CALC_FOUND_ROWS * FROM `zgykdx_evaluating`  ORDER BY eval_id DESC LIMIT 0,
