[2016-04-13 10:57:33][qdm216841497.my3w.com][qdm216841497_db][sql][runtime:201.16090774536] connect db
[2016-04-13 10:57:33][qdm216841497.my3w.com][qdm216841497_db][sql][runtime:22.6040] SELECT * FROM wx_custom_menu WHERE id = 19
[2016-04-13 10:57:33][qdm216841497.my3w.com][qdm216841497_db][sql][runtime:25.4171] SELECT * FROM wx_custom_menu WHERE 1=1  AND parent = 0 
[2016-04-13 14:01:17][qdm216841497.my3w.com][qdm216841497_db][sql][runtime:216.61782264709] connect db
[2016-04-13 14:01:17][qdm216841497.my3w.com][qdm216841497_db][sql][runtime:32.2878] SELECT COUNT(*) FROM wx_material WHERE type = 'news'
[2016-04-13 14:01:17][qdm216841497.my3w.com][qdm216841497_db][sql][runtime:33.2639] SELECT * FROM wx_material WHERE 1 AND type = 'news'   ORDER BY `create_time` DESC, `id` DESC  LIMIT 0,10 
[2016-04-13 14:01:17][qdm216841497.my3w.com][qdm216841497_db][sql][runtime:33.0739] SELECT * FROM `wx_material_news` WHERE 1 AND material_id = 19 
[2016-04-13 14:02:37][qdm216841497.my3w.com][qdm216841497_db][sql][runtime:114.82715606689] connect db
[2016-04-13 14:02:37][qdm216841497.my3w.com][qdm216841497_db][sql][runtime:22.0940] SELECT COUNT(*) FROM wx_material WHERE type = 'news'
[2016-04-13 14:02:37][qdm216841497.my3w.com][qdm216841497_db][sql][runtime:20.7231] SELECT * FROM wx_material WHERE 1 AND type = 'news'   ORDER BY `create_time` DESC, `id` DESC  LIMIT 0,10 
[2016-04-13 14:02:37][qdm216841497.my3w.com][qdm216841497_db][sql][runtime:24.5440] SELECT * FROM `wx_material_news` WHERE 1 AND material_id = 19 
[2016-04-13 14:06:25][qdm216841497.my3w.com][qdm216841497_db][sql][runtime:112.46991157532] connect db
[2016-04-13 14:06:25][qdm216841497.my3w.com][qdm216841497_db][sql][runtime:18.2650] SELECT COUNT(*) FROM wx_material WHERE type = 'news'
[2016-04-13 14:06:25][qdm216841497.my3w.com][qdm216841497_db][sql][runtime:64.6899] SELECT * FROM wx_material WHERE 1 AND type = 'news'   ORDER BY `create_time` DESC, `id` DESC  LIMIT 0,10 
[2016-04-13 14:06:25][qdm216841497.my3w.com][qdm216841497_db][sql][runtime:26.7410] SELECT * FROM `wx_material_news` WHERE 1 AND material_id = 19 
[2016-04-13 15:31:41][qdm216841497.my3w.com][qdm216841497_db][sql][runtime:162.37783432007] connect db
[2016-04-13 15:31:41][qdm216841497.my3w.com][qdm216841497_db][sql][runtime:27.8420] SELECT COUNT(*) FROM wx_material WHERE type = 'news'
[2016-04-13 15:31:41][qdm216841497.my3w.com][qdm216841497_db][sql][runtime:59.3379] SELECT * FROM wx_material WHERE 1 AND type = 'news'   ORDER BY `create_time` DESC, `id` DESC  limit 0,10 
[2016-04-13 15:31:41][qdm216841497.my3w.com][qdm216841497_db][sql][runtime:26.9580] SELECT * FROM `wx_material_news` WHERE 1 AND material_id = 19 
[2016-04-13 15:31:44][qdm216841497.my3w.com][qdm216841497_db][sql][runtime:209.40804481506] connect db
[2016-04-13 15:31:44][qdm216841497.my3w.com][qdm216841497_db][sql][runtime:49.9232] SELECT * FROM `wx_material` WHERE 1 AND id = 19 
[2016-04-13 15:31:44][qdm216841497.my3w.com][qdm216841497_db][sql][runtime:61.2822] SELECT * FROM `wx_material_news` WHERE 1 AND material_id = 19 
[2016-04-13 15:31:50][qdm216841497.my3w.com][qdm216841497_db][sql][runtime:141.84594154358] connect db
[2016-04-13 15:31:50][qdm216841497.my3w.com][qdm216841497_db][sql][runtime:23.0780] SELECT COUNT(*) FROM wx_material WHERE type = 'news'
[2016-04-13 15:31:50][qdm216841497.my3w.com][qdm216841497_db][sql][runtime:39.3569] SELECT * FROM wx_material WHERE 1 AND type = 'news'   ORDER BY `create_time` DESC, `id` DESC  limit 0,10 
[2016-04-13 15:31:50][qdm216841497.my3w.com][qdm216841497_db][sql][runtime:23.0198] SELECT * FROM `wx_material_news` WHERE 1 AND material_id = 19 
[2016-04-13 15:32:37][qdm216841497.my3w.com][qdm216841497_db][sql][runtime:327.632188797] connect db
[2016-04-13 15:32:37][qdm216841497.my3w.com][qdm216841497_db][sql][runtime:29.5620] INSERT INTO `wx_material`  (`articles`,`type`,`create_time`) VALUES ('a:2:{i:0;a:6:{s:5:\"title\";s:12:\"测试一下\";s:6:\"author\";s:12:\"东奔西走\";s:11:\"description\";s:12:\"就是这样\";s:6:\"picurl\";s:72:\"http://wx.hysci.com.cn/yhsci/Common/weixin/upload/201604131531532914.jpg\";s:14:\"show_cover_pic\";s:1:\"1\";s:3:\"url\";s:0:\"\";}i:1;a:6:{s:5:\"title\";s:16:\"东奔西走qwet\";s:6:\"author\";s:9:\"多方位\";s:11:\"description\";s:3:\"茜\";s:6:\"picurl\";s:72:\"http://wx.hysci.com.cn/yhsci/Common/weixin/upload/201604131532191195.jpg\";s:14:\"show_cover_pic\";s:1:\"0\";s:3:\"url\";s:0:\"\";}}','news','2016-04-13 15:32:37')
[2016-04-13 15:32:37][qdm216841497.my3w.com][qdm216841497_db][sql][runtime:31.8990] INSERT INTO `wx_material_news` (`material_id`, `news_index`, `title`,`author`, `description`, `picurl`,`show_cover_pic`, `url`, `news_text`, `create_time`) VALUES (20, '1', '测试一下','东奔西走', '就是这样', 'http://wx.hysci.com.cn/yhsci/Common/weixin/upload/201604131531532914.jpg', 1, '', '<p>顶戴士大夫</p>', '2016-04-13 15:32:37'), (20, '2', '东奔西走qwet','多方位', '茜', 'http://wx.hysci.com.cn/yhsci/Common/weixin/upload/201604131532191195.jpg', 0, '', '<p>你</p>', '2016-04-13 15:32:37')
[2016-04-13 15:32:37][qdm216841497.my3w.com][qdm216841497_db][sql][runtime:36.0408] SELECT LAST_INSERT_ID()
[2016-04-13 15:32:39][qdm216841497.my3w.com][qdm216841497_db][sql][runtime:119.21405792236] connect db
[2016-04-13 15:32:39][qdm216841497.my3w.com][qdm216841497_db][sql][runtime:18.9929] SELECT COUNT(*) FROM wx_material WHERE type = 'news'
[2016-04-13 15:32:39][qdm216841497.my3w.com][qdm216841497_db][sql][runtime:20.5801] SELECT * FROM wx_material WHERE 1 AND type = 'news'   ORDER BY `create_time` DESC, `id` DESC  limit 0,10 
[2016-04-13 15:32:39][qdm216841497.my3w.com][qdm216841497_db][sql][runtime:22.7001] SELECT * FROM `wx_material_news` WHERE 1 AND material_id = 20 
[2016-04-13 15:32:39][qdm216841497.my3w.com][qdm216841497_db][sql][runtime:29.0332] SELECT * FROM `wx_material_news` WHERE 1 AND material_id = 19 
[2016-04-13 15:33:08][qdm216841497.my3w.com][qdm216841497_db][sql][runtime:125.9880065918] connect db
[2016-04-13 15:33:09][qdm216841497.my3w.com][qdm216841497_db][sql][runtime:20.8149] INSERT INTO `wx_material`  (`articles`,`type`,`create_time`) VALUES ('a:1:{i:0;a:6:{s:5:\"title\";s:6:\"维艰\";s:6:\"author\";s:6:\"奇巧\";s:11:\"description\";s:12:\"人顶替有\";s:6:\"picurl\";s:72:\"http://wx.hysci.com.cn/yhsci/Common/weixin/upload/201604131532509776.jpg\";s:14:\"show_cover_pic\";s:1:\"0\";s:3:\"url\";s:0:\"\";}}','news','2016-04-13 15:33:08')
[2016-04-13 15:33:09][qdm216841497.my3w.com][qdm216841497_db][sql][runtime:20.9291] INSERT INTO `wx_material_news` (`material_id`, `news_index`, `title`,`author`, `description`, `picurl`,`show_cover_pic`, `url`, `news_text`, `create_time`) VALUES (21, '1', '维艰','奇巧', '人顶替有', 'http://wx.hysci.com.cn/yhsci/Common/weixin/upload/201604131532509776.jpg', 0, '', '<p>顶替我</p>', '2016-04-13 15:33:09')
[2016-04-13 15:33:09][qdm216841497.my3w.com][qdm216841497_db][sql][runtime:27.3929] SELECT LAST_INSERT_ID()
[2016-04-13 15:33:10][qdm216841497.my3w.com][qdm216841497_db][sql][runtime:178.97915840149] connect db
[2016-04-13 15:33:10][qdm216841497.my3w.com][qdm216841497_db][sql][runtime:33.1440] SELECT COUNT(*) FROM wx_material WHERE type = 'news'
[2016-04-13 15:33:10][qdm216841497.my3w.com][qdm216841497_db][sql][runtime:34.2989] SELECT * FROM wx_material WHERE 1 AND type = 'news'   ORDER BY `create_time` DESC, `id` DESC  limit 0,10 
[2016-04-13 15:33:11][qdm216841497.my3w.com][qdm216841497_db][sql][runtime:47.7619] SELECT * FROM `wx_material_news` WHERE 1 AND material_id = 21 
[2016-04-13 15:33:11][qdm216841497.my3w.com][qdm216841497_db][sql][runtime:32.6579] SELECT * FROM `wx_material_news` WHERE 1 AND material_id = 20 
[2016-04-13 15:33:11][qdm216841497.my3w.com][qdm216841497_db][sql][runtime:38.1460] SELECT * FROM `wx_material_news` WHERE 1 AND material_id = 19 
[2016-04-13 15:39:58][qdm216841497.my3w.com][qdm216841497_db][sql][runtime:166.45097732544] connect db
[2016-04-13 15:39:58][qdm216841497.my3w.com][qdm216841497_db][sql][runtime:43.4520] SELECT * FROM wx_custom_menu WHERE 1=1  order by `order` asc 
[2016-04-13 15:39:58][qdm216841497.my3w.com][qdm216841497_db][sql][runtime:27.6852] SELECT * FROM wx_material WHERE id = 7
[2016-04-13 15:39:58][qdm216841497.my3w.com][qdm216841497_db][sql][runtime:45.1229] SELECT set_value   FROM wx_ent_setting WHERE ent_id= 1 and set_key='custom_menu_last_synchronous_time'
[2016-04-13 15:39:58][qdm216841497.my3w.com][qdm216841497_db][sql][runtime:43.6740] SELECT set_value   FROM wx_ent_setting WHERE ent_id= 1 and set_key='custom_menu_last_update_time'
[2016-04-13 15:39:59][qdm216841497.my3w.com][qdm216841497_db][sql][runtime:137.94207572937] connect db
[2016-04-13 15:40:00][qdm216841497.my3w.com][qdm216841497_db][sql][runtime:65.3179] SELECT * FROM wx_custom_menu WHERE id = 19
[2016-04-13 15:40:00][qdm216841497.my3w.com][qdm216841497_db][sql][runtime:29.1972] SELECT * FROM wx_custom_menu WHERE 1=1  AND parent = 0 
[2016-04-13 15:40:03][qdm216841497.my3w.com][qdm216841497_db][sql][runtime:162.54615783691] connect db
[2016-04-13 15:40:03][qdm216841497.my3w.com][qdm216841497_db][sql][runtime:23.5560] SELECT COUNT(*) FROM wx_material WHERE type = 'news'
[2016-04-13 15:40:03][qdm216841497.my3w.com][qdm216841497_db][sql][runtime:32.0191] SELECT * FROM wx_material WHERE 1 AND type = 'news'   ORDER BY `create_time` DESC, `id` DESC  LIMIT 0,10 
[2016-04-13 15:40:03][qdm216841497.my3w.com][qdm216841497_db][sql][runtime:35.2418] SELECT * FROM `wx_material_news` WHERE 1 AND material_id = 21 
[2016-04-13 15:40:03][qdm216841497.my3w.com][qdm216841497_db][sql][runtime:40.3941] SELECT * FROM `wx_material_news` WHERE 1 AND material_id = 20 
[2016-04-13 15:40:03][qdm216841497.my3w.com][qdm216841497_db][sql][runtime:43.8709] SELECT * FROM `wx_material_news` WHERE 1 AND material_id = 19 
[2016-04-13 15:43:36][qdm216841497.my3w.com][qdm216841497_db][sql][runtime:221.92811965942] connect db
[2016-04-13 15:43:36][qdm216841497.my3w.com][qdm216841497_db][sql][runtime:65.9580] SELECT * FROM wx_custom_menu WHERE 1=1  order by `order` asc 
[2016-04-13 15:43:36][qdm216841497.my3w.com][qdm216841497_db][sql][runtime:48.0049] SELECT * FROM wx_material WHERE id = 7
[2016-04-13 15:43:36][qdm216841497.my3w.com][qdm216841497_db][sql][runtime:38.7318] SELECT set_value   FROM wx_ent_setting WHERE ent_id= 1 and set_key='custom_menu_last_synchronous_time'
[2016-04-13 15:43:36][qdm216841497.my3w.com][qdm216841497_db][sql][runtime:55.5050] SELECT set_value   FROM wx_ent_setting WHERE ent_id= 1 and set_key='custom_menu_last_update_time'
[2016-04-13 15:43:38][qdm216841497.my3w.com][qdm216841497_db][sql][runtime:143.46194267273] connect db
[2016-04-13 15:43:38][qdm216841497.my3w.com][qdm216841497_db][sql][runtime:58.0590] SELECT * FROM wx_custom_menu WHERE id = 19
[2016-04-13 15:43:38][qdm216841497.my3w.com][qdm216841497_db][sql][runtime:116.6749] SELECT * FROM wx_custom_menu WHERE 1=1  AND parent = 0 
[2016-04-13 15:43:41][qdm216841497.my3w.com][qdm216841497_db][sql][runtime:139.27388191223] connect db
[2016-04-13 15:43:41][qdm216841497.my3w.com][qdm216841497_db][sql][runtime:52.1181] SELECT COUNT(*) FROM wx_material WHERE type = 'news'
[2016-04-13 15:43:41][qdm216841497.my3w.com][qdm216841497_db][sql][runtime:29.6860] SELECT * FROM wx_material WHERE 1 AND type = 'news'   ORDER BY `create_time` DESC, `id` DESC  LIMIT 0,10 
[2016-04-13 15:43:42][qdm216841497.my3w.com][qdm216841497_db][sql][runtime:48.8172] SELECT * FROM `wx_material_news` WHERE 1 AND material_id = 21 
[2016-04-13 15:43:42][qdm216841497.my3w.com][qdm216841497_db][sql][runtime:112.5870] SELECT * FROM `wx_material_news` WHERE 1 AND material_id = 20 
[2016-04-13 15:43:42][qdm216841497.my3w.com][qdm216841497_db][sql][runtime:40.5209] SELECT * FROM `wx_material_news` WHERE 1 AND material_id = 19 
[2016-04-13 15:51:10][qdm216841497.my3w.com][qdm216841497_db][sql][runtime:103.42216491699] connect db
[2016-04-13 15:51:10][qdm216841497.my3w.com][qdm216841497_db][sql][runtime:54.9150] SELECT * FROM wx_custom_menu WHERE 1=1  order by `order` asc 
[2016-04-13 15:51:11][qdm216841497.my3w.com][qdm216841497_db][sql][runtime:41.7109] SELECT * FROM wx_material WHERE id = 7
[2016-04-13 15:51:11][qdm216841497.my3w.com][qdm216841497_db][sql][runtime:26.7189] SELECT set_value   FROM wx_ent_setting WHERE ent_id= 1 and set_key='custom_menu_last_synchronous_time'
[2016-04-13 15:51:11][qdm216841497.my3w.com][qdm216841497_db][sql][runtime:33.4251] SELECT set_value   FROM wx_ent_setting WHERE ent_id= 1 and set_key='custom_menu_last_update_time'
[2016-04-13 15:51:13][qdm216841497.my3w.com][qdm216841497_db][sql][runtime:143.99981498718] connect db
[2016-04-13 15:51:13][qdm216841497.my3w.com][qdm216841497_db][sql][runtime:30.3521] SELECT * FROM wx_custom_menu WHERE id = 19
[2016-04-13 15:51:13][qdm216841497.my3w.com][qdm216841497_db][sql][runtime:34.5891] SELECT * FROM wx_custom_menu WHERE 1=1  AND parent = 0 
[2016-04-13 15:51:15][qdm216841497.my3w.com][qdm216841497_db][sql][runtime:121.38986587524] connect db
[2016-04-13 15:51:15][qdm216841497.my3w.com][qdm216841497_db][sql][runtime:21.0199] SELECT COUNT(*) FROM wx_material WHERE type = 'news'
[2016-04-13 15:51:15][qdm216841497.my3w.com][qdm216841497_db][sql][runtime:35.1660] SELECT * FROM wx_material WHERE 1 AND type = 'news'   ORDER BY `create_time` DESC, `id` DESC  LIMIT 0,10 
[2016-04-13 15:51:15][qdm216841497.my3w.com][qdm216841497_db][sql][runtime:29.1660] SELECT * FROM `wx_material_news` WHERE 1 AND material_id = 21 
[2016-04-13 15:51:15][qdm216841497.my3w.com][qdm216841497_db][sql][runtime:20.9730] SELECT * FROM `wx_material_news` WHERE 1 AND material_id = 20 
[2016-04-13 15:51:15][qdm216841497.my3w.com][qdm216841497_db][sql][runtime:20.6890] SELECT * FROM `wx_material_news` WHERE 1 AND material_id = 19 
[2016-04-13 17:43:05][qdm216841497.my3w.com][qdm216841497_db][sql][runtime:157.52601623535] connect db
[2016-04-13 17:43:05][qdm216841497.my3w.com][qdm216841497_db][sql][runtime:29.9911] SELECT COUNT(*) FROM wx_material WHERE type = 'news'
[2016-04-13 17:43:05][qdm216841497.my3w.com][qdm216841497_db][sql][runtime:32.9461] SELECT * FROM wx_material WHERE 1 AND type = 'news'   ORDER BY `create_time` DESC, `id` DESC  LIMIT 0,10 
[2016-04-13 17:43:05][qdm216841497.my3w.com][qdm216841497_db][sql][runtime:30.4561] SELECT * FROM `wx_material_news` WHERE 1 AND material_id = 21 
[2016-04-13 17:43:05][qdm216841497.my3w.com][qdm216841497_db][sql][runtime:29.8269] SELECT * FROM `wx_material_news` WHERE 1 AND material_id = 20 
[2016-04-13 17:43:05][qdm216841497.my3w.com][qdm216841497_db][sql][runtime:29.6481] SELECT * FROM `wx_material_news` WHERE 1 AND material_id = 19 
[2016-04-13 17:43:25][qdm216841497.my3w.com][qdm216841497_db][sql][runtime:155.45892715454] connect db
[2016-04-13 17:43:25][qdm216841497.my3w.com][qdm216841497_db][sql][runtime:19.7871] SELECT COUNT(*) FROM wx_material WHERE type = 'news'
[2016-04-13 17:43:25][qdm216841497.my3w.com][qdm216841497_db][sql][runtime:20.8840] SELECT * FROM wx_material WHERE 1 AND type = 'news'   ORDER BY `create_time` DESC, `id` DESC  LIMIT 0,10 
[2016-04-13 17:43:25][qdm216841497.my3w.com][qdm216841497_db][sql][runtime:20.7591] SELECT * FROM `wx_material_news` WHERE 1 AND material_id = 21 
[2016-04-13 17:43:25][qdm216841497.my3w.com][qdm216841497_db][sql][runtime:22.4340] SELECT * FROM `wx_material_news` WHERE 1 AND material_id = 20 
[2016-04-13 17:43:25][qdm216841497.my3w.com][qdm216841497_db][sql][runtime:23.8602] SELECT * FROM `wx_material_news` WHERE 1 AND material_id = 19 
