[2016-04-13 11:00:05][runtime:385.8511][format:json][[{"http param":{"a":"WxCustomMenu","m":"edit","is_thread":"0","id":"19"}}]]
[2016-04-13 11:00:14][runtime:403.7950][format:json][[{"http param":{"a":"WxCustomMenu","m":"edit","is_thread":"0","id":"19"}}]]
[2016-04-13 11:01:08][runtime:8.7500][format:json][[{"http param":[]}]]
[2016-04-13 11:01:16][runtime:396.0011][format:json][[{"http param":{"a":"WxCustomMenu","m":"index"}}]]
[2016-04-13 11:01:20][runtime:275.0781][format:json][[{"http param":{"a":"WxCustomMenu","m":"edit","is_thread":"0","id":"19"}}]]
[2016-04-13 11:01:30][runtime:400.5260][format:json][[{"http param":[]}]]
[2016-04-13 11:01:37][runtime:89.7892][format:json][[{"http param":{"s":"04-013"}}]]
[2016-04-13 11:01:40][runtime:83.0209][format:json][[{"http param":{"s":"04-13"}}]]
[2016-04-13 11:01:50][runtime:84.3432][format:json][[{"http param":{"logfile":"E:\\www\\yhsci\\htdocs\\yhsci\\WebLog/../../../myfolder/log\\web\\php_log\\2016-04-13.log"}}]]
[2016-04-13 11:04:57][runtime:265.2869][format:json][[{"http param":{"a":"WxCustomMenu","m":"edit","is_thread":"0","id":"19"}}]]
[2016-04-13 11:05:21][runtime:272.8629][format:json][[{"http param":{"a":"WxCustomMenu","m":"edit","is_thread":"0","id":"19"}}]]
[2016-04-13 11:06:22][runtime:288.3532][format:json][[{"http param":{"a":"WxCustomMenu","m":"edit","is_thread":"0","id":"19"}}]]
[2016-04-13 11:09:38][runtime:323.5569][format:json][[{"http param":{"a":"WxCustomMenu","m":"edit","is_thread":"0","id":"19"}}]]
[2016-04-13 11:10:29][runtime:433.7659][format:json][[{"http param":{"a":"WxCustomMenu","m":"edit","is_thread":"0","id":"19"}}]]
[2016-04-13 11:13:32][runtime:292.8641][format:json][[{"http param":{"a":"WxCustomMenu","m":"edit","is_thread":"0","id":"19"}}]]
[2016-04-13 11:14:03][runtime:283.1001][format:json][[{"http param":{"a":"WxCustomMenu","m":"edit","is_thread":"0","id":"19"}}]]
[2016-04-13 11:14:08][runtime:191.0970][format:json][[{"http param":{"a":"WxCustomMenu","m":"update","is_thread":"0","menuId":"19","menuName":"外链","menuOrder":"1","parentId":"17","msgType":"","content":"","materialId":"","url":""}}]]
[2016-04-13 11:22:53][runtime:242.9650][format:json][[{"http param":{"a":"WxCustomMenu","m":"edit","is_thread":"0","id":"19"}}]]
[2016-04-13 11:22:59][runtime:227.8731][format:json][[{"http param":{"a":"WxCustomMenu","m":"update","is_thread":"0","menuId":"19","menuName":"外链","menuOrder":"1","parentId":"17","msgType":"","content":"","materialId":"","url":""}}]]
[2016-04-13 11:23:12][runtime:71.0452][format:json][[{"http param":{"logfile":"E:\\www\\yhsci\\htdocs\\yhsci\\WebLog/../../../myfolder/log\\web\\php_log\\2016-04-13.log"}}]]
[2016-04-13 11:23:26][runtime:41.2710][format:json][[{"http param":{"s":"04-13"}}]]
[2016-04-13 11:23:30][runtime:10.9401][format:json][[{"http param":{"logfile":"E:\\www\\yhsci\\htdocs\\yhsci\\WebLog/../../../myfolder/log\\web\\APP_PLATE\\Manage\\log\\2016\\04-13_error.log"}}]]
[2016-04-13 11:25:55][runtime:320.3859][format:json][[{"http param":{"a":"WxCustomMenu","m":"edit","is_thread":"0","id":"19"}}]]
[2016-04-13 11:26:01][runtime:399.8048][format:json][[{"http param":{"a":"WxCustomMenu","m":"update","is_thread":"0","menuId":"19","menuName":"外链","menuOrder":"1","parentId":"17","menuType":"3","msgType":"","content":"","materialId":"","url":"http://www.baidu.com/a.php"}}]]
[2016-04-13 11:26:28][runtime:276.3031][format:json][[{"http param":{"a":"WxCustomMenu","m":"edit","is_thread":"0","id":"19"}}]]
[2016-04-13 11:26:35][runtime:454.9301][format:json][[{"http param":{"a":"WxCustomMenu","m":"update","is_thread":"0","menuId":"19","menuName":"外链","menuOrder":"1","parentId":"17","menuType":"3","msgType":"","content":"","materialId":"","url":"http://www.baidu.com/b.php"}}]]
[2016-04-13 11:26:36][runtime:311.0521][format:json][[{"http param":{"a":"WxCustomMenu","m":"edit","is_thread":"0","id":"19"}}]]
[2016-04-13 11:26:54][runtime:345.3770][format:json][[{"http param":{"a":"WxCustomMenu","m":"update","is_thread":"0","menuId":"19","menuName":"外链","menuOrder":"1","parentId":"17","menuType":"2","msgType":"","content":"","materialId":"","url":"http://www.baidu.com/d.php"}}]]
[2016-04-13 11:26:56][runtime:318.8570][format:json][[{"http param":{"a":"WxCustomMenu","m":"edit","is_thread":"0","id":"19"}}]]
[2016-04-13 11:27:30][runtime:232.8482][format:json][[{"http param":{"a":"WxCustomMenu","m":"edit","is_thread":"0","id":"19"}}]]
[2016-04-13 11:45:50][runtime:266.6540][format:json][[{"http param":{"a":"WxCustomMenu","m":"edit","is_thread":"0","id":"19"}}]]
[2016-04-13 11:52:35][runtime:247.9198][format:json][[{"http param":{"a":"WxCustomMenu","m":"edit","is_thread":"0","id":"19"}}]]
[2016-04-13 11:59:20][runtime:240.8621][format:json][[{"http param":{"a":"WxCustomMenu","m":"edit","is_thread":"0","id":"19"}}]]
