[2016-04-13 14:01:11][runtime:345.9010][format:json][[{"http param":{"a":"WxCustomMenu","m":"edit","is_thread":"0","id":"19"}}]]
[2016-04-13 14:01:17][runtime:459.1792][format:json][[{"http param":{"a":"MaterialNews","m":"showMaterial","p":"1","callback":"materialSelecter.loadNewsData"}}]]
[2016-04-13 14:02:33][runtime:331.4071][format:json][[{"http param":{"a":"WxCustomMenu","m":"edit","is_thread":"0","id":"19"}}]]
[2016-04-13 14:02:37][runtime:263.7382][format:json][[{"http param":{"a":"MaterialNews","m":"showMaterial","p":"1","callback":"materialSelecter.loadNewsData"}}]]
[2016-04-13 14:06:12][runtime:330.8389][format:json][[{"http param":{"a":"WxCustomMenu","m":"edit","is_thread":"0","id":"19"}}]]
[2016-04-13 14:06:25][runtime:334.3568][format:json][[{"http param":{"a":"MaterialNews","m":"showMaterial","p":"1","callback":"materialSelecter.loadNewsData"}}]]
[2016-04-13 14:17:00][runtime:254.1630][format:json][[{"http param":{"a":"WxCustomMenu","m":"edit","is_thread":"0","id":"19"}}]]
[2016-04-13 14:19:24][runtime:275.2550][format:json][[{"http param":{"a":"WxCustomMenu","m":"edit","is_thread":"0","id":"19"}}]]
[2016-04-13 14:20:45][runtime:287.6651][format:json][[{"http param":{"a":"WxCustomMenu","m":"edit","is_thread":"0","id":"19"}}]]
[2016-04-13 14:20:50][runtime:324.3010][format:json][[{"http param":{"a":"WxMaterialNews","m":"showMaterial","p":"1","callback":"materialSelecter.loadNewsData"}}]]
[2016-04-13 14:24:24][runtime:331.5079][format:json][[{"http param":{"a":"WxCustomMenu","m":"edit","is_thread":"0","id":"19"}}]]
[2016-04-13 14:24:29][runtime:313.6051][format:json][[{"http param":{"a":"WxMaterialNews","m":"showMaterial","p":"1","callback":"materialSelecter.loadNewsData"}}]]
[2016-04-13 14:25:01][runtime:237.6759][format:json][[{"http param":{"a":"WxCustomMenu","m":"edit","is_thread":"0","id":"19"}}]]
[2016-04-13 14:25:07][runtime:341.5251][format:json][[{"http param":{"a":"WxMaterialNews","m":"showMaterial","p":"1","callback":"materialSelecter.loadNewsData"}}]]
[2016-04-13 14:25:34][runtime:230.6981][format:json][[{"http param":{"a":"WxCustomMenu","m":"edit","is_thread":"0","id":"19"}}]]
[2016-04-13 14:25:38][runtime:324.0879][format:json][[{"http param":{"a":"WxMaterialNews","m":"showMaterial","p":"1","callback":"materialSelecter.loadNewsData"}}]]
[2016-04-13 14:26:07][runtime:17.5450][format:json][[{"http param":{"logfile":"E:\\www\\yhsci\\htdocs\\yhsci\\WebLog/../../../myfolder/log\\web\\APP_PLATE\\Manage\\log\\2016\\04-13_error.log"}}]]
[2016-04-13 14:26:37][runtime:221.2670][format:json][[{"http param":{"a":"WxCustomMenu","m":"edit","is_thread":"0","id":"19"}}]]
[2016-04-13 14:26:46][runtime:333.7340][format:json][[{"http param":{"a":"WxMaterialNews","m":"showMaterial","p":"1","callback":"materialSelecter.loadNewsData"}}]]
[2016-04-13 14:27:20][runtime:81.2030][format:json][[{"http param":{"s":"04-13"}}]]
[2016-04-13 14:27:22][runtime:29.3310][format:json][[{"http param":{"logfile":"E:\\www\\yhsci\\htdocs\\yhsci\\WebLog/../../../myfolder/log\\web\\APP_PLATE\\sys\\2016\\04-13\\14-sys.log"}}]]
[2016-04-13 14:29:02][runtime:241.6141][format:json][[{"http param":{"a":"WxCustomMenu","m":"edit","is_thread":"0","id":"19"}}]]
[2016-04-13 14:29:06][runtime:302.6149][format:json][[{"http param":{"a":"WxMaterialNews","m":"showMaterial","p":"1","callback":"materialSelecter.loadNewsData"}}]]
[2016-04-13 14:34:14][runtime:310.6370][format:json][[{"http param":{"a":"WxCustomMenu","m":"edit","is_thread":"0","id":"19"}}]]
[2016-04-13 14:34:18][runtime:407.6719][format:json][[{"http param":{"a":"WxMaterialNews","m":"showMaterial","p":"1","callback":"materialSelecter.loadNewsData"}}]]
[2016-04-13 14:35:04][runtime:474.3261][format:json][[{"http param":{"a":"WxCustomMenu","m":"edit","is_thread":"0","id":"19"}}]]
[2016-04-13 14:35:10][runtime:353.2941][format:json][[{"http param":{"a":"WxMaterialNews","m":"showMaterial","p":"1","callback":"materialSelecter.loadNewsData"}}]]
[2016-04-13 14:37:38][runtime:276.6151][format:json][[{"http param":{"a":"WxCustomMenu","m":"edit","is_thread":"0","id":"19"}}]]
[2016-04-13 14:37:42][runtime:450.1181][format:json][[{"http param":{"a":"WxMaterialNews","m":"showMaterial","p":"1","callback":"materialSelecter.loadNewsData"}}]]
[2016-04-13 14:38:37][runtime:406.0791][format:json][[{"http param":{"a":"WxCustomMenu","m":"edit","is_thread":"0","id":"19"}}]]
[2016-04-13 14:38:41][runtime:456.4319][format:json][[{"http param":{"a":"WxMaterialNews","m":"showMaterial","p":"1","callback":"materialSelecter.loadNewsData"}}]]
