[2016-04-13 15:06:45][runtime:409.8060][format:json][[{"http param":{"a":"WxCustomMenu","m":"edit","is_thread":"0","id":"19"}}]]
[2016-04-13 15:06:53][runtime:415.0631][format:json][[{"http param":{"a":"WxMaterialNews","m":"showMaterial","p":"1","callback":"materialSelecter.loadNewsData"}}]]
[2016-04-13 15:24:03][runtime:320.0130][format:json][[{"http param":{"a":"WxCustomMenu","m":"edit","is_thread":"0","id":"19"}}]]
[2016-04-13 15:24:09][runtime:594.1000][format:json][[{"http param":{"a":"WxMaterialNews","m":"showMaterial","p":"1","callback":"materialSelecter.loadNewsData"}}]]
[2016-04-13 15:24:29][runtime:447.4170][format:json][[{"http param":{"a":"WxCustomMenu","m":"edit","is_thread":"0","id":"19"}}]]
[2016-04-13 15:24:39][runtime:989.0821][format:json][[{"http param":{"a":"WxMaterialNews","m":"showMaterial","p":"1","callback":"materialSelecter.loadNewsData"}}]]
[2016-04-13 15:26:03][runtime:357.4889][format:json][[{"http param":{"a":"WxCustomMenu","m":"edit","is_thread":"0","id":"19"}}]]
[2016-04-13 15:26:06][runtime:457.3910][format:json][[{"http param":{"a":"WxMaterialNews","m":"showMaterial","p":"1","callback":"materialSelecter.loadNewsData"}}]]
[2016-04-13 15:26:56][runtime:330.9212][format:json][[{"http param":{"a":"WxMaterialNews","m":"showMaterial","p":"1","callback":"materialSelecter.loadNewsData"}}]]
[2016-04-13 15:27:05][runtime:342.2699][format:json][[{"http param":{"a":"WxMaterialNews","m":"showMaterial","p":"1","callback":"materialSelecter.loadNewsData"}}]]
[2016-04-13 15:27:19][runtime:356.4370][format:json][[{"http param":{"a":"WxCustomMenu","m":"edit","is_thread":"0","id":"19"}}]]
[2016-04-13 15:27:36][runtime:329.4020][format:json][[{"http param":{"a":"WxCustomMenu","m":"edit","is_thread":"0","id":"19"}}]]
[2016-04-13 15:28:06][runtime:403.7080][format:json][[{"http param":{"a":"WxCustomMenu","m":"edit","is_thread":"0","id":"19"}}]]
[2016-04-13 15:28:26][runtime:351.2120][format:json][[{"http param":{"a":"WxCustomMenu","m":"edit","is_thread":"0","id":"19"}}]]
[2016-04-13 15:28:30][runtime:305.8169][format:json][[{"http param":{"a":"WxMaterialNews","m":"showMaterial","p":"1","callback":"materialSelecter.loadNewsData"}}]]
[2016-04-13 15:28:57][runtime:268.6958][format:json][[{"http param":{"a":"WxCustomMenu","m":"edit","is_thread":"0","id":"19"}}]]
[2016-04-13 15:29:02][runtime:400.5549][format:json][[{"http param":{"a":"WxMaterialNews","m":"showMaterial","p":"1","callback":"materialSelecter.loadNewsData"}}]]
[2016-04-13 15:29:44][runtime:628.6681][format:json][[{"http param":{"a":"WxCustomMenu","m":"edit","is_thread":"0","id":"19"}}]]
[2016-04-13 15:29:49][runtime:685.0312][format:json][[{"http param":{"a":"WxMaterialNews","m":"showMaterial","p":"1","callback":"materialSelecter.loadNewsData"}}]]
[2016-04-13 15:31:13][runtime:361.2690][format:json][[{"http param":{"a":"WxCustomMenu","m":"edit","is_thread":"0","id":"19"}}]]
[2016-04-13 15:31:17][runtime:327.6911][format:json][[{"http param":{"a":"WxMaterialNews","m":"showMaterial","p":"1","callback":"materialSelecter.loadNewsData"}}]]
[2016-04-13 15:31:41][runtime:437.4061][format:json][[{"http param":{"a":"MaterialNews","m":"index"}}]]
[2016-04-13 15:31:44][runtime:451.5851][format:json][[{"http param":{"id":"19","a":"MaterialNews","m":"edit"}}]]
[2016-04-13 15:31:48][runtime:4.3690][format:json][[{"http param":{"news_type":"1","a":"MaterialNews","m":"add"}}]]
[2016-04-13 15:31:50][runtime:349.5190][format:json][[{"http param":{"a":"MaterialNews","m":"index"}}]]
[2016-04-13 15:31:51][runtime:5.2590][format:json][[{"http param":{"news_type":"2","a":"MaterialNews","m":"add"}}]]
[2016-04-13 15:32:37][runtime:623.6548][format:json][[{"http param":{"a":"MaterialNews","m":"insert","news":[{"news_title":"测试一下","news_author":"东奔西走","news_img_url":"http://wx.hysci.com.cn/yhsci/Common/weixin/upload/201604131531532914.jpg","news_show_cover_pic":"1","news_description":"就是这样","news_content":"<p>顶戴士大夫</p>","news_url":""},{"news_title":"东奔西走qwet","news_author":"多方位","news_img_url":"http://wx.hysci.com.cn/yhsci/Common/weixin/upload/201604131532191195.jpg","news_show_cover_pic":"0","news_description":"茜","news_content":"<p>你</p>","news_url":""}]}}]]
[2016-04-13 15:32:39][runtime:324.3401][format:json][[{"http param":{"a":"MaterialNews","m":"index"}}]]
[2016-04-13 15:32:41][runtime:5.8169][format:json][[{"http param":{"news_type":"1","a":"MaterialNews","m":"add"}}]]
[2016-04-13 15:33:09][runtime:378.2380][format:json][[{"http param":{"a":"MaterialNews","m":"insert","news":[{"news_title":"维艰","news_author":"奇巧","news_img_url":"http://wx.hysci.com.cn/yhsci/Common/weixin/upload/201604131532509776.jpg","news_show_cover_pic":"0","news_description":"人顶替有","news_content":"<p>顶替我</p>","news_url":""}]}}]]
[2016-04-13 15:33:11][runtime:606.8451][format:json][[{"http param":{"a":"MaterialNews","m":"index"}}]]
[2016-04-13 15:33:18][runtime:965.4109][format:json][[{"http param":{"a":"WxMaterialNews","m":"showMaterial","p":"1","callback":"materialSelecter.loadNewsData"}}]]
[2016-04-13 15:38:35][runtime:356.8649][format:json][[{"http param":{"a":"WxCustomMenu","m":"edit","is_thread":"0","id":"19"}}]]
[2016-04-13 15:38:41][runtime:776.4702][format:json][[{"http param":{"a":"WxMaterialNews","m":"showMaterial","p":"1","callback":"materialSelecter.loadNewsData"}}]]
[2016-04-13 15:39:31][runtime:375.1669][format:json][[{"http param":{"a":"WxCustomMenu","m":"edit","is_thread":"0","id":"19"}}]]
[2016-04-13 15:39:39][runtime:379.4458][format:json][[{"http param":{"a":"WxMaterialNews","m":"showMaterial","p":"1","callback":"materialSelecter.loadNewsData"}}]]
[2016-04-13 15:39:58][runtime:473.7408][format:json][[{"http param":{"a":"CustomMenu","m":"index"}}]]
[2016-04-13 15:40:00][runtime:369.8411][format:json][[{"http param":{"a":"CustomMenu","m":"edit","is_thread":"0","id":"19"}}]]
[2016-04-13 15:40:03][runtime:506.7868][format:json][[{"http param":{"a":"MaterialNews","m":"showMaterial","p":"1","callback":"materialSelecter.loadNewsData"}}]]
[2016-04-13 15:42:47][runtime:2.1341][format:json][[{"http param":[]}]]
[2016-04-13 15:42:47][runtime:3.4311][format:json][[{"http param":{"a":"Index","m":"welcome"}}]]
[2016-04-13 15:42:47][runtime:2.6832][format:json][[{"http param":{"a":"Menu","m":"left"}}]]
[2016-04-13 15:42:50][runtime:300.9570][format:json][[{"http param":{"a":"WxCustomMenu","m":"edit","is_thread":"0","id":"19"}}]]
[2016-04-13 15:43:11][runtime:596.1101][format:json][[{"http param":{"a":"WxMaterialNews","m":"showMaterial","p":"1","callback":"materialSelecter.loadNewsData"}}]]
[2016-04-13 15:43:19][runtime:437.9199][format:json][[{"http param":{"a":"WxCustomMenu","m":"edit","is_thread":"0","id":"19"}}]]
[2016-04-13 15:43:24][runtime:506.0129][format:json][[{"http param":{"a":"WxMaterialNews","m":"showMaterial","p":"1","callback":"materialSelecter.loadNewsData"}}]]
[2016-04-13 15:43:36][runtime:688.1881][format:json][[{"http param":{"a":"CustomMenu","m":"index"}}]]
[2016-04-13 15:43:38][runtime:518.8761][format:json][[{"http param":{"a":"CustomMenu","m":"edit","is_thread":"0","id":"19"}}]]
[2016-04-13 15:43:42][runtime:648.2410][format:json][[{"http param":{"a":"MaterialNews","m":"showMaterial","p":"1","callback":"materialSelecter.loadNewsData"}}]]
[2016-04-13 15:44:13][runtime:308.8710][format:json][[{"http param":{"a":"WxCustomMenu","m":"edit","is_thread":"0","id":"19"}}]]
[2016-04-13 15:44:17][runtime:626.9159][format:json][[{"http param":{"a":"WxMaterialNews","m":"showMaterial","p":"1","callback":"materialSelecter.loadNewsData"}}]]
[2016-04-13 15:46:11][runtime:412.4329][format:json][[{"http param":{"a":"WxCustomMenu","m":"edit","is_thread":"0","id":"19"}}]]
[2016-04-13 15:46:15][runtime:795.2240][format:json][[{"http param":{"a":"WxMaterialNews","m":"showMaterial","p":"1","callback":"materialSelecter.loadNewsData"}}]]
[2016-04-13 15:46:54][runtime:448.2522][format:json][[{"http param":{"a":"WxCustomMenu","m":"edit","is_thread":"0","id":"19"}}]]
[2016-04-13 15:46:58][runtime:576.5409][format:json][[{"http param":{"a":"WxMaterialNews","m":"showMaterial","p":"1","callback":"materialSelecter.loadNewsData"}}]]
[2016-04-13 15:47:46][runtime:280.6849][format:json][[{"http param":{"a":"WxCustomMenu","m":"edit","is_thread":"0","id":"19"}}]]
[2016-04-13 15:48:52][runtime:319.8991][format:json][[{"http param":{"a":"WxCustomMenu","m":"edit","is_thread":"0","id":"19"}}]]
[2016-04-13 15:49:00][runtime:1010.6850][format:json][[{"http param":{"a":"WxMaterialNews","m":"showMaterial","p":"1","callback":"materialSelecter.loadNewsData"}}]]
[2016-04-13 15:51:08][runtime:2.6860][format:json][[{"http param":[]}]]
[2016-04-13 15:51:08][runtime:6.6631][format:json][[{"http param":{"a":"Menu","m":"left"}}]]
[2016-04-13 15:51:08][runtime:4.5869][format:json][[{"http param":{"a":"Index","m":"welcome"}}]]
[2016-04-13 15:51:11][runtime:401.3970][format:json][[{"http param":{"a":"CustomMenu","m":"index"}}]]
[2016-04-13 15:51:13][runtime:343.1602][format:json][[{"http param":{"a":"CustomMenu","m":"edit","is_thread":"0","id":"19"}}]]
[2016-04-13 15:51:15][runtime:393.4031][format:json][[{"http param":{"a":"MaterialNews","m":"showMaterial","p":"1","callback":"materialSelecter.loadNewsData"}}]]
[2016-04-13 15:51:20][runtime:242.1339][format:json][[{"http param":{"a":"WxCustomMenu","m":"edit","is_thread":"0","id":"19"}}]]
[2016-04-13 15:51:23][runtime:477.9141][format:json][[{"http param":{"a":"WxMaterialNews","m":"showMaterial","p":"1","callback":"materialSelecter.loadNewsData"}}]]
[2016-04-13 15:51:26][runtime:530.4329][format:json][[{"http param":{"a":"WxMaterialNews","m":"showMaterial","p":"1","callback":"materialSelecter.loadNewsData"}}]]
[2016-04-13 15:51:54][runtime:437.8231][format:json][[{"http param":{"a":"WxCustomMenu","m":"edit","is_thread":"0","id":"19"}}]]
[2016-04-13 15:51:59][runtime:996.3350][format:json][[{"http param":{"a":"WxMaterialNews","m":"showMaterial","p":"1","callback":"materialSelecter.loadNewsData"}}]]
[2016-04-13 15:54:04][runtime:268.8861][format:json][[{"http param":{"a":"WxCustomMenu","m":"edit","is_thread":"0","id":"19"}}]]
[2016-04-13 15:54:09][runtime:599.1721][format:json][[{"http param":{"a":"WxMaterialNews","m":"showMaterial","p":"1","callback":"materialSelecter.loadNewsData"}}]]
[2016-04-13 15:54:26][runtime:299.8149][format:json][[{"http param":{"a":"WxCustomMenu","m":"edit","is_thread":"0","id":"19"}}]]
[2016-04-13 15:54:33][runtime:503.7711][format:json][[{"http param":{"a":"WxMaterialNews","m":"showMaterial","p":"1","callback":"materialSelecter.loadNewsData"}}]]
[2016-04-13 15:59:48][runtime:227.8821][format:json][[{"http param":{"a":"WxCustomMenu","m":"edit","is_thread":"0","id":"19"}}]]
[2016-04-13 15:59:52][runtime:659.0130][format:json][[{"http param":{"a":"WxMaterialNews","m":"showMaterial","p":"1","callback":"materialSelecter.loadNewsData"}}]]
