[2016-04-15 10:27:54][runtime:677.4969][format:json][[{"http param":{"a":"WxCustomMenu","m":"index"}}]]
[2016-04-15 10:29:04][runtime:360.7941][format:json][[{"http param":{"a":"MaterialNews","m":"index"}}]]
[2016-04-15 10:30:17][runtime:697.9918][format:json][[{"http param":{"a":"WxCustomMenu","m":"index"}}]]
[2016-04-15 10:30:19][runtime:429.8050][format:json][[{"http param":{"a":"WxMaterialNews","m":"index"}}]]
[2016-04-15 10:31:17][runtime:739.5790][format:json][[{"http param":{"a":"WxMaterialNews","m":"index"}}]]
[2016-04-15 10:36:47][runtime:699.3010][format:json][[{"http param":{"a":"WxMaterialNews","m":"index"}}]]
[2016-04-15 10:39:51][runtime:600.4090][format:json][[{"http param":{"a":"WxCustomMenu","m":"index"}}]]
[2016-04-15 10:39:55][runtime:316.9959][format:json][[{"http param":{"a":"WxCustomMenu","m":"edit","is_thread":"0","id":"19"}}]]
[2016-04-15 10:40:01][runtime:697.5541][format:json][[{"http param":{"a":"WxMaterialNews","m":"showMaterial","p":"1","callback":"materialSelecter.loadNewsData"}}]]
[2016-04-15 10:41:22][runtime:427.5711][format:json][[{"http param":{"a":"WxCustomMenu","m":"edit","is_thread":"0","id":"19"}}]]
[2016-04-15 10:41:27][runtime:625.8881][format:json][[{"http param":{"a":"WxMaterialNews","m":"index"}}]]
[2016-04-15 10:45:12][runtime:394.3610][format:json][[{"http param":{"a":"WxMaterialNews","m":"index"}}]]
[2016-04-15 10:49:14][runtime:2.4698][format:json][[{"http param":[]}]]
[2016-04-15 10:49:14][runtime:2.7139][format:json][[{"http param":{"a":"Menu","m":"left"}}]]
[2016-04-15 10:49:14][runtime:4.1189][format:json][[{"http param":{"a":"Index","m":"welcome"}}]]
[2016-04-15 10:49:17][runtime:564.4970][format:json][[{"http param":{"a":"MaterialNews","m":"index"}}]]
[2016-04-15 10:51:14][runtime:441.0729][format:json][[{"http param":{"a":"WxMaterialNews","m":"index"}}]]
[2016-04-15 10:51:41][runtime:678.2410][format:json][[{"http param":{"a":"WxMaterialNews","m":"index"}}]]
[2016-04-15 10:51:46][runtime:408.9241][format:json][[{"http param":{"a":"WxMaterialNews","m":"index"}}]]
[2016-04-15 10:54:16][runtime:545.7261][format:json][[{"http param":{"a":"WxMaterialNews","m":"index"}}]]
[2016-04-15 10:56:08][runtime:392.4820][format:json][[{"http param":{"a":"WxMaterialNews","m":"index"}}]]
[2016-04-15 10:56:12][runtime:6.6800][format:json][[{"http param":{"news_type":"1","a":"WxMaterialNews","m":"add"}}]]
[2016-04-15 10:56:30][runtime:5.3160][format:json][[{"http param":{"news_type":"1","a":"MaterialNews","m":"add"}}]]
