[2016-04-15 11:08:02][runtime:6.5632][format:json][[{"http param":{"news_type":"1","a":"WxMaterialNews","m":"add"}}]]
[2016-04-15 11:08:03][runtime:6.1760][format:json][[{"http param":{"news_type":"1","a":"WxMaterialNews","m":"add"}}]]
[2016-04-15 11:08:04][runtime:6.7761][format:json][[{"http param":{"news_type":"1","a":"WxMaterialNews","m":"add"}}]]
[2016-04-15 11:08:05][runtime:6.1131][format:json][[{"http param":{"news_type":"1","a":"WxMaterialNews","m":"add"}}]]
[2016-04-15 11:08:59][runtime:9.9580][format:json][[{"http param":{"news_type":"1","a":"WxMaterialNews","m":"add"}}]]
[2016-04-15 11:10:31][runtime:7.6079][format:json][[{"http param":{"news_type":"1","a":"WxMaterialNews","m":"add"}}]]
[2016-04-15 11:11:40][runtime:10.0482][format:json][[{"http param":{"news_type":"1","a":"WxMaterialNews","m":"add"}}]]
[2016-04-15 11:17:42][runtime:10.4430][format:json][[{"http param":{"news_type":"1","a":"WxMaterialNews","m":"add"}}]]
[2016-04-15 11:18:08][runtime:21.4610][format:json][[{"http param":{"news_type":"1","a":"WxMaterialNews","m":"add"}}]]
[2016-04-15 11:24:58][runtime:23.6361][format:json][[{"http param":{"news_type":"1","a":"WxMaterialNews","m":"add"}}]]
[2016-04-15 11:25:31][runtime:11.0748][format:json][[{"http param":{"news_type":"1","a":"WxMaterialNews","m":"add"}}]]
[2016-04-15 11:25:57][runtime:10.4561][format:json][[{"http param":{"news_type":"1","a":"WxMaterialNews","m":"add"}}]]
[2016-04-15 11:28:09][runtime:276.8281][format:json][[{"http param":{"a":"ZgykdxEvaluating","m":"index"}}]]
[2016-04-15 11:28:13][runtime:7.3440][format:json][[{"http param":{"a":"ZgykdxEvaluating","m":"add"}}]]
[2016-04-15 11:28:17][runtime:302.5019][format:json][[{"http param":{"a":"ZgykdxEvaluating","m":"index"}}]]
[2016-04-15 11:28:19][runtime:198.7801][format:json][[{"http param":{"eval_id":"35","a":"ZgykdxEvaluating","m":"update"}}]]
[2016-04-15 11:28:25][runtime:345.0952][format:json][[{"http param":{"a":"ZgykdxEvaluating","m":"index"}}]]
[2016-04-15 11:28:28][runtime:251.3361][format:json][[{"http param":{"eval_id":"35","a":"ZgykdxEvaluating","m":"indexTopicList"}}]]
[2016-04-15 11:28:31][runtime:9.2800][format:json][[{"http param":{"eval_id":"35","a":"ZgykdxEvaluating","m":"addTopic"}}]]
[2016-04-15 11:29:40][runtime:12.1720][format:json][[{"http param":{"eval_id":"35","a":"ZgykdxEvaluating","m":"addTopic"}}]]
[2016-04-15 11:29:45][runtime:534.6110][format:json][[{"http param":{"a":"WxMaterialNews","m":"index"}}]]
[2016-04-15 11:29:46][runtime:7.2799][format:json][[{"http param":{"news_type":"1","a":"WxMaterialNews","m":"add"}}]]
[2016-04-15 11:32:45][runtime:659.3812][format:json][[{"http param":{"a":"MaterialNews","m":"index"}}]]
[2016-04-15 11:32:50][runtime:5.0681][format:json][[{"http param":{"news_type":"1","a":"MaterialNews","m":"add"}}]]
[2016-04-15 11:37:06][runtime:2.3749][format:json][[{"http param":[]}]]
[2016-04-15 11:37:06][runtime:2.7649][format:json][[{"http param":{"a":"Menu","m":"left"}}]]
[2016-04-15 11:37:06][runtime:10.4520][format:json][[{"http param":{"a":"Index","m":"welcome"}}]]
[2016-04-15 11:37:08][runtime:12.2321][format:json][[{"http param":{"news_type":"1","a":"WxMaterialNews","m":"add"}}]]
[2016-04-15 11:38:07][runtime:568.7079][format:json][[{"http param":{"a":"MaterialNews","m":"index"}}]]
[2016-04-15 11:38:08][runtime:4.9760][format:json][[{"http param":{"news_type":"1","a":"MaterialNews","m":"add"}}]]
[2016-04-15 11:39:54][runtime:8.8608][format:json][[{"http param":{"news_type":"1","a":"WxMaterialNews","m":"add"}}]]
[2016-04-15 11:41:12][runtime:11.2941][format:json][[{"http param":{"news_type":"1","a":"WxMaterialNews","m":"add"}}]]
[2016-04-15 11:42:36][runtime:7.2098][format:json][[{"http param":{"news_type":"1","a":"WxMaterialNews","m":"add"}}]]
[2016-04-15 11:47:38][runtime:15.3751][format:json][[{"http param":{"news_type":"1","a":"WxMaterialNews","m":"add"}}]]
[2016-04-15 11:49:31][runtime:11.6849][format:json][[{"http param":{"news_type":"1","a":"WxMaterialNews","m":"add"}}]]
[2016-04-15 11:49:56][runtime:7.2389][format:json][[{"http param":{"news_type":"1","a":"WxMaterialNews","m":"add"}}]]
[2016-04-15 11:50:32][runtime:13.3171][format:json][[{"http param":{"news_type":"1","a":"WxMaterialNews","m":"add"}}]]
[2016-04-15 11:51:36][runtime:17.9632][format:json][[{"http param":{"news_type":"1","a":"WxMaterialNews","m":"add"}}]]
[2016-04-15 11:51:53][runtime:7.8390][format:json][[{"http param":{"news_type":"1","a":"WxMaterialNews","m":"add"}}]]
[2016-04-15 11:56:42][runtime:11.7891][format:json][[{"http param":{"news_type":"1","a":"WxMaterialNews","m":"add"}}]]
[2016-04-15 11:59:34][runtime:10.7849][format:json][[{"http param":{"news_type":"1","a":"WxMaterialNews","m":"add"}}]]
