[2016-04-15 13:02:27][runtime:13.0091][format:json][[{"http param":{"news_type":"1","a":"WxMaterialNews","m":"add"}}]]
[2016-04-15 13:03:46][runtime:2.5010][format:json][[{"http param":[]}]]
[2016-04-15 13:03:46][runtime:2.5799][format:json][[{"http param":{"a":"Menu","m":"left"}}]]
[2016-04-15 13:03:46][runtime:3.3400][format:json][[{"http param":{"a":"Index","m":"welcome"}}]]
[2016-04-15 13:03:48][runtime:6.9680][format:json][[{"http param":{"news_type":"1","a":"WxMaterialNews","m":"add"}}]]
[2016-04-15 13:03:57][runtime:10.5360][format:json][[{"http param":{"news_type":"1","a":"WxMaterialNews","m":"add"}}]]
[2016-04-15 13:04:03][runtime:6.9971][format:json][[{"http param":{"news_type":"1","a":"WxMaterialNews","m":"add"}}]]
[2016-04-15 13:04:27][runtime:6.8662][format:json][[{"http param":{"news_type":"1","a":"WxMaterialNews","m":"add"}}]]
[2016-04-15 13:10:36][runtime:8.9490][format:json][[{"http param":{"news_type":"1","a":"WxMaterialNews","m":"add"}}]]
[2016-04-15 13:13:13][runtime:16.0561][format:json][[{"http param":{"news_type":"1","a":"WxMaterialNews","m":"add"}}]]
[2016-04-15 13:16:35][runtime:9.5561][format:json][[{"http param":{"news_type":"1","a":"WxMaterialNews","m":"add"}}]]
[2016-04-15 13:17:20][runtime:7.1030][format:json][[{"http param":{"news_type":"1","a":"WxMaterialNews","m":"add"}}]]
[2016-04-15 13:22:54][runtime:7.3209][format:json][[{"http param":{"news_type":"1","a":"WxMaterialNews","m":"add"}}]]
[2016-04-15 13:24:06][runtime:18.5912][format:json][[{"http param":{"news_type":"1","a":"WxMaterialNews","m":"add"}}]]
[2016-04-15 13:25:04][runtime:15.3151][format:json][[{"http param":{"news_type":"1","a":"WxMaterialNews","m":"add"}}]]
[2016-04-15 13:31:44][runtime:10.6161][format:json][[{"http param":{"news_type":"1","a":"WxMaterialNews","m":"add"}}]]
[2016-04-15 13:33:28][runtime:9.5551][format:json][[{"http param":{"news_type":"1","a":"WxMaterialNews","m":"add"}}]]
[2016-04-15 13:33:41][runtime:7.3440][format:json][[{"http param":{"news_type":"1","a":"WxMaterialNews","m":"add"}}]]
[2016-04-15 13:36:17][runtime:7.4871][format:json][[{"http param":{"news_type":"1","a":"WxMaterialNews","m":"add"}}]]
[2016-04-15 13:36:55][runtime:371.7148][format:json][[{"http param":{"a":"WxMaterialNews","m":"insert","news":[{"news_title":"就是这样k","news_author":"哈哈","news_img_url":"http://test.yh.yueyanggo.com/yhsci/Common/weixin/upload/201604151336356697.jpg","news_show_cover_pic":"0","news_description":"顺顺","news_content":"<p>中地遥喁喁罟羁</p>","news_url":""}]}}]]
[2016-04-15 13:36:57][runtime:507.5231][format:json][[{"http param":{"a":"WxMaterialNews","m":"index"}}]]
[2016-04-15 13:37:49][runtime:458.4630][format:json][[{"http param":{"a":"WxMaterialNews","m":"index"}}]]
[2016-04-15 13:37:51][runtime:293.2611][format:json][[{"http param":{"id":"22","a":"WxMaterialNews","m":"edit"}}]]
[2016-04-15 13:38:39][runtime:222.3570][format:json][[{"http param":{"id":"22","a":"WxMaterialNews","m":"edit"}}]]
[2016-04-15 13:39:10][runtime:485.9791][format:json][[{"http param":{"a":"WxMaterialNews","m":"update","id":"22","news":[{"news_img_url":"http://test.yh.yueyanggo.com/yhsci/Common/weixin/upload/201604151336356697.jpg","news_show_cover_pic":"1","news_title":"就是这样k","news_author":"哈哈","news_description":"顺顺wq ","news_url":"","news_content":"<p>中地遥喁喁罟羁</p>"}]}}]]
[2016-04-15 13:39:14][runtime:352.3781][format:json][[{"http param":{"id":"22","a":"WxMaterialNews","m":"edit"}}]]
[2016-04-15 13:39:35][runtime:476.5649][format:json][[{"http param":{"a":"WxMaterialNews","m":"update","id":"22","news":[{"news_img_url":"http://test.yh.yueyanggo.com/yhsci/Common/weixin/upload/201604151336356697.jpg","news_show_cover_pic":"1","news_title":"就是这样k","news_author":"哈哈","news_description":"顺顺wq","news_url":"","news_content":"<p style=\"margin-top: 0px; margin-bottom: 0px; padding-bottom: 14px; font-size: 14px; color: rgb(34, 34, 34); font-family: &#39;Hiragino Sans GB&#39;, &#39;Microsoft YaHei&#39;, 黑体, Helvetica, Arial, Tahoma, sans-serif; line-height: 22.4px; white-space: normal;\"><span style=\"font-family: 微软雅黑, &#39;Microsoft YaHei&#39;;\">http请求方式: POST（请使用https协议）</span></p><p style=\"margin-top: 0px; margin-bottom: 0px; padding-bottom: 14px; font-size: 14px; color: rgb(34, 34, 34); font-family: &#39;Hiragino Sans GB&#39;, &#39;Microsoft YaHei&#39;, 黑体, Helvetica, Arial, Tahoma, sans-serif; line-height: 22.4px; white-space: normal;\"><span style=\"font-family: 微软雅黑, &#39;Microsoft YaHei&#39;;\">https://api.weixin.qq.com/cgi-bin/component/api_query_auth?component_access_token=xxxx</span></p><p style=\"margin-top: 0px; margin-bottom: 0px; padding-bottom: 14px; font-size: 14px; color: rgb(34, 34, 34); font-family: &#39;Hiragino Sans GB&#39;, &#39;Microsoft YaHei&#39;, 黑体, Helvetica, Arial, Tahoma, sans-serif; line-height: 22.4px; white-space: normal;\"><span style=\"font-family: 微软雅黑, &#39;Microsoft YaHei&#39;;\">POST数据示例:</span></p><p style=\"margin-top: 0px; margin-bottom: 0px; padding-bottom: 14px; font-size: 14px; color: rgb(34, 34, 34); font-family: &#39;Hiragino Sans GB&#39;, &#39;Microsoft YaHei&#39;, 黑体, Helvetica, Arial, Tahoma, sans-serif; line-height: 22.4px; white-space: normal;\"><code style=\"display: block; padding: 10px 16px; max-width: 600px; overflow: auto; font-family: &#39;Hiragino Sans GB&#39;, &#39;Microsoft YaHei&#39;, 黑体, Helvetica, Arial, Tahoma, sans-serif;\"><span style=\"font-family: 微软雅黑, &#39;Microsoft YaHei&#39;; font-size: 14px;\">{<br/>&quot;component_appid&quot;:&quot;appid_value&quot; ,<br/>&quot;authorization_code&quot;: &quot;auth_code_value&quot;<br/>}</span></code></p><p><br/></p>"}]}}]]
[2016-04-15 13:39:39][runtime:291.3830][format:json][[{"http param":{"id":"22","a":"WxMaterialNews","m":"edit"}}]]
[2016-04-15 13:44:18][runtime:392.7810][format:json][[{"http param":{"a":"WxMaterialNews","m":"update","id":"22","news":[{"news_img_url":"http://test.yh.yueyanggo.com/yhsci/Common/weixin/upload/201604151343563294.jpg","news_show_cover_pic":"1","news_title":"就是这样k","news_author":"哈哈","news_description":"顺顺wq","news_url":"http://www.baidu.com","news_content":"<p style=\"margin-top: 0px; margin-bottom: 0px; padding-bottom: 14px; font-size: 14px; color: rgb(34, 34, 34); font-family: &#39;Hiragino Sans GB&#39;, &#39;Microsoft YaHei&#39;, 黑体, Helvetica, Arial, Tahoma, sans-serif; line-height: 22.4px; white-space: normal;\"><span style=\"font-family: 微软雅黑, &#39;Microsoft YaHei&#39;;\">http请求方式: POST（请使用https协议）</span></p><p style=\"margin-top: 0px; margin-bottom: 0px; padding-bottom: 14px; font-size: 14px; color: rgb(34, 34, 34); font-family: &#39;Hiragino Sans GB&#39;, &#39;Microsoft YaHei&#39;, 黑体, Helvetica, Arial, Tahoma, sans-serif; line-height: 22.4px; white-space: normal;\"><span style=\"font-family: 微软雅黑, &#39;Microsoft YaHei&#39;;\">https://api.weixin.qq.com/cgi-bin/component/api_query_auth?component_access_token=xxxx</span></p><p style=\"margin-top: 0px; margin-bottom: 0px; padding-bottom: 14px; font-size: 14px; color: rgb(34, 34, 34); font-family: &#39;Hiragino Sans GB&#39;, &#39;Microsoft YaHei&#39;, 黑体, Helvetica, Arial, Tahoma, sans-serif; line-height: 22.4px; white-space: normal;\"><span style=\"font-family: 微软雅黑, &#39;Microsoft YaHei&#39;;\">POST数据示例:</span></p><p style=\"margin-top: 0px; margin-bottom: 0px; padding-bottom: 14px; font-size: 14px; color: rgb(34, 34, 34); font-family: &#39;Hiragino Sans GB&#39;, &#39;Microsoft YaHei&#39;, 黑体, Helvetica, Arial, Tahoma, sans-serif; line-height: 22.4px; white-space: normal;\"><code style=\"display: block; padding: 10px 16px; max-width: 600px; overflow: auto; font-family: &#39;Hiragino Sans GB&#39;, &#39;Microsoft YaHei&#39;, 黑体, Helvetica, Arial, Tahoma, sans-serif;\"><span style=\"font-family: 微软雅黑, &#39;Microsoft YaHei&#39;; font-size: 14px;\">{<br/>&quot;component_appid&quot;:&quot;appid_value&quot; ,<br/>&quot;authorization_code&quot;: &quot;auth_code_value&quot;<br/>}</span></code></p><p><br/></p>"}]}}]]
[2016-04-15 13:44:21][runtime:211.4129][format:json][[{"http param":{"id":"22","a":"WxMaterialNews","m":"edit"}}]]
[2016-04-15 13:44:33][runtime:3300.1852][format:json][[{"http param":{"a":"WxMaterialNews","m":"send","nickname":"hzqjerish","send_data":[{"news_img_url":"http://test.yh.yueyanggo.com/yhsci/Common/weixin/upload/201604151343563294.jpg","news_show_cover_pic":"1","news_title":"就是这样k","news_author":"哈哈","news_description":"顺顺wq","news_url":"http://www.baidu.com","news_content":"<p style=\"margin-top: 0px; margin-bottom: 0px; padding-bottom: 14px; font-size: 14px; color: rgb(34, 34, 34); font-family: &#39;Hiragino Sans GB&#39;, &#39;Microsoft YaHei&#39;, 黑体, Helvetica, Arial, Tahoma, sans-serif; line-height: 22.4px; white-space: normal;\"><span style=\"font-family: 微软雅黑, &#39;Microsoft YaHei&#39;;\">http请求方式: POST（请使用https协议）</span></p><p style=\"margin-top: 0px; margin-bottom: 0px; padding-bottom: 14px; font-size: 14px; color: rgb(34, 34, 34); font-family: &#39;Hiragino Sans GB&#39;, &#39;Microsoft YaHei&#39;, 黑体, Helvetica, Arial, Tahoma, sans-serif; line-height: 22.4px; white-space: normal;\"><span style=\"font-family: 微软雅黑, &#39;Microsoft YaHei&#39;;\">https://api.weixin.qq.com/cgi-bin/component/api_query_auth?component_access_token=xxxx</span></p><p style=\"margin-top: 0px; margin-bottom: 0px; padding-bottom: 14px; font-size: 14px; color: rgb(34, 34, 34); font-family: &#39;Hiragino Sans GB&#39;, &#39;Microsoft YaHei&#39;, 黑体, Helvetica, Arial, Tahoma, sans-serif; line-height: 22.4px; white-space: normal;\"><span style=\"font-family: 微软雅黑, &#39;Microsoft YaHei&#39;;\">POST数据示例:</span></p><p style=\"margin-top: 0px; margin-bottom: 0px; padding-bottom: 14px; font-size: 14px; color: rgb(34, 34, 34); font-family: &#39;Hiragino Sans GB&#39;, &#39;Microsoft YaHei&#39;, 黑体, Helvetica, Arial, Tahoma, sans-serif; line-height: 22.4px; white-space: normal;\"><code style=\"display: block; padding: 10px 16px; max-width: 600px; overflow: auto; font-family: &#39;Hiragino Sans GB&#39;, &#39;Microsoft YaHei&#39;, 黑体, Helvetica, Arial, Tahoma, sans-serif;\"><span style=\"font-family: 微软雅黑, &#39;Microsoft YaHei&#39;; font-size: 14px;\">{<br/>&quot;component_appid&quot;:&quot;appid_value&quot; ,<br/>&quot;authorization_code&quot;: &quot;auth_code_value&quot;<br/>}</span></code></p><p><br/></p>"}]}}]]
[2016-04-15 13:44:44][runtime:2675.3600][format:json][[{"http param":{"a":"WxMaterialNews","m":"send","nickname":"何钟强","send_data":[{"news_img_url":"http://test.yh.yueyanggo.com/yhsci/Common/weixin/upload/201604151343563294.jpg","news_show_cover_pic":"1","news_title":"就是这样k","news_author":"哈哈","news_description":"顺顺wq","news_url":"http://www.baidu.com","news_content":"<p style=\"margin-top: 0px; margin-bottom: 0px; padding-bottom: 14px; font-size: 14px; color: rgb(34, 34, 34); font-family: &#39;Hiragino Sans GB&#39;, &#39;Microsoft YaHei&#39;, 黑体, Helvetica, Arial, Tahoma, sans-serif; line-height: 22.4px; white-space: normal;\"><span style=\"font-family: 微软雅黑, &#39;Microsoft YaHei&#39;;\">http请求方式: POST（请使用https协议）</span></p><p style=\"margin-top: 0px; margin-bottom: 0px; padding-bottom: 14px; font-size: 14px; color: rgb(34, 34, 34); font-family: &#39;Hiragino Sans GB&#39;, &#39;Microsoft YaHei&#39;, 黑体, Helvetica, Arial, Tahoma, sans-serif; line-height: 22.4px; white-space: normal;\"><span style=\"font-family: 微软雅黑, &#39;Microsoft YaHei&#39;;\">https://api.weixin.qq.com/cgi-bin/component/api_query_auth?component_access_token=xxxx</span></p><p style=\"margin-top: 0px; margin-bottom: 0px; padding-bottom: 14px; font-size: 14px; color: rgb(34, 34, 34); font-family: &#39;Hiragino Sans GB&#39;, &#39;Microsoft YaHei&#39;, 黑体, Helvetica, Arial, Tahoma, sans-serif; line-height: 22.4px; white-space: normal;\"><span style=\"font-family: 微软雅黑, &#39;Microsoft YaHei&#39;;\">POST数据示例:</span></p><p style=\"margin-top: 0px; margin-bottom: 0px; padding-bottom: 14px; font-size: 14px; color: rgb(34, 34, 34); font-family: &#39;Hiragino Sans GB&#39;, &#39;Microsoft YaHei&#39;, 黑体, Helvetica, Arial, Tahoma, sans-serif; line-height: 22.4px; white-space: normal;\"><code style=\"display: block; padding: 10px 16px; max-width: 600px; overflow: auto; font-family: &#39;Hiragino Sans GB&#39;, &#39;Microsoft YaHei&#39;, 黑体, Helvetica, Arial, Tahoma, sans-serif;\"><span style=\"font-family: 微软雅黑, &#39;Microsoft YaHei&#39;; font-size: 14px;\">{<br/>&quot;component_appid&quot;:&quot;appid_value&quot; ,<br/>&quot;authorization_code&quot;: &quot;auth_code_value&quot;<br/>}</span></code></p><p><br/></p>"}]}}]]
[2016-04-15 13:45:23][runtime:796.0570][format:json][[{"http param":{"id":"22","a":"WxMaterialNews","m":"edit"}}]]
[2016-04-15 13:48:18][runtime:525.1110][format:json][[{"http param":{"a":"WxCustomMenu","m":"index"}}]]
[2016-04-15 13:48:21][runtime:502.6941][format:json][[{"http param":{"a":"WxCustomMenu","m":"index"}}]]
[2016-04-15 13:48:54][runtime:647.2671][format:json][[{"http param":{"a":"WxMaterialNews","m":"index"}}]]
[2016-04-15 13:48:56][runtime:8.0199][format:json][[{"http param":{"news_type":"2","a":"WxMaterialNews","m":"add"}}]]
[2016-04-15 13:50:07][runtime:497.8399][format:json][[{"http param":{"a":"MaterialNews","m":"index"}}]]
[2016-04-15 13:50:09][runtime:5.2571][format:json][[{"http param":{"news_type":"2","a":"MaterialNews","m":"add"}}]]
[2016-04-15 13:53:49][runtime:7.4890][format:json][[{"http param":{"news_type":"2","a":"WxMaterialNews","m":"add"}}]]
[2016-04-15 13:55:10][runtime:13.0291][format:json][[{"http param":{"news_type":"2","a":"WxMaterialNews","m":"add"}}]]
[2016-04-15 13:56:15][runtime:2.3408][format:json][[{"http param":[]}]]
[2016-04-15 13:56:15][runtime:3.6709][format:json][[{"http param":{"a":"Menu","m":"left"}}]]
[2016-04-15 13:56:15][runtime:3.5970][format:json][[{"http param":{"a":"Index","m":"welcome"}}]]
[2016-04-15 13:56:20][runtime:464.8890][format:json][[{"http param":{"a":"MaterialNews","m":"index"}}]]
[2016-04-15 13:56:22][runtime:6.0911][format:json][[{"http param":{"news_type":"2","a":"MaterialNews","m":"add"}}]]
[2016-04-15 13:56:24][runtime:7.6139][format:json][[{"http param":{"news_type":"2","a":"WxMaterialNews","m":"add"}}]]
[2016-04-15 13:57:56][runtime:2.2740][format:json][[{"http param":[]}]]
[2016-04-15 13:57:57][runtime:3.6390][format:json][[{"http param":{"a":"Index","m":"welcome"}}]]
[2016-04-15 13:57:57][runtime:6.1581][format:json][[{"http param":{"a":"Menu","m":"left"}}]]
[2016-04-15 13:58:01][runtime:450.1128][format:json][[{"http param":{"a":"MaterialNews","m":"index"}}]]
[2016-04-15 13:58:02][runtime:6.1340][format:json][[{"http param":{"news_type":"2","a":"MaterialNews","m":"add"}}]]
[2016-04-15 13:58:04][runtime:8.3771][format:json][[{"http param":{"news_type":"2","a":"WxMaterialNews","m":"add"}}]]
