[2016-04-15 14:00:20][runtime:13.5989][format:json][[{"http param":{"news_type":"2","a":"WxMaterialNews","m":"add"}}]]
[2016-04-15 14:01:01][runtime:7.1108][format:json][[{"http param":{"news_type":"2","a":"WxMaterialNews","m":"add"}}]]
[2016-04-15 14:01:15][runtime:9.3980][format:json][[{"http param":{"news_type":"2","a":"WxMaterialNews","m":"add"}}]]
[2016-04-15 14:01:42][runtime:8.7750][format:json][[{"http param":{"news_type":"2","a":"WxMaterialNews","m":"add"}}]]
[2016-04-15 14:02:01][runtime:8.3392][format:json][[{"http param":{"news_type":"2","a":"WxMaterialNews","m":"add"}}]]
[2016-04-15 14:03:01][runtime:10.9551][format:json][[{"http param":{"news_type":"2","a":"WxMaterialNews","m":"add"}}]]
[2016-04-15 14:08:10][runtime:13.6831][format:json][[{"http param":{"news_type":"2","a":"WxMaterialNews","m":"add"}}]]
[2016-04-15 14:08:50][runtime:12.2681][format:json][[{"http param":{"news_type":"2","a":"WxMaterialNews","m":"add"}}]]
[2016-04-15 14:09:00][runtime:16.9690][format:json][[{"http param":{"news_type":"2","a":"WxMaterialNews","m":"add"}}]]
[2016-04-15 14:09:09][runtime:12.0931][format:json][[{"http param":{"news_type":"2","a":"WxMaterialNews","m":"add"}}]]
[2016-04-15 14:10:55][runtime:11.8539][format:json][[{"http param":{"news_type":"2","a":"WxMaterialNews","m":"add"}}]]
[2016-04-15 14:12:24][runtime:12.0492][format:json][[{"http param":{"news_type":"2","a":"WxMaterialNews","m":"add"}}]]
[2016-04-15 14:14:38][runtime:7.2629][format:json][[{"http param":{"news_type":"2","a":"WxMaterialNews","m":"add"}}]]
[2016-04-15 14:14:49][runtime:6.5460][format:json][[{"http param":{"news_type":"2","a":"WxMaterialNews","m":"add"}}]]
[2016-04-15 14:16:34][runtime:11.6122][format:json][[{"http param":{"news_type":"2","a":"WxMaterialNews","m":"add"}}]]
[2016-04-15 14:16:43][runtime:8.7249][format:json][[{"http param":{"news_type":"2","a":"WxMaterialNews","m":"add"}}]]
[2016-04-15 14:18:17][runtime:9.7139][format:json][[{"http param":{"news_type":"2","a":"WxMaterialNews","m":"add"}}]]
[2016-04-15 14:18:20][runtime:8.3170][format:json][[{"http param":{"news_type":"2","a":"WxMaterialNews","m":"add"}}]]
[2016-04-15 14:19:16][runtime:8.2431][format:json][[{"http param":{"news_type":"2","a":"WxMaterialNews","m":"add"}}]]
[2016-04-15 14:19:23][runtime:10.2339][format:json][[{"http param":{"news_type":"2","a":"WxMaterialNews","m":"add"}}]]
[2016-04-15 14:20:32][runtime:6.9668][format:json][[{"http param":{"news_type":"2","a":"WxMaterialNews","m":"add"}}]]
[2016-04-15 14:20:39][runtime:8.8692][format:json][[{"http param":{"news_type":"2","a":"WxMaterialNews","m":"add"}}]]
[2016-04-15 14:20:48][runtime:9.4349][format:json][[{"http param":{"news_type":"2","a":"WxMaterialNews","m":"add"}}]]
[2016-04-15 14:20:59][runtime:10.4592][format:json][[{"http param":{"news_type":"2","a":"WxMaterialNews","m":"add"}}]]
[2016-04-15 14:21:21][runtime:7.8070][format:json][[{"http param":{"news_type":"2","a":"WxMaterialNews","m":"add"}}]]
[2016-04-15 14:22:51][runtime:11.3389][format:json][[{"http param":{"news_type":"2","a":"WxMaterialNews","m":"add"}}]]
[2016-04-15 14:25:25][runtime:456.5811][format:json][[{"http param":{"a":"WxMaterialNews","m":"insert","news":[{"news_title":"这是一个多文本","news_author":"我是作者","news_img_url":"http://test.yh.yueyanggo.com/yhsci/Common/weixin/upload/201604151423145759.jpg","news_show_cover_pic":"0","news_description":"就是这样的","news_content":"<p>图片显示不出来</p>","news_url":"http://www.baidu.com"},{"news_title":"这是第二个","news_author":"哈哈","news_img_url":"http://test.yh.yueyanggo.com/yhsci/Common/weixin/upload/201604151423526887.jpg","news_show_cover_pic":"0","news_description":"这是什么","news_content":"<p>哈哈</p>","news_url":"http://www.23mofang.com/"},{"news_title":"这是第三条图文","news_author":"进","news_img_url":"http://test.yh.yueyanggo.com/yhsci/Common/weixin/upload/201604151424573198.jpg","news_show_cover_pic":"0","news_description":"右侧模压","news_url":"","news_content":"<p>甘</p>"}]}}]]
[2016-04-15 14:25:27][runtime:525.2759][format:json][[{"http param":{"a":"WxMaterialNews","m":"index"}}]]
[2016-04-15 14:25:56][runtime:297.2779][format:json][[{"http param":{"id":"23","a":"WxMaterialNews","m":"edit"}}]]
[2016-04-15 14:26:06][runtime:265.5039][format:json][[{"http param":{"id":"23","a":"WxMaterialNews","m":"edit"}}]]
[2016-04-15 14:27:08][runtime:690.5930][format:json][[{"http param":{"a":"WxMaterialNews","m":"update","id":"23","news":[{"news_img_url":"http://test.yh.yueyanggo.com/yhsci/Common/weixin/upload/201604151423145759.jpg","news_show_cover_pic":"0","news_title":"这是一个多文本","news_author":"我是作者","news_description":"就是这样的","news_url":"http://www.baidu.com","news_content":"<p>图片显示不出来</p>"},{"news_img_url":"http://test.yh.yueyanggo.com/yhsci/Common/weixin/upload/201604151423526887.jpg","news_show_cover_pic":"0","news_title":"这是第二个","news_author":"哈哈","news_description":"这是什么","news_url":"http://www.23mofang.com/","news_content":"<p>哈哈</p>"},{"news_img_url":"http://test.yh.yueyanggo.com/yhsci/Common/weixin/upload/201604151424573198.jpg","news_show_cover_pic":"0","news_title":"这是第三条图文品alter","news_author":"进","news_description":"右侧模压","news_url":"","news_content":"<p>甘</p>"}]}}]]
[2016-04-15 14:27:15][runtime:713.1150][format:json][[{"http param":{"id":"23","a":"WxMaterialNews","m":"edit"}}]]
[2016-04-15 14:27:26][runtime:1292.2158][format:json][[{"http param":{"a":"WxMaterialNews","m":"index"}}]]
[2016-04-15 14:27:32][runtime:284.0781][format:json][[{"http param":{"id":"23","a":"WxMaterialNews","m":"edit"}}]]
[2016-04-15 14:27:46][runtime:2976.0771][format:json][[{"http param":{"a":"WxMaterialNews","m":"update","id":"23","news":[{"news_img_url":"http://test.yh.yueyanggo.com/yhsci/Common/weixin/upload/201604151424573198.jpg","news_show_cover_pic":"0","news_title":"这是第三条图文品alter","news_author":"进","news_description":"右侧模压","news_url":"","news_content":"<p>甘</p>"},{"news_img_url":"http://test.yh.yueyanggo.com/yhsci/Common/weixin/upload/201604151423526887.jpg","news_show_cover_pic":"0","news_title":"这是第二个","news_author":"哈哈","news_description":"这是什么","news_url":"http://www.23mofang.com/","news_content":"<p>哈哈</p>"},{"news_img_url":"http://test.yh.yueyanggo.com/yhsci/Common/weixin/upload/201604151423145759.jpg","news_show_cover_pic":"0","news_title":"这是一个多文本ualt","news_author":"我是作者","news_description":"就是这样的","news_url":"http://www.baidu.com","news_content":"<p>图片显示不出来</p>"}]}}]]
[2016-04-15 14:27:53][runtime:903.9361][format:json][[{"http param":{"a":"WxMaterialNews","m":"index"}}]]
[2016-04-15 14:29:07][runtime:733.6290][format:json][[{"http param":{"a":"WxMaterialNews","m":"index"}}]]
[2016-04-15 14:31:04][runtime:818.3270][format:json][[{"http param":{"a":"WxMaterialNews","m":"index"}}]]
[2016-04-15 14:33:20][runtime:2255.0189][format:json][[{"http param":{"a":"WxMaterialNews","m":"index"}}]]
[2016-04-15 14:33:48][runtime:781.2819][format:json][[{"http param":{"a":"WxMaterialNews","m":"index"}}]]
[2016-04-15 14:34:02][runtime:710.8500][format:json][[{"http param":{"id":"19","a":"WxMaterialNews","m":"edit"}}]]
[2016-04-15 14:34:13][runtime:500.2890][format:json][[{"http param":{"a":"WxMaterialNews","m":"index"}}]]
[2016-04-15 14:34:30][runtime:3104.0678][format:json][[{"http param":{"a":"WxMaterialNews","m":"index"}}]]
[2016-04-15 14:34:30][runtime:18.0941][format:json][[{"http param":{"news_type":"1","a":"WxMaterialNews","m":"add"}}]]
[2016-04-15 14:35:03][runtime:1545.1698][format:json][[{"http param":{"a":"WxMaterialNews","m":"insert","news":[{"news_title":"再加一个单图文","news_author":"是这样的吗","news_img_url":"http://test.yh.yueyanggo.com/yhsci/Common/weixin/upload/201604151434482553.jpg","news_show_cover_pic":"0","news_description":"全空对空","news_content":"<p>可悲老糊涂角</p>","news_url":""}]}}]]
[2016-04-15 14:35:05][runtime:859.5290][format:json][[{"http param":{"a":"WxMaterialNews","m":"index"}}]]
[2016-04-15 14:36:56][runtime:1719.1331][format:json][[{"http param":{"a":"WxMaterialNews","m":"index"}}]]
[2016-04-15 14:39:17][runtime:3718.4010][format:json][[{"http param":{"a":"WxMaterialNews","m":"index"}}]]
[2016-04-15 14:40:04][runtime:1544.5509][format:json][[{"http param":{"a":"WxMaterialNews","m":"index"}}]]
[2016-04-15 14:40:22][runtime:518.2221][format:json][[{"http param":{"id":"24","a":"WxMaterialNews","m":"edit"}}]]
[2016-04-15 14:47:05][runtime:1024.1990][format:json][[{"http param":{"a":"WxMaterialNews","m":"index"}}]]
[2016-04-15 14:47:08][runtime:861.2480][format:json][[{"http param":{"a":"WxCustomMenu","m":"index"}}]]
[2016-04-15 14:47:13][runtime:1402.7832][format:json][[{"http param":{"a":"WxMaterialNews","m":"index"}}]]
[2016-04-15 14:47:59][runtime:7.4940][format:json][[{"http param":{"news_type":"1","a":"WxMaterialNews","m":"add"}}]]
[2016-04-15 14:48:21][runtime:11.3370][format:json][[{"http param":{"news_type":"1","a":"WxMaterialNews","m":"add"}}]]
[2016-04-15 14:48:40][runtime:9.6591][format:json][[{"http param":{"news_type":"1","a":"WxMaterialNews","m":"add"}}]]
[2016-04-15 14:50:34][runtime:14.8160][format:json][[{"http param":{"news_type":"1","a":"WxMaterialNews","m":"add"}}]]
[2016-04-15 14:50:46][runtime:7.1011][format:json][[{"http param":{"news_type":"1","a":"WxMaterialNews","m":"add"}}]]
