[2016-04-15 18:21:57][runtime:9.6359][format:json][[{"http param":{"news_type":"1","a":"WxMaterialNews","m":"add"}}]]
[2016-04-15 18:23:13][runtime:8.2321][format:json][[{"http param":{"news_type":"1","a":"WxMaterialNews","m":"add"}}]]
[2016-04-15 18:23:24][runtime:7.1452][format:json][[{"http param":{"news_type":"1","a":"WxMaterialNews","m":"add"}}]]
[2016-04-15 18:23:28][runtime:7.3061][format:json][[{"http param":{"news_type":"1","a":"WxMaterialNews","m":"add"}}]]
[2016-04-15 18:23:35][runtime:507.0701][format:json][[{"http param":{"a":"WxMaterialNews","m":"index"}}]]
[2016-04-15 18:24:15][runtime:545.3160][format:json][[{"http param":{"a":"WxCustomMenu","m":"index"}}]]
[2016-04-15 18:24:18][runtime:745.5311][format:json][[{"http param":{"a":"WxMaterialNews","m":"index"}}]]
[2016-04-15 18:24:21][runtime:498.0872][format:json][[{"http param":{"a":"WxCustomMenu","m":"index"}}]]
[2016-04-15 18:24:31][runtime:943.4710][format:json][[{"http param":{"a":"WxCustomMenu","m":"synchronousMenu","is_thread":"0"}}]]
[2016-04-15 18:24:36][runtime:395.3619][format:json][[{"http param":{"a":"ZgykdxEvaluating","m":"index"}}]]
[2016-04-15 18:24:39][runtime:195.3499][format:json][[{"http param":{"eval_id":"35","a":"ZgykdxEvaluating","m":"update"}}]]
[2016-04-15 18:24:48][runtime:462.1470][format:json][[{"http param":{"eval_id":"35","a":"ZgykdxEvaluating","m":"indexTopicList"}}]]
[2016-04-15 18:24:54][runtime:356.6868][format:json][[{"http param":{"topic_id":"10","eval_id":"35","a":"ZgykdxEvaluating","m":"updateTopic"}}]]
[2016-04-15 18:25:08][runtime:663.2760][format:json][[{"http param":{"a":"ZgykdxEvaluating","m":"ajax_updateEvaluatingTopic","topic_id":"10","eval_id":"35","topic_type":"4","topic_point":"45","topic_title":"测试001","topic_tip":"测试001","topic_content":"<p>kwg kwg&nbsp;</p>","items":[{"item_order":"4","item_key":"D","item_name":"左","item_point":"2"},{"item_order":"3","item_key":"C","item_name":"左","item_point":"2"},{"item_order":"2","item_key":"B","item_name":"3","item_point":"3"},{"item_order":"1","item_key":"A","item_name":"柑","item_point":"45"}]}}]]
[2016-04-15 18:25:09][runtime:267.8750][format:json][[{"http param":{"eval_id":"35","a":"ZgykdxEvaluating","m":"indexTopicList"}}]]
[2016-04-15 18:25:13][runtime:297.1680][format:json][[{"http param":{"topic_id":"10","eval_id":"35","a":"ZgykdxEvaluating","m":"updateTopic"}}]]
[2016-04-15 18:25:25][runtime:482.9359][format:json][[{"http param":{"a":"ZgykdxEvaluating","m":"ajax_updateEvaluatingTopic","topic_id":"10","eval_id":"35","topic_type":"4","topic_point":"45","topic_title":"测试001","topic_tip":"测试001","topic_content":"<p>kwg kwg&nbsp;</p>","items":[{"item_order":"1","item_key":"A","item_name":"柑","item_point":"45"},{"item_order":"2","item_key":"B","item_name":"3","item_point":"3"},{"item_order":"3","item_key":"C","item_name":"左","item_point":"20"},{"item_order":"4","item_key":"D","item_name":"左","item_point":"2"}]}}]]
[2016-04-15 18:25:27][runtime:265.1899][format:json][[{"http param":{"eval_id":"35","a":"ZgykdxEvaluating","m":"indexTopicList"}}]]
[2016-04-15 18:25:42][runtime:212.5061][format:json][[{"http param":{"a":"ZgykdxEvaluating","m":"index"}}]]
[2016-04-15 18:25:45][runtime:546.1841][format:json][[{"http param":{"a":"WxMaterialNews","m":"index"}}]]
[2016-04-15 18:25:47][runtime:609.8678][format:json][[{"http param":{"a":"WxCustomMenu","m":"index"}}]]
[2016-04-15 18:51:47][runtime:966.8019][format:json][[{"http param":{"a":"WxMaterialNews","m":"index"}}]]
[2016-04-15 18:51:52][runtime:7.2372][format:json][[{"http param":{"news_type":"2","a":"WxMaterialNews","m":"add"}}]]
[2016-04-15 18:51:56][runtime:521.5869][format:json][[{"http param":{"a":"WxCustomMenu","m":"index"}}]]
[2016-04-15 18:52:01][runtime:232.2161][format:json][[{"http param":{"a":"ZgykdxEvaluating","m":"index"}}]]
