[2016-04-07 15:04:28][qdm216841497.my3w.com][qdm216841497_db][sql][runtime:405.78293800354] connect db
[2016-04-07 15:04:29][qdm216841497.my3w.com][qdm216841497_db][sql][runtime:27.4279] SELECT SQL_CALC_FOUND_ROWS * FROM `zgykdx_evaluating`  ORDER BY eval_id DESC LIMIT 0,10
[2016-04-07 15:04:30][qdm216841497.my3w.com][qdm216841497_db][sql][runtime:26.5400] SELECT FOUND_ROWS()
[2016-04-07 15:04:45][qdm216841497.my3w.com][qdm216841497_db][sql][runtime:100.27503967285] connect db
[2016-04-07 15:04:46][qdm216841497.my3w.com][qdm216841497_db][sql][runtime:20.2270] INSERT INTO `zgykdx_evaluating`  (`eval_name`,`eval_descript`,`eval_starttime`,`eval_endtime`,`eval_type`,`eval_status`,`eval_max_topic`,`last_update_time`,`create_time`) VALUES ('ÊµãËØï002','test001lllll','2015-04-06','2015-04-10','1','1',null,'2016-04-07 15:04:45','2016-04-07 15:04:45')
[2016-04-07 15:04:47][qdm216841497.my3w.com][qdm216841497_db][sql][runtime:110.64314842224] connect db
[2016-04-07 15:04:47][qdm216841497.my3w.com][qdm216841497_db][sql][runtime:23.6580] SELECT SQL_CALC_FOUND_ROWS * FROM `zgykdx_evaluating`  ORDER BY eval_id DESC LIMIT 0,10
[2016-04-07 15:04:47][qdm216841497.my3w.com][qdm216841497_db][sql][runtime:22.3012] SELECT FOUND_ROWS()
[2016-04-07 15:05:15][qdm216841497.my3w.com][qdm216841497_db][sql][runtime:9098.424911499] connect db
[2016-04-07 15:05:15][qdm216841497.my3w.com][qdm216841497_db][sql][runtime:20.0210] SELECT SQL_CALC_FOUND_ROWS * FROM `zgykdx_evaluating`  ORDER BY eval_id DESC LIMIT 0,10
[2016-04-07 15:05:16][qdm216841497.my3w.com][qdm216841497_db][sql][runtime:18.6701] SELECT FOUND_ROWS()
[2016-04-07 15:05:18][qdm216841497.my3w.com][qdm216841497_db][error][runtime:21004.0019] connect errorÔºÅ ”…”⁄¡¨Ω”∑Ω‘⁄“ª∂Œ ±º‰∫Û√ª”–’˝»∑¥∏¥ªÚ¡¨Ω”µƒ÷˜ª˙√ª”–∑¥”¶£¨¡¨Ω”≥¢ ‘ ß∞‹°£

  sql : SELECT SQL_CALC_FOUND_ROWS * FROM `zgykdx_evaluating`  ORDER BY eval_id DESC LIMIT 0,10
[2016-04-07 15:05:24][qdm216841497.my3w.com][qdm216841497_db][sql][runtime:98.765134811401] connect db
[2016-04-07 15:05:24][qdm216841497.my3w.com][qdm216841497_db][sql][runtime:20.9069] SELECT SQL_CALC_FOUND_ROWS * FROM `zgykdx_evaluating`  WHERE  eval_name like '%002%' ORDER BY eval_id DESC LIMIT 0,10
[2016-04-07 15:05:24][qdm216841497.my3w.com][qdm216841497_db][sql][runtime:19.5241] SELECT FOUND_ROWS()
[2016-04-07 15:05:29][qdm216841497.my3w.com][qdm216841497_db][sql][runtime:103.23715209961] connect db
[2016-04-07 15:05:29][qdm216841497.my3w.com][qdm216841497_db][sql][runtime:22.2421] SELECT SQL_CALC_FOUND_ROWS * FROM `zgykdx_evaluating`  WHERE  eval_name like '%001%' ORDER BY eval_id DESC LIMIT 0,10
[2016-04-07 15:05:29][qdm216841497.my3w.com][qdm216841497_db][sql][runtime:20.4930] SELECT FOUND_ROWS()
[2016-04-07 15:06:30][qdm216841497.my3w.com][qdm216841497_db][sql][runtime:4750.2319812775] connect db
[2016-04-07 15:06:31][qdm216841497.my3w.com][qdm216841497_db][sql][runtime:29.9370] SELECT SQL_CALC_FOUND_ROWS * FROM `zgykdx_evaluating`  WHERE  eval_name like '%002%' ORDER BY eval_id DESC LIMIT 0,10
[2016-04-07 15:06:31][qdm216841497.my3w.com][qdm216841497_db][sql][runtime:31.8129] SELECT FOUND_ROWS()
[2016-04-07 15:07:24][qdm216841497.my3w.com][qdm216841497_db][sql][runtime:112.35380172729] connect db
[2016-04-07 15:07:24][qdm216841497.my3w.com][qdm216841497_db][sql][runtime:26.4561] SELECT SQL_CALC_FOUND_ROWS * FROM `zgykdx_evaluating`  WHERE  eval_name like '%002%' ORDER BY eval_id DESC LIMIT 0,10
[2016-04-07 15:07:24][qdm216841497.my3w.com][qdm216841497_db][sql][runtime:22.7470] SELECT FOUND_ROWS()
[2016-04-07 15:07:28][qdm216841497.my3w.com][qdm216841497_db][sql][runtime:93.980073928833] connect db
[2016-04-07 15:07:28][qdm216841497.my3w.com][qdm216841497_db][sql][runtime:20.0062] select * from zgykdx_evaluating where eval_id = 34
[2016-04-07 15:07:48][qdm216841497.my3w.com][qdm216841497_db][sql][runtime:102.49900817871] connect db
[2016-04-07 15:07:48][qdm216841497.my3w.com][qdm216841497_db][sql][runtime:19.6021] UPDATE `zgykdx_evaluating` SET `eval_name` = 'ÊµãËØï003',`eval_descript` = 'test001lllll',`eval_starttime` = '2015-04-06 00:00:00',`eval_endtime` = '2015-04-13 00:00:00',`eval_type` = '1',`eval_status` = '1',`eval_max_topic` = '1' WHERE eval_id=34
[2016-04-07 15:07:50][qdm216841497.my3w.com][qdm216841497_db][sql][runtime:91.124057769775] connect db
[2016-04-07 15:07:50][qdm216841497.my3w.com][qdm216841497_db][sql][runtime:19.4259] SELECT SQL_CALC_FOUND_ROWS * FROM `zgykdx_evaluating`  ORDER BY eval_id DESC LIMIT 0,10
[2016-04-07 15:07:50][qdm216841497.my3w.com][qdm216841497_db][sql][runtime:18.9779] SELECT FOUND_ROWS()
[2016-04-07 15:18:49][qdm216841497.my3w.com][qdm216841497_db][sql][runtime:133.51607322693] connect db
[2016-04-07 15:18:49][qdm216841497.my3w.com][qdm216841497_db][sql][runtime:20.7810] SELECT SQL_CALC_FOUND_ROWS * FROM `zgykdx_evaluating`  ORDER BY eval_id DESC LIMIT 0,10
[2016-04-07 15:18:49][qdm216841497.my3w.com][qdm216841497_db][sql][runtime:19.3660] SELECT FOUND_ROWS()
[2016-04-07 15:18:52][qdm216841497.my3w.com][qdm216841497_db][sql][runtime:91.524839401245] connect db
[2016-04-07 15:18:52][qdm216841497.my3w.com][qdm216841497_db][sql][runtime:19.2950] select * from zgykdx_evaluating_topic where eval_id = 34
[2016-04-07 15:19:12][qdm216841497.my3w.com][qdm216841497_db][sql][runtime:106.39905929565] connect db
[2016-04-07 15:19:12][qdm216841497.my3w.com][qdm216841497_db][sql][runtime:21.9600] select * from zgykdx_evaluating_topic where eval_id = 34
[2016-04-07 15:20:59][qdm216841497.my3w.com][qdm216841497_db][sql][runtime:94.734907150269] connect db
[2016-04-07 15:20:59][qdm216841497.my3w.com][qdm216841497_db][sql][runtime:19.8469] select * from zgykdx_evaluating_topic where eval_id = 34
[2016-04-07 15:21:01][qdm216841497.my3w.com][qdm216841497_db][sql][runtime:118.44420433044] connect db
[2016-04-07 15:21:01][qdm216841497.my3w.com][qdm216841497_db][sql][runtime:24.1530] select * from zgykdx_evaluating_topic where eval_id = 34
[2016-04-07 15:21:09][qdm216841497.my3w.com][qdm216841497_db][sql][runtime:89.30492401123] connect db
[2016-04-07 15:21:09][qdm216841497.my3w.com][qdm216841497_db][sql][runtime:18.5781] select * from zgykdx_evaluating_topic where eval_id = 34
[2016-04-07 15:22:46][qdm216841497.my3w.com][qdm216841497_db][sql][runtime:118.82209777832] connect db
[2016-04-07 15:22:46][qdm216841497.my3w.com][qdm216841497_db][sql][runtime:24.3289] select * from zgykdx_evaluating_topic where eval_id = 34
[2016-04-07 15:23:02][qdm216841497.my3w.com][qdm216841497_db][sql][runtime:102.1580696106] connect db
[2016-04-07 15:23:02][qdm216841497.my3w.com][qdm216841497_db][sql][runtime:21.0159] select * from zgykdx_evaluating_topic where eval_id = 34
[2016-04-07 15:23:27][qdm216841497.my3w.com][qdm216841497_db][sql][runtime:85.702180862427] connect db
[2016-04-07 15:23:27][qdm216841497.my3w.com][qdm216841497_db][sql][runtime:18.5981] select * from zgykdx_evaluating_topic where eval_id = 34
[2016-04-07 15:24:50][qdm216841497.my3w.com][qdm216841497_db][sql][runtime:97.957849502563] connect db
[2016-04-07 15:24:50][qdm216841497.my3w.com][qdm216841497_db][sql][runtime:20.2281] select * from zgykdx_evaluating_topic where eval_id = 34
[2016-04-07 15:56:55][qdm216841497.my3w.com][qdm216841497_db][sql][runtime:121.35004997253] connect db
[2016-04-07 15:56:55][qdm216841497.my3w.com][qdm216841497_db][sql][runtime:23.9339] select * from zgykdx_evaluating_topic where eval_id = 34
[2016-04-07 15:57:35][qdm216841497.my3w.com][qdm216841497_db][sql][runtime:98.112106323242] connect db
[2016-04-07 15:57:35][qdm216841497.my3w.com][qdm216841497_db][sql][runtime:18.3640] INSERT INTO `zgykdx_evaluating_topic`  (`eval_id`,`topic_type`,`topic_point`,`topic_title`,`topic_tip`,`topic_content`,`last_update_time`) VALUES ('34','3','10','ÊµãËØï001','ÊµãËØï001',null,'2016-04-07 15:57:35')
[2016-04-07 15:57:37][qdm216841497.my3w.com][qdm216841497_db][sql][runtime:119.69184875488] connect db
[2016-04-07 15:57:37][qdm216841497.my3w.com][qdm216841497_db][sql][runtime:24.8990] select * from zgykdx_evaluating_topic where eval_id = 34
[2016-04-07 15:57:37][qdm216841497.my3w.com][qdm216841497_db][sql][runtime:24.8961] select * from zgykdx_evaluating_item where eval_id = 34 order by item_order
[2016-04-07 15:59:33][qdm216841497.my3w.com][qdm216841497_db][sql][runtime:121.93512916565] connect db
[2016-04-07 15:59:33][qdm216841497.my3w.com][qdm216841497_db][sql][runtime:25.2299] select * from zgykdx_evaluating_topic where eval_id = 34
[2016-04-07 15:59:33][qdm216841497.my3w.com][qdm216841497_db][sql][runtime:25.2340] select * from zgykdx_evaluating_item where eval_id = 34 order by item_order
[2016-04-07 16:16:55][qdm216841497.my3w.com][qdm216841497_db][sql][runtime:117.91491508484] connect db
[2016-04-07 16:16:55][qdm216841497.my3w.com][qdm216841497_db][sql][runtime:23.3970] select * from zgykdx_evaluating where eval_id = 34
[2016-04-07 17:19:06][qdm216841497.my3w.com][qdm216841497_db][sql][runtime:120.02086639404] connect db
[2016-04-07 17:19:07][qdm216841497.my3w.com][qdm216841497_db][sql][runtime:23.7091] select * from zgykdx_evaluating where eval_id = 34
[2016-04-07 17:35:57][qdm216841497.my3w.com][qdm216841497_db][sql][runtime:123.51989746094] connect db
[2016-04-07 17:35:57][qdm216841497.my3w.com][qdm216841497_db][sql][runtime:23.5431] INSERT INTO `zgykdx_evaluating_topic`  (`eval_id`,`topic_type`,`topic_point`,`topic_title`,`topic_tip`,`topic_content`,`last_update_time`,`create_time`) VALUES ('34','2','100','ÊµãËØï001adf','ÊµãËØï001asdf','&lt;p&gt;asf&lt;/p&gt;','2016-04-07 17:35:56','2016-04-07 17:35:56')
[2016-04-07 17:40:33][qdm216841497.my3w.com][qdm216841497_db][sql][runtime:122.74789810181] connect db
[2016-04-07 17:40:33][qdm216841497.my3w.com][qdm216841497_db][sql][runtime:23.2198] INSERT INTO `zgykdx_evaluating_topic`  (`eval_id`,`topic_type`,`topic_point`,`topic_title`,`topic_tip`,`topic_content`,`last_update_time`,`create_time`) VALUES ('34','2','100','ÊµãËØï001adf','ÊµãËØï001asdf','<p>asf</p>','2016-04-07 17:40:33','2016-04-07 17:40:33')
[2016-04-07 17:41:28][qdm216841497.my3w.com][qdm216841497_db][sql][runtime:98.295927047729] connect db
[2016-04-07 17:41:28][qdm216841497.my3w.com][qdm216841497_db][sql][runtime:18.8000] INSERT INTO `zgykdx_evaluating_topic`  (`eval_id`,`topic_type`,`topic_point`,`topic_title`,`topic_tip`,`topic_content`,`last_update_time`,`create_time`) VALUES ('34','2','100','ÊµãËØï001adf','ÊµãËØï001asdf','<p>asf</p>','2016-04-07 17:41:28','2016-04-07 17:41:28')
[2016-04-07 17:41:55][qdm216841497.my3w.com][qdm216841497_db][sql][runtime:94.73705291748] connect db
[2016-04-07 17:41:55][qdm216841497.my3w.com][qdm216841497_db][sql][runtime:17.7050] INSERT INTO `zgykdx_evaluating_topic`  (`eval_id`,`topic_type`,`topic_point`,`topic_title`,`topic_tip`,`topic_content`,`last_update_time`,`create_time`) VALUES ('34','2','100','ÊµãËØï001adf','ÊµãËØï001asdf','<p>asf</p>','2016-04-07 17:41:55','2016-04-07 17:41:55')
[2016-04-07 17:41:55][qdm216841497.my3w.com][qdm216841497_db][sql][runtime:17.8311] INSERT INTO `zgykdx_evaluating_item`  (`topic_id`,`eval_id`,`item_order`,`item_key`,`item_name`,`item_point`,`last_update_time`,`create_time`) VALUES (5,'34','1','A','add','1','2016-04-07 17:41:55','2016-04-07 17:41:55')
[2016-04-07 17:41:55][qdm216841497.my3w.com][qdm216841497_db][error][runtime:17.8311] query error : Unknown column 'last_update_time' in 'field list'
  sql : INSERT INTO `zgykdx_evaluating_item`  (`topic_id`,`eval_id`,`item_order`,`item_key`,`item_name`,`item_point`,`last_update_time`,`create_time`) VALUES (5,'34','1','A','add','1','2016-04-07 17:41:55','2016-04-07 17:41:55')
[2016-04-07 17:42:46][qdm216841497.my3w.com][qdm216841497_db][sql][runtime:100.31390190125] connect db
[2016-04-07 17:42:47][qdm216841497.my3w.com][qdm216841497_db][sql][runtime:19.9809] INSERT INTO `zgykdx_evaluating_topic`  (`eval_id`,`topic_type`,`topic_point`,`topic_title`,`topic_tip`,`topic_content`,`last_update_time`,`create_time`) VALUES ('34','2','100','ÊµãËØï001adf','ÊµãËØï001asdf','<p>asf</p>','2016-04-07 17:42:46','2016-04-07 17:42:46')
[2016-04-07 17:42:47][qdm216841497.my3w.com][qdm216841497_db][sql][runtime:20.0260] INSERT INTO `zgykdx_evaluating_item`  (`topic_id`,`eval_id`,`item_order`,`item_key`,`item_name`,`item_point`,`last_update_time`,`create_time`) VALUES (6,'34','1','A','add','1','2016-04-07 17:42:47','2016-04-07 17:42:47')
[2016-04-07 17:42:47][qdm216841497.my3w.com][qdm216841497_db][sql][runtime:20.3900] INSERT INTO `zgykdx_evaluating_item`  (`topic_id`,`eval_id`,`item_order`,`item_key`,`item_name`,`item_point`,`last_update_time`,`create_time`) VALUES (6,'34','2','B','wrw','2','2016-04-07 17:42:47','2016-04-07 17:42:47')
[2016-04-07 17:42:47][qdm216841497.my3w.com][qdm216841497_db][sql][runtime:19.9280] INSERT INTO `zgykdx_evaluating_item`  (`topic_id`,`eval_id`,`item_order`,`item_key`,`item_name`,`item_point`,`last_update_time`,`create_time`) VALUES (6,'34','3','C','aadf','10','2016-04-07 17:42:47','2016-04-07 17:42:47')
[2016-04-07 17:42:48][qdm216841497.my3w.com][qdm216841497_db][sql][runtime:102.71310806274] connect db
[2016-04-07 17:42:48][qdm216841497.my3w.com][qdm216841497_db][sql][runtime:21.9150] select * from zgykdx_evaluating_topic where eval_id = 34
[2016-04-07 17:42:48][qdm216841497.my3w.com][qdm216841497_db][sql][runtime:21.6990] select * from zgykdx_evaluating_item where eval_id = 34 order by item_order
[2016-04-07 17:53:48][qdm216841497.my3w.com][qdm216841497_db][sql][runtime:107.83004760742] connect db
[2016-04-07 17:53:48][qdm216841497.my3w.com][qdm216841497_db][sql][runtime:21.8210] select * from zgykdx_evaluating_topic where eval_id = 34
[2016-04-07 17:53:48][qdm216841497.my3w.com][qdm216841497_db][sql][runtime:21.5571] select * from zgykdx_evaluating_item where eval_id = 34 order by item_order
[2016-04-07 17:53:55][qdm216841497.my3w.com][qdm216841497_db][sql][runtime:143.76091957092] connect db
[2016-04-07 17:53:55][qdm216841497.my3w.com][qdm216841497_db][sql][runtime:28.6911] select * from zgykdx_evaluating_topic where eval_id = 34
[2016-04-07 17:53:55][qdm216841497.my3w.com][qdm216841497_db][sql][runtime:28.3740] select * from zgykdx_evaluating_item where eval_id = 34 order by item_order
[2016-04-07 17:56:29][qdm216841497.my3w.com][qdm216841497_db][sql][runtime:101.82094573975] connect db
[2016-04-07 17:56:29][qdm216841497.my3w.com][qdm216841497_db][sql][runtime:21.7850] select * from zgykdx_evaluating_topic where eval_id = 34
[2016-04-07 17:56:29][qdm216841497.my3w.com][qdm216841497_db][sql][runtime:21.0621] select * from zgykdx_evaluating_item where eval_id = 34 order by item_order
[2016-04-07 17:56:48][qdm216841497.my3w.com][qdm216841497_db][sql][runtime:86.181163787842] connect db
[2016-04-07 17:56:48][qdm216841497.my3w.com][qdm216841497_db][sql][runtime:18.1141] select * from zgykdx_evaluating_topic where eval_id = 34
[2016-04-07 17:56:48][qdm216841497.my3w.com][qdm216841497_db][sql][runtime:18.0070] select * from zgykdx_evaluating_item where eval_id = 34 order by item_order
[2016-04-07 17:57:35][qdm216841497.my3w.com][qdm216841497_db][sql][runtime:94.230890274048] connect db
[2016-04-07 17:57:36][qdm216841497.my3w.com][qdm216841497_db][sql][runtime:20.0830] select * from zgykdx_evaluating_topic where eval_id = 34
[2016-04-07 17:57:36][qdm216841497.my3w.com][qdm216841497_db][sql][runtime:19.8050] select * from zgykdx_evaluating_item where eval_id = 34 order by item_order
[2016-04-07 17:57:40][qdm216841497.my3w.com][qdm216841497_db][sql][runtime:95.096111297607] connect db
[2016-04-07 17:57:40][qdm216841497.my3w.com][qdm216841497_db][sql][runtime:19.1641] select count(1) from zgykdx_user_eval_detail where topic_id=4
[2016-04-07 17:57:40][qdm216841497.my3w.com][qdm216841497_db][sql][runtime:19.1970] DELETE FROM `zgykdx_evaluating_item` WHERE topic_id=4
[2016-04-07 17:57:40][qdm216841497.my3w.com][qdm216841497_db][sql][runtime:19.0370] DELETE FROM `zgykdx_evaluating_topic` WHERE topic_id=4
[2016-04-07 17:57:42][qdm216841497.my3w.com][qdm216841497_db][sql][runtime:134.23085212708] connect db
[2016-04-07 17:57:42][qdm216841497.my3w.com][qdm216841497_db][sql][runtime:28.2710] select * from zgykdx_evaluating_topic where eval_id = 34
[2016-04-07 17:57:42][qdm216841497.my3w.com][qdm216841497_db][sql][runtime:27.6990] select * from zgykdx_evaluating_item where eval_id = 34 order by item_order
[2016-04-07 17:57:49][qdm216841497.my3w.com][qdm216841497_db][sql][runtime:98.382949829102] connect db
[2016-04-07 17:57:49][qdm216841497.my3w.com][qdm216841497_db][sql][runtime:19.7611] select count(1) from zgykdx_user_eval_detail where topic_id=6
[2016-04-07 17:57:49][qdm216841497.my3w.com][qdm216841497_db][sql][runtime:19.5730] DELETE FROM `zgykdx_evaluating_item` WHERE topic_id=6
[2016-04-07 17:57:49][qdm216841497.my3w.com][qdm216841497_db][sql][runtime:19.7220] DELETE FROM `zgykdx_evaluating_topic` WHERE topic_id=6
[2016-04-07 17:57:50][qdm216841497.my3w.com][qdm216841497_db][sql][runtime:87.939023971558] connect db
[2016-04-07 17:57:50][qdm216841497.my3w.com][qdm216841497_db][sql][runtime:18.7228] select * from zgykdx_evaluating_topic where eval_id = 34
[2016-04-07 17:57:51][qdm216841497.my3w.com][qdm216841497_db][sql][runtime:18.5080] select * from zgykdx_evaluating_item where eval_id = 34 order by item_order
[2016-04-07 18:21:39][qdm216841497.my3w.com][qdm216841497_db][sql][runtime:109.30490493774] connect db
[2016-04-07 18:21:39][qdm216841497.my3w.com][qdm216841497_db][sql][runtime:21.8029] select * from zgykdx_evaluating where eval_id = 34
[2016-04-07 18:31:25][qdm216841497.my3w.com][qdm216841497_db][sql][runtime:113.17420005798] connect db
[2016-04-07 18:31:25][qdm216841497.my3w.com][qdm216841497_db][sql][runtime:22.5930] INSERT INTO `zgykdx_evaluating_topic`  (`eval_id`,`topic_type`,`topic_point`,`topic_title`,`topic_tip`,`topic_content`,`last_update_time`,`create_time`) VALUES ('34','4','10','ÊµãËØï‰∏Ä‰∏ã','ÂìàÂìà','<p><span class=\" newTimeFactor_before_abs m\" style=\"color: rgb(102, 102, 102); font-family: arial; font-size: 13px; line-height: 20.02px; white-space: normal;\">2012Âπ¥3Êúà16Êó•&nbsp;-&nbsp;</span><span style=\"font-family: arial; font-size: 13px; line-height: 20.02px; white-space: normal;\">Áî®</span><span style=\"color: rgb(204, 0, 0); font-family: arial; font-size: 13px; line-height: 20.02px; white-space: normal;\">jQueryÂæ™ÁéØ</span><span style=\"font-family: arial; font-size: 13px; line-height: 20.02px; white-space: normal;\">ÈÅçÂéÜÊâÄÊúâ</span><span style=\"color: rgb(204, 0, 0); font-family: arial; font-size: 13px; line-height: 20.02px; white-space: normal;\">Â≠êÂÖÉÁ¥†</span><span style=\"font-family: arial; font-size: 13px; line-height: 20.02px; white-space: normal;\">&nbsp;Ê†áÁ≠æ: jqueryfunctiondiv jQuery(1) ‰ΩúËÄÖÂêåÁ±ªÊñáÁ´†X alert(obj.html());//ÂºπÂá∫</span><span style=\"color: rgb(204, 0, 0); font-family: arial; font-size: 13px; line-height: 20.02px; white-space: normal;\">Â≠êÂÖÉÁ¥†</span><span style=\"font-family: arial; font-size: 13px; line-height: 20.02px; white-space: normal;\">Ê†áÁ≠æ‰∏ä‰∏ÄÁØájQueryÂèåËâ≤Ë°®Ê†º ‰∏ã‰∏ÄÁØáSp...</span></p>','2016-04-07 18:31:25','2016-04-07 18:31:25')
[2016-04-07 18:31:25][qdm216841497.my3w.com][qdm216841497_db][sql][runtime:21.3542] INSERT INTO `zgykdx_evaluating_item`  (`topic_id`,`eval_id`,`item_order`,`item_key`,`item_name`,`item_point`,`last_update_time`,`create_time`) VALUES (7,'34','1','A','adf','10','2016-04-07 18:31:25','2016-04-07 18:31:25')
[2016-04-07 18:31:26][qdm216841497.my3w.com][qdm216841497_db][sql][runtime:21.4360] INSERT INTO `zgykdx_evaluating_item`  (`topic_id`,`eval_id`,`item_order`,`item_key`,`item_name`,`item_point`,`last_update_time`,`create_time`) VALUES (7,'34','2','B','der','20','2016-04-07 18:31:25','2016-04-07 18:31:25')
[2016-04-07 18:31:26][qdm216841497.my3w.com][qdm216841497_db][sql][runtime:21.4539] INSERT INTO `zgykdx_evaluating_item`  (`topic_id`,`eval_id`,`item_order`,`item_key`,`item_name`,`item_point`,`last_update_time`,`create_time`) VALUES (7,'34','3','C','‰∏≠ÂõΩ','30','2016-04-07 18:31:26','2016-04-07 18:31:26')
[2016-04-07 18:31:26][qdm216841497.my3w.com][qdm216841497_db][sql][runtime:21.1711] INSERT INTO `zgykdx_evaluating_item`  (`topic_id`,`eval_id`,`item_order`,`item_key`,`item_name`,`item_point`,`last_update_time`,`create_time`) VALUES (7,'34','4','D','deÂ∞±','40','2016-04-07 18:31:26','2016-04-07 18:31:26')
[2016-04-07 18:31:27][qdm216841497.my3w.com][qdm216841497_db][sql][runtime:111.62686347961] connect db
[2016-04-07 18:31:27][qdm216841497.my3w.com][qdm216841497_db][sql][runtime:23.6361] select * from zgykdx_evaluating_topic where eval_id = 34
[2016-04-07 18:31:27][qdm216841497.my3w.com][qdm216841497_db][sql][runtime:23.4699] select * from zgykdx_evaluating_item where eval_id = 34 order by item_order
[2016-04-07 18:41:11][qdm216841497.my3w.com][qdm216841497_db][sql][runtime:91.495037078857] connect db
[2016-04-07 18:41:11][qdm216841497.my3w.com][qdm216841497_db][sql][runtime:17.7040] select * from zgykdx_evaluating_topic where eval_id = 34
[2016-04-07 18:41:11][qdm216841497.my3w.com][qdm216841497_db][sql][runtime:18.2800] select * from zgykdx_evaluating_item where eval_id = 34 order by item_order
[2016-04-07 18:41:41][qdm216841497.my3w.com][qdm216841497_db][sql][runtime:110.1930141449] connect db
[2016-04-07 18:41:41][qdm216841497.my3w.com][qdm216841497_db][sql][runtime:21.1129] select * from zgykdx_evaluating_topic where eval_id = 34
[2016-04-07 18:41:41][qdm216841497.my3w.com][qdm216841497_db][sql][runtime:20.9341] select * from zgykdx_evaluating_item where eval_id = 34 order by item_order
[2016-04-07 18:42:25][qdm216841497.my3w.com][qdm216841497_db][sql][runtime:124.46689605713] connect db
[2016-04-07 18:42:25][qdm216841497.my3w.com][qdm216841497_db][sql][runtime:24.7970] select * from zgykdx_evaluating_topic where eval_id = 34
[2016-04-07 18:42:25][qdm216841497.my3w.com][qdm216841497_db][sql][runtime:24.3430] select * from zgykdx_evaluating_item where eval_id = 34 order by item_order
[2016-04-07 18:42:28][qdm216841497.my3w.com][qdm216841497_db][sql][runtime:98.915100097656] connect db
[2016-04-07 18:42:28][qdm216841497.my3w.com][qdm216841497_db][sql][runtime:21.2371] select * from zgykdx_evaluating where eval_id = 7
[2016-04-07 18:42:28][qdm216841497.my3w.com][qdm216841497_db][sql][runtime:21.0841] select * from zgykdx_evaluating_topic where topic_id = 7
[2016-04-07 18:42:28][qdm216841497.my3w.com][qdm216841497_db][sql][runtime:20.8812] select * from zgykdx_evaluating_item where topic_id = 7
[2016-04-07 18:43:22][qdm216841497.my3w.com][qdm216841497_db][sql][runtime:104.07900810242] connect db
[2016-04-07 18:43:22][qdm216841497.my3w.com][qdm216841497_db][sql][runtime:22.3472] UPDATE `zgykdx_evaluating_topic` SET `topic_type` = '4',`topic_point` = '40',`topic_title` = 'ÊµãËØï‰∏Ä‰∏ãalter',`topic_tip` = 'ÂìàÂìàalter',`topic_content` = '&lt;p&gt;&lt;span class=&quot; newTimeFactor_before_abs m&quot; style=&quot;color: rgb(102, 102, 102); font-family: arial; font-size: 13px; line-height: 20.02px; white-space: normal;&quot;&gt;2012Âπ¥3Êúà16Êó•&amp;nbsp;-&amp;nbsp;&lt;/span&gt;&lt;span style=&quot;font-family: arial; font-size: 13px; line-height: 20.02px; white-space: normal;&quot;&gt;Áî®&lt;/span&gt;&lt;span style=&quot;color: rgb(204, 0, 0); font-family: arial; font-size: 13px; line-height: 20.02px; white-space: normal;&quot;&gt;jQueryÂæ™ÁéØ&lt;/span&gt;&lt;span style=&quot;font-family: arial; font-size: 13px; line-height: 20.02px; white-space: normal;&quot;&gt;ÈÅçÂéÜÊâÄÊúâ&lt;/span&gt;&lt;span style=&quot;color: rgb(204, 0, 0); font-family: arial; font-size: 13px; line-height: 20.02px; white-space: normal;&quot;&gt;Â≠êÂÖÉÁ¥†&lt;/span&gt;&lt;span style=&quot;font-family: arial; font-size: 13px; line-height: 20.02px; white-space: normal;&quot;&gt;&amp;nbsp;Ê†áÁ≠æ: jqueryfunctiondiv jQuery(1) ‰ΩúËÄÖÂêåÁ±ªÊñáÁ´†X alert(obj.html());//ÂºπÂá∫&lt;/span&gt;&lt;span style=&quot;color: rgb(204, 0, 0); font-family: arial; font-size: 13px; line-height: 20.02px; white-space: normal;&quot;&gt;Â≠êÂÖÉÁ¥†&lt;/span&gt;&lt;span style=&quot;font-family: arial; font-size: 13px; line-height: 20.02px; white-space: normal;&quot;&gt;Ê†áÁ≠æ‰∏ä‰∏ÄÁØájQueryÂèåËâ≤Ë°®Ê†º ‰∏ã‰∏ÄÁØáSp...alter&lt;/span&gt;&lt;/p&gt;',`last_update_time` = '2016-04-07 18:43:21',`create_time` = '2016-04-07 18:43:21' WHERE topic_id=7
[2016-04-07 18:43:22][qdm216841497.my3w.com][qdm216841497_db][sql][runtime:20.5140] delete from zgykdx_evaluating_item where topic_id=7
[2016-04-07 18:43:22][qdm216841497.my3w.com][qdm216841497_db][sql][runtime:21.2388] INSERT INTO `zgykdx_evaluating_item`  (`item_order`,`item_key`,`item_name`,`item_point`,`last_update_time`,`create_time`) VALUES ('3','C','‰∏≠ÂõΩalter','30','2016-04-07 18:43:22','2016-04-07 18:43:22')
[2016-04-07 18:43:22][qdm216841497.my3w.com][qdm216841497_db][sql][runtime:20.5522] INSERT INTO `zgykdx_evaluating_item`  (`item_order`,`item_key`,`item_name`,`item_point`,`last_update_time`,`create_time`) VALUES ('2','B','deralter','20','2016-04-07 18:43:22','2016-04-07 18:43:22')
[2016-04-07 18:43:22][qdm216841497.my3w.com][qdm216841497_db][sql][runtime:20.5858] INSERT INTO `zgykdx_evaluating_item`  (`item_order`,`item_key`,`item_name`,`item_point`,`last_update_time`,`create_time`) VALUES ('1','A','adfalter','10','2016-04-07 18:43:22','2016-04-07 18:43:22')
[2016-04-07 18:43:22][qdm216841497.my3w.com][qdm216841497_db][sql][runtime:20.6771] INSERT INTO `zgykdx_evaluating_item`  (`item_order`,`item_key`,`item_name`,`item_point`,`last_update_time`,`create_time`) VALUES ('4','D','deÂ∞±alter','40','2016-04-07 18:43:22','2016-04-07 18:43:22')
[2016-04-07 18:46:28][qdm216841497.my3w.com][qdm216841497_db][sql][runtime:91.048002243042] connect db
[2016-04-07 18:46:28][qdm216841497.my3w.com][qdm216841497_db][sql][runtime:26.3269] UPDATE `zgykdx_evaluating_topic` SET `eval_id` = '34',`topic_type` = '4',`topic_point` = '40',`topic_title` = 'ÊµãËØï‰∏Ä‰∏ãalter',`topic_tip` = 'ÂìàÂìàalter',`topic_content` = '&lt;p&gt;&lt;span class=&quot; newTimeFactor_before_abs m&quot; style=&quot;color: rgb(102, 102, 102); font-family: arial; font-size: 13px; line-height: 20.02px; white-space: normal;&quot;&gt;2012Âπ¥3Êúà16Êó•&amp;nbsp;-&amp;nbsp;&lt;/span&gt;&lt;span style=&quot;font-family: arial; font-size: 13px; line-height: 20.02px; white-space: normal;&quot;&gt;Áî®&lt;/span&gt;&lt;span style=&quot;color: rgb(204, 0, 0); font-family: arial; font-size: 13px; line-height: 20.02px; white-space: normal;&quot;&gt;jQueryÂæ™ÁéØ&lt;/span&gt;&lt;span style=&quot;font-family: arial; font-size: 13px; line-height: 20.02px; white-space: normal;&quot;&gt;ÈÅçÂéÜÊâÄÊúâ&lt;/span&gt;&lt;span style=&quot;color: rgb(204, 0, 0); font-family: arial; font-size: 13px; line-height: 20.02px; white-space: normal;&quot;&gt;Â≠êÂÖÉÁ¥†&lt;/span&gt;&lt;span style=&quot;font-family: arial; font-size: 13px; line-height: 20.02px; white-space: normal;&quot;&gt;&amp;nbsp;Ê†áÁ≠æ: jqueryfunctiondiv jQuery(1) ‰ΩúËÄÖÂêåÁ±ªÊñáÁ´†X alert(obj.html());//ÂºπÂá∫&lt;/span&gt;&lt;span style=&quot;color: rgb(204, 0, 0); font-family: arial; font-size: 13px; line-height: 20.02px; white-space: normal;&quot;&gt;Â≠êÂÖÉÁ¥†&lt;/span&gt;&lt;span style=&quot;font-family: arial; font-size: 13px; line-height: 20.02px; white-space: normal;&quot;&gt;Ê†áÁ≠æ‰∏ä‰∏ÄÁØájQueryÂèåËâ≤Ë°®Ê†º ‰∏ã‰∏ÄÁØáSp...alter&lt;/span&gt;&lt;/p&gt;',`last_update_time` = '2016-04-07 18:46:28',`create_time` = '2016-04-07 18:46:28' WHERE topic_id=7
[2016-04-07 18:46:28][qdm216841497.my3w.com][qdm216841497_db][sql][runtime:18.3651] delete from zgykdx_evaluating_item where topic_id=7
[2016-04-07 18:46:28][qdm216841497.my3w.com][qdm216841497_db][sql][runtime:18.1100] INSERT INTO `zgykdx_evaluating_item`  (`topic_id`,`eval_id`,`item_order`,`item_key`,`item_name`,`item_point`,`last_update_time`,`create_time`) VALUES ('7','34','3','C','‰∏≠ÂõΩalter','30','2016-04-07 18:46:28','2016-04-07 18:46:28')
[2016-04-07 18:46:28][qdm216841497.my3w.com][qdm216841497_db][sql][runtime:20.2050] INSERT INTO `zgykdx_evaluating_item`  (`topic_id`,`eval_id`,`item_order`,`item_key`,`item_name`,`item_point`,`last_update_time`,`create_time`) VALUES ('7','34','2','B','deralter','20','2016-04-07 18:46:28','2016-04-07 18:46:28')
[2016-04-07 18:46:28][qdm216841497.my3w.com][qdm216841497_db][sql][runtime:19.1770] INSERT INTO `zgykdx_evaluating_item`  (`topic_id`,`eval_id`,`item_order`,`item_key`,`item_name`,`item_point`,`last_update_time`,`create_time`) VALUES ('7','34','1','A','adfalter','10','2016-04-07 18:46:28','2016-04-07 18:46:28')
[2016-04-07 18:46:28][qdm216841497.my3w.com][qdm216841497_db][sql][runtime:18.0171] INSERT INTO `zgykdx_evaluating_item`  (`topic_id`,`eval_id`,`item_order`,`item_key`,`item_name`,`item_point`,`last_update_time`,`create_time`) VALUES ('7','34','4','D','deÂ∞±alter','40','2016-04-07 18:46:28','2016-04-07 18:46:28')
[2016-04-07 18:46:30][qdm216841497.my3w.com][qdm216841497_db][sql][runtime:91.246128082275] connect db
[2016-04-07 18:46:30][qdm216841497.my3w.com][qdm216841497_db][sql][runtime:19.2409] select * from zgykdx_evaluating_topic where eval_id = 7
[2016-04-07 18:47:10][qdm216841497.my3w.com][qdm216841497_db][sql][runtime:133.0258846283] connect db
[2016-04-07 18:47:10][qdm216841497.my3w.com][qdm216841497_db][sql][runtime:27.6129] SELECT SQL_CALC_FOUND_ROWS * FROM `zgykdx_evaluating`  ORDER BY eval_id DESC LIMIT 0,10
[2016-04-07 18:47:10][qdm216841497.my3w.com][qdm216841497_db][sql][runtime:27.8261] SELECT FOUND_ROWS()
[2016-04-07 18:47:13][qdm216841497.my3w.com][qdm216841497_db][sql][runtime:96.029996871948] connect db
[2016-04-07 18:47:14][qdm216841497.my3w.com][qdm216841497_db][sql][runtime:20.6442] select * from zgykdx_evaluating_topic where eval_id = 34
[2016-04-07 18:47:14][qdm216841497.my3w.com][qdm216841497_db][sql][runtime:20.3729] select * from zgykdx_evaluating_item where eval_id = 34 order by item_order
[2016-04-07 18:47:49][qdm216841497.my3w.com][qdm216841497_db][sql][runtime:100.85606575012] connect db
[2016-04-07 18:47:49][qdm216841497.my3w.com][qdm216841497_db][sql][runtime:19.5549] select * from zgykdx_evaluating_topic where eval_id = 34
[2016-04-07 18:47:49][qdm216841497.my3w.com][qdm216841497_db][sql][runtime:19.5291] select * from zgykdx_evaluating_item where eval_id = 34 order by item_order
[2016-04-07 18:48:25][qdm216841497.my3w.com][qdm216841497_db][sql][runtime:120.27716636658] connect db
[2016-04-07 18:48:25][qdm216841497.my3w.com][qdm216841497_db][sql][runtime:25.2950] UPDATE `zgykdx_evaluating_topic` SET `eval_id` = '34',`topic_type` = '4',`topic_point` = '40',`topic_title` = 'ÊµãËØï‰∏Ä‰∏ãalter',`topic_tip` = 'ÂìàÂìàalter',`topic_content` = '&lt;p&gt;&lt;span class=&quot; newTimeFactor_before_abs m&quot; style=&quot;color: rgb(102, 102, 102); font-family: arial; font-size: 13px; line-height: 20.02px; white-space: normal;&quot;&gt;2012Âπ¥3Êúà16Êó•&amp;nbsp;-&amp;nbsp;&lt;/span&gt;&lt;span style=&quot;font-family: arial; font-size: 13px; line-height: 20.02px; white-space: normal;&quot;&gt;Áî®&lt;/span&gt;&lt;span style=&quot;color: rgb(204, 0, 0); font-family: arial; font-size: 13px; line-height: 20.02px; white-space: normal;&quot;&gt;jQueryÂæ™ÁéØ&lt;/span&gt;&lt;span style=&quot;font-family: arial; font-size: 13px; line-height: 20.02px; white-space: normal;&quot;&gt;ÈÅçÂéÜÊâÄÊúâ&lt;/span&gt;&lt;span style=&quot;color: rgb(204, 0, 0); font-family: arial; font-size: 13px; line-height: 20.02px; white-space: normal;&quot;&gt;Â≠êÂÖÉÁ¥†&lt;/span&gt;&lt;span style=&quot;font-family: arial; font-size: 13px; line-height: 20.02px; white-space: normal;&quot;&gt;&amp;nbsp;Ê†áÁ≠æ: jqueryfunctiondiv jQuery(1) ‰ΩúËÄÖÂêåÁ±ªÊñáÁ´†X alert(obj.html());//ÂºπÂá∫&lt;/span&gt;&lt;span style=&quot;color: rgb(204, 0, 0); font-family: arial; font-size: 13px; line-height: 20.02px; white-space: normal;&quot;&gt;Â≠êÂÖÉÁ¥†&lt;/span&gt;&lt;span style=&quot;font-family: arial; font-size: 13px; line-height: 20.02px; white-space: normal;&quot;&gt;Ê†áÁ≠æ‰∏ä‰∏ÄÁØájQueryÂèåËâ≤Ë°®Ê†º ‰∏ã‰∏ÄÁØáSp...alter&lt;/span&gt;&lt;/p&gt;',`last_update_time` = '2016-04-07 18:48:25',`create_time` = '2016-04-07 18:48:25' WHERE topic_id=7
[2016-04-07 18:48:26][qdm216841497.my3w.com][qdm216841497_db][sql][runtime:23.6030] delete from zgykdx_evaluating_item where topic_id=7
[2016-04-07 18:48:26][qdm216841497.my3w.com][qdm216841497_db][sql][runtime:27.1299] INSERT INTO `zgykdx_evaluating_item`  (`topic_id`,`eval_id`,`item_order`,`item_key`,`item_name`,`item_point`,`last_update_time`,`create_time`) VALUES ('7','34','3','C','‰∏≠ÂõΩalter','30','2016-04-07 18:48:26','2016-04-07 18:48:26')
[2016-04-07 18:48:26][qdm216841497.my3w.com][qdm216841497_db][sql][runtime:25.3470] INSERT INTO `zgykdx_evaluating_item`  (`topic_id`,`eval_id`,`item_order`,`item_key`,`item_name`,`item_point`,`last_update_time`,`create_time`) VALUES ('7','34','2','B','deralter','20','2016-04-07 18:48:26','2016-04-07 18:48:26')
[2016-04-07 18:48:26][qdm216841497.my3w.com][qdm216841497_db][sql][runtime:24.6549] INSERT INTO `zgykdx_evaluating_item`  (`topic_id`,`eval_id`,`item_order`,`item_key`,`item_name`,`item_point`,`last_update_time`,`create_time`) VALUES ('7','34','1','A','adfalter','10','2016-04-07 18:48:26','2016-04-07 18:48:26')
[2016-04-07 18:48:26][qdm216841497.my3w.com][qdm216841497_db][sql][runtime:23.8481] INSERT INTO `zgykdx_evaluating_item`  (`topic_id`,`eval_id`,`item_order`,`item_key`,`item_name`,`item_point`,`last_update_time`,`create_time`) VALUES ('7','34','4','D','deÂ∞±alter','40','2016-04-07 18:48:26','2016-04-07 18:48:26')
[2016-04-07 18:48:27][qdm216841497.my3w.com][qdm216841497_db][sql][runtime:90.764999389648] connect db
[2016-04-07 18:48:27][qdm216841497.my3w.com][qdm216841497_db][sql][runtime:19.6748] select * from zgykdx_evaluating_topic where eval_id = 34
[2016-04-07 18:48:27][qdm216841497.my3w.com][qdm216841497_db][sql][runtime:19.3150] select * from zgykdx_evaluating_item where eval_id = 34 order by item_order
[2016-04-07 18:56:51][qdm216841497.my3w.com][qdm216841497_db][sql][runtime:98.874807357788] connect db
[2016-04-07 18:56:51][qdm216841497.my3w.com][qdm216841497_db][sql][runtime:20.2489] select * from zgykdx_evaluating_topic where topic_id = 7
[2016-04-07 18:56:51][qdm216841497.my3w.com][qdm216841497_db][sql][runtime:19.7849] select * from zgykdx_evaluating_item where topic_id = 7
[2016-04-07 18:59:02][qdm216841497.my3w.com][qdm216841497_db][sql][runtime:114.18700218201] connect db
[2016-04-07 18:59:02][qdm216841497.my3w.com][qdm216841497_db][sql][runtime:22.9130] UPDATE `zgykdx_evaluating_topic` SET `eval_id` = '34',`topic_type` = '4',`topic_point` = '40',`topic_title` = 'ÊµãËØï‰∏Ä‰∏ãalter',`topic_tip` = 'ÂìàÂìàalter',`topic_content` = '&lt;p&gt;&lt;span class=&quot; newTimeFactor_before_abs m&quot; style=&quot;color: rgb(102, 102, 102); font-family: arial; font-size: 13px; line-height: 20.02px; white-space: normal;&quot;&gt;2012Âπ¥3Êúà16Êó•&amp;nbsp;-&amp;nbsp;&lt;/span&gt;&lt;span style=&quot;font-family: arial; font-size: 13px; line-height: 20.02px; white-space: normal;&quot;&gt;Áî®&lt;/span&gt;&lt;span style=&quot;color: rgb(204, 0, 0); font-family: arial; font-size: 13px; line-height: 20.02px; white-space: normal;&quot;&gt;jQueryÂæ™ÁéØ&lt;/span&gt;&lt;span style=&quot;font-family: arial; font-size: 13px; line-height: 20.02px; white-space: normal;&quot;&gt;ÈÅçÂéÜÊâÄÊúâ&lt;/span&gt;&lt;span style=&quot;color: rgb(204, 0, 0); font-family: arial; font-size: 13px; line-height: 20.02px; white-space: normal;&quot;&gt;Â≠êÂÖÉÁ¥†&lt;/span&gt;&lt;span style=&quot;font-family: arial; font-size: 13px; line-height: 20.02px; white-space: normal;&quot;&gt;&amp;nbsp;Ê†áÁ≠æ: jqueryfunctiondiv jQuery(1) ‰ΩúËÄÖÂêåÁ±ªÊñáÁ´†X alert(obj.html());//ÂºπÂá∫&lt;/span&gt;&lt;span style=&quot;color: rgb(204, 0, 0); font-family: arial; font-size: 13px; line-height: 20.02px; white-space: normal;&quot;&gt;Â≠êÂÖÉÁ¥†&lt;/span&gt;&lt;span style=&quot;font-family: arial; font-size: 13px; line-height: 20.02px; white-space: normal;&quot;&gt;Ê†áÁ≠æ‰∏ä‰∏ÄÁØájQueryÂèåËâ≤Ë°®Ê†º ‰∏ã‰∏ÄÁØáSp...&lt;/span&gt;&lt;/p&gt;',`last_update_time` = '2016-04-07 18:59:02',`create_time` = '2016-04-07 18:59:02' WHERE topic_id=7
[2016-04-07 18:59:02][qdm216841497.my3w.com][qdm216841497_db][sql][runtime:21.5619] delete from zgykdx_evaluating_item where topic_id=7
[2016-04-07 18:59:02][qdm216841497.my3w.com][qdm216841497_db][sql][runtime:21.5909] INSERT INTO `zgykdx_evaluating_item`  (`topic_id`,`eval_id`,`item_order`,`item_key`,`item_name`,`item_point`,`last_update_time`,`create_time`) VALUES ('7','34','4','D','deÂ∞±alter','40','2016-04-07 18:59:02','2016-04-07 18:59:02')
[2016-04-07 18:59:02][qdm216841497.my3w.com][qdm216841497_db][sql][runtime:21.6489] INSERT INTO `zgykdx_evaluating_item`  (`topic_id`,`eval_id`,`item_order`,`item_key`,`item_name`,`item_point`,`last_update_time`,`create_time`) VALUES ('7','34','1','A','adfalter','10','2016-04-07 18:59:02','2016-04-07 18:59:02')
[2016-04-07 18:59:02][qdm216841497.my3w.com][qdm216841497_db][sql][runtime:21.6920] INSERT INTO `zgykdx_evaluating_item`  (`topic_id`,`eval_id`,`item_order`,`item_key`,`item_name`,`item_point`,`last_update_time`,`create_time`) VALUES ('7','34','2','B','deralter','20','2016-04-07 18:59:02','2016-04-07 18:59:02')
[2016-04-07 18:59:02][qdm216841497.my3w.com][qdm216841497_db][sql][runtime:21.7669] INSERT INTO `zgykdx_evaluating_item`  (`topic_id`,`eval_id`,`item_order`,`item_key`,`item_name`,`item_point`,`last_update_time`,`create_time`) VALUES ('7','34','3','C','‰∏≠ÂõΩalter','30','2016-04-07 18:59:02','2016-04-07 18:59:02')
[2016-04-07 18:59:03][qdm216841497.my3w.com][qdm216841497_db][sql][runtime:121.40202522278] connect db
[2016-04-07 18:59:03][qdm216841497.my3w.com][qdm216841497_db][sql][runtime:24.7591] select * from zgykdx_evaluating_topic where eval_id = 34
[2016-04-07 18:59:04][qdm216841497.my3w.com][qdm216841497_db][sql][runtime:24.4579] select * from zgykdx_evaluating_item where eval_id = 34 order by item_order
[2016-04-07 18:59:07][qdm216841497.my3w.com][qdm216841497_db][sql][runtime:101.00412368774] connect db
[2016-04-07 18:59:07][qdm216841497.my3w.com][qdm216841497_db][sql][runtime:21.5449] select * from zgykdx_evaluating_topic where topic_id = 7
[2016-04-07 18:59:07][qdm216841497.my3w.com][qdm216841497_db][sql][runtime:21.1830] select * from zgykdx_evaluating_item where topic_id = 7
[2016-04-07 19:01:45][qdm216841497.my3w.com][qdm216841497_db][sql][runtime:99.806070327759] connect db
[2016-04-07 19:01:45][qdm216841497.my3w.com][qdm216841497_db][sql][runtime:21.6172] UPDATE `zgykdx_evaluating_topic` SET `eval_id` = '34',`topic_type` = '4',`topic_point` = '40',`topic_title` = 'ÊµãËØï‰∏Ä‰∏ãalter',`topic_tip` = 'ÂìàÂìàalter',`topic_content` = '<p><span class=\" newTimeFactor_before_abs m\" style=\"color: rgb(102, 102, 102); font-family: arial; font-size: 13px; line-height: 20.02px; white-space: normal;\">2012Âπ¥3Êúà16Êó•&nbsp;-&nbsp;</span><span style=\"font-family: arial; font-size: 13px; line-height: 20.02px; white-space: normal;\">Áî®</span><span style=\"color: rgb(204, 0, 0); font-family: arial; font-size: 13px; line-height: 20.02px; white-space: normal;\">jQueryÂæ™ÁéØ</span><span style=\"font-family: arial; font-size: 13px; line-height: 20.02px; white-space: normal;\">ÈÅçÂéÜÊâÄÊúâ</span><span style=\"color: rgb(204, 0, 0); font-family: arial; font-size: 13px; line-height: 20.02px; white-space: normal;\">Â≠êÂÖÉÁ¥†</span><span style=\"font-family: arial; font-size: 13px; line-height: 20.02px; white-space: normal;\">&nbsp;Ê†áÁ≠æ: jqueryfunctiondiv jQuery(1) ‰ΩúËÄÖÂêåÁ±ªÊñáÁ´†X alert(obj.html());//ÂºπÂá∫</span><span style=\"color: rgb(204, 0, 0); font-family: arial; font-size: 13px; line-height: 20.02px; white-space: normal;\">Â≠êÂÖÉÁ¥†</span><span style=\"font-family: arial; font-size: 13px; line-height: 20.02px; white-space: normal;\">Ê†áÁ≠æ‰∏ä‰∏ÄÁØájQueryÂèåËâ≤Ë°®Ê†º ‰∏ã‰∏ÄÁØáSp...</span></p>',`last_update_time` = '2016-04-07 19:01:44',`create_time` = '2016-04-07 19:01:44' WHERE topic_id=7
[2016-04-07 19:01:45][qdm216841497.my3w.com][qdm216841497_db][sql][runtime:20.0598] delete from zgykdx_evaluating_item where topic_id=7
[2016-04-07 19:01:45][qdm216841497.my3w.com][qdm216841497_db][sql][runtime:19.9330] INSERT INTO `zgykdx_evaluating_item`  (`topic_id`,`eval_id`,`item_order`,`item_key`,`item_name`,`item_point`,`last_update_time`,`create_time`) VALUES ('7','34','3','C','‰∏≠ÂõΩalter','30','2016-04-07 19:01:45','2016-04-07 19:01:45')
[2016-04-07 19:01:45][qdm216841497.my3w.com][qdm216841497_db][sql][runtime:19.8679] INSERT INTO `zgykdx_evaluating_item`  (`topic_id`,`eval_id`,`item_order`,`item_key`,`item_name`,`item_point`,`last_update_time`,`create_time`) VALUES ('7','34','2','B','deralter','20','2016-04-07 19:01:45','2016-04-07 19:01:45')
[2016-04-07 19:01:45][qdm216841497.my3w.com][qdm216841497_db][sql][runtime:20.0191] INSERT INTO `zgykdx_evaluating_item`  (`topic_id`,`eval_id`,`item_order`,`item_key`,`item_name`,`item_point`,`last_update_time`,`create_time`) VALUES ('7','34','1','A','adfalter','10','2016-04-07 19:01:45','2016-04-07 19:01:45')
[2016-04-07 19:01:45][qdm216841497.my3w.com][qdm216841497_db][sql][runtime:19.9471] INSERT INTO `zgykdx_evaluating_item`  (`topic_id`,`eval_id`,`item_order`,`item_key`,`item_name`,`item_point`,`last_update_time`,`create_time`) VALUES ('7','34','4','D','deÂ∞±alter','40','2016-04-07 19:01:45','2016-04-07 19:01:45')
[2016-04-07 19:01:46][qdm216841497.my3w.com][qdm216841497_db][sql][runtime:108.58297348022] connect db
[2016-04-07 19:01:46][qdm216841497.my3w.com][qdm216841497_db][sql][runtime:22.5999] select * from zgykdx_evaluating_topic where eval_id = 34
[2016-04-07 19:01:46][qdm216841497.my3w.com][qdm216841497_db][sql][runtime:22.7480] select * from zgykdx_evaluating_item where eval_id = 34 order by item_order
[2016-04-07 19:01:50][qdm216841497.my3w.com][qdm216841497_db][sql][runtime:98.451852798462] connect db
[2016-04-07 19:01:50][qdm216841497.my3w.com][qdm216841497_db][sql][runtime:20.9160] select * from zgykdx_evaluating_topic where topic_id = 7
[2016-04-07 19:01:50][qdm216841497.my3w.com][qdm216841497_db][sql][runtime:20.5050] select * from zgykdx_evaluating_item where topic_id = 7
[2016-04-07 19:01:59][qdm216841497.my3w.com][qdm216841497_db][sql][runtime:106.49394989014] connect db
[2016-04-07 19:01:59][qdm216841497.my3w.com][qdm216841497_db][sql][runtime:22.5680] UPDATE `zgykdx_evaluating_topic` SET `eval_id` = '34',`topic_type` = '4',`topic_point` = '40',`topic_title` = 'ÊµãËØï‰∏Ä‰∏ãalter',`topic_tip` = 'ÂìàÂìàalter',`topic_content` = '<p><span class=\" newTimeFactor_before_abs m\" style=\"color: rgb(102, 102, 102); font-family: arial; font-size: 13px; line-height: 20.02px; white-space: normal;\">2012Âπ¥3Êúà16Êó•&nbsp;-&nbsp;</span><span style=\"font-family: arial; font-size: 13px; line-height: 20.02px; white-space: normal;\">Áî®</span><span style=\"color: rgb(204, 0, 0); font-family: arial; font-size: 13px; line-height: 20.02px; white-space: normal;\">jQueryÂæ™ÁéØ</span><span style=\"font-family: arial; font-size: 13px; line-height: 20.02px; white-space: normal;\">ÈÅçÂéÜÊâÄÊúâ</span><span style=\"color: rgb(204, 0, 0); font-family: arial; font-size: 13px; line-height: 20.02px; white-space: normal;\">Â≠êÂÖÉÁ¥†</span><span style=\"font-family: arial; font-size: 13px; line-height: 20.02px; white-space: normal;\">&nbsp;Ê†áÁ≠æ: jqueryfunctiondiv jQuery(1) ‰ΩúËÄÖÂêåÁ±ªÊñáÁ´†X alert(obj.html());//ÂºπÂá∫</span><span style=\"color: rgb(204, 0, 0); font-family: arial; font-size: 13px; line-height: 20.02px; white-space: normal;\">Â≠êÂÖÉÁ¥†</span><span style=\"font-family: arial; font-size: 13px; line-height: 20.02px; white-space: normal;\">Ê†áÁ≠æ‰∏ä‰∏ÄÁØájQueryÂèåËâ≤Ë°®Ê†º ‰∏ã‰∏ÄÁØáSp...</span></p>',`last_update_time` = '2016-04-07 19:01:59',`create_time` = '2016-04-07 19:01:59' WHERE topic_id=7
[2016-04-07 19:02:00][qdm216841497.my3w.com][qdm216841497_db][sql][runtime:21.1110] delete from zgykdx_evaluating_item where topic_id=7
[2016-04-07 19:02:00][qdm216841497.my3w.com][qdm216841497_db][sql][runtime:21.8379] INSERT INTO `zgykdx_evaluating_item`  (`topic_id`,`eval_id`,`item_order`,`item_key`,`item_name`,`item_point`,`last_update_time`,`create_time`) VALUES ('7','34','4','D','deÂ∞±alter','50','2016-04-07 19:02:00','2016-04-07 19:02:00')
[2016-04-07 19:02:00][qdm216841497.my3w.com][qdm216841497_db][sql][runtime:21.3902] INSERT INTO `zgykdx_evaluating_item`  (`topic_id`,`eval_id`,`item_order`,`item_key`,`item_name`,`item_point`,`last_update_time`,`create_time`) VALUES ('7','34','1','A','adfalter','10','2016-04-07 19:02:00','2016-04-07 19:02:00')
[2016-04-07 19:02:00][qdm216841497.my3w.com][qdm216841497_db][sql][runtime:21.5099] INSERT INTO `zgykdx_evaluating_item`  (`topic_id`,`eval_id`,`item_order`,`item_key`,`item_name`,`item_point`,`last_update_time`,`create_time`) VALUES ('7','34','2','B','deralter','20','2016-04-07 19:02:00','2016-04-07 19:02:00')
[2016-04-07 19:02:00][qdm216841497.my3w.com][qdm216841497_db][sql][runtime:21.3060] INSERT INTO `zgykdx_evaluating_item`  (`topic_id`,`eval_id`,`item_order`,`item_key`,`item_name`,`item_point`,`last_update_time`,`create_time`) VALUES ('7','34','3','C','‰∏≠ÂõΩalter','30','2016-04-07 19:02:00','2016-04-07 19:02:00')
[2016-04-07 19:02:01][qdm216841497.my3w.com][qdm216841497_db][sql][runtime:88.942050933838] connect db
[2016-04-07 19:02:01][qdm216841497.my3w.com][qdm216841497_db][sql][runtime:19.3341] select * from zgykdx_evaluating_topic where eval_id = 34
[2016-04-07 19:02:01][qdm216841497.my3w.com][qdm216841497_db][sql][runtime:18.8282] select * from zgykdx_evaluating_item where eval_id = 34 order by item_order
[2016-04-07 19:02:04][qdm216841497.my3w.com][qdm216841497_db][sql][runtime:97.419023513794] connect db
[2016-04-07 19:02:04][qdm216841497.my3w.com][qdm216841497_db][sql][runtime:21.0080] select * from zgykdx_evaluating_topic where topic_id = 7
[2016-04-07 19:02:04][qdm216841497.my3w.com][qdm216841497_db][sql][runtime:20.6742] select * from zgykdx_evaluating_item where topic_id = 7
