[2016-04-06 11:37:17][qdm216841497.my3w.com][qdm216841497_db][sql][runtime:136.81602478027] connect db
[2016-04-06 11:37:17][qdm216841497.my3w.com][qdm216841497_db][sql][runtime:27.0681] SELECT SQL_CALC_FOUND_ROWS * FROM `zgykdx_evaluating`  ORDER BY eval_id DESC LIMIT 0,10
[2016-04-06 11:37:17][qdm216841497.my3w.com][qdm216841497_db][sql][runtime:25.9490] SELECT FOUND_ROWS()
[2016-04-06 11:45:35][qdm216841497.my3w.com][qdm216841497_db][sql][runtime:103.02495956421] connect db
[2016-04-06 11:45:35][qdm216841497.my3w.com][qdm216841497_db][sql][runtime:19.9161] SELECT SQL_CALC_FOUND_ROWS * FROM `zgykdx_evaluating`  ORDER BY eval_id DESC LIMIT 0,10
[2016-04-06 11:45:35][qdm216841497.my3w.com][qdm216841497_db][sql][runtime:19.0780] SELECT FOUND_ROWS()
[2016-04-06 11:47:54][qdm216841497.my3w.com][qdm216841497_db][sql][runtime:125.43702125549] connect db
[2016-04-06 11:47:54][qdm216841497.my3w.com][qdm216841497_db][sql][runtime:20.1008] SELECT SQL_CALC_FOUND_ROWS * FROM `zgykdx_evaluating`  ORDER BY eval_id DESC LIMIT 0,10
[2016-04-06 11:47:54][qdm216841497.my3w.com][qdm216841497_db][sql][runtime:18.7638] SELECT FOUND_ROWS()
[2016-04-06 14:16:09][qdm216841497.my3w.com][qdm216841497_db][sql][runtime:120.05209922791] connect db
[2016-04-06 14:16:09][qdm216841497.my3w.com][qdm216841497_db][sql][runtime:21.1928] SELECT SQL_CALC_FOUND_ROWS * FROM `zgykdx_evaluating`  ORDER BY eval_id DESC LIMIT 0,10
[2016-04-06 14:16:09][qdm216841497.my3w.com][qdm216841497_db][sql][runtime:22.4979] SELECT FOUND_ROWS()
[2016-04-06 14:19:19][qdm216841497.my3w.com][qdm216841497_db][sql][runtime:129.03690338135] connect db
[2016-04-06 14:19:19][qdm216841497.my3w.com][qdm216841497_db][sql][runtime:25.3992] SELECT SQL_CALC_FOUND_ROWS * FROM `zgykdx_evaluating`  ORDER BY eval_id DESC LIMIT 0,10
[2016-04-06 14:19:19][qdm216841497.my3w.com][qdm216841497_db][sql][runtime:24.2331] SELECT FOUND_ROWS()
[2016-04-06 14:32:13][qdm216841497.my3w.com][qdm216841497_db][sql][runtime:102.40983963013] connect db
[2016-04-06 14:32:13][qdm216841497.my3w.com][qdm216841497_db][sql][runtime:19.0749] INSERT INTO `zgykdx_evaluating`  (`eval_name`,`eval_descript`,`eval_starttime`,`eval_endtime`,`eval_type`,`eval_status`,`eval_max_topic`,`last_update_time`,`create_time`) VALUES ('test001','imeue','2015-04-06','2015-04-06','1','1','NaN','2016-04-06 14:32:13','2016-04-06 14:32:13')
[2016-04-06 14:34:27][qdm216841497.my3w.com][qdm216841497_db][sql][runtime:88.23299407959] connect db
[2016-04-06 14:34:27][qdm216841497.my3w.com][qdm216841497_db][sql][runtime:17.2079] INSERT INTO `zgykdx_evaluating`  (`eval_name`,`eval_descript`,`eval_starttime`,`eval_endtime`,`eval_type`,`eval_status`,`eval_max_topic`,`last_update_time`,`create_time`) VALUES ('test','asdf','2015-04-06','2015-04-06','1','1','NaN','2016-04-06 14:34:27','2016-04-06 14:34:27')
[2016-04-06 14:39:28][qdm216841497.my3w.com][qdm216841497_db][sql][runtime:142.8120136261] connect db
[2016-04-06 14:39:28][qdm216841497.my3w.com][qdm216841497_db][sql][runtime:29.1350] INSERT INTO `zgykdx_evaluating`  (`eval_name`,`eval_descript`,`eval_starttime`,`eval_endtime`,`eval_type`,`eval_status`,`eval_max_topic`,`last_update_time`,`create_time`) VALUES ('测试001','test001','2015-04-06','2015-04-10','1','1','NaN','2016-04-06 14:39:28','2016-04-06 14:39:28')
[2016-04-06 14:39:46][qdm216841497.my3w.com][qdm216841497_db][sql][runtime:357.81192779541] connect db
[2016-04-06 14:39:46][qdm216841497.my3w.com][qdm216841497_db][sql][runtime:22.3310] INSERT INTO `zgykdx_evaluating`  (`eval_name`,`eval_descript`,`eval_starttime`,`eval_endtime`,`eval_type`,`eval_status`,`eval_max_topic`,`last_update_time`,`create_time`) VALUES ('测试001','test001','2015-04-06','2015-04-10','1','1','NaN','2016-04-06 14:39:45','2016-04-06 14:39:45')
[2016-04-06 14:41:03][qdm216841497.my3w.com][qdm216841497_db][sql][runtime:83.508014678955] connect db
[2016-04-06 14:41:04][qdm216841497.my3w.com][qdm216841497_db][sql][runtime:16.8362] INSERT INTO `zgykdx_evaluating`  (`eval_name`,`eval_descript`,`eval_starttime`,`eval_endtime`,`eval_type`,`eval_status`,`eval_max_topic`,`last_update_time`,`create_time`) VALUES ('测试001','test001','2015-04-06','2015-04-10','1','1','NaN','2016-04-06 14:41:03','2016-04-06 14:41:03')
[2016-04-06 14:44:17][qdm216841497.my3w.com][qdm216841497_db][sql][runtime:123.70014190674] connect db
[2016-04-06 14:44:17][qdm216841497.my3w.com][qdm216841497_db][sql][runtime:18.7211] INSERT INTO `zgykdx_evaluating`  (`eval_name`,`eval_descript`,`eval_starttime`,`eval_endtime`,`eval_type`,`eval_status`,`eval_max_topic`,`last_update_time`,`create_time`) VALUES ('测试001','test001','2015-04-06','2015-04-10','1','1','NaN','2016-04-06 14:44:17','2016-04-06 14:44:17')
[2016-04-06 14:44:22][qdm216841497.my3w.com][qdm216841497_db][sql][runtime:115.96488952637] connect db
[2016-04-06 14:44:22][qdm216841497.my3w.com][qdm216841497_db][sql][runtime:23.0460] INSERT INTO `zgykdx_evaluating`  (`eval_name`,`eval_descript`,`eval_starttime`,`eval_endtime`,`eval_type`,`eval_status`,`eval_max_topic`,`last_update_time`,`create_time`) VALUES ('测试001','test001','2015-04-06','2015-04-10','1','1','NaN','2016-04-06 14:44:22','2016-04-06 14:44:22')
[2016-04-06 14:44:29][qdm216841497.my3w.com][qdm216841497_db][sql][runtime:106.01592063904] connect db
[2016-04-06 14:44:29][qdm216841497.my3w.com][qdm216841497_db][sql][runtime:21.0662] INSERT INTO `zgykdx_evaluating`  (`eval_name`,`eval_descript`,`eval_starttime`,`eval_endtime`,`eval_type`,`eval_status`,`eval_max_topic`,`last_update_time`,`create_time`) VALUES ('测试001','test001','2015-04-06','2015-04-10','1','1','NaN','2016-04-06 14:44:29','2016-04-06 14:44:29')
[2016-04-06 14:44:55][qdm216841497.my3w.com][qdm216841497_db][sql][runtime:154.81996536255] connect db
[2016-04-06 14:44:55][qdm216841497.my3w.com][qdm216841497_db][sql][runtime:31.0669] INSERT INTO `zgykdx_evaluating`  (`eval_name`,`eval_descript`,`eval_starttime`,`eval_endtime`,`eval_type`,`eval_status`,`eval_max_topic`,`last_update_time`,`create_time`) VALUES ('测试001','test001','2015-04-06','2015-04-10','1','1','NaN','2016-04-06 14:44:54','2016-04-06 14:44:54')
[2016-04-06 14:45:03][qdm216841497.my3w.com][qdm216841497_db][sql][runtime:102.86712646484] connect db
[2016-04-06 14:45:03][qdm216841497.my3w.com][qdm216841497_db][sql][runtime:19.1069] INSERT INTO `zgykdx_evaluating`  (`eval_name`,`eval_descript`,`eval_starttime`,`eval_endtime`,`eval_type`,`eval_status`,`eval_max_topic`,`last_update_time`,`create_time`) VALUES ('测试001','test001','2015-04-06','2015-04-10','1','1','NaN','2016-04-06 14:45:03','2016-04-06 14:45:03')
[2016-04-06 14:45:19][qdm216841497.my3w.com][qdm216841497_db][sql][runtime:114.55106735229] connect db
[2016-04-06 14:45:19][qdm216841497.my3w.com][qdm216841497_db][sql][runtime:21.8260] INSERT INTO `zgykdx_evaluating`  (`eval_name`,`eval_descript`,`eval_starttime`,`eval_endtime`,`eval_type`,`eval_status`,`eval_max_topic`,`last_update_time`,`create_time`) VALUES ('测试001','test001','2015-04-06','2015-04-10','1','1','NaN','2016-04-06 14:45:19','2016-04-06 14:45:19')
[2016-04-06 14:46:23][qdm216841497.my3w.com][qdm216841497_db][sql][runtime:127.39396095276] connect db
[2016-04-06 14:46:23][qdm216841497.my3w.com][qdm216841497_db][sql][runtime:25.7270] INSERT INTO `zgykdx_evaluating`  (`eval_name`,`eval_descript`,`eval_starttime`,`eval_endtime`,`eval_type`,`eval_status`,`eval_max_topic`,`last_update_time`,`create_time`) VALUES ('测试001','test001','2015-04-06','2015-04-10','1','1','NaN','2016-04-06 14:46:23','2016-04-06 14:46:23')
[2016-04-06 14:46:29][qdm216841497.my3w.com][qdm216841497_db][sql][runtime:108.30187797546] connect db
[2016-04-06 14:46:30][qdm216841497.my3w.com][qdm216841497_db][sql][runtime:18.3120] INSERT INTO `zgykdx_evaluating`  (`eval_name`,`eval_descript`,`eval_starttime`,`eval_endtime`,`eval_type`,`eval_status`,`eval_max_topic`,`last_update_time`,`create_time`) VALUES ('测试001','test001','2015-04-06','2015-04-10','1','1','NaN','2016-04-06 14:46:29','2016-04-06 14:46:29')
[2016-04-06 14:47:14][qdm216841497.my3w.com][qdm216841497_db][sql][runtime:122.7810382843] connect db
[2016-04-06 14:47:14][qdm216841497.my3w.com][qdm216841497_db][sql][runtime:21.5650] INSERT INTO `zgykdx_evaluating`  (`eval_name`,`eval_descript`,`eval_starttime`,`eval_endtime`,`eval_type`,`eval_status`,`eval_max_topic`,`last_update_time`,`create_time`) VALUES ('测试001','test001','2015-04-06','2015-04-10','1','1','NaN','2016-04-06 14:47:14','2016-04-06 14:47:14')
[2016-04-06 14:47:20][qdm216841497.my3w.com][qdm216841497_db][sql][runtime:108.9780330658] connect db
[2016-04-06 14:47:20][qdm216841497.my3w.com][qdm216841497_db][sql][runtime:21.0581] INSERT INTO `zgykdx_evaluating`  (`eval_name`,`eval_descript`,`eval_starttime`,`eval_endtime`,`eval_type`,`eval_status`,`eval_max_topic`,`last_update_time`,`create_time`) VALUES ('测试001','test001','2015-04-06','2015-04-10','1','1','NaN','2016-04-06 14:47:20','2016-04-06 14:47:20')
[2016-04-06 14:47:32][qdm216841497.my3w.com][qdm216841497_db][sql][runtime:148.61297607422] connect db
[2016-04-06 14:47:32][qdm216841497.my3w.com][qdm216841497_db][sql][runtime:22.5909] INSERT INTO `zgykdx_evaluating`  (`eval_name`,`eval_descript`,`eval_starttime`,`eval_endtime`,`eval_type`,`eval_status`,`eval_max_topic`,`last_update_time`,`create_time`) VALUES ('测试001','test001','2015-04-06','2015-04-10','1','1','NaN','2016-04-06 14:47:32','2016-04-06 14:47:32')
[2016-04-06 14:47:40][qdm216841497.my3w.com][qdm216841497_db][sql][runtime:92.283010482788] connect db
[2016-04-06 14:47:40][qdm216841497.my3w.com][qdm216841497_db][sql][runtime:21.4980] INSERT INTO `zgykdx_evaluating`  (`eval_name`,`eval_descript`,`eval_starttime`,`eval_endtime`,`eval_type`,`eval_status`,`eval_max_topic`,`last_update_time`,`create_time`) VALUES ('测试001','test001','2015-04-06','2015-04-10','1','1','NaN','2016-04-06 14:47:40','2016-04-06 14:47:40')
[2016-04-06 14:48:20][qdm216841497.my3w.com][qdm216841497_db][sql][runtime:113.96884918213] connect db
[2016-04-06 14:48:20][qdm216841497.my3w.com][qdm216841497_db][sql][runtime:21.8611] INSERT INTO `zgykdx_evaluating`  (`eval_name`,`eval_descript`,`eval_starttime`,`eval_endtime`,`eval_type`,`eval_status`,`eval_max_topic`,`last_update_time`,`create_time`) VALUES ('测试001','test001','2015-04-06','2015-04-10','1','1','NaN','2016-04-06 14:48:20','2016-04-06 14:48:20')
[2016-04-06 15:01:42][qdm216841497.my3w.com][qdm216841497_db][sql][runtime:100.21686553955] connect db
[2016-04-06 15:01:42][qdm216841497.my3w.com][qdm216841497_db][sql][runtime:18.0800] INSERT INTO `zgykdx_evaluating`  (`eval_name`,`eval_descript`,`eval_starttime`,`eval_endtime`,`eval_type`,`eval_status`,`eval_max_topic`,`last_update_time`,`create_time`) VALUES ('测试001','test001','2015-04-06','2015-04-10','1','1',null,'2016-04-06 15:01:42','2016-04-06 15:01:42')
[2016-04-06 15:02:08][qdm216841497.my3w.com][qdm216841497_db][sql][runtime:107.74898529053] connect db
[2016-04-06 15:02:08][qdm216841497.my3w.com][qdm216841497_db][sql][runtime:20.1809] INSERT INTO `zgykdx_evaluating`  (`eval_name`,`eval_descript`,`eval_starttime`,`eval_endtime`,`eval_type`,`eval_status`,`eval_max_topic`,`last_update_time`,`create_time`) VALUES ('测试001','test001','2015-04-06','2015-04-10','1','1',null,'2016-04-06 15:02:08','2016-04-06 15:02:08')
[2016-04-06 15:02:21][qdm216841497.my3w.com][qdm216841497_db][sql][runtime:99.390983581543] connect db
[2016-04-06 15:02:21][qdm216841497.my3w.com][qdm216841497_db][sql][runtime:19.8190] INSERT INTO `zgykdx_evaluating`  (`eval_name`,`eval_descript`,`eval_starttime`,`eval_endtime`,`eval_type`,`eval_status`,`eval_max_topic`,`last_update_time`,`create_time`) VALUES ('测试001','test001','2015-04-06','2015-04-10','1','1',null,'2016-04-06 15:02:21','2016-04-06 15:02:21')
[2016-04-06 15:03:02][qdm216841497.my3w.com][qdm216841497_db][sql][runtime:169.4540977478] connect db
[2016-04-06 15:03:02][qdm216841497.my3w.com][qdm216841497_db][sql][runtime:22.9430] INSERT INTO `zgykdx_evaluating`  (`eval_name`,`eval_descript`,`eval_starttime`,`eval_endtime`,`eval_type`,`eval_status`,`eval_max_topic`,`last_update_time`,`create_time`) VALUES ('测试001','test001','2015-04-06','2015-04-10','1','1',null,'2016-04-06 15:03:02','2016-04-06 15:03:02')
[2016-04-06 15:05:43][qdm216841497.my3w.com][qdm216841497_db][sql][runtime:110.2991104126] connect db
[2016-04-06 15:05:43][qdm216841497.my3w.com][qdm216841497_db][sql][runtime:22.0270] INSERT INTO `zgykdx_evaluating`  (`eval_name`,`eval_descript`,`eval_starttime`,`eval_endtime`,`eval_type`,`eval_status`,`eval_max_topic`,`last_update_time`,`create_time`) VALUES ('测试001','test001','2015-04-06','2015-04-10','1','1',null,'2016-04-06 15:05:43','2016-04-06 15:05:43')
[2016-04-06 15:05:56][qdm216841497.my3w.com][qdm216841497_db][sql][runtime:111.40203475952] connect db
[2016-04-06 15:05:56][qdm216841497.my3w.com][qdm216841497_db][sql][runtime:21.9731] INSERT INTO `zgykdx_evaluating`  (`eval_name`,`eval_descript`,`eval_starttime`,`eval_endtime`,`eval_type`,`eval_status`,`eval_max_topic`,`last_update_time`,`create_time`) VALUES ('测试001','test001','2015-04-06','2015-04-10','1','1',null,'2016-04-06 15:05:55','2016-04-06 15:05:55')
[2016-04-06 15:06:06][qdm216841497.my3w.com][qdm216841497_db][sql][runtime:155.58099746704] connect db
[2016-04-06 15:06:06][qdm216841497.my3w.com][qdm216841497_db][sql][runtime:21.9400] INSERT INTO `zgykdx_evaluating`  (`eval_name`,`eval_descript`,`eval_starttime`,`eval_endtime`,`eval_type`,`eval_status`,`eval_max_topic`,`last_update_time`,`create_time`) VALUES ('测试001','test001','2015-04-06','2015-04-10','1','1',null,'2016-04-06 15:06:05','2016-04-06 15:06:05')
[2016-04-06 15:06:37][qdm216841497.my3w.com][qdm216841497_db][sql][runtime:88.958978652954] connect db
[2016-04-06 15:06:37][qdm216841497.my3w.com][qdm216841497_db][sql][runtime:19.8791] SELECT SQL_CALC_FOUND_ROWS * FROM `zgykdx_evaluating`  ORDER BY eval_id DESC LIMIT 0,10
[2016-04-06 15:06:37][qdm216841497.my3w.com][qdm216841497_db][sql][runtime:17.5791] SELECT FOUND_ROWS()
[2016-04-06 15:07:18][qdm216841497.my3w.com][qdm216841497_db][sql][runtime:99.805116653442] connect db
[2016-04-06 15:07:18][qdm216841497.my3w.com][qdm216841497_db][sql][runtime:20.5381] SELECT SQL_CALC_FOUND_ROWS * FROM `zgykdx_evaluating`  ORDER BY eval_id DESC LIMIT 0,10
[2016-04-06 15:07:18][qdm216841497.my3w.com][qdm216841497_db][sql][runtime:19.1321] SELECT FOUND_ROWS()
[2016-04-06 15:07:28][qdm216841497.my3w.com][qdm216841497_db][sql][runtime:121.90008163452] connect db
[2016-04-06 15:07:28][qdm216841497.my3w.com][qdm216841497_db][sql][runtime:33.0319] INSERT INTO `zgykdx_evaluating`  (`eval_name`,`eval_descript`,`eval_starttime`,`eval_endtime`,`eval_type`,`eval_status`,`eval_max_topic`,`last_update_time`,`create_time`) VALUES ('测试001','test001','2015-04-06','2015-04-10','1','1',null,'2016-04-06 15:07:28','2016-04-06 15:07:28')
[2016-04-06 15:08:24][qdm216841497.my3w.com][qdm216841497_db][sql][runtime:97.118139266968] connect db
[2016-04-06 15:08:24][qdm216841497.my3w.com][qdm216841497_db][sql][runtime:31.5990] INSERT INTO `zgykdx_evaluating`  (`eval_name`,`eval_descript`,`eval_starttime`,`eval_endtime`,`eval_type`,`eval_status`,`eval_max_topic`,`last_update_time`,`create_time`) VALUES ('测试001','test001','2015-04-06','2015-04-10','1','1',null,'2016-04-06 15:08:24','2016-04-06 15:08:24')
[2016-04-06 15:09:44][qdm216841497.my3w.com][qdm216841497_db][sql][runtime:115.35787582397] connect db
[2016-04-06 15:09:44][qdm216841497.my3w.com][qdm216841497_db][sql][runtime:42.4759] INSERT INTO `zgykdx_evaluating`  (`eval_name`,`eval_descript`,`eval_starttime`,`eval_endtime`,`eval_type`,`eval_status`,`eval_max_topic`,`last_update_time`,`create_time`) VALUES ('测试001','test001','2015-04-06','2015-04-10','1','1',null,'2016-04-06 15:09:44','2016-04-06 15:09:44')
[2016-04-06 15:11:25][qdm216841497.my3w.com][qdm216841497_db][sql][runtime:118.51096153259] connect db
[2016-04-06 15:11:25][qdm216841497.my3w.com][qdm216841497_db][sql][runtime:17.5610] INSERT INTO `zgykdx_evaluating`  (`eval_name`,`eval_descript`,`eval_starttime`,`eval_endtime`,`eval_type`,`eval_status`,`eval_max_topic`,`last_update_time`,`create_time`) VALUES ('测试001','test001','2015-04-06','2015-04-10','1','1',null,'2016-04-06 15:11:25','2016-04-06 15:11:25')
[2016-04-06 15:13:05][qdm216841497.my3w.com][qdm216841497_db][sql][runtime:110.23306846619] connect db
[2016-04-06 15:13:06][qdm216841497.my3w.com][qdm216841497_db][sql][runtime:20.2160] INSERT INTO `zgykdx_evaluating`  (`eval_name`,`eval_descript`,`eval_starttime`,`eval_endtime`,`eval_type`,`eval_status`,`eval_max_topic`,`last_update_time`,`create_time`) VALUES ('测试001','test001','2015-04-06','2015-04-10','1','1',null,'2016-04-06 15:13:05','2016-04-06 15:13:05')
[2016-04-06 15:13:07][qdm216841497.my3w.com][qdm216841497_db][sql][runtime:148.05507659912] connect db
[2016-04-06 15:13:07][qdm216841497.my3w.com][qdm216841497_db][sql][runtime:28.8498] SELECT SQL_CALC_FOUND_ROWS * FROM `zgykdx_evaluating`  ORDER BY eval_id DESC LIMIT 0,10
[2016-04-06 15:13:07][qdm216841497.my3w.com][qdm216841497_db][sql][runtime:27.7750] SELECT FOUND_ROWS()
[2016-04-06 15:13:20][qdm216841497.my3w.com][qdm216841497_db][sql][runtime:216.51911735535] connect db
[2016-04-06 15:13:20][qdm216841497.my3w.com][qdm216841497_db][sql][runtime:45.2859] SELECT SQL_CALC_FOUND_ROWS * FROM `zgykdx_evaluating`  ORDER BY eval_id DESC LIMIT 10,10
[2016-04-06 15:13:20][qdm216841497.my3w.com][qdm216841497_db][sql][runtime:45.3632] SELECT FOUND_ROWS()
[2016-04-06 15:13:35][qdm216841497.my3w.com][qdm216841497_db][sql][runtime:112.16902732849] connect db
[2016-04-06 15:13:35][qdm216841497.my3w.com][qdm216841497_db][sql][runtime:23.7200] SELECT SQL_CALC_FOUND_ROWS * FROM `zgykdx_evaluating`  ORDER BY eval_id DESC LIMIT 20,10
[2016-04-06 15:13:35][qdm216841497.my3w.com][qdm216841497_db][sql][runtime:22.8319] SELECT FOUND_ROWS()
[2016-04-06 15:19:45][qdm216841497.my3w.com][qdm216841497_db][sql][runtime:112.48302459717] connect db
[2016-04-06 15:19:45][qdm216841497.my3w.com][qdm216841497_db][sql][runtime:22.2571] SELECT SQL_CALC_FOUND_ROWS * FROM `zgykdx_evaluating`  ORDER BY eval_id DESC LIMIT 20,10
[2016-04-06 15:19:45][qdm216841497.my3w.com][qdm216841497_db][sql][runtime:20.8628] SELECT FOUND_ROWS()
[2016-04-06 15:19:54][qdm216841497.my3w.com][qdm216841497_db][sql][runtime:223.92296791077] connect db
[2016-04-06 15:19:54][qdm216841497.my3w.com][qdm216841497_db][sql][runtime:29.0060] SELECT SQL_CALC_FOUND_ROWS * FROM `zgykdx_evaluating`  ORDER BY eval_id DESC LIMIT 20,10
[2016-04-06 15:19:54][qdm216841497.my3w.com][qdm216841497_db][sql][runtime:27.8010] SELECT FOUND_ROWS()
[2016-04-06 15:28:49][qdm216841497.my3w.com][qdm216841497_db][sql][runtime:156.51202201843] connect db
[2016-04-06 15:28:49][qdm216841497.my3w.com][qdm216841497_db][sql][runtime:22.8570] SELECT SQL_CALC_FOUND_ROWS * FROM `zgykdx_evaluating`  ORDER BY eval_id DESC LIMIT 20,10
[2016-04-06 15:28:49][qdm216841497.my3w.com][qdm216841497_db][sql][runtime:21.5578] SELECT FOUND_ROWS()
[2016-04-06 15:29:36][qdm216841497.my3w.com][qdm216841497_db][sql][runtime:98.541975021362] connect db
[2016-04-06 15:29:36][qdm216841497.my3w.com][qdm216841497_db][sql][runtime:19.5382] SELECT SQL_CALC_FOUND_ROWS * FROM `zgykdx_evaluating`  ORDER BY eval_id DESC LIMIT 20,10
[2016-04-06 15:29:36][qdm216841497.my3w.com][qdm216841497_db][sql][runtime:18.4991] SELECT FOUND_ROWS()
[2016-04-06 15:29:40][qdm216841497.my3w.com][qdm216841497_db][sql][runtime:102.86092758179] connect db
[2016-04-06 15:29:40][qdm216841497.my3w.com][qdm216841497_db][sql][runtime:19.3269] SELECT SQL_CALC_FOUND_ROWS * FROM `zgykdx_evaluating`  ORDER BY eval_id DESC LIMIT 0,10
[2016-04-06 15:29:40][qdm216841497.my3w.com][qdm216841497_db][sql][runtime:17.3841] SELECT FOUND_ROWS()
[2016-04-06 15:29:44][qdm216841497.my3w.com][qdm216841497_db][sql][runtime:104.03394699097] connect db
[2016-04-06 15:29:44][qdm216841497.my3w.com][qdm216841497_db][sql][runtime:22.6040] SELECT SQL_CALC_FOUND_ROWS * FROM `zgykdx_evaluating`  ORDER BY eval_id DESC LIMIT 10,10
[2016-04-06 15:29:44][qdm216841497.my3w.com][qdm216841497_db][sql][runtime:18.5900] SELECT FOUND_ROWS()
[2016-04-06 15:29:50][qdm216841497.my3w.com][qdm216841497_db][sql][runtime:126.97601318359] connect db
[2016-04-06 15:29:50][qdm216841497.my3w.com][qdm216841497_db][sql][runtime:24.7240] SELECT SQL_CALC_FOUND_ROWS * FROM `zgykdx_evaluating`  ORDER BY eval_id DESC LIMIT 20,10
[2016-04-06 15:29:50][qdm216841497.my3w.com][qdm216841497_db][sql][runtime:26.1049] SELECT FOUND_ROWS()
[2016-04-06 15:32:42][qdm216841497.my3w.com][qdm216841497_db][sql][runtime:128.91483306885] connect db
[2016-04-06 15:32:42][qdm216841497.my3w.com][qdm216841497_db][sql][runtime:23.7041] SELECT SQL_CALC_FOUND_ROWS * FROM `zgykdx_evaluating`  ORDER BY eval_id DESC LIMIT 20,10
[2016-04-06 15:32:42][qdm216841497.my3w.com][qdm216841497_db][sql][runtime:22.3660] SELECT FOUND_ROWS()
