[2016-04-11 10:12:14][qdm216841497.my3w.com][qdm216841497_db][sql][runtime:131.47306442261] connect db
[2016-04-11 10:12:14][qdm216841497.my3w.com][qdm216841497_db][sql][runtime:19.0141] SELECT SQL_CALC_FOUND_ROWS * FROM `zgykdx_evaluating`  ORDER BY eval_id DESC LIMIT 0,10
[2016-04-11 10:12:14][qdm216841497.my3w.com][qdm216841497_db][sql][runtime:17.5831] SELECT FOUND_ROWS()
[2016-04-11 10:12:17][qdm216841497.my3w.com][qdm216841497_db][sql][runtime:102.36287117004] connect db
[2016-04-11 10:12:17][qdm216841497.my3w.com][qdm216841497_db][sql][runtime:21.3699] select * from zgykdx_evaluating where eval_id = 35
[2016-04-11 10:14:20][qdm216841497.my3w.com][qdm216841497_db][sql][runtime:98.682880401611] connect db
[2016-04-11 10:14:20][qdm216841497.my3w.com][qdm216841497_db][sql][runtime:21.4319] SELECT SQL_CALC_FOUND_ROWS * FROM `zgykdx_evaluating`  ORDER BY eval_id DESC LIMIT 0,10
[2016-04-11 10:14:20][qdm216841497.my3w.com][qdm216841497_db][sql][runtime:19.2969] SELECT FOUND_ROWS()
[2016-04-11 10:14:22][qdm216841497.my3w.com][qdm216841497_db][sql][runtime:129.71019744873] connect db
[2016-04-11 10:14:22][qdm216841497.my3w.com][qdm216841497_db][sql][runtime:27.9431] select * from zgykdx_evaluating_topic where eval_id = 35
[2016-04-11 10:14:22][qdm216841497.my3w.com][qdm216841497_db][sql][runtime:27.2241] select * from zgykdx_evaluating_item where eval_id = 35 order by item_order
[2016-04-11 10:14:26][qdm216841497.my3w.com][qdm216841497_db][sql][runtime:110.97002029419] connect db
[2016-04-11 10:14:26][qdm216841497.my3w.com][qdm216841497_db][sql][runtime:21.8329] select * from zgykdx_evaluating_topic where topic_id = 10
[2016-04-11 10:14:26][qdm216841497.my3w.com][qdm216841497_db][sql][runtime:22.5098] select * from zgykdx_evaluating_item where topic_id = 10
[2016-04-11 10:14:50][qdm216841497.my3w.com][qdm216841497_db][sql][runtime:114.83407020569] connect db
[2016-04-11 10:14:50][qdm216841497.my3w.com][qdm216841497_db][sql][runtime:22.6660] UPDATE `zgykdx_evaluating_topic` SET `eval_id` = '35',`topic_type` = '4',`topic_point` = '45',`topic_title` = '测试001',`topic_tip` = '测试001',`topic_content` = null,`item_count` = 4,`last_update_time` = '2016-04-11 10:14:49',`create_time` = '2016-04-11 10:14:49' WHERE topic_id=10
[2016-04-11 10:14:50][qdm216841497.my3w.com][qdm216841497_db][sql][runtime:22.4819] delete from zgykdx_evaluating_item where topic_id=10
[2016-04-11 10:14:50][qdm216841497.my3w.com][qdm216841497_db][sql][runtime:18.1570] INSERT INTO `zgykdx_evaluating_item`  (`topic_id`,`eval_id`,`item_order`,`item_key`,`item_name`,`item_point`,`last_update_time`,`create_time`) VALUES ('10','35','1','A','柑','45','2016-04-11 10:14:50','2016-04-11 10:14:50')
[2016-04-11 10:14:50][qdm216841497.my3w.com][qdm216841497_db][sql][runtime:17.9052] INSERT INTO `zgykdx_evaluating_item`  (`topic_id`,`eval_id`,`item_order`,`item_key`,`item_name`,`item_point`,`last_update_time`,`create_time`) VALUES ('10','35','2','B','3','3','2016-04-11 10:14:50','2016-04-11 10:14:50')
[2016-04-11 10:14:50][qdm216841497.my3w.com][qdm216841497_db][sql][runtime:17.7400] INSERT INTO `zgykdx_evaluating_item`  (`topic_id`,`eval_id`,`item_order`,`item_key`,`item_name`,`item_point`,`last_update_time`,`create_time`) VALUES ('10','35','3','C','左','2','2016-04-11 10:14:50','2016-04-11 10:14:50')
[2016-04-11 10:14:50][qdm216841497.my3w.com][qdm216841497_db][sql][runtime:17.3879] INSERT INTO `zgykdx_evaluating_item`  (`topic_id`,`eval_id`,`item_order`,`item_key`,`item_name`,`item_point`,`last_update_time`,`create_time`) VALUES ('10','35','4','D','左','2','2016-04-11 10:14:50','2016-04-11 10:14:50')
[2016-04-11 10:14:52][qdm216841497.my3w.com][qdm216841497_db][sql][runtime:89.022874832153] connect db
[2016-04-11 10:14:52][qdm216841497.my3w.com][qdm216841497_db][sql][runtime:18.9621] select * from zgykdx_evaluating_topic where eval_id = 35
[2016-04-11 10:14:52][qdm216841497.my3w.com][qdm216841497_db][sql][runtime:19.1312] select * from zgykdx_evaluating_item where eval_id = 35 order by item_order
[2016-04-11 10:14:54][qdm216841497.my3w.com][qdm216841497_db][sql][runtime:109.91716384888] connect db
[2016-04-11 10:14:54][qdm216841497.my3w.com][qdm216841497_db][sql][runtime:22.3010] select * from zgykdx_evaluating_topic where topic_id = 10
[2016-04-11 10:14:54][qdm216841497.my3w.com][qdm216841497_db][sql][runtime:22.3241] select * from zgykdx_evaluating_item where topic_id = 10
[2016-04-11 10:15:06][qdm216841497.my3w.com][qdm216841497_db][sql][runtime:98.712921142578] connect db
[2016-04-11 10:15:07][qdm216841497.my3w.com][qdm216841497_db][sql][runtime:20.5722] UPDATE `zgykdx_evaluating_topic` SET `eval_id` = '35',`topic_type` = '4',`topic_point` = '45',`topic_title` = '测试001',`topic_tip` = '测试001',`topic_content` = null,`item_count` = 4,`last_update_time` = '2016-04-11 10:15:06',`create_time` = '2016-04-11 10:15:06' WHERE topic_id=10
[2016-04-11 10:15:07][qdm216841497.my3w.com][qdm216841497_db][sql][runtime:19.6118] delete from zgykdx_evaluating_item where topic_id=10
[2016-04-11 10:15:07][qdm216841497.my3w.com][qdm216841497_db][sql][runtime:19.8388] INSERT INTO `zgykdx_evaluating_item`  (`topic_id`,`eval_id`,`item_order`,`item_key`,`item_name`,`item_point`,`last_update_time`,`create_time`) VALUES ('10','35','1','A','柑','45','2016-04-11 10:15:07','2016-04-11 10:15:07')
[2016-04-11 10:15:07][qdm216841497.my3w.com][qdm216841497_db][sql][runtime:19.6190] INSERT INTO `zgykdx_evaluating_item`  (`topic_id`,`eval_id`,`item_order`,`item_key`,`item_name`,`item_point`,`last_update_time`,`create_time`) VALUES ('10','35','2','B','3','3','2016-04-11 10:15:07','2016-04-11 10:15:07')
[2016-04-11 10:15:07][qdm216841497.my3w.com][qdm216841497_db][sql][runtime:19.5491] INSERT INTO `zgykdx_evaluating_item`  (`topic_id`,`eval_id`,`item_order`,`item_key`,`item_name`,`item_point`,`last_update_time`,`create_time`) VALUES ('10','35','3','C','左','2','2016-04-11 10:15:07','2016-04-11 10:15:07')
[2016-04-11 10:15:07][qdm216841497.my3w.com][qdm216841497_db][sql][runtime:19.5820] INSERT INTO `zgykdx_evaluating_item`  (`topic_id`,`eval_id`,`item_order`,`item_key`,`item_name`,`item_point`,`last_update_time`,`create_time`) VALUES ('10','35','4','D','左','2','2016-04-11 10:15:07','2016-04-11 10:15:07')
[2016-04-11 10:15:08][qdm216841497.my3w.com][qdm216841497_db][sql][runtime:113.96098136902] connect db
[2016-04-11 10:15:08][qdm216841497.my3w.com][qdm216841497_db][sql][runtime:24.2472] select * from zgykdx_evaluating_topic where eval_id = 35
[2016-04-11 10:15:08][qdm216841497.my3w.com][qdm216841497_db][sql][runtime:27.2470] select * from zgykdx_evaluating_item where eval_id = 35 order by item_order
[2016-04-11 10:15:11][qdm216841497.my3w.com][qdm216841497_db][sql][runtime:145.28203010559] connect db
[2016-04-11 10:15:11][qdm216841497.my3w.com][qdm216841497_db][sql][runtime:29.2492] select * from zgykdx_evaluating_topic where topic_id = 10
[2016-04-11 10:15:11][qdm216841497.my3w.com][qdm216841497_db][sql][runtime:29.3300] select * from zgykdx_evaluating_item where topic_id = 10
