[2016-04-12 16:01:28][qdm216841497.my3w.com][qdm216841497_db][sql][runtime:152.42910385132] connect db
[2016-04-12 16:01:28][qdm216841497.my3w.com][qdm216841497_db][sql][runtime:23.0238] SELECT SQL_CALC_FOUND_ROWS * FROM `zgykdx_evaluating`  ORDER BY eval_id DESC LIMIT 0,10
[2016-04-12 16:01:28][qdm216841497.my3w.com][qdm216841497_db][sql][runtime:24.7161] SELECT FOUND_ROWS()
[2016-04-12 16:11:45][qdm216841497.my3w.com][qdm216841497_db][sql][runtime:152.03881263733] connect db
[2016-04-12 16:11:45][qdm216841497.my3w.com][qdm216841497_db][sql][runtime:23.3591] SELECT SQL_CALC_FOUND_ROWS * FROM `zgykdx_evaluating`  ORDER BY eval_id DESC LIMIT 0,10
[2016-04-12 16:11:45][qdm216841497.my3w.com][qdm216841497_db][sql][runtime:22.0599] SELECT FOUND_ROWS()
[2016-04-12 16:11:57][qdm216841497.my3w.com][qdm216841497_db][sql][runtime:132.53998756409] connect db
[2016-04-12 16:11:57][qdm216841497.my3w.com][qdm216841497_db][sql][runtime:23.2480] SELECT * FROM wx_custom_menu WHERE 1=1  order by `order` asc 
[2016-04-12 16:13:05][qdm216841497.my3w.com][qdm216841497_db][sql][runtime:119.54307556152] connect db
[2016-04-12 16:13:05][qdm216841497.my3w.com][qdm216841497_db][sql][runtime:29.6049] SELECT * FROM wx_custom_menu WHERE 1=1  order by `order` asc 
[2016-04-12 16:13:06][qdm216841497.my3w.com][qdm216841497_db][sql][runtime:29.3429] SELECT * FROM wx_material WHERE id = 7
[2016-04-12 16:13:06][qdm216841497.my3w.com][qdm216841497_db][sql][runtime:26.3710] SELECT set_value   FROM wx_ent_setting WHERE ent_id= 1 and set_key='custom_menu_last_synchronous_time'
[2016-04-12 16:13:06][qdm216841497.my3w.com][qdm216841497_db][sql][runtime:24.5218] SELECT set_value   FROM wx_ent_setting WHERE ent_id= 1 and set_key='custom_menu_last_update_time'
[2016-04-12 16:28:06][qdm216841497.my3w.com][qdm216841497_db][sql][runtime:158.23793411255] connect db
[2016-04-12 16:28:06][qdm216841497.my3w.com][qdm216841497_db][sql][runtime:27.4301] SELECT * FROM wx_custom_menu WHERE 1=1  order by `order` asc 
[2016-04-12 16:28:06][qdm216841497.my3w.com][qdm216841497_db][sql][runtime:25.9631] SELECT * FROM wx_material WHERE id = 7
[2016-04-12 16:28:06][qdm216841497.my3w.com][qdm216841497_db][sql][runtime:25.6672] SELECT set_value   FROM wx_ent_setting WHERE ent_id= 1 and set_key='custom_menu_last_synchronous_time'
[2016-04-12 16:28:06][qdm216841497.my3w.com][qdm216841497_db][sql][runtime:26.4010] SELECT set_value   FROM wx_ent_setting WHERE ent_id= 1 and set_key='custom_menu_last_update_time'
[2016-04-12 16:28:40][qdm216841497.my3w.com][qdm216841497_db][sql][runtime:201.48086547852] connect db
[2016-04-12 16:28:40][qdm216841497.my3w.com][qdm216841497_db][sql][runtime:27.2620] SELECT * FROM wx_custom_menu WHERE 1=1  order by `order` asc 
[2016-04-12 16:28:40][qdm216841497.my3w.com][qdm216841497_db][sql][runtime:22.6200] SELECT * FROM wx_material WHERE id = 7
[2016-04-12 16:28:40][qdm216841497.my3w.com][qdm216841497_db][sql][runtime:23.5291] SELECT set_value   FROM wx_ent_setting WHERE ent_id= 1 and set_key='custom_menu_last_synchronous_time'
[2016-04-12 16:28:40][qdm216841497.my3w.com][qdm216841497_db][sql][runtime:21.9359] SELECT set_value   FROM wx_ent_setting WHERE ent_id= 1 and set_key='custom_menu_last_update_time'
[2016-04-12 16:29:27][qdm216841497.my3w.com][qdm216841497_db][sql][runtime:114.75992202759] connect db
[2016-04-12 16:29:27][qdm216841497.my3w.com][qdm216841497_db][sql][runtime:26.7711] SELECT * FROM wx_custom_menu WHERE 1=1  order by `order` asc 
[2016-04-12 16:29:27][qdm216841497.my3w.com][qdm216841497_db][sql][runtime:45.4700] SELECT * FROM wx_material WHERE id = 7
[2016-04-12 16:29:28][qdm216841497.my3w.com][qdm216841497_db][sql][runtime:42.2509] SELECT set_value   FROM wx_ent_setting WHERE ent_id= 1 and set_key='custom_menu_last_synchronous_time'
[2016-04-12 16:29:28][qdm216841497.my3w.com][qdm216841497_db][sql][runtime:47.8809] SELECT set_value   FROM wx_ent_setting WHERE ent_id= 1 and set_key='custom_menu_last_update_time'
[2016-04-12 16:29:33][qdm216841497.my3w.com][qdm216841497_db][sql][runtime:130.784034729] connect db
[2016-04-12 16:29:33][qdm216841497.my3w.com][qdm216841497_db][sql][runtime:26.9611] SELECT SQL_CALC_FOUND_ROWS * FROM `zgykdx_evaluating`  ORDER BY eval_id DESC LIMIT 0,10
[2016-04-12 16:29:33][qdm216841497.my3w.com][qdm216841497_db][sql][runtime:31.9452] SELECT FOUND_ROWS()
[2016-04-12 16:30:07][qdm216841497.my3w.com][qdm216841497_db][sql][runtime:126.86896324158] connect db
[2016-04-12 16:30:07][qdm216841497.my3w.com][qdm216841497_db][sql][runtime:23.3099] SELECT SQL_CALC_FOUND_ROWS * FROM `zgykdx_evaluating`  ORDER BY eval_id DESC LIMIT 0,10
[2016-04-12 16:30:07][qdm216841497.my3w.com][qdm216841497_db][sql][runtime:21.9569] SELECT FOUND_ROWS()
[2016-04-12 16:30:10][qdm216841497.my3w.com][qdm216841497_db][sql][runtime:208.73689651489] connect db
[2016-04-12 16:30:10][qdm216841497.my3w.com][qdm216841497_db][sql][runtime:31.5220] SELECT * FROM wx_custom_menu WHERE 1=1  order by `order` asc 
[2016-04-12 16:30:10][qdm216841497.my3w.com][qdm216841497_db][sql][runtime:24.7021] SELECT * FROM wx_material WHERE id = 7
[2016-04-12 16:30:10][qdm216841497.my3w.com][qdm216841497_db][sql][runtime:25.7781] SELECT set_value   FROM wx_ent_setting WHERE ent_id= 1 and set_key='custom_menu_last_synchronous_time'
[2016-04-12 16:30:10][qdm216841497.my3w.com][qdm216841497_db][sql][runtime:23.5319] SELECT set_value   FROM wx_ent_setting WHERE ent_id= 1 and set_key='custom_menu_last_update_time'
[2016-04-12 16:32:04][qdm216841497.my3w.com][qdm216841497_db][sql][runtime:128.99208068848] connect db
[2016-04-12 16:32:04][qdm216841497.my3w.com][qdm216841497_db][sql][runtime:30.2398] SELECT * FROM wx_custom_menu WHERE 1=1  order by `order` asc 
[2016-04-12 16:32:04][qdm216841497.my3w.com][qdm216841497_db][sql][runtime:28.0080] SELECT * FROM wx_material WHERE id = 7
[2016-04-12 16:32:04][qdm216841497.my3w.com][qdm216841497_db][sql][runtime:27.8749] SELECT set_value   FROM wx_ent_setting WHERE ent_id= 1 and set_key='custom_menu_last_synchronous_time'
[2016-04-12 16:32:04][qdm216841497.my3w.com][qdm216841497_db][sql][runtime:24.2178] SELECT set_value   FROM wx_ent_setting WHERE ent_id= 1 and set_key='custom_menu_last_update_time'
[2016-04-12 16:32:42][qdm216841497.my3w.com][qdm216841497_db][sql][runtime:135.59198379517] connect db
[2016-04-12 16:32:42][qdm216841497.my3w.com][qdm216841497_db][sql][runtime:21.8170] SELECT * FROM wx_custom_menu WHERE 1=1  order by `order` asc 
[2016-04-12 16:32:42][qdm216841497.my3w.com][qdm216841497_db][sql][runtime:45.6910] SELECT * FROM wx_material WHERE id = 7
[2016-04-12 16:32:42][qdm216841497.my3w.com][qdm216841497_db][sql][runtime:26.5090] SELECT set_value   FROM wx_ent_setting WHERE ent_id= 1 and set_key='custom_menu_last_synchronous_time'
[2016-04-12 16:32:42][qdm216841497.my3w.com][qdm216841497_db][sql][runtime:44.3401] SELECT set_value   FROM wx_ent_setting WHERE ent_id= 1 and set_key='custom_menu_last_update_time'
[2016-04-12 16:36:04][qdm216841497.my3w.com][qdm216841497_db][sql][runtime:166.60404205322] connect db
[2016-04-12 16:36:05][qdm216841497.my3w.com][qdm216841497_db][sql][runtime:26.0248] SELECT * FROM wx_custom_menu WHERE 1=1  order by `order` asc 
[2016-04-12 16:36:05][qdm216841497.my3w.com][qdm216841497_db][sql][runtime:25.6121] SELECT * FROM wx_material WHERE id = 7
[2016-04-12 16:36:05][qdm216841497.my3w.com][qdm216841497_db][sql][runtime:20.9391] SELECT set_value   FROM wx_ent_setting WHERE ent_id= 1 and set_key='custom_menu_last_synchronous_time'
[2016-04-12 16:36:05][qdm216841497.my3w.com][qdm216841497_db][sql][runtime:23.3781] SELECT set_value   FROM wx_ent_setting WHERE ent_id= 1 and set_key='custom_menu_last_update_time'
[2016-04-12 16:37:27][qdm216841497.my3w.com][qdm216841497_db][sql][runtime:145.87092399597] connect db
[2016-04-12 16:37:27][qdm216841497.my3w.com][qdm216841497_db][sql][runtime:44.6661] SELECT * FROM wx_custom_menu WHERE 1=1  order by `order` asc 
[2016-04-12 16:37:27][qdm216841497.my3w.com][qdm216841497_db][sql][runtime:44.1952] SELECT * FROM wx_material WHERE id = 7
[2016-04-12 16:37:27][qdm216841497.my3w.com][qdm216841497_db][sql][runtime:44.2951] SELECT set_value   FROM wx_ent_setting WHERE ent_id= 1 and set_key='custom_menu_last_synchronous_time'
[2016-04-12 16:37:27][qdm216841497.my3w.com][qdm216841497_db][sql][runtime:29.0420] SELECT set_value   FROM wx_ent_setting WHERE ent_id= 1 and set_key='custom_menu_last_update_time'
[2016-04-12 16:38:24][qdm216841497.my3w.com][qdm216841497_db][sql][runtime:109.21597480774] connect db
[2016-04-12 16:38:24][qdm216841497.my3w.com][qdm216841497_db][sql][runtime:22.6970] SELECT * FROM wx_custom_menu WHERE 1=1  order by `order` asc 
[2016-04-12 16:38:24][qdm216841497.my3w.com][qdm216841497_db][sql][runtime:22.2101] SELECT * FROM wx_material WHERE id = 7
[2016-04-12 16:38:24][qdm216841497.my3w.com][qdm216841497_db][sql][runtime:22.6791] SELECT set_value   FROM wx_ent_setting WHERE ent_id= 1 and set_key='custom_menu_last_synchronous_time'
[2016-04-12 16:38:24][qdm216841497.my3w.com][qdm216841497_db][sql][runtime:22.6820] SELECT set_value   FROM wx_ent_setting WHERE ent_id= 1 and set_key='custom_menu_last_update_time'
[2016-04-12 16:42:19][qdm216841497.my3w.com][qdm216841497_db][sql][runtime:194.92602348328] connect db
[2016-04-12 16:42:19][qdm216841497.my3w.com][qdm216841497_db][sql][runtime:29.7771] SELECT * FROM wx_custom_menu WHERE 1=1  order by `order` asc 
[2016-04-12 16:42:19][qdm216841497.my3w.com][qdm216841497_db][sql][runtime:28.8949] SELECT * FROM wx_material WHERE id = 7
[2016-04-12 16:42:19][qdm216841497.my3w.com][qdm216841497_db][sql][runtime:27.0631] SELECT set_value   FROM wx_ent_setting WHERE ent_id= 1 and set_key='custom_menu_last_synchronous_time'
[2016-04-12 16:42:20][qdm216841497.my3w.com][qdm216841497_db][sql][runtime:36.7742] SELECT set_value   FROM wx_ent_setting WHERE ent_id= 1 and set_key='custom_menu_last_update_time'
[2016-04-12 16:46:51][qdm216841497.my3w.com][qdm216841497_db][sql][runtime:118.94202232361] connect db
[2016-04-12 16:46:52][qdm216841497.my3w.com][qdm216841497_db][sql][runtime:24.8320] SELECT * FROM wx_custom_menu WHERE 1=1  order by `order` asc 
[2016-04-12 16:46:52][qdm216841497.my3w.com][qdm216841497_db][sql][runtime:22.0292] SELECT * FROM wx_material WHERE id = 7
[2016-04-12 16:46:52][qdm216841497.my3w.com][qdm216841497_db][sql][runtime:23.5100] SELECT set_value   FROM wx_ent_setting WHERE ent_id= 1 and set_key='custom_menu_last_synchronous_time'
[2016-04-12 16:46:52][qdm216841497.my3w.com][qdm216841497_db][sql][runtime:25.5311] SELECT set_value   FROM wx_ent_setting WHERE ent_id= 1 and set_key='custom_menu_last_update_time'
[2016-04-12 16:47:02][qdm216841497.my3w.com][qdm216841497_db][sql][runtime:102.70714759827] connect db
[2016-04-12 16:47:02][qdm216841497.my3w.com][qdm216841497_db][sql][runtime:25.5840] SELECT * FROM wx_custom_menu WHERE 1=1  order by `order` asc 
[2016-04-12 16:47:02][qdm216841497.my3w.com][qdm216841497_db][sql][runtime:19.6221] SELECT * FROM wx_material WHERE id = 7
[2016-04-12 16:47:02][qdm216841497.my3w.com][qdm216841497_db][sql][runtime:24.1549] SELECT set_value   FROM wx_ent_setting WHERE ent_id= 1 and set_key='custom_menu_last_synchronous_time'
[2016-04-12 16:47:02][qdm216841497.my3w.com][qdm216841497_db][sql][runtime:19.0241] SELECT set_value   FROM wx_ent_setting WHERE ent_id= 1 and set_key='custom_menu_last_update_time'
[2016-04-12 17:55:28][qdm216841497.my3w.com][qdm216841497_db][sql][runtime:119.97699737549] connect db
[2016-04-12 17:55:28][qdm216841497.my3w.com][qdm216841497_db][sql][runtime:22.3870] SELECT * FROM wx_custom_menu WHERE 1=1  order by `order` asc 
[2016-04-12 17:55:28][qdm216841497.my3w.com][qdm216841497_db][sql][runtime:22.2080] SELECT * FROM wx_material WHERE id = 7
[2016-04-12 17:55:28][qdm216841497.my3w.com][qdm216841497_db][sql][runtime:20.9658] SELECT set_value   FROM wx_ent_setting WHERE ent_id= 1 and set_key='custom_menu_last_synchronous_time'
[2016-04-12 17:55:28][qdm216841497.my3w.com][qdm216841497_db][sql][runtime:20.8871] SELECT set_value   FROM wx_ent_setting WHERE ent_id= 1 and set_key='custom_menu_last_update_time'
[2016-04-12 17:57:43][qdm216841497.my3w.com][qdm216841497_db][sql][runtime:123.74520301819] connect db
[2016-04-12 17:57:43][qdm216841497.my3w.com][qdm216841497_db][sql][runtime:24.0018] SELECT * FROM wx_custom_menu WHERE 1=1  order by `order` asc 
[2016-04-12 17:57:43][qdm216841497.my3w.com][qdm216841497_db][sql][runtime:22.5348] SELECT * FROM wx_material WHERE id = 7
[2016-04-12 17:57:43][qdm216841497.my3w.com][qdm216841497_db][sql][runtime:20.5679] SELECT set_value   FROM wx_ent_setting WHERE ent_id= 1 and set_key='custom_menu_last_synchronous_time'
[2016-04-12 17:57:43][qdm216841497.my3w.com][qdm216841497_db][sql][runtime:20.7589] SELECT set_value   FROM wx_ent_setting WHERE ent_id= 1 and set_key='custom_menu_last_update_time'
[2016-04-12 17:58:19][qdm216841497.my3w.com][qdm216841497_db][sql][runtime:174.56102371216] connect db
[2016-04-12 17:58:19][qdm216841497.my3w.com][qdm216841497_db][sql][runtime:33.0260] SELECT * FROM wx_custom_menu WHERE 1=1  order by `order` asc 
[2016-04-12 17:58:19][qdm216841497.my3w.com][qdm216841497_db][sql][runtime:31.1341] SELECT * FROM wx_material WHERE id = 7
[2016-04-12 17:58:19][qdm216841497.my3w.com][qdm216841497_db][sql][runtime:30.6401] SELECT set_value   FROM wx_ent_setting WHERE ent_id= 1 and set_key='custom_menu_last_synchronous_time'
[2016-04-12 17:58:19][qdm216841497.my3w.com][qdm216841497_db][sql][runtime:33.9570] SELECT set_value   FROM wx_ent_setting WHERE ent_id= 1 and set_key='custom_menu_last_update_time'
[2016-04-12 18:07:03][qdm216841497.my3w.com][qdm216841497_db][sql][runtime:127.43282318115] connect db
[2016-04-12 18:07:03][qdm216841497.my3w.com][qdm216841497_db][sql][runtime:28.2130] SELECT * FROM wx_custom_menu WHERE 1=1  order by `order` asc 
[2016-04-12 18:07:03][qdm216841497.my3w.com][qdm216841497_db][sql][runtime:22.3839] SELECT * FROM wx_material WHERE id = 7
[2016-04-12 18:07:03][qdm216841497.my3w.com][qdm216841497_db][sql][runtime:23.1380] SELECT set_value   FROM wx_ent_setting WHERE ent_id= 1 and set_key='custom_menu_last_synchronous_time'
[2016-04-12 18:07:03][qdm216841497.my3w.com][qdm216841497_db][sql][runtime:24.9560] SELECT set_value   FROM wx_ent_setting WHERE ent_id= 1 and set_key='custom_menu_last_update_time'
[2016-04-12 18:07:08][qdm216841497.my3w.com][qdm216841497_db][sql][runtime:245.73612213135] connect db
[2016-04-12 18:07:09][qdm216841497.my3w.com][qdm216841497_db][sql][runtime:44.3220] SELECT * FROM wx_custom_menu WHERE 1=1  order by `order` asc 
[2016-04-12 18:07:09][qdm216841497.my3w.com][qdm216841497_db][sql][runtime:45.0149] SELECT * FROM wx_material WHERE id = 7
[2016-04-12 18:07:09][qdm216841497.my3w.com][qdm216841497_db][sql][runtime:39.4561] SELECT set_value   FROM wx_ent_setting WHERE ent_id= 1 and set_key='custom_menu_last_synchronous_time'
[2016-04-12 18:07:09][qdm216841497.my3w.com][qdm216841497_db][sql][runtime:43.6280] SELECT set_value   FROM wx_ent_setting WHERE ent_id= 1 and set_key='custom_menu_last_update_time'
[2016-04-12 18:10:14][qdm216841497.my3w.com][qdm216841497_db][sql][runtime:121.03509902954] connect db
[2016-04-12 18:10:14][qdm216841497.my3w.com][qdm216841497_db][sql][runtime:26.8509] SELECT * FROM wx_custom_menu WHERE 1=1  order by `order` asc 
[2016-04-12 18:10:14][qdm216841497.my3w.com][qdm216841497_db][sql][runtime:22.8679] SELECT * FROM wx_material WHERE id = 7
[2016-04-12 18:10:14][qdm216841497.my3w.com][qdm216841497_db][sql][runtime:25.0342] SELECT set_value   FROM wx_ent_setting WHERE ent_id= 1 and set_key='custom_menu_last_synchronous_time'
[2016-04-12 18:10:14][qdm216841497.my3w.com][qdm216841497_db][sql][runtime:48.6281] SELECT set_value   FROM wx_ent_setting WHERE ent_id= 1 and set_key='custom_menu_last_update_time'
[2016-04-12 18:11:09][qdm216841497.my3w.com][qdm216841497_db][sql][runtime:120.51200866699] connect db
[2016-04-12 18:11:09][qdm216841497.my3w.com][qdm216841497_db][sql][runtime:19.4180] SELECT * FROM wx_custom_menu WHERE 1=1  order by `order` asc 
[2016-04-12 18:11:09][qdm216841497.my3w.com][qdm216841497_db][sql][runtime:18.2509] SELECT * FROM wx_material WHERE id = 7
[2016-04-12 18:11:09][qdm216841497.my3w.com][qdm216841497_db][sql][runtime:19.3360] SELECT set_value   FROM wx_ent_setting WHERE ent_id= 1 and set_key='custom_menu_last_synchronous_time'
[2016-04-12 18:11:09][qdm216841497.my3w.com][qdm216841497_db][sql][runtime:18.0271] SELECT set_value   FROM wx_ent_setting WHERE ent_id= 1 and set_key='custom_menu_last_update_time'
[2016-04-12 18:12:47][qdm216841497.my3w.com][qdm216841497_db][sql][runtime:98.534822463989] connect db
[2016-04-12 18:12:47][qdm216841497.my3w.com][qdm216841497_db][sql][runtime:20.2222] SELECT * FROM wx_custom_menu WHERE 1=1  order by `order` asc 
[2016-04-12 18:12:47][qdm216841497.my3w.com][qdm216841497_db][sql][runtime:19.4890] SELECT * FROM wx_material WHERE id = 7
[2016-04-12 18:12:47][qdm216841497.my3w.com][qdm216841497_db][sql][runtime:20.5779] SELECT set_value   FROM wx_ent_setting WHERE ent_id= 1 and set_key='custom_menu_last_synchronous_time'
[2016-04-12 18:12:47][qdm216841497.my3w.com][qdm216841497_db][sql][runtime:18.8339] SELECT set_value   FROM wx_ent_setting WHERE ent_id= 1 and set_key='custom_menu_last_update_time'
[2016-04-12 18:32:57][qdm216841497.my3w.com][qdm216841497_db][sql][runtime:113.70992660522] connect db
[2016-04-12 18:32:57][qdm216841497.my3w.com][qdm216841497_db][sql][runtime:22.4979] SELECT * FROM wx_custom_menu WHERE 1=1  order by `order` asc 
[2016-04-12 18:32:57][qdm216841497.my3w.com][qdm216841497_db][sql][runtime:30.7209] SELECT * FROM wx_material WHERE id = 7
[2016-04-12 18:32:57][qdm216841497.my3w.com][qdm216841497_db][sql][runtime:27.0340] SELECT set_value   FROM wx_ent_setting WHERE ent_id= 1 and set_key='custom_menu_last_synchronous_time'
[2016-04-12 18:32:57][qdm216841497.my3w.com][qdm216841497_db][sql][runtime:21.2030] SELECT set_value   FROM wx_ent_setting WHERE ent_id= 1 and set_key='custom_menu_last_update_time'
[2016-04-12 18:33:06][qdm216841497.my3w.com][qdm216841497_db][sql][runtime:132.9300403595] connect db
[2016-04-12 18:33:06][qdm216841497.my3w.com][qdm216841497_db][sql][runtime:19.7740] SELECT * FROM wx_custom_menu WHERE 1=1  and parent = 0 order by `order`  asc limit 0,3
[2016-04-12 18:33:06][qdm216841497.my3w.com][qdm216841497_db][sql][runtime:21.4651] SELECT * FROM wx_custom_menu WHERE 1=1  and parent != 0  order by `order`  asc
[2016-04-12 18:33:06][qdm216841497.my3w.com][qdm216841497_db][sql][runtime:18.9850] select * from  wx_ent_setting where ent_id=1 and set_key='custom_menu_last_synchronous_time'
[2016-04-12 18:33:06][qdm216841497.my3w.com][qdm216841497_db][sql][runtime:20.1120] UPDATE `wx_ent_setting` SET `set_value` = '2016-04-12 18:33:06' WHERE   ent_id=1 and set_key='custom_menu_last_synchronous_time' 
[2016-04-12 18:33:09][qdm216841497.my3w.com][qdm216841497_db][sql][runtime:113.03901672363] connect db
[2016-04-12 18:33:09][qdm216841497.my3w.com][qdm216841497_db][sql][runtime:22.1300] SELECT * FROM wx_custom_menu WHERE 1=1  order by `order` asc 
[2016-04-12 18:33:09][qdm216841497.my3w.com][qdm216841497_db][sql][runtime:21.4920] SELECT * FROM wx_material WHERE id = 7
[2016-04-12 18:33:09][qdm216841497.my3w.com][qdm216841497_db][sql][runtime:23.6928] SELECT set_value   FROM wx_ent_setting WHERE ent_id= 1 and set_key='custom_menu_last_synchronous_time'
[2016-04-12 18:33:09][qdm216841497.my3w.com][qdm216841497_db][sql][runtime:25.0609] SELECT set_value   FROM wx_ent_setting WHERE ent_id= 1 and set_key='custom_menu_last_update_time'
[2016-04-12 18:34:13][qdm216841497.my3w.com][qdm216841497_db][sql][runtime:138.85307312012] connect db
[2016-04-12 18:34:13][qdm216841497.my3w.com][qdm216841497_db][sql][runtime:43.8321] SELECT * FROM wx_custom_menu WHERE 1=1  order by `order` asc 
[2016-04-12 18:34:13][qdm216841497.my3w.com][qdm216841497_db][sql][runtime:26.2899] SELECT * FROM wx_material WHERE id = 7
[2016-04-12 18:34:13][qdm216841497.my3w.com][qdm216841497_db][sql][runtime:25.5671] SELECT set_value   FROM wx_ent_setting WHERE ent_id= 1 and set_key='custom_menu_last_synchronous_time'
[2016-04-12 18:34:13][qdm216841497.my3w.com][qdm216841497_db][sql][runtime:25.7258] SELECT set_value   FROM wx_ent_setting WHERE ent_id= 1 and set_key='custom_menu_last_update_time'
[2016-04-12 18:34:25][qdm216841497.my3w.com][qdm216841497_db][sql][runtime:125.31614303589] connect db
[2016-04-12 18:34:25][qdm216841497.my3w.com][qdm216841497_db][sql][runtime:25.4741] SELECT * FROM wx_custom_menu WHERE 1=1  and parent = 0 order by `order`  asc limit 0,3
[2016-04-12 18:34:25][qdm216841497.my3w.com][qdm216841497_db][sql][runtime:25.4760] SELECT * FROM wx_custom_menu WHERE 1=1  and parent != 0  order by `order`  asc
[2016-04-12 18:34:25][qdm216841497.my3w.com][qdm216841497_db][sql][runtime:24.9350] select * from  wx_ent_setting where ent_id=1 and set_key='custom_menu_last_synchronous_time'
[2016-04-12 18:34:26][qdm216841497.my3w.com][qdm216841497_db][sql][runtime:38.0671] UPDATE `wx_ent_setting` SET `set_value` = '2016-04-12 18:34:25' WHERE   ent_id=1 and set_key='custom_menu_last_synchronous_time' 
[2016-04-12 18:37:39][qdm216841497.my3w.com][qdm216841497_db][sql][runtime:138.63611221313] connect db
[2016-04-12 18:37:39][qdm216841497.my3w.com][qdm216841497_db][sql][runtime:40.3199] SELECT * FROM wx_custom_menu WHERE 1=1  order by `order` asc 
[2016-04-12 18:37:39][qdm216841497.my3w.com][qdm216841497_db][sql][runtime:29.3431] SELECT * FROM wx_material WHERE id = 7
[2016-04-12 18:37:39][qdm216841497.my3w.com][qdm216841497_db][sql][runtime:32.3451] SELECT set_value   FROM wx_ent_setting WHERE ent_id= 1 and set_key='custom_menu_last_synchronous_time'
[2016-04-12 18:37:39][qdm216841497.my3w.com][qdm216841497_db][sql][runtime:26.0160] SELECT set_value   FROM wx_ent_setting WHERE ent_id= 1 and set_key='custom_menu_last_update_time'
[2016-04-12 18:37:42][qdm216841497.my3w.com][qdm216841497_db][sql][runtime:115.13996124268] connect db
[2016-04-12 18:37:42][qdm216841497.my3w.com][qdm216841497_db][sql][runtime:23.9558] SELECT * FROM wx_custom_menu WHERE 1=1  order by `order` asc 
[2016-04-12 18:37:42][qdm216841497.my3w.com][qdm216841497_db][sql][runtime:23.8049] SELECT * FROM wx_material WHERE id = 7
[2016-04-12 18:37:42][qdm216841497.my3w.com][qdm216841497_db][sql][runtime:22.4960] SELECT set_value   FROM wx_ent_setting WHERE ent_id= 1 and set_key='custom_menu_last_synchronous_time'
[2016-04-12 18:37:42][qdm216841497.my3w.com][qdm216841497_db][sql][runtime:21.2240] SELECT set_value   FROM wx_ent_setting WHERE ent_id= 1 and set_key='custom_menu_last_update_time'
[2016-04-12 18:37:45][qdm216841497.my3w.com][qdm216841497_db][sql][runtime:106.41598701477] connect db
[2016-04-12 18:37:45][qdm216841497.my3w.com][qdm216841497_db][sql][runtime:23.9289] SELECT * FROM wx_custom_menu WHERE 1=1  and parent = 0 order by `order`  asc limit 0,3
[2016-04-12 18:37:45][qdm216841497.my3w.com][qdm216841497_db][sql][runtime:23.0980] SELECT * FROM wx_custom_menu WHERE 1=1  and parent != 0  order by `order`  asc
[2016-04-12 18:37:45][qdm216841497.my3w.com][qdm216841497_db][sql][runtime:21.4181] select * from  wx_ent_setting where ent_id=1 and set_key='custom_menu_last_synchronous_time'
[2016-04-12 18:37:46][qdm216841497.my3w.com][qdm216841497_db][sql][runtime:21.4701] UPDATE `wx_ent_setting` SET `set_value` = '2016-04-12 18:37:45' WHERE   ent_id=1 and set_key='custom_menu_last_synchronous_time' 
[2016-04-12 18:38:00][qdm216841497.my3w.com][qdm216841497_db][sql][runtime:171.59199714661] connect db
[2016-04-12 18:38:00][qdm216841497.my3w.com][qdm216841497_db][sql][runtime:30.8399] SELECT * FROM wx_custom_menu WHERE 1=1  and parent = 0 
