[2016-04-21 10:09:22][qdm216841497.my3w.com][qdm216841497_db][sql][runtime:495.03707885742] connect db
[2016-04-21 10:09:22][qdm216841497.my3w.com][qdm216841497_db][sql][runtime:112.5240] select * from zgykdx_evaluating_topic where eval_id = 34
[2016-04-21 10:09:23][qdm216841497.my3w.com][qdm216841497_db][sql][runtime:23.0782] select * from zgykdx_evaluating_item where eval_id = 34 order by item_order
[2016-04-21 10:09:23][qdm216841497.my3w.com][qdm216841497_db][sql][runtime:207.2480] select * from zgykdx_evaluating where eval_id = 34
[2016-04-21 10:11:16][qdm216841497.my3w.com][qdm216841497_db][sql][runtime:107.88202285767] connect db
[2016-04-21 10:11:16][qdm216841497.my3w.com][qdm216841497_db][sql][runtime:23.1528] select * from zgykdx_evaluating_topic where eval_id = 34
[2016-04-21 10:11:16][qdm216841497.my3w.com][qdm216841497_db][sql][runtime:22.9709] select * from zgykdx_evaluating_item where eval_id = 34 order by item_order
[2016-04-21 10:12:05][qdm216841497.my3w.com][qdm216841497_db][sql][runtime:109.4868183136] connect db
[2016-04-21 10:12:05][qdm216841497.my3w.com][qdm216841497_db][sql][runtime:20.9749] SELECT COUNT(*) FROM wx_material WHERE type = 'news'
[2016-04-21 10:12:05][qdm216841497.my3w.com][qdm216841497_db][sql][runtime:22.2571] SELECT * FROM wx_material WHERE 1 AND type = 'news'   ORDER BY `create_time` DESC, `id` DESC  limit 0,10 
[2016-04-21 10:12:05][qdm216841497.my3w.com][qdm216841497_db][sql][runtime:22.5000] SELECT * FROM `wx_material_news` WHERE 1 AND material_id = 24 
[2016-04-21 10:12:05][qdm216841497.my3w.com][qdm216841497_db][sql][runtime:21.7719] SELECT * FROM `wx_material_news` WHERE 1 AND material_id = 23 
[2016-04-21 10:12:05][qdm216841497.my3w.com][qdm216841497_db][sql][runtime:22.1391] SELECT * FROM `wx_material_news` WHERE 1 AND material_id = 22 
[2016-04-21 10:12:05][qdm216841497.my3w.com][qdm216841497_db][sql][runtime:21.7061] SELECT * FROM `wx_material_news` WHERE 1 AND material_id = 21 
[2016-04-21 10:12:05][qdm216841497.my3w.com][qdm216841497_db][sql][runtime:23.1421] SELECT * FROM `wx_material_news` WHERE 1 AND material_id = 20 
[2016-04-21 10:12:05][qdm216841497.my3w.com][qdm216841497_db][sql][runtime:21.6300] SELECT * FROM `wx_material_news` WHERE 1 AND material_id = 19 
[2016-04-21 10:12:08][qdm216841497.my3w.com][qdm216841497_db][sql][runtime:101.04298591614] connect db
[2016-04-21 10:12:08][qdm216841497.my3w.com][qdm216841497_db][sql][runtime:21.0521] SELECT * FROM `wx_material` WHERE 1 AND id = 24 
[2016-04-21 10:12:08][qdm216841497.my3w.com][qdm216841497_db][sql][runtime:21.2960] SELECT * FROM `wx_material_news` WHERE 1 AND material_id = 24 
[2016-04-21 10:12:15][qdm216841497.my3w.com][qdm216841497_db][sql][runtime:100.82101821899] connect db
[2016-04-21 10:12:15][qdm216841497.my3w.com][qdm216841497_db][sql][runtime:23.2871] SELECT * FROM wx_custom_menu WHERE 1=1  order by `order` asc 
[2016-04-21 10:12:15][qdm216841497.my3w.com][qdm216841497_db][sql][runtime:20.8220] SELECT * FROM wx_material WHERE id = 21
[2016-04-21 10:12:15][qdm216841497.my3w.com][qdm216841497_db][sql][runtime:21.4732] SELECT * FROM `wx_material_news` WHERE `is_deleted` = 0 AND material_id = 21 
[2016-04-21 10:12:15][qdm216841497.my3w.com][qdm216841497_db][sql][runtime:20.8020] SELECT * FROM wx_material WHERE id = 21
[2016-04-21 10:12:15][qdm216841497.my3w.com][qdm216841497_db][sql][runtime:21.1809] SELECT * FROM `wx_material_news` WHERE `is_deleted` = 0 AND material_id = 21 
[2016-04-21 10:12:15][qdm216841497.my3w.com][qdm216841497_db][sql][runtime:20.7608] SELECT * FROM wx_material WHERE id = 7
[2016-04-21 10:12:15][qdm216841497.my3w.com][qdm216841497_db][sql][runtime:20.5371] SELECT set_value   FROM wx_ent_setting WHERE ent_id= 1 and set_key='custom_menu_last_synchronous_time'
[2016-04-21 10:12:15][qdm216841497.my3w.com][qdm216841497_db][sql][runtime:20.2630] SELECT set_value   FROM wx_ent_setting WHERE ent_id= 1 and set_key='custom_menu_last_update_time'
[2016-04-21 10:28:48][qdm216841497.my3w.com][qdm216841497_db][sql][runtime:126.85394287109] connect db
[2016-04-21 10:28:48][qdm216841497.my3w.com][qdm216841497_db][sql][runtime:19.9831] SELECT * FROM wx_custom_menu WHERE 1=1  order by `order` asc 
[2016-04-21 10:28:48][qdm216841497.my3w.com][qdm216841497_db][sql][runtime:19.6910] SELECT * FROM wx_material WHERE id = 21
[2016-04-21 10:28:48][qdm216841497.my3w.com][qdm216841497_db][sql][runtime:19.6130] SELECT * FROM `wx_material_news` WHERE `is_deleted` = 0 AND material_id = 21 
[2016-04-21 10:28:48][qdm216841497.my3w.com][qdm216841497_db][sql][runtime:19.6791] SELECT * FROM wx_material WHERE id = 21
[2016-04-21 10:28:48][qdm216841497.my3w.com][qdm216841497_db][sql][runtime:19.9380] SELECT * FROM `wx_material_news` WHERE `is_deleted` = 0 AND material_id = 21 
[2016-04-21 10:28:48][qdm216841497.my3w.com][qdm216841497_db][sql][runtime:18.8251] SELECT * FROM wx_material WHERE id = 7
[2016-04-21 10:28:48][qdm216841497.my3w.com][qdm216841497_db][sql][runtime:18.7421] SELECT set_value   FROM wx_ent_setting WHERE ent_id= 1 and set_key='custom_menu_last_synchronous_time'
[2016-04-21 10:28:48][qdm216841497.my3w.com][qdm216841497_db][sql][runtime:18.2831] SELECT set_value   FROM wx_ent_setting WHERE ent_id= 1 and set_key='custom_menu_last_update_time'
[2016-04-21 10:28:50][qdm216841497.my3w.com][qdm216841497_db][sql][runtime:111.98902130127] connect db
[2016-04-21 10:28:50][qdm216841497.my3w.com][qdm216841497_db][sql][runtime:22.4590] SELECT COUNT(*) FROM wx_material WHERE type = 'news'
[2016-04-21 10:28:50][qdm216841497.my3w.com][qdm216841497_db][sql][runtime:23.9830] SELECT * FROM wx_material WHERE 1 AND type = 'news'   ORDER BY `create_time` DESC, `id` DESC  limit 0,10 
[2016-04-21 10:28:50][qdm216841497.my3w.com][qdm216841497_db][sql][runtime:23.6859] SELECT * FROM `wx_material_news` WHERE 1 AND material_id = 24 
[2016-04-21 10:28:50][qdm216841497.my3w.com][qdm216841497_db][sql][runtime:23.6008] SELECT * FROM `wx_material_news` WHERE 1 AND material_id = 23 
[2016-04-21 10:28:50][qdm216841497.my3w.com][qdm216841497_db][sql][runtime:23.7141] SELECT * FROM `wx_material_news` WHERE 1 AND material_id = 22 
[2016-04-21 10:28:50][qdm216841497.my3w.com][qdm216841497_db][sql][runtime:23.6430] SELECT * FROM `wx_material_news` WHERE 1 AND material_id = 21 
[2016-04-21 10:28:50][qdm216841497.my3w.com][qdm216841497_db][sql][runtime:23.6330] SELECT * FROM `wx_material_news` WHERE 1 AND material_id = 20 
[2016-04-21 10:28:50][qdm216841497.my3w.com][qdm216841497_db][sql][runtime:23.8960] SELECT * FROM `wx_material_news` WHERE 1 AND material_id = 19 
[2016-04-21 10:28:52][qdm216841497.my3w.com][qdm216841497_db][sql][runtime:91.147184371948] connect db
[2016-04-21 10:28:52][qdm216841497.my3w.com][qdm216841497_db][sql][runtime:19.4540] SELECT * FROM wx_custom_menu WHERE 1=1  order by `order` asc 
[2016-04-21 10:28:52][qdm216841497.my3w.com][qdm216841497_db][sql][runtime:18.9650] SELECT * FROM wx_material WHERE id = 21
[2016-04-21 10:28:52][qdm216841497.my3w.com][qdm216841497_db][sql][runtime:19.2809] SELECT * FROM `wx_material_news` WHERE `is_deleted` = 0 AND material_id = 21 
[2016-04-21 10:28:52][qdm216841497.my3w.com][qdm216841497_db][sql][runtime:18.8022] SELECT * FROM wx_material WHERE id = 21
[2016-04-21 10:28:52][qdm216841497.my3w.com][qdm216841497_db][sql][runtime:19.5270] SELECT * FROM `wx_material_news` WHERE `is_deleted` = 0 AND material_id = 21 
[2016-04-21 10:28:52][qdm216841497.my3w.com][qdm216841497_db][sql][runtime:18.7900] SELECT * FROM wx_material WHERE id = 7
[2016-04-21 10:28:52][qdm216841497.my3w.com][qdm216841497_db][sql][runtime:18.3439] SELECT set_value   FROM wx_ent_setting WHERE ent_id= 1 and set_key='custom_menu_last_synchronous_time'
[2016-04-21 10:28:52][qdm216841497.my3w.com][qdm216841497_db][sql][runtime:18.8000] SELECT set_value   FROM wx_ent_setting WHERE ent_id= 1 and set_key='custom_menu_last_update_time'
[2016-04-21 11:04:48][qdm216841497.my3w.com][qdm216841497_db][sql][runtime:150.97498893738] connect db
[2016-04-21 11:04:48][qdm216841497.my3w.com][qdm216841497_db][sql][runtime:23.8931] SELECT COUNT(*) FROM wx_material WHERE type = 'news'
[2016-04-21 11:04:48][qdm216841497.my3w.com][qdm216841497_db][sql][runtime:24.8508] SELECT * FROM wx_material WHERE 1 AND type = 'news'   ORDER BY `create_time` DESC, `id` DESC  limit 0,10 
[2016-04-21 11:04:48][qdm216841497.my3w.com][qdm216841497_db][sql][runtime:24.9870] SELECT * FROM `wx_material_news` WHERE 1 AND material_id = 24 
[2016-04-21 11:04:48][qdm216841497.my3w.com][qdm216841497_db][sql][runtime:24.6370] SELECT * FROM `wx_material_news` WHERE 1 AND material_id = 23 
[2016-04-21 11:04:48][qdm216841497.my3w.com][qdm216841497_db][sql][runtime:24.8351] SELECT * FROM `wx_material_news` WHERE 1 AND material_id = 22 
[2016-04-21 11:04:48][qdm216841497.my3w.com][qdm216841497_db][sql][runtime:24.8439] SELECT * FROM `wx_material_news` WHERE 1 AND material_id = 21 
[2016-04-21 11:04:48][qdm216841497.my3w.com][qdm216841497_db][sql][runtime:24.5571] SELECT * FROM `wx_material_news` WHERE 1 AND material_id = 20 
[2016-04-21 11:04:48][qdm216841497.my3w.com][qdm216841497_db][sql][runtime:24.5800] SELECT * FROM `wx_material_news` WHERE 1 AND material_id = 19 
[2016-04-21 17:18:33][qdm216841497.my3w.com][qdm216841497_db][sql][runtime:121.42300605774] connect db
[2016-04-21 17:18:33][qdm216841497.my3w.com][qdm216841497_db][sql][runtime:21.6579] SELECT COUNT(*) FROM wx_material WHERE type = 'news'
[2016-04-21 17:18:34][qdm216841497.my3w.com][qdm216841497_db][sql][runtime:27.4620] SELECT * FROM wx_material WHERE 1 AND type = 'news'   ORDER BY `create_time` DESC, `id` DESC  limit 0,10 
[2016-04-21 17:18:34][qdm216841497.my3w.com][qdm216841497_db][sql][runtime:23.5970] SELECT * FROM `wx_material_news` WHERE 1 AND material_id = 24 
[2016-04-21 17:18:34][qdm216841497.my3w.com][qdm216841497_db][sql][runtime:24.5211] SELECT * FROM `wx_material_news` WHERE 1 AND material_id = 23 
[2016-04-21 17:18:34][qdm216841497.my3w.com][qdm216841497_db][sql][runtime:25.0199] SELECT * FROM `wx_material_news` WHERE 1 AND material_id = 22 
[2016-04-21 17:18:34][qdm216841497.my3w.com][qdm216841497_db][sql][runtime:22.4190] SELECT * FROM `wx_material_news` WHERE 1 AND material_id = 21 
[2016-04-21 17:18:34][qdm216841497.my3w.com][qdm216841497_db][sql][runtime:22.5050] SELECT * FROM `wx_material_news` WHERE 1 AND material_id = 20 
[2016-04-21 17:18:34][qdm216841497.my3w.com][qdm216841497_db][sql][runtime:23.6421] SELECT * FROM `wx_material_news` WHERE 1 AND material_id = 19 
[2016-04-21 17:18:38][qdm216841497.my3w.com][qdm216841497_db][sql][runtime:119.13919448853] connect db
[2016-04-21 17:18:38][qdm216841497.my3w.com][qdm216841497_db][sql][runtime:25.6250] SELECT * FROM wx_custom_menu WHERE 1=1  order by `order` asc 
[2016-04-21 17:18:38][qdm216841497.my3w.com][qdm216841497_db][sql][runtime:24.3380] SELECT * FROM wx_material WHERE id = 21
[2016-04-21 17:18:38][qdm216841497.my3w.com][qdm216841497_db][sql][runtime:26.9341] SELECT * FROM `wx_material_news` WHERE `is_deleted` = 0 AND material_id = 21 
[2016-04-21 17:18:38][qdm216841497.my3w.com][qdm216841497_db][sql][runtime:27.0431] SELECT * FROM wx_material WHERE id = 21
[2016-04-21 17:18:38][qdm216841497.my3w.com][qdm216841497_db][sql][runtime:26.2220] SELECT * FROM `wx_material_news` WHERE `is_deleted` = 0 AND material_id = 21 
[2016-04-21 17:18:38][qdm216841497.my3w.com][qdm216841497_db][sql][runtime:24.1780] SELECT * FROM wx_material WHERE id = 7
[2016-04-21 17:18:38][qdm216841497.my3w.com][qdm216841497_db][sql][runtime:23.2191] SELECT set_value   FROM wx_ent_setting WHERE ent_id= 1 and set_key='custom_menu_last_synchronous_time'
[2016-04-21 17:18:38][qdm216841497.my3w.com][qdm216841497_db][sql][runtime:22.9630] SELECT set_value   FROM wx_ent_setting WHERE ent_id= 1 and set_key='custom_menu_last_update_time'
