[2016-04-12 16:01:28][runtime:277.9682][format:json][[{"http param":{"a":"ZgykdxEvaluating","m":"index"}}]]
[2016-04-12 16:11:45][runtime:280.6890][format:json][[{"http param":{"a":"ZgykdxEvaluating","m":"index"}}]]
[2016-04-12 16:13:06][runtime:361.9440][format:json][[{"http param":{"a":"WxCustomMenu","m":"index"}}]]
[2016-04-12 16:14:32][runtime:2.3038][format:json][[{"http param":[]}]]
[2016-04-12 16:14:32][runtime:3.0870][format:json][[{"http param":{"a":"Index","m":"welcome"}}]]
[2016-04-12 16:14:32][runtime:2.6960][format:json][[{"http param":{"a":"Menu","m":"left"}}]]
[2016-04-12 16:14:37][runtime:271.9851][format:json][[{"http param":{"a":"CustomMenu","m":"index"}}]]
[2016-04-12 16:28:06][runtime:412.7929][format:json][[{"http param":{"a":"WxCustomMenu","m":"index"}}]]
[2016-04-12 16:28:40][runtime:430.8271][format:json][[{"http param":{"a":"WxCustomMenu","m":"index"}}]]
[2016-04-12 16:28:49][runtime:3.0961][format:json][[{"http param":[]}]]
[2016-04-12 16:28:49][runtime:2.8419][format:json][[{"http param":{"a":"Index","m":"welcome"}}]]
[2016-04-12 16:28:49][runtime:2.7509][format:json][[{"http param":{"a":"Menu","m":"left"}}]]
[2016-04-12 16:28:55][runtime:598.6300][format:json][[{"http param":{"a":"CustomMenu","m":"index"}}]]
[2016-04-12 16:29:28][runtime:497.3629][format:json][[{"http param":{"a":"WxCustomMenu","m":"index"}}]]
[2016-04-12 16:29:33][runtime:284.6980][format:json][[{"http param":{"a":"ZgykdxEvaluating","m":"index"}}]]
[2016-04-12 16:30:07][runtime:252.6731][format:json][[{"http param":{"a":"ZgykdxEvaluating","m":"index"}}]]
[2016-04-12 16:30:10][runtime:469.0289][format:json][[{"http param":{"a":"WxCustomMenu","m":"index"}}]]
[2016-04-12 16:32:04][runtime:382.2391][format:json][[{"http param":{"a":"WxCustomMenu","m":"index"}}]]
[2016-04-12 16:32:42][runtime:441.8440][format:json][[{"http param":{"a":"WxCustomMenu","m":"index"}}]]
[2016-04-12 16:36:05][runtime:395.2439][format:json][[{"http param":{"a":"WxCustomMenu","m":"index"}}]]
[2016-04-12 16:37:27][runtime:555.4781][format:json][[{"http param":{"a":"WxCustomMenu","m":"index"}}]]
[2016-04-12 16:38:24][runtime:329.3691][format:json][[{"http param":{"a":"WxCustomMenu","m":"index"}}]]
[2016-04-12 16:42:20][runtime:471.4429][format:json][[{"http param":{"a":"WxCustomMenu","m":"index"}}]]
[2016-04-12 16:46:52][runtime:342.8428][format:json][[{"http param":{"a":"WxCustomMenu","m":"index"}}]]
[2016-04-12 16:47:02][runtime:300.1239][format:json][[{"http param":{"a":"WxCustomMenu","m":"index"}}]]
