[2016-03-30 15:26:46][runtime:1165.2079][format:json][[{"http param":{"a":"CWish"}}]]
[2016-03-30 15:26:48][runtime:1.5051][format:json][[{"http param":[]}]]
[2016-03-30 15:26:48][runtime:1.9281][format:json][[{"http param":{"a":"Login","m":"login"}}]]
[2016-03-30 15:26:48][runtime:152.9839][format:json][[{"http param":{"a":"Login","m":"verify"}}]]
[2016-03-30 15:26:56][runtime:1.4060][format:json][[{"http param":{"a":"Login","m":"doLogin","admin_name":"hezq","admin_pwd":"testhezq","seccode":"5b4"}}]]
[2016-03-30 15:26:57][runtime:2.2922][format:json][[{"http param":{"a":"Index","m":"index"}}]]
[2016-03-30 15:26:57][runtime:2.5170][format:json][[{"http param":{"a":"Menu","m":"left"}}]]
[2016-03-30 15:26:57][runtime:6.3140][format:json][[{"http param":{"a":"Index","m":"welcome"}}]]
[2016-03-30 15:27:01][runtime:1022.4719][format:json][[{"http param":{"a":"MaterialNews","m":"index"}}]]
[2016-03-30 15:27:59][runtime:1014.5690][format:json][[{"http param":{"a":"MaterialNews","m":"index"}}]]
[2016-03-30 15:28:00][runtime:5.8029][format:json][[{"http param":{"news_type":"1","a":"MaterialNews","m":"add"}}]]
[2016-03-30 15:28:32][runtime:1118.5639][format:json][[{"http param":{"a":"MaterialNews","m":"insert","news":[{"news_title":"imya","news_img_url":"http://wx.hysci.com.cn/yhsci/Common/weixin/upload/201603301528077754.jpg","news_description":"jsiadofjwetq","news_content":"<p>asdfqkwjrtoqowut4oqjeajsdljfowq4qqt</p>","news_url":"http://www.baidu.com"}]}}]]
[2016-03-30 15:28:34][runtime:1066.5920][format:json][[{"http param":{"a":"MaterialNews","m":"index"}}]]
[2016-03-30 15:28:41][runtime:1081.5651][format:json][[{"http param":{"a":"CustomMenu","m":"index"}}]]
[2016-03-30 15:28:44][runtime:1014.1940][format:json][[{"http param":{"a":"CustomMenu","m":"add","is_thread":"0"}}]]
[2016-03-30 15:29:06][runtime:1076.5302][format:json][[{"http param":{"a":"CustomMenu","m":"insert","is_thread":"0","menuId":"0","menuName":"直接返回","menuOrder":"3","parentId":"17","menuType":"1","msgType":"text","content":"测试直接返回","materialId":"-1","url":"","is_oauth":"0","ajax":"1"}}]]
[2016-03-30 15:29:08][runtime:1019.1381][format:json][[{"http param":{"a":"CustomMenu","m":"index","is_thread":"0"}}]]
[2016-03-30 15:29:13][runtime:1013.4718][format:json][[{"http param":{"a":"CustomMenu","m":"add","is_thread":"0"}}]]
[2016-03-30 15:29:28][runtime:1017.8201][format:json][[{"http param":{"a":"MaterialNews","m":"showMaterial","p":"1","callback":"materialSelecter.loadNewsData"}}]]
[2016-03-30 15:29:35][runtime:1061.4040][format:json][[{"http param":{"a":"CustomMenu","m":"insert","is_thread":"0","menuId":"0","menuName":"测试素材","menuOrder":"23","parentId":"18","menuType":"1","msgType":"news","content":"","materialId":"7","url":"","is_oauth":"0","ajax":"1"}}]]
[2016-03-30 15:29:37][runtime:1026.1478][format:json][[{"http param":{"a":"CustomMenu","m":"index","is_thread":"0"}}]]
[2016-03-30 15:30:18][runtime:2655.0932][format:json][[{"http param":{"a":"CustomMenu","m":"synchronousMenu","is_thread":"0"}}]]
[2016-03-30 15:30:20][runtime:1028.0969][format:json][[{"http param":{"a":"CustomMenu","m":"index","is_thread":"0"}}]]
