[error][2016-03-29 17:35:14] E:\www\yhsci\myfolder\Lib\Model\Admin\MaterialNewsModel.class.php . MaterialNewsModel::getCount  72  
<<var data>> : 'query error : Table \'yhsci.wx_material\' doesn\'t exist'EOF;
[error][2016-03-29 17:35:32] E:\www\yhsci\myfolder\Lib\Model\Admin\CustomMenuModel.class.php . CustomMenuModel::getList  31  
<<var data>> : 'query error : Table \'yhsci.wx_custom_menu\' doesn\'t exist
#0 E:\\www\\yhsci\\myfolder\\AbcPHP\\DB\\DB.class.php(277): DB->error(\'query error : T...\')
#1 E:\\www\\yhsci\\myfolder\\AbcPHP\\DB\\DB.class.php(85): DB->query(\'SELECT * FROM w...\')
#2 E:\\www\\yhsci\\myfolder\\Lib\\Model\\Admin\\CustomMenuModel.class.php(29): DB->getAll(\'SELECT * FROM w...\')
#3 E:\\www\\yhsci\\myfolder\\Lib\\Action\\Admin\\CustomMenuAction.class.php(34): CustomMenuModel->getList(\' order by `orde...\', 1)
#4 E:\\www\\yhsci\\myfolder\\AbcPHP\\AbcPHP.class.php(75): CustomMenuAction->index(Array)
#5 E:\\www\\yhsci\\myfolder\\AbcPHP\\AbcPHP.class.php(39): AbcPHP::_run()
#6 E:\\www\\yhsci\\htdocs\\yhsci\\Admin\\index.php(6): AbcPHP::run()
#7 {main}'EOF;
[error][2016-03-29 17:35:32] E:\www\yhsci\myfolder\Lib\Model\Admin\CustomMenuModel.class.php . CustomMenuModel::getMenuPush  415  
<<var data>> : 'query error : Table \'yhsci.wx_ent_setting\' doesn\'t exist
#0 E:\\www\\yhsci\\myfolder\\AbcPHP\\DB\\DB.class.php(277): DB->error(\'query error : T...\')
#1 E:\\www\\yhsci\\myfolder\\AbcPHP\\DB\\DB.class.php(130): DB->query(\'SELECT set_valu...\')
#2 E:\\www\\yhsci\\myfolder\\Lib\\Model\\Admin\\CustomMenuModel.class.php(413): DB->getOne(\'SELECT set_valu...\')
#3 E:\\www\\yhsci\\myfolder\\Lib\\Action\\Admin\\CustomMenuAction.class.php(44): CustomMenuModel->getMenuPush(1)
#4 E:\\www\\yhsci\\myfolder\\AbcPHP\\AbcPHP.class.php(75): CustomMenuAction->index(Array)
#5 E:\\www\\yhsci\\myfolder\\AbcPHP\\AbcPHP.class.php(39): AbcPHP::_run()
#6 E:\\www\\yhsci\\htdocs\\yhsci\\Admin\\index.php(6): AbcPHP::run()
#7 {main}'EOF;
[error][2016-03-29 17:35:32] E:\www\yhsci\myfolder\Lib\Model\Admin\CustomMenuModel.class.php . CustomMenuModel::getMenuLastUpdateTime  430  
<<var data>> : 'query error : Table \'yhsci.wx_ent_setting\' doesn\'t exist
#0 E:\\www\\yhsci\\myfolder\\AbcPHP\\DB\\DB.class.php(277): DB->error(\'query error : T...\')
#1 E:\\www\\yhsci\\myfolder\\AbcPHP\\DB\\DB.class.php(130): DB->query(\'SELECT set_valu...\')
#2 E:\\www\\yhsci\\myfolder\\Lib\\Model\\Admin\\CustomMenuModel.class.php(428): DB->getOne(\'SELECT set_valu...\')
#3 E:\\www\\yhsci\\myfolder\\Lib\\Action\\Admin\\CustomMenuAction.class.php(45): CustomMenuModel->getMenuLastUpdateTime(1)
#4 E:\\www\\yhsci\\myfolder\\AbcPHP\\AbcPHP.class.php(75): CustomMenuAction->index(Array)
#5 E:\\www\\yhsci\\myfolder\\AbcPHP\\AbcPHP.class.php(39): AbcPHP::_run()
#6 E:\\www\\yhsci\\htdocs\\yhsci\\Admin\\index.php(6): AbcPHP::run()
#7 {main}'EOF;
[error][2016-03-29 17:35:36] E:\www\yhsci\myfolder\Lib\Model\Admin\CustomMenuModel.class.php . CustomMenuModel::getList  31  
<<var data>> : 'query error : Table \'yhsci.wx_custom_menu\' doesn\'t exist
#0 E:\\www\\yhsci\\myfolder\\AbcPHP\\DB\\DB.class.php(277): DB->error(\'query error : T...\')
#1 E:\\www\\yhsci\\myfolder\\AbcPHP\\DB\\DB.class.php(85): DB->query(\'SELECT * FROM w...\')
#2 E:\\www\\yhsci\\myfolder\\Lib\\Model\\Admin\\CustomMenuModel.class.php(29): DB->getAll(\'SELECT * FROM w...\')
#3 E:\\www\\yhsci\\myfolder\\Lib\\Action\\Admin\\CustomMenuAction.class.php(57): CustomMenuModel->getList(\' and parent = 0...\')
#4 E:\\www\\yhsci\\myfolder\\AbcPHP\\AbcPHP.class.php(75): CustomMenuAction->add(Array)
#5 E:\\www\\yhsci\\myfolder\\AbcPHP\\AbcPHP.class.php(39): AbcPHP::_run()
#6 E:\\www\\yhsci\\htdocs\\yhsci\\Admin\\index.php(6): AbcPHP::run()
#7 {main}'EOF;
