[error][2016-03-30 15:26:45] sql:SELECT SQL_CALC_FOUND_ROWS u.*  FROM `yh_wed` u  WHERE 1   ORDER BY u.create_time DESC  LIMIT 0,10EOF;
[info][2016-03-30 15:30:18] ------------------同步菜单参数
<<var data>> : WX_Menu::__set_state(array(
   'button' => 
  array (
    0 => 
    array (
      'name' => 'menu01',
      'sub_button' => 
      array (
        0 => 
        array (
          'type' => 'view',
          'name' => '外链',
          'url' => 'http://www.baidu.com',
        ),
        1 => 
        array (
          'type' => 'click',
          'name' => '直接返回',
          'key' => '20',
        ),
      ),
    ),
    1 => 
    array (
      'name' => '菜单二',
      'sub_button' => 
      array (
        0 => 
        array (
          'type' => 'click',
          'name' => '测试素材',
          'key' => '21',
        ),
      ),
    ),
  ),
))EOF;
[error][2016-03-30 17:06:53] E:\www\yhsci\myfolder\Lib\Model\Admin\MaterialNewsModel.class.php . MaterialNewsModel::getCount  72  
<<var data>> : 'connect error！ mysqlnd cannot connect to MySQL 4.1+ using the old insecure authentication. Please use an administration tool to reset your password with the command SET PASSWORD = PASSWORD(\'your_existing_password\'). This will store a new, and more secure, hash value in mysql.user. If this user is used in other scripts executed by PHP 5.2 or earlier you might need to remove the old-passwords flag from your my.cnf file'EOF;
[error][2016-03-30 17:06:58] E:\www\yhsci\myfolder\Lib\Model\Admin\MaterialNewsModel.class.php . MaterialNewsModel::getCount  72  
<<var data>> : 'connect error！ mysqlnd cannot connect to MySQL 4.1+ using the old insecure authentication. Please use an administration tool to reset your password with the command SET PASSWORD = PASSWORD(\'your_existing_password\'). This will store a new, and more secure, hash value in mysql.user. If this user is used in other scripts executed by PHP 5.2 or earlier you might need to remove the old-passwords flag from your my.cnf file'EOF;
[error][2016-03-30 17:54:54] E:\www\yhsci\myfolder\Lib\Model\Admin\MaterialNewsModel.class.php . MaterialNewsModel::getCount  72  
<<var data>> : 'connect error！ mysqlnd cannot connect to MySQL 4.1+ using the old insecure authentication. Please use an administration tool to reset your password with the command SET PASSWORD = PASSWORD(\'your_existing_password\'). This will store a new, and more secure, hash value in mysql.user. If this user is used in other scripts executed by PHP 5.2 or earlier you might need to remove the old-passwords flag from your my.cnf file'EOF;
[error][2016-03-30 17:54:57] E:\www\yhsci\myfolder\Lib\Model\Admin\CustomMenuModel.class.php . CustomMenuModel::getList  31  
<<var data>> : 'connect error！ mysqlnd cannot connect to MySQL 4.1+ using the old insecure authentication. Please use an administration tool to reset your password with the command SET PASSWORD = PASSWORD(\'your_existing_password\'). This will store a new, and more secure, hash value in mysql.user. If this user is used in other scripts executed by PHP 5.2 or earlier you might need to remove the old-passwords flag from your my.cnf file
#0 E:\\www\\yhsci\\myfolder\\AbcPHP\\DB\\DB.class.php(54): DB->error(\'connect error??...\', Array)
#1 E:\\www\\yhsci\\myfolder\\AbcPHP\\DB\\DB.class.php(268): DB->connect()
#2 E:\\www\\yhsci\\myfolder\\AbcPHP\\DB\\DB.class.php(85): DB->query(\'SELECT * FROM w...\')
#3 E:\\www\\yhsci\\myfolder\\Lib\\Model\\Admin\\CustomMenuModel.class.php(29): DB->getAll(\'SELECT * FROM w...\')
#4 E:\\www\\yhsci\\myfolder\\Lib\\Action\\Admin\\CustomMenuAction.class.php(34): CustomMenuModel->getList(\' order by `orde...\', 1)
#5 E:\\www\\yhsci\\myfolder\\AbcPHP\\AbcPHP.class.php(75): CustomMenuAction->index(Array)
#6 E:\\www\\yhsci\\myfolder\\AbcPHP\\AbcPHP.class.php(39): AbcPHP::_run()
#7 E:\\www\\yhsci\\htdocs\\yhsci\\Admin\\index.php(6): AbcPHP::run()
#8 {main}'EOF;
[error][2016-03-30 17:54:57] E:\www\yhsci\myfolder\Lib\Model\Admin\CustomMenuModel.class.php . CustomMenuModel::getMenuPush  415  
<<var data>> : 'connect error！ mysqlnd cannot connect to MySQL 4.1+ using the old insecure authentication. Please use an administration tool to reset your password with the command SET PASSWORD = PASSWORD(\'your_existing_password\'). This will store a new, and more secure, hash value in mysql.user. If this user is used in other scripts executed by PHP 5.2 or earlier you might need to remove the old-passwords flag from your my.cnf file
#0 E:\\www\\yhsci\\myfolder\\AbcPHP\\DB\\DB.class.php(54): DB->error(\'connect error??...\', Array)
#1 E:\\www\\yhsci\\myfolder\\AbcPHP\\DB\\DB.class.php(268): DB->connect()
#2 E:\\www\\yhsci\\myfolder\\AbcPHP\\DB\\DB.class.php(130): DB->query(\'SELECT set_valu...\')
#3 E:\\www\\yhsci\\myfolder\\Lib\\Model\\Admin\\CustomMenuModel.class.php(413): DB->getOne(\'SELECT set_valu...\')
#4 E:\\www\\yhsci\\myfolder\\Lib\\Action\\Admin\\CustomMenuAction.class.php(44): CustomMenuModel->getMenuPush(1)
#5 E:\\www\\yhsci\\myfolder\\AbcPHP\\AbcPHP.class.php(75): CustomMenuAction->index(Array)
#6 E:\\www\\yhsci\\myfolder\\AbcPHP\\AbcPHP.class.php(39): AbcPHP::_run()
#7 E:\\www\\yhsci\\htdocs\\yhsci\\Admin\\index.php(6): AbcPHP::run()
#8 {main}'EOF;
[error][2016-03-30 17:54:58] E:\www\yhsci\myfolder\Lib\Model\Admin\CustomMenuModel.class.php . CustomMenuModel::getMenuLastUpdateTime  430  
<<var data>> : 'connect error！ mysqlnd cannot connect to MySQL 4.1+ using the old insecure authentication. Please use an administration tool to reset your password with the command SET PASSWORD = PASSWORD(\'your_existing_password\'). This will store a new, and more secure, hash value in mysql.user. If this user is used in other scripts executed by PHP 5.2 or earlier you might need to remove the old-passwords flag from your my.cnf file
#0 E:\\www\\yhsci\\myfolder\\AbcPHP\\DB\\DB.class.php(54): DB->error(\'connect error??...\', Array)
#1 E:\\www\\yhsci\\myfolder\\AbcPHP\\DB\\DB.class.php(268): DB->connect()
#2 E:\\www\\yhsci\\myfolder\\AbcPHP\\DB\\DB.class.php(130): DB->query(\'SELECT set_valu...\')
#3 E:\\www\\yhsci\\myfolder\\Lib\\Model\\Admin\\CustomMenuModel.class.php(428): DB->getOne(\'SELECT set_valu...\')
#4 E:\\www\\yhsci\\myfolder\\Lib\\Action\\Admin\\CustomMenuAction.class.php(45): CustomMenuModel->getMenuLastUpdateTime(1)
#5 E:\\www\\yhsci\\myfolder\\AbcPHP\\AbcPHP.class.php(75): CustomMenuAction->index(Array)
#6 E:\\www\\yhsci\\myfolder\\AbcPHP\\AbcPHP.class.php(39): AbcPHP::_run()
#7 E:\\www\\yhsci\\htdocs\\yhsci\\Admin\\index.php(6): AbcPHP::run()
#8 {main}'EOF;
[error][2016-03-30 17:54:59] E:\www\yhsci\myfolder\Lib\Model\Admin\MaterialNewsModel.class.php . MaterialNewsModel::getCount  72  
<<var data>> : 'connect error！ mysqlnd cannot connect to MySQL 4.1+ using the old insecure authentication. Please use an administration tool to reset your password with the command SET PASSWORD = PASSWORD(\'your_existing_password\'). This will store a new, and more secure, hash value in mysql.user. If this user is used in other scripts executed by PHP 5.2 or earlier you might need to remove the old-passwords flag from your my.cnf file'EOF;
[error][2016-03-30 18:26:12] E:\www\yhsci\myfolder\Lib\Model\Admin\CustomMenuModel.class.php . CustomMenuModel::getList  31  
<<var data>> : 'connect error！ mysqlnd cannot connect to MySQL 4.1+ using the old insecure authentication. Please use an administration tool to reset your password with the command SET PASSWORD = PASSWORD(\'your_existing_password\'). This will store a new, and more secure, hash value in mysql.user. If this user is used in other scripts executed by PHP 5.2 or earlier you might need to remove the old-passwords flag from your my.cnf file
#0 E:\\www\\yhsci\\myfolder\\AbcPHP\\DB\\DB.class.php(54): DB->error(\'connect error??...\', Array)
#1 E:\\www\\yhsci\\myfolder\\AbcPHP\\DB\\DB.class.php(268): DB->connect()
#2 E:\\www\\yhsci\\myfolder\\AbcPHP\\DB\\DB.class.php(85): DB->query(\'SELECT * FROM w...\')
#3 E:\\www\\yhsci\\myfolder\\Lib\\Model\\Admin\\CustomMenuModel.class.php(29): DB->getAll(\'SELECT * FROM w...\')
#4 E:\\www\\yhsci\\myfolder\\Lib\\Action\\Admin\\CustomMenuAction.class.php(34): CustomMenuModel->getList(\' order by `orde...\', 1)
#5 E:\\www\\yhsci\\myfolder\\AbcPHP\\AbcPHP.class.php(75): CustomMenuAction->index(Array)
#6 E:\\www\\yhsci\\myfolder\\AbcPHP\\AbcPHP.class.php(39): AbcPHP::_run()
#7 E:\\www\\yhsci\\htdocs\\yhsci\\Admin\\index.php(6): AbcPHP::run()
#8 {main}'EOF;
[error][2016-03-30 18:26:12] E:\www\yhsci\myfolder\Lib\Model\Admin\CustomMenuModel.class.php . CustomMenuModel::getMenuPush  415  
<<var data>> : 'connect error！ mysqlnd cannot connect to MySQL 4.1+ using the old insecure authentication. Please use an administration tool to reset your password with the command SET PASSWORD = PASSWORD(\'your_existing_password\'). This will store a new, and more secure, hash value in mysql.user. If this user is used in other scripts executed by PHP 5.2 or earlier you might need to remove the old-passwords flag from your my.cnf file
#0 E:\\www\\yhsci\\myfolder\\AbcPHP\\DB\\DB.class.php(54): DB->error(\'connect error??...\', Array)
#1 E:\\www\\yhsci\\myfolder\\AbcPHP\\DB\\DB.class.php(268): DB->connect()
#2 E:\\www\\yhsci\\myfolder\\AbcPHP\\DB\\DB.class.php(130): DB->query(\'SELECT set_valu...\')
#3 E:\\www\\yhsci\\myfolder\\Lib\\Model\\Admin\\CustomMenuModel.class.php(413): DB->getOne(\'SELECT set_valu...\')
#4 E:\\www\\yhsci\\myfolder\\Lib\\Action\\Admin\\CustomMenuAction.class.php(44): CustomMenuModel->getMenuPush(1)
#5 E:\\www\\yhsci\\myfolder\\AbcPHP\\AbcPHP.class.php(75): CustomMenuAction->index(Array)
#6 E:\\www\\yhsci\\myfolder\\AbcPHP\\AbcPHP.class.php(39): AbcPHP::_run()
#7 E:\\www\\yhsci\\htdocs\\yhsci\\Admin\\index.php(6): AbcPHP::run()
#8 {main}'EOF;
[error][2016-03-30 18:26:12] E:\www\yhsci\myfolder\Lib\Model\Admin\CustomMenuModel.class.php . CustomMenuModel::getMenuLastUpdateTime  430  
<<var data>> : 'connect error！ mysqlnd cannot connect to MySQL 4.1+ using the old insecure authentication. Please use an administration tool to reset your password with the command SET PASSWORD = PASSWORD(\'your_existing_password\'). This will store a new, and more secure, hash value in mysql.user. If this user is used in other scripts executed by PHP 5.2 or earlier you might need to remove the old-passwords flag from your my.cnf file
#0 E:\\www\\yhsci\\myfolder\\AbcPHP\\DB\\DB.class.php(54): DB->error(\'connect error??...\', Array)
#1 E:\\www\\yhsci\\myfolder\\AbcPHP\\DB\\DB.class.php(268): DB->connect()
#2 E:\\www\\yhsci\\myfolder\\AbcPHP\\DB\\DB.class.php(130): DB->query(\'SELECT set_valu...\')
#3 E:\\www\\yhsci\\myfolder\\Lib\\Model\\Admin\\CustomMenuModel.class.php(428): DB->getOne(\'SELECT set_valu...\')
#4 E:\\www\\yhsci\\myfolder\\Lib\\Action\\Admin\\CustomMenuAction.class.php(45): CustomMenuModel->getMenuLastUpdateTime(1)
#5 E:\\www\\yhsci\\myfolder\\AbcPHP\\AbcPHP.class.php(75): CustomMenuAction->index(Array)
#6 E:\\www\\yhsci\\myfolder\\AbcPHP\\AbcPHP.class.php(39): AbcPHP::_run()
#7 E:\\www\\yhsci\\htdocs\\yhsci\\Admin\\index.php(6): AbcPHP::run()
#8 {main}'EOF;
[error][2016-03-30 18:31:01] E:\www\yhsci\myfolder\Lib\Model\Admin\MaterialNewsModel.class.php . MaterialNewsModel::getUserId  554  
<<var data>> : 'query error : Unknown column \'user\' in \'field list\'
#0 E:\\www\\yhsci\\myfolder\\AbcPHP\\DB\\DB.class.php(277): DB->error(\'query error : U...\')
#1 E:\\www\\yhsci\\myfolder\\AbcPHP\\DB\\DB.class.php(130): DB->query(\' SELECT `user` ...\')
#2 E:\\www\\yhsci\\myfolder\\Lib\\Model\\Admin\\MaterialNewsModel.class.php(548): DB->getOne(\' SELECT `user` ...\')
#3 E:\\www\\yhsci\\myfolder\\Lib\\Model\\Admin\\MaterialNewsModel.class.php(438): MaterialNewsModel->getUserId(\'hzqjerish\')
#4 E:\\www\\yhsci\\myfolder\\Lib\\Action\\Admin\\MaterialNewsAction.class.php(169): MaterialNewsModel->sendPreview(\'hzqjerish\', Array)
#5 E:\\www\\yhsci\\myfolder\\AbcPHP\\AbcPHP.class.php(75): MaterialNewsAction->send(Array)
#6 E:\\www\\yhsci\\myfolder\\AbcPHP\\AbcPHP.class.php(39): AbcPHP::_run()
#7 E:\\www\\yhsci\\htdocs\\yhsci\\Admin\\index.php(6): AbcPHP::run()
#8 {main}'EOF;
