[error][2016-04-05 18:42:08] model file not exist : E:\www\yhsci\myfolder\Lib/Model/Admin/WebYkdx/EvaluatingModel.class.phpEOF;
[error][2016-04-05 18:42:08] model file not exist : E:\www\yhsci\myfolder\Lib/Model/Admin/WebYkdx/UserEvaluatingModel.class.phpEOF;
[error][2016-04-05 18:42:30] model file not exist : E:\www\yhsci\myfolder\Lib/Model/Admin/EvaluatingModel.class.phpEOF;
[error][2016-04-05 18:42:31] model file not exist : E:\www\yhsci\myfolder\Lib/Model/Admin/EvaluatingModel.class.phpEOF;
[error][2016-04-05 18:43:38] model file not exist : E:\www\yhsci\myfolder\Lib/Model/Admin/EvaluatingModel.class.phpEOF;
[error][2016-04-05 18:43:38] EvaluatingModel::getList db error:query error : You have an error in your SQL syntax; check the manual that corresponds to your MySQL server version for the right syntax to use near '' at line 1; sql:SELECT SQL_CALC_FOUND_ROWS * FROM `zgykdx_evaluating`  ORDER BY eval_id DESC LIMIT 0,EOF;
[error][2016-04-05 18:48:11] model file not exist : E:\www\yhsci\myfolder\Lib/Model/Admin/EvaluatingModel.class.phpEOF;
[error][2016-04-05 18:48:11] EvaluatingModel::getList db error:query error : You have an error in your SQL syntax; check the manual that corresponds to your MySQL server version for the right syntax to use near '' at line 1; sql:SELECT SQL_CALC_FOUND_ROWS * FROM `zgykdx_evaluating`  ORDER BY eval_id DESC LIMIT 0,EOF;
[error][2016-04-05 18:50:04] model file not exist : E:\www\yhsci\myfolder\Lib/Model/Admin/EvaluatingModel.class.phpEOF;
[error][2016-04-05 18:52:45] model file not exist : E:\www\yhsci\myfolder\Lib/Model/Admin/EvaluatingModel.class.phpEOF;
[error][2016-04-05 18:52:45] EvaluatingModel::getList db error:query error : You have an error in your SQL syntax; check the manual that corresponds to your MySQL server version for the right syntax to use near '' at line 1; sql:SELECT SQL_CALC_FOUND_ROWS * FROM `zgykdx_evaluating`  ORDER BY eval_id DESC LIMIT 0,EOF;
[error][2016-04-05 18:52:46] model file not exist : E:\www\yhsci\myfolder\Lib/Model/Admin/EvaluatingModel.class.phpEOF;
[error][2016-04-05 18:52:59] model file not exist : E:\www\yhsci\myfolder\Lib/Model/Admin/EvaluatingModel.class.phpEOF;
[error][2016-04-05 18:53:00] EvaluatingModel::getList db error:query error : You have an error in your SQL syntax; check the manual that corresponds to your MySQL server version for the right syntax to use near '' at line 1; sql:SELECT SQL_CALC_FOUND_ROWS * FROM `zgykdx_evaluating`  ORDER BY eval_id DESC LIMIT 0,EOF;
[error][2016-04-05 18:53:01] model file not exist : E:\www\yhsci\myfolder\Lib/Model/Admin/EvaluatingModel.class.phpEOF;
[error][2016-04-05 18:53:36] model file not exist : E:\www\yhsci\myfolder\Lib/Model/Admin/EvaluatingModel.class.phpEOF;
[error][2016-04-05 18:54:25] model file not exist : E:\www\yhsci\myfolder\Lib/Model/Admin/EvaluatingModel.class.phpEOF;
[error][2016-04-05 18:54:36] model file not exist : E:\www\yhsci\myfolder\Lib/Model/Admin/EvaluatingModel.class.phpEOF;
[error][2016-04-05 18:54:46] model file not exist : E:\www\yhsci\myfolder\Lib/Model/Admin/EvaluatingModel.class.phpEOF;
[error][2016-04-05 18:55:18] model file not exist : E:\www\yhsci\myfolder\Lib/Model/Admin/EvaluatingModel.class.phpEOF;
[error][2016-04-05 18:55:22] model file not exist : E:\www\yhsci\myfolder\Lib/Model/Admin/EvaluatingModel.class.phpEOF;
[error][2016-04-05 18:55:22] EvaluatingModel::getList db error:query error : You have an error in your SQL syntax; check the manual that corresponds to your MySQL server version for the right syntax to use near '' at line 1; sql:SELECT SQL_CALC_FOUND_ROWS * FROM `zgykdx_evaluating`  ORDER BY eval_id DESC LIMIT 0,EOF;
[error][2016-04-05 18:58:44] model file not exist : E:\www\yhsci\myfolder\Lib/Model/Admin/EvaluatingModel.class.phpEOF;
[error][2016-04-05 18:58:44] EvaluatingModel::getList db error:query error : You have an error in your SQL syntax; check the manual that corresponds to your MySQL server version for the right syntax to use near '' at line 1; sql:SELECT SQL_CALC_FOUND_ROWS * FROM `zgykdx_evaluating`  ORDER BY eval_id DESC LIMIT 0,EOF;
[error][2016-04-05 18:58:46] model file not exist : E:\www\yhsci\myfolder\Lib/Model/Admin/EvaluatingModel.class.phpEOF;
[error][2016-04-05 18:59:04] model file not exist : E:\www\yhsci\myfolder\Lib/Model/Admin/EvaluatingModel.class.phpEOF;
[info][2016-04-05 18:59:04] ---------
<<var data>> : array (
  'eval_name' => 'adf',
  'eval_descript' => 'adfqwet',
  'eval_starttime' => '2015-04-07',
  'eval_endtime' => '2015-04-07',
  'eval_type' => '1',
  'eval_status' => '1',
  'eval_max_topic' => 'NaN',
)EOF;
[info][2016-04-05 18:59:04] ---------
<<var data>> : array (
  'eval_name' => NULL,
  'eval_descript' => NULL,
  'eval_starttime' => NULL,
  'eval_endtime' => NULL,
  'eval_type' => NULL,
  'eval_status' => NULL,
  'eval_max_topic' => NULL,
  'last_update_time' => '2016-04-05 18:59:04',
)EOF;
[error][2016-04-05 18:59:05] model file not exist : E:\www\yhsci\myfolder\Lib/Model/Admin/EvaluatingModel.class.phpEOF;
[error][2016-04-05 18:59:05] EvaluatingModel::getList db error:query error : You have an error in your SQL syntax; check the manual that corresponds to your MySQL server version for the right syntax to use near '' at line 1; sql:SELECT SQL_CALC_FOUND_ROWS * FROM `zgykdx_evaluating`  ORDER BY eval_id DESC LIMIT 0,EOF;
[error][2016-04-05 19:03:30] model file not exist : E:\www\yhsci\myfolder\Lib/Model/Admin/EvaluatingModel.class.phpEOF;
[error][2016-04-05 19:03:47] model file not exist : E:\www\yhsci\myfolder\Lib/Model/Admin/EvaluatingModel.class.phpEOF;
[error][2016-04-05 19:03:55] model file not exist : E:\www\yhsci\myfolder\Lib/Model/Admin/EvaluatingModel.class.phpEOF;
[error][2016-04-05 19:04:07] model file not exist : E:\www\yhsci\myfolder\Lib/Model/Admin/EvaluatingModel.class.phpEOF;
[error][2016-04-05 19:07:46] model file not exist : E:\www\yhsci\myfolder\Lib/Model/Admin/EvaluatingModel.class.phpEOF;
[error][2016-04-05 19:08:00] model file not exist : E:\www\yhsci\myfolder\Lib/Model/Admin/EvaluatingModel.class.phpEOF;
[error][2016-04-05 19:08:01] EvaluatingModel::getList db error:query error : You have an error in your SQL syntax; check the manual that corresponds to your MySQL server version for the right syntax to use near '' at line 1; sql:SELECT SQL_CALC_FOUND_ROWS * FROM `zgykdx_evaluating`  ORDER BY eval_id DESC LIMIT 0,EOF;
[error][2016-04-05 19:08:02] model file not exist : E:\www\yhsci\myfolder\Lib/Model/Admin/EvaluatingModel.class.phpEOF;
[error][2016-04-05 19:08:15] model file not exist : E:\www\yhsci\myfolder\Lib/Model/Admin/EvaluatingModel.class.phpEOF;
[info][2016-04-05 19:08:15] ---------
<<var data>> : array (
  'eval_name' => 'asdfjwet',
  'eval_descript' => '测试',
  'eval_starttime' => '2015-04-06',
  'eval_endtime' => '2015-04-06',
  'eval_type' => '1',
  'eval_status' => '1',
  'eval_max_topic' => 'NaN',
)EOF;
[info][2016-04-05 19:08:15] ---------
<<var data>> : array (
  'eval_name' => 'asdfjwet',
  'eval_descript' => '测试',
  'eval_starttime' => '2015-04-06',
  'eval_endtime' => '2015-04-06',
  'eval_type' => '1',
  'eval_status' => '1',
  'eval_max_topic' => 'NaN',
  'last_update_time' => '2016-04-05 19:08:15',
)EOF;
[error][2016-04-05 19:08:15] model file not exist : E:\www\yhsci\myfolder\Lib/Model/Admin/EvaluatingModel.class.phpEOF;
[error][2016-04-05 19:08:16] EvaluatingModel::getList db error:query error : You have an error in your SQL syntax; check the manual that corresponds to your MySQL server version for the right syntax to use near '' at line 1; sql:SELECT SQL_CALC_FOUND_ROWS * FROM `zgykdx_evaluating`  ORDER BY eval_id DESC LIMIT 0,EOF;
