[error][2016-04-13 14:06:03] action file not exist : E:\www\yhsci\myfolder\Lib/Action/Admin/MaterialMusicAction.class.phpEOF;
[error][2016-04-13 14:06:03] _run error: action not exist, action: MaterialMusic, method: showMaterial
<<var data>> : array (
  'a' => 'MaterialMusic',
  'm' => 'showMaterial',
  'p' => '1',
  'callback' => 'materialSelecter.loadMusicData',
)EOF;
[error][2016-04-13 17:43:15] action file not exist : E:\www\yhsci\myfolder\Lib/Action/Admin/MaterialMusicAction.class.phpEOF;
[error][2016-04-13 17:43:15] _run error: action not exist, action: MaterialMusic, method: showMaterial
<<var data>> : array (
  'a' => 'MaterialMusic',
  'm' => 'showMaterial',
  'p' => '1',
  'callback' => 'materialSelecter.loadMusicData',
)EOF;
[error][2016-04-13 17:43:21] action file not exist : E:\www\yhsci\myfolder\Lib/Action/Admin/MaterialMusicAction.class.phpEOF;
[error][2016-04-13 17:43:21] _run error: action not exist, action: MaterialMusic, method: showMaterial
<<var data>> : array (
  'a' => 'MaterialMusic',
  'm' => 'showMaterial',
  'p' => '1',
  'callback' => 'materialSelecter.loadMusicData',
)EOF;
